2026-01-24 15:20:30,856 - INFO - mode: matlabinit, dimension: 4, phase: 8, kappa: None, seed: None
2026-01-24 15:20:30,906 - INFO - Simulator:
2026-01-24 15:20:30,907 - INFO - AerSimulator('aer_simulator_statevector')
2026-01-24 15:20:30,907 - INFO - ('CPU',)
2026-01-24 15:20:30,907 - INFO - Building system...
2026-01-24 15:20:30,962 - INFO - msystem.d is 1.751801041174875 and msystem.X is 14.014408329499
2026-01-24 15:20:30,962 - INFO - Done.
2026-01-24 15:20:30,962 - INFO - A0 (original matrix):
2026-01-24 15:20:30,962 - INFO - 3.47+(  0.00)   0.03+(  0.00)   0.11+(  0.00)   0.03+(  0.00)
2026-01-24 15:20:30,962 - INFO - 0.03+(  0.00)   3.36+(  0.00)   0.05+(  0.00)   0.96+(  0.00)
2026-01-24 15:20:30,962 - INFO - 0.11+(  0.00)   0.05+(  0.00)   2.80+(  0.00)   0.53+(  0.00)
2026-01-24 15:20:30,962 - INFO - 0.03+(  0.00)   0.96+(  0.00)   0.53+(  0.00)   3.50+(  0.00)
2026-01-24 15:20:30,962 - INFO - A (expanded/normalized system matrix):
2026-01-24 15:20:30,962 - INFO - 3.49+(  0.00)   0.02+(  0.00)   0.06+(  0.00)   0.01+(  0.00)
2026-01-24 15:20:30,962 - INFO - 0.02+(  0.00)   3.43+(  0.00)   0.03+(  0.00)   0.48+(  0.00)
2026-01-24 15:20:30,962 - INFO - 0.06+(  0.00)   0.03+(  0.00)   3.15+(  0.00)   0.26+(  0.00)
2026-01-24 15:20:30,962 - INFO - 0.01+(  0.00)   0.48+(  0.00)   0.26+(  0.00)   3.50+(  0.00)
2026-01-24 15:20:30,962 - INFO - b =
2026-01-24 15:20:30,962 - INFO - [(0.5+0j), (0.5+0j), (0.5+0j), (0.5+0j)]
2026-01-24 15:20:30,963 - INFO - Initializing...
2026-01-24 15:20:31,130 - INFO - T0 built
2026-01-24 15:20:31,288 - INFO - W built
2026-01-24 15:21:12,214 - INFO - QPE built
2026-01-24 15:21:12,215 - INFO - 0.03628785503975416
2026-01-24 15:21:12,385 - INFO - Rc built
2026-01-24 15:21:12,385 - INFO - Finished initialization.
2026-01-24 15:21:12,385 - INFO - Building circuit...
2026-01-24 15:21:12,385 - INFO - T0 added
2026-01-24 15:21:12,386 - INFO - QPE added
2026-01-24 15:21:12,386 - INFO - Rc added
2026-01-24 15:29:35,489 - INFO - QPE* added
2026-01-24 15:29:35,543 - INFO - T0* added
2026-01-24 15:29:35,544 - INFO - Finished building circuit.
2026-01-24 15:29:35,544 - INFO - Transpiling...
2026-01-24 16:02:18,827 - INFO - Done.
2026-01-24 16:03:21,423 - INFO - Size of transpiled circuit:
2026-01-24 16:03:21,433 - INFO - 18059482
2026-01-24 16:04:45,666 - INFO - Depth of transpiled circuit:
2026-01-24 16:04:45,676 - INFO - 17887520
2026-01-24 16:04:45,686 - INFO - Number of qubits in circuit:
2026-01-24 16:04:45,696 - INFO - 17
2026-01-24 16:04:45,736 - INFO - Running circuit...
