2026-01-23 13:17:35,142 - INFO - mode: matlabinit, dimension: 4, phase: 3, kappa: None, seed: None
2026-01-23 13:17:35,199 - INFO - Simulator:
2026-01-23 13:17:35,200 - INFO - AerSimulator('aer_simulator_statevector')
2026-01-23 13:17:35,200 - INFO - ('CPU',)
2026-01-23 13:17:35,200 - INFO - Building system...
2026-01-23 13:17:35,271 - INFO - msystem.d is 1.751801041174875 and msystem.X is 14.014408329499
2026-01-23 13:17:35,271 - INFO - Done.
2026-01-23 13:17:35,271 - INFO - A0 (original matrix):
2026-01-23 13:17:35,271 - INFO - 3.47+(  0.00)   0.03+(  0.00)   0.11+(  0.00)   0.03+(  0.00)
2026-01-23 13:17:35,271 - INFO - 0.03+(  0.00)   3.36+(  0.00)   0.05+(  0.00)   0.96+(  0.00)
2026-01-23 13:17:35,271 - INFO - 0.11+(  0.00)   0.05+(  0.00)   2.80+(  0.00)   0.53+(  0.00)
2026-01-23 13:17:35,271 - INFO - 0.03+(  0.00)   0.96+(  0.00)   0.53+(  0.00)   3.50+(  0.00)
2026-01-23 13:17:35,271 - INFO - A (expanded/normalized system matrix):
2026-01-23 13:17:35,271 - INFO - 3.49+(  0.00)   0.02+(  0.00)   0.06+(  0.00)   0.01+(  0.00)
2026-01-23 13:17:35,271 - INFO - 0.02+(  0.00)   3.43+(  0.00)   0.03+(  0.00)   0.48+(  0.00)
2026-01-23 13:17:35,271 - INFO - 0.06+(  0.00)   0.03+(  0.00)   3.15+(  0.00)   0.26+(  0.00)
2026-01-23 13:17:35,271 - INFO - 0.01+(  0.00)   0.48+(  0.00)   0.26+(  0.00)   3.50+(  0.00)
2026-01-23 13:17:35,271 - INFO - b =
2026-01-23 13:17:35,271 - INFO - [(0.5+0j), (0.5+0j), (0.5+0j), (0.5+0j)]
2026-01-23 13:17:35,271 - INFO - Initializing...
2026-01-23 13:17:35,342 - INFO - T0 built
2026-01-23 13:17:35,488 - INFO - W built
2026-01-23 13:17:38,034 - INFO - QPE built
2026-01-23 13:17:38,034 - INFO - 1.751801040999695
2026-01-23 13:17:38,037 - INFO - Rc built
2026-01-23 13:17:38,037 - INFO - Finished initialization.
2026-01-23 13:17:38,037 - INFO - Building circuit...
2026-01-23 13:17:38,038 - INFO - T0 added
2026-01-23 13:17:38,038 - INFO - QPE added
2026-01-23 13:17:38,038 - INFO - Rc added
2026-01-23 13:17:51,385 - INFO - QPE* added
2026-01-23 13:17:51,440 - INFO - T0* added
2026-01-23 13:17:51,440 - INFO - Finished building circuit.
2026-01-23 13:17:51,440 - INFO - Transpiling...
2026-01-23 13:18:32,386 - INFO - Done.
2026-01-23 13:18:34,062 - INFO - Size of transpiled circuit:
2026-01-23 13:18:34,062 - INFO - 496199
2026-01-23 13:18:36,274 - INFO - Depth of transpiled circuit:
2026-01-23 13:18:36,274 - INFO - 491705
2026-01-23 13:18:36,274 - INFO - Number of qubits in circuit:
2026-01-23 13:18:36,274 - INFO - 12
2026-01-23 13:18:36,274 - INFO - Running circuit...
2026-01-23 14:56:42,768 - INFO - Done.
2026-01-23 14:56:42,776 - INFO - C =
2026-01-23 14:56:42,776 - INFO - 1.751801040999695
2026-01-23 14:56:42,776 - INFO - -------------------------------------------------
2026-01-23 14:56:42,776 - INFO - Solution:
2026-01-23 14:56:42,776 - INFO - b =
2026-01-23 14:56:42,776 - INFO - [(0.5+0j), (0.5+0j), (0.5+0j), (0.5+0j)]
2026-01-23 14:56:42,776 - INFO - raw amplitudes =
2026-01-23 14:56:42,848 - INFO - [-0.33735895+6.99078926e-13j -0.30306545+6.28178459e-13j
 -0.34192878+6.58489138e-13j -0.27875734+5.32398709e-13j]
2026-01-23 14:56:42,848 - INFO - -0.192578 + i(0.000000) -> |x|=0.192578
2026-01-23 14:56:42,848 - INFO - -0.173002 + i(0.000000) -> |x|=0.173002
2026-01-23 14:56:42,848 - INFO - -0.195187 + i(0.000000) -> |x|=0.195187
2026-01-23 14:56:42,848 - INFO - -0.159126 + i(0.000000) -> |x|=0.159126
2026-01-23 14:56:42,931 - INFO - classical solution: [0.27481499+0.j 0.24132361+0.j 0.30937949+0.j 0.17117666+0.j]
2026-01-23 14:56:42,981 - INFO - ----------------------------
2026-01-23 14:56:42,981 - INFO - Solution Comparison:
2026-01-23 14:56:42,981 - INFO - Quantum |                Classical
2026-01-23 14:56:42,981 - INFO - --------------------------------------------------
2026-01-23 14:56:42,981 - INFO - 0.192578 + i(  0.000000) |   0.274815 + i(  0.000000)
2026-01-23 14:56:42,981 - INFO - 0.173002 + i( -0.000000) |   0.241324 + i(  0.000000)
2026-01-23 14:56:42,981 - INFO - 0.195187 + i(  0.000000) |   0.309379 + i(  0.000000)
2026-01-23 14:56:42,981 - INFO - 0.159126 + i(  0.000000) |   0.171177 + i(  0.000000)
2026-01-23 14:56:42,981 - INFO - Relative Errors:
2026-01-23 14:56:43,008 - INFO - 0.2992436582533471
2026-01-23 14:56:43,008 - INFO - 0.28311115557367184
2026-01-23 14:56:43,009 - INFO - 0.36910171339999953
2026-01-23 14:56:43,009 - INFO - 0.07039816608131566
2026-01-23 14:56:43,014 - INFO - Average Relative Error:
2026-01-23 14:56:43,014 - INFO - 0.25546367332708353
2026-01-23 14:56:44,133 - INFO - --- Resource Monitor ---
2026-01-23 14:56:44,134 - INFO - Memory (RSS): 1528.45 MB
2026-01-23 14:56:44,134 - INFO - CPU Usage: 0.0%
2026-01-23 14:56:44,134 - INFO - Threads: 7
2026-01-23 14:56:44,134 - INFO - Miscellaneous items:
2026-01-23 14:56:44,943 - INFO - 4 496199 5949.799661
