2026-01-24 14:58:58,805 - INFO - mode: matlabinit, dimension: 4, phase: 7, kappa: None, seed: None
2026-01-24 14:58:58,805 - INFO - Simulator:
2026-01-24 14:58:58,805 - INFO - AerSimulator('aer_simulator_statevector')
2026-01-24 14:58:58,806 - INFO - ('CPU',)
2026-01-24 14:58:58,806 - INFO - Building system...
2026-01-24 14:58:58,807 - INFO - msystem.d is 1.751801041174875 and msystem.X is 14.014408329499
2026-01-24 14:58:58,807 - INFO - Done.
2026-01-24 14:58:58,807 - INFO - A0 (original matrix):
2026-01-24 14:58:58,807 - INFO - 3.47+(  0.00)   0.03+(  0.00)   0.11+(  0.00)   0.03+(  0.00)
2026-01-24 14:58:58,807 - INFO - 0.03+(  0.00)   3.36+(  0.00)   0.05+(  0.00)   0.96+(  0.00)
2026-01-24 14:58:58,807 - INFO - 0.11+(  0.00)   0.05+(  0.00)   2.80+(  0.00)   0.53+(  0.00)
2026-01-24 14:58:58,807 - INFO - 0.03+(  0.00)   0.96+(  0.00)   0.53+(  0.00)   3.50+(  0.00)
2026-01-24 14:58:58,807 - INFO - A (expanded/normalized system matrix):
2026-01-24 14:58:58,807 - INFO - 3.49+(  0.00)   0.02+(  0.00)   0.06+(  0.00)   0.01+(  0.00)
2026-01-24 14:58:58,807 - INFO - 0.02+(  0.00)   3.43+(  0.00)   0.03+(  0.00)   0.48+(  0.00)
2026-01-24 14:58:58,807 - INFO - 0.06+(  0.00)   0.03+(  0.00)   3.15+(  0.00)   0.26+(  0.00)
2026-01-24 14:58:58,807 - INFO - 0.01+(  0.00)   0.48+(  0.00)   0.26+(  0.00)   3.50+(  0.00)
2026-01-24 14:58:58,807 - INFO - b =
2026-01-24 14:58:58,807 - INFO - [(0.5+0j), (0.5+0j), (0.5+0j), (0.5+0j)]
2026-01-24 14:58:58,807 - INFO - Initializing...
2026-01-24 14:58:58,955 - INFO - T0 built
2026-01-24 14:58:59,098 - INFO - W built
2026-01-24 14:59:19,473 - INFO - QPE built
2026-01-24 14:59:19,474 - INFO - 0.3045397421932331
2026-01-24 14:59:19,545 - INFO - Rc built
2026-01-24 14:59:19,545 - INFO - Finished initialization.
2026-01-24 14:59:19,545 - INFO - Building circuit...
2026-01-24 14:59:19,546 - INFO - T0 added
2026-01-24 14:59:19,546 - INFO - QPE added
2026-01-24 14:59:19,546 - INFO - Rc added
2026-01-24 15:03:14,695 - INFO - QPE* added
2026-01-24 15:03:14,748 - INFO - T0* added
2026-01-24 15:03:14,748 - INFO - Finished building circuit.
2026-01-24 15:03:14,748 - INFO - Transpiling...
2026-01-24 15:18:33,697 - INFO - Done.
2026-01-24 15:19:05,848 - INFO - Size of transpiled circuit:
2026-01-24 15:19:05,858 - INFO - 8988774
2026-01-24 15:19:47,250 - INFO - Depth of transpiled circuit:
2026-01-24 15:19:47,259 - INFO - 8907579
2026-01-24 15:19:47,268 - INFO - Number of qubits in circuit:
2026-01-24 15:19:47,278 - INFO - 16
2026-01-24 15:19:47,293 - INFO - Running circuit...
