2026-01-23 12:23:36,356 - INFO - mode: matlabinit, dimension: 4, phase: 9, kappa: None, seed: None
2026-01-23 12:23:36,356 - INFO - mode: matlabinit, dimension: 4, phase: 10, kappa: None, seed: None
2026-01-23 12:23:36,378 - INFO - Simulator:
2026-01-23 12:23:36,378 - INFO - AerSimulator('aer_simulator_statevector')
2026-01-23 12:23:36,378 - INFO - ('CPU',)
2026-01-23 12:23:36,378 - INFO - Building system...
2026-01-23 12:23:36,378 - INFO - Simulator:
2026-01-23 12:23:36,379 - INFO - AerSimulator('aer_simulator_statevector')
2026-01-23 12:23:36,379 - INFO - ('CPU',)
2026-01-23 12:23:36,379 - INFO - Building system...
2026-01-23 12:23:36,458 - INFO - msystem.d is 1.751801041174875 and msystem.X is 14.014408329499
2026-01-23 12:23:36,458 - INFO - Done.
2026-01-23 12:23:36,458 - INFO - A0 (original matrix):
2026-01-23 12:23:36,458 - INFO - 3.47+(  0.00)   0.03+(  0.00)   0.11+(  0.00)   0.03+(  0.00)
2026-01-23 12:23:36,458 - INFO - 0.03+(  0.00)   3.36+(  0.00)   0.05+(  0.00)   0.96+(  0.00)
2026-01-23 12:23:36,458 - INFO - 0.11+(  0.00)   0.05+(  0.00)   2.80+(  0.00)   0.53+(  0.00)
2026-01-23 12:23:36,458 - INFO - 0.03+(  0.00)   0.96+(  0.00)   0.53+(  0.00)   3.50+(  0.00)
2026-01-23 12:23:36,458 - INFO - A (expanded/normalized system matrix):
2026-01-23 12:23:36,458 - INFO - 3.49+(  0.00)   0.02+(  0.00)   0.06+(  0.00)   0.01+(  0.00)
2026-01-23 12:23:36,458 - INFO - 0.02+(  0.00)   3.43+(  0.00)   0.03+(  0.00)   0.48+(  0.00)
2026-01-23 12:23:36,459 - INFO - 0.06+(  0.00)   0.03+(  0.00)   3.15+(  0.00)   0.26+(  0.00)
2026-01-23 12:23:36,459 - INFO - 0.01+(  0.00)   0.48+(  0.00)   0.26+(  0.00)   3.50+(  0.00)
2026-01-23 12:23:36,459 - INFO - b =
2026-01-23 12:23:36,459 - INFO - [(0.5+0j), (0.5+0j), (0.5+0j), (0.5+0j)]
2026-01-23 12:23:36,459 - INFO - Initializing...
2026-01-23 12:23:36,459 - INFO - msystem.d is 1.751801041174875 and msystem.X is 14.014408329499
2026-01-23 12:23:36,460 - INFO - Done.
2026-01-23 12:23:36,460 - INFO - A0 (original matrix):
2026-01-23 12:23:36,460 - INFO - 3.47+(  0.00)   0.03+(  0.00)   0.11+(  0.00)   0.03+(  0.00)
2026-01-23 12:23:36,460 - INFO - 0.03+(  0.00)   3.36+(  0.00)   0.05+(  0.00)   0.96+(  0.00)
2026-01-23 12:23:36,460 - INFO - 0.11+(  0.00)   0.05+(  0.00)   2.80+(  0.00)   0.53+(  0.00)
2026-01-23 12:23:36,460 - INFO - 0.03+(  0.00)   0.96+(  0.00)   0.53+(  0.00)   3.50+(  0.00)
2026-01-23 12:23:36,460 - INFO - A (expanded/normalized system matrix):
2026-01-23 12:23:36,460 - INFO - 3.49+(  0.00)   0.02+(  0.00)   0.06+(  0.00)   0.01+(  0.00)
2026-01-23 12:23:36,460 - INFO - 0.02+(  0.00)   3.43+(  0.00)   0.03+(  0.00)   0.48+(  0.00)
2026-01-23 12:23:36,460 - INFO - 0.06+(  0.00)   0.03+(  0.00)   3.15+(  0.00)   0.26+(  0.00)
2026-01-23 12:23:36,460 - INFO - 0.01+(  0.00)   0.48+(  0.00)   0.26+(  0.00)   3.50+(  0.00)
2026-01-23 12:23:36,460 - INFO - b =
2026-01-23 12:23:36,460 - INFO - [(0.5+0j), (0.5+0j), (0.5+0j), (0.5+0j)]
2026-01-23 12:23:36,461 - INFO - Initializing...
2026-01-23 12:23:36,688 - INFO - T0 built
2026-01-23 12:23:36,694 - INFO - T0 built
2026-01-23 12:23:36,817 - INFO - W built
2026-01-23 12:23:36,843 - INFO - W built
2026-01-23 12:24:41,827 - INFO - QPE built
2026-01-23 12:24:41,828 - INFO - 0.03628785503975416
2026-01-23 12:24:42,089 - INFO - Rc built
2026-01-23 12:24:42,089 - INFO - Finished initialization.
2026-01-23 12:24:42,089 - INFO - Building circuit...
2026-01-23 12:24:42,090 - INFO - T0 added
2026-01-23 12:24:42,090 - INFO - QPE added
2026-01-23 12:24:42,090 - INFO - Rc added
2026-01-23 12:26:04,349 - INFO - QPE built
2026-01-23 12:26:04,401 - INFO - 0.03628785503975416
2026-01-23 12:26:05,030 - INFO - Rc built
2026-01-23 12:26:05,030 - INFO - Finished initialization.
2026-01-23 12:26:05,030 - INFO - Building circuit...
2026-01-23 12:26:05,031 - INFO - T0 added
2026-01-23 12:26:05,031 - INFO - QPE added
2026-01-23 12:26:05,031 - INFO - Rc added
2026-01-23 12:39:08,072 - INFO - QPE* added
2026-01-23 12:39:08,133 - INFO - T0* added
2026-01-23 12:39:08,133 - INFO - Finished building circuit.
2026-01-23 12:39:08,133 - INFO - Transpiling...
2026-01-23 12:59:42,832 - INFO - QPE* added
2026-01-23 12:59:42,896 - INFO - T0* added
2026-01-23 12:59:42,896 - INFO - Finished building circuit.
2026-01-23 12:59:42,896 - INFO - Transpiling...
2026-01-23 13:27:58,333 - INFO - Done.
2026-01-23 13:29:43,144 - INFO - Size of transpiled circuit:
2026-01-23 13:29:43,151 - INFO - 36204013
2026-01-23 13:32:06,329 - INFO - Depth of transpiled circuit:
2026-01-23 13:32:06,336 - INFO - 35863814
2026-01-23 13:32:06,343 - INFO - Number of qubits in circuit:
2026-01-23 13:32:06,350 - INFO - 18
2026-01-23 13:32:06,379 - INFO - Running circuit...
2026-01-23 15:25:19,089 - INFO - Done.
2026-01-23 15:29:23,277 - INFO - Size of transpiled circuit:
2026-01-23 15:29:23,288 - INFO - 72509410
2026-01-23 15:34:55,092 - INFO - Depth of transpiled circuit:
2026-01-23 15:34:55,114 - INFO - 71820518
2026-01-23 15:34:55,137 - INFO - Number of qubits in circuit:
2026-01-23 15:34:55,160 - INFO - 19
2026-01-23 15:34:55,671 - INFO - Running circuit...
