2026-01-23 11:47:43,237 - INFO - mode: matlabinit, dimension: 2, phase: 9, kappa: None, seed: None
2026-01-23 11:47:43,239 - INFO - Simulator:
2026-01-23 11:47:43,239 - INFO - AerSimulator('aer_simulator_statevector')
2026-01-23 11:47:43,239 - INFO - ('CPU',)
2026-01-23 11:47:43,239 - INFO - Building system...
2026-01-23 11:47:43,257 - INFO - msystem.d is 0.7696238083058117 and msystem.X is 3.0784952333232467
2026-01-23 11:47:43,257 - INFO - Done.
2026-01-23 11:47:43,257 - INFO - A0 (original matrix):
2026-01-23 11:47:43,257 - INFO - 1.09+(  0.00)   0.02+(  0.00)
2026-01-23 11:47:43,257 - INFO - 0.02+(  0.00)   0.54+(  0.00)
2026-01-23 11:47:43,257 - INFO - A (expanded/normalized system matrix):
2026-01-23 11:47:43,257 - INFO - 1.54+(  0.00)   0.01+(  0.00)
2026-01-23 11:47:43,257 - INFO - 0.01+(  0.00)   1.15+(  0.00)
2026-01-23 11:47:43,258 - INFO - b =
2026-01-23 11:47:43,258 - INFO - [(0.7071067811865475+0j), (0.7071067811865475+0j)]
2026-01-23 11:47:43,258 - INFO - Initializing...
2026-01-23 11:47:43,275 - INFO - T0 built
2026-01-23 11:47:43,303 - INFO - W built
2026-01-23 11:47:51,741 - INFO - QPE built
2026-01-23 11:47:51,741 - INFO - 0.014978909922973705
2026-01-23 11:47:52,039 - INFO - Rc built
2026-01-23 11:47:52,039 - INFO - Finished initialization.
2026-01-23 11:47:52,039 - INFO - Building circuit...
2026-01-23 11:47:52,040 - INFO - T0 added
2026-01-23 11:47:52,040 - INFO - QPE added
2026-01-23 11:47:52,040 - INFO - Rc added
2026-01-23 11:49:28,708 - INFO - QPE* added
2026-01-23 11:49:28,716 - INFO - T0* added
2026-01-23 11:49:28,717 - INFO - Finished building circuit.
2026-01-23 11:49:28,717 - INFO - Transpiling...
2026-01-23 11:55:44,425 - INFO - Done.
2026-01-23 11:55:52,326 - INFO - Size of transpiled circuit:
2026-01-23 11:55:52,327 - INFO - 3597966
2026-01-23 11:56:06,788 - INFO - Depth of transpiled circuit:
2026-01-23 11:56:06,790 - INFO - 3548754
2026-01-23 11:56:06,792 - INFO - Number of qubits in circuit:
2026-01-23 11:56:06,793 - INFO - 16
2026-01-23 11:56:06,794 - INFO - Running circuit...
2026-01-24 09:10:44,525 - INFO - Done.
2026-01-24 09:10:44,790 - INFO - C =
2026-01-24 09:10:44,790 - INFO - 0.014978909922973705
2026-01-24 09:10:44,790 - INFO - -------------------------------------------------
2026-01-24 09:10:44,790 - INFO - Solution:
2026-01-24 09:10:44,790 - INFO - b =
2026-01-24 09:10:44,791 - INFO - [(0.7071067811865475+0j), (0.7071067811865475+0j)]
2026-01-24 09:10:44,791 - INFO - raw amplitudes =
2026-01-24 09:10:45,397 - INFO - [0.0132928 -2.02741202e-13j 0.02758866-3.62047640e-13j]
2026-01-24 09:10:45,407 - INFO - 0.887434 + i(-0.000000) -> |x|=0.887434
2026-01-24 09:10:45,407 - INFO - 1.841834 + i(-0.000000) -> |x|=1.841834
2026-01-24 09:10:45,443 - INFO - classical solution: [0.89140036+0.j 1.80806528+0.j]
2026-01-24 09:10:45,472 - INFO - ----------------------------
2026-01-24 09:10:45,472 - INFO - Solution Comparison:
2026-01-24 09:10:45,472 - INFO - Quantum |                Classical
2026-01-24 09:10:45,472 - INFO - --------------------------------------------------
2026-01-24 09:10:45,472 - INFO - 0.887434 + i(  0.000000) |   0.891400 + i(  0.000000)
2026-01-24 09:10:45,472 - INFO - 1.841834 + i(  0.000000) |   1.808065 + i(  0.000000)
2026-01-24 09:10:45,472 - INFO - Relative Errors:
2026-01-24 09:10:45,510 - INFO - 0.004449319362481163
2026-01-24 09:10:45,510 - INFO - 0.018676615107428463
2026-01-24 09:10:45,522 - INFO - Average Relative Error:
2026-01-24 09:10:45,522 - INFO - 0.011562967234954813
2026-01-24 09:10:46,743 - INFO - --- Resource Monitor ---
2026-01-24 09:10:46,744 - INFO - Memory (RSS): 11324.90 MB
2026-01-24 09:10:46,744 - INFO - CPU Usage: 0.0%
2026-01-24 09:10:46,744 - INFO - Threads: 7
2026-01-24 09:10:46,744 - INFO - Miscellaneous items:
2026-01-24 09:10:51,075 - INFO - 2 3597966 76987.836997
