2026-01-23 12:15:40,074 - INFO - mode: matlabinit, dimension: 4, phase: 8, kappa: None, seed: None
2026-01-23 12:15:40,074 - INFO - mode: matlabinit, dimension: 4, phase: 7, kappa: None, seed: None
2026-01-23 12:15:40,090 - INFO - Simulator:
2026-01-23 12:15:40,090 - INFO - AerSimulator('aer_simulator_statevector')
2026-01-23 12:15:40,090 - INFO - ('CPU',)
2026-01-23 12:15:40,090 - INFO - Building system...
2026-01-23 12:15:40,090 - INFO - Simulator:
2026-01-23 12:15:40,091 - INFO - AerSimulator('aer_simulator_statevector')
2026-01-23 12:15:40,091 - INFO - ('CPU',)
2026-01-23 12:15:40,091 - INFO - Building system...
2026-01-23 12:15:40,143 - INFO - msystem.d is 1.751801041174875 and msystem.X is 14.014408329499
2026-01-23 12:15:40,143 - INFO - Done.
2026-01-23 12:15:40,143 - INFO - A0 (original matrix):
2026-01-23 12:15:40,143 - INFO - 3.47+(  0.00)   0.03+(  0.00)   0.11+(  0.00)   0.03+(  0.00)
2026-01-23 12:15:40,143 - INFO - 0.03+(  0.00)   3.36+(  0.00)   0.05+(  0.00)   0.96+(  0.00)
2026-01-23 12:15:40,143 - INFO - 0.11+(  0.00)   0.05+(  0.00)   2.80+(  0.00)   0.53+(  0.00)
2026-01-23 12:15:40,143 - INFO - 0.03+(  0.00)   0.96+(  0.00)   0.53+(  0.00)   3.50+(  0.00)
2026-01-23 12:15:40,143 - INFO - A (expanded/normalized system matrix):
2026-01-23 12:15:40,144 - INFO - 3.49+(  0.00)   0.02+(  0.00)   0.06+(  0.00)   0.01+(  0.00)
2026-01-23 12:15:40,144 - INFO - 0.02+(  0.00)   3.43+(  0.00)   0.03+(  0.00)   0.48+(  0.00)
2026-01-23 12:15:40,144 - INFO - 0.06+(  0.00)   0.03+(  0.00)   3.15+(  0.00)   0.26+(  0.00)
2026-01-23 12:15:40,144 - INFO - 0.01+(  0.00)   0.48+(  0.00)   0.26+(  0.00)   3.50+(  0.00)
2026-01-23 12:15:40,144 - INFO - b =
2026-01-23 12:15:40,144 - INFO - [(0.5+0j), (0.5+0j), (0.5+0j), (0.5+0j)]
2026-01-23 12:15:40,143 - INFO - msystem.d is 1.751801041174875 and msystem.X is 14.014408329499
2026-01-23 12:15:40,144 - INFO - Initializing...
2026-01-23 12:15:40,145 - INFO - Done.
2026-01-23 12:15:40,146 - INFO - A0 (original matrix):
2026-01-23 12:15:40,146 - INFO - 3.47+(  0.00)   0.03+(  0.00)   0.11+(  0.00)   0.03+(  0.00)
2026-01-23 12:15:40,146 - INFO - 0.03+(  0.00)   3.36+(  0.00)   0.05+(  0.00)   0.96+(  0.00)
2026-01-23 12:15:40,146 - INFO - 0.11+(  0.00)   0.05+(  0.00)   2.80+(  0.00)   0.53+(  0.00)
2026-01-23 12:15:40,146 - INFO - 0.03+(  0.00)   0.96+(  0.00)   0.53+(  0.00)   3.50+(  0.00)
2026-01-23 12:15:40,146 - INFO - A (expanded/normalized system matrix):
2026-01-23 12:15:40,146 - INFO - 3.49+(  0.00)   0.02+(  0.00)   0.06+(  0.00)   0.01+(  0.00)
2026-01-23 12:15:40,146 - INFO - 0.02+(  0.00)   3.43+(  0.00)   0.03+(  0.00)   0.48+(  0.00)
2026-01-23 12:15:40,146 - INFO - 0.06+(  0.00)   0.03+(  0.00)   3.15+(  0.00)   0.26+(  0.00)
2026-01-23 12:15:40,146 - INFO - 0.01+(  0.00)   0.48+(  0.00)   0.26+(  0.00)   3.50+(  0.00)
2026-01-23 12:15:40,146 - INFO - b =
2026-01-23 12:15:40,146 - INFO - [(0.5+0j), (0.5+0j), (0.5+0j), (0.5+0j)]
2026-01-23 12:15:40,147 - INFO - Initializing...
2026-01-23 12:15:40,434 - INFO - T0 built
2026-01-23 12:15:40,434 - INFO - T0 built
2026-01-23 12:15:40,567 - INFO - W built
2026-01-23 12:15:40,568 - INFO - W built
2026-01-23 12:15:59,506 - INFO - QPE built
2026-01-23 12:15:59,508 - INFO - 0.3045397421932331
2026-01-23 12:15:59,570 - INFO - Rc built
2026-01-23 12:15:59,570 - INFO - Finished initialization.
2026-01-23 12:15:59,570 - INFO - Building circuit...
2026-01-23 12:15:59,571 - INFO - T0 added
2026-01-23 12:15:59,571 - INFO - QPE added
2026-01-23 12:15:59,571 - INFO - Rc added
2026-01-23 12:16:13,904 - INFO - QPE built
2026-01-23 12:16:13,905 - INFO - 0.03628785503975416
2026-01-23 12:16:14,032 - INFO - Rc built
2026-01-23 12:16:14,032 - INFO - Finished initialization.
2026-01-23 12:16:14,032 - INFO - Building circuit...
2026-01-23 12:16:14,033 - INFO - T0 added
2026-01-23 12:16:14,033 - INFO - QPE added
2026-01-23 12:16:14,033 - INFO - Rc added
2026-01-23 12:19:43,230 - INFO - QPE* added
2026-01-23 12:19:43,281 - INFO - T0* added
2026-01-23 12:19:43,281 - INFO - Finished building circuit.
2026-01-23 12:19:43,281 - INFO - Transpiling...
2026-01-23 12:23:20,997 - INFO - QPE* added
2026-01-23 12:23:21,042 - INFO - T0* added
2026-01-23 12:23:21,042 - INFO - Finished building circuit.
2026-01-23 12:23:21,042 - INFO - Transpiling...
2026-01-23 12:32:02,611 - INFO - Done.
2026-01-23 12:32:29,871 - INFO - Size of transpiled circuit:
2026-01-23 12:32:29,874 - INFO - 8988774
2026-01-23 12:33:06,860 - INFO - Depth of transpiled circuit:
2026-01-23 12:33:06,867 - INFO - 8907579
2026-01-23 12:33:06,874 - INFO - Number of qubits in circuit:
2026-01-23 12:33:06,880 - INFO - 16
2026-01-23 12:33:06,888 - INFO - Running circuit...
2026-01-23 12:47:30,793 - INFO - Done.
2026-01-23 12:48:24,904 - INFO - Size of transpiled circuit:
2026-01-23 12:48:24,911 - INFO - 18059482
2026-01-23 12:49:40,448 - INFO - Depth of transpiled circuit:
2026-01-23 12:49:40,455 - INFO - 17887520
2026-01-23 12:49:40,462 - INFO - Number of qubits in circuit:
2026-01-23 12:49:40,468 - INFO - 17
2026-01-23 12:49:40,496 - INFO - Running circuit...
