2026-01-23 10:26:04,362 - INFO - mode: matlabinit, dimension: 4, phase: 2, kappa: None, seed: None
2026-01-23 10:26:04,436 - INFO - Simulator:
2026-01-23 10:26:04,436 - INFO - AerSimulator('aer_simulator_statevector')
2026-01-23 10:26:04,437 - INFO - ('CPU',)
2026-01-23 10:26:04,437 - INFO - Building system...
2026-01-23 10:26:04,478 - INFO - msystem.d is 1.751801041174875 and msystem.X is 14.014408329499
2026-01-23 10:26:04,478 - INFO - Done.
2026-01-23 10:26:04,478 - INFO - A0 (original matrix):
2026-01-23 10:26:04,478 - INFO - 3.47+(  0.00)   0.03+(  0.00)   0.11+(  0.00)   0.03+(  0.00)
2026-01-23 10:26:04,478 - INFO - 0.03+(  0.00)   3.36+(  0.00)   0.05+(  0.00)   0.96+(  0.00)
2026-01-23 10:26:04,478 - INFO - 0.11+(  0.00)   0.05+(  0.00)   2.80+(  0.00)   0.53+(  0.00)
2026-01-23 10:26:04,478 - INFO - 0.03+(  0.00)   0.96+(  0.00)   0.53+(  0.00)   3.50+(  0.00)
2026-01-23 10:26:04,478 - INFO - A (expanded/normalized system matrix):
2026-01-23 10:26:04,478 - INFO - 3.49+(  0.00)   0.02+(  0.00)   0.06+(  0.00)   0.01+(  0.00)
2026-01-23 10:26:04,478 - INFO - 0.02+(  0.00)   3.43+(  0.00)   0.03+(  0.00)   0.48+(  0.00)
2026-01-23 10:26:04,478 - INFO - 0.06+(  0.00)   0.03+(  0.00)   3.15+(  0.00)   0.26+(  0.00)
2026-01-23 10:26:04,478 - INFO - 0.01+(  0.00)   0.48+(  0.00)   0.26+(  0.00)   3.50+(  0.00)
2026-01-23 10:26:04,478 - INFO - b =
2026-01-23 10:26:04,478 - INFO - [(0.5+0j), (0.5+0j), (0.5+0j), (0.5+0j)]
2026-01-23 10:26:04,479 - INFO - Initializing...
2026-01-23 10:26:04,799 - INFO - T0 built
2026-01-23 10:26:05,068 - INFO - W built
2026-01-23 10:26:08,679 - INFO - QPE built
2026-01-23 10:26:08,680 - INFO - 1.751801040999695
2026-01-23 10:26:08,682 - INFO - Rc built
2026-01-23 10:26:08,682 - INFO - Finished initialization.
2026-01-23 10:26:08,683 - INFO - Building circuit...
2026-01-23 10:26:08,683 - INFO - T0 added
2026-01-23 10:26:08,683 - INFO - QPE added
2026-01-23 10:26:08,684 - INFO - Rc added
2026-01-23 10:26:18,501 - INFO - QPE* added
2026-01-23 10:26:18,601 - INFO - T0* added
2026-01-23 10:26:18,601 - INFO - Finished building circuit.
2026-01-23 10:26:18,601 - INFO - Transpiling...
2026-01-23 10:26:57,097 - INFO - Done.
2026-01-23 10:26:58,471 - INFO - Size of transpiled circuit:
2026-01-23 10:26:58,471 - INFO - 213723
2026-01-23 10:27:00,299 - INFO - Depth of transpiled circuit:
2026-01-23 10:27:00,300 - INFO - 211765
2026-01-23 10:27:00,300 - INFO - Number of qubits in circuit:
2026-01-23 10:27:00,300 - INFO - 11
2026-01-23 10:27:00,300 - INFO - Running circuit...
2026-01-23 11:07:16,469 - INFO - Done.
2026-01-23 11:07:16,497 - INFO - C =
2026-01-23 11:07:16,497 - INFO - 1.751801040999695
2026-01-23 11:07:16,497 - INFO - -------------------------------------------------
2026-01-23 11:07:16,497 - INFO - Solution:
2026-01-23 11:07:16,497 - INFO - b =
2026-01-23 11:07:16,498 - INFO - [(0.5+0j), (0.5+0j), (0.5+0j), (0.5+0j)]
2026-01-23 11:07:16,498 - INFO - raw amplitudes =
2026-01-23 11:07:16,563 - INFO - [-0.46593536+4.23561227e-13j -0.45780085+4.05361229e-13j
 -0.46677684+3.94316456e-13j -0.45235819+3.67471288e-13j]
2026-01-23 11:07:16,564 - INFO - -0.265975 + i(0.000000) -> |x|=0.265975
2026-01-23 11:07:16,564 - INFO - -0.261332 + i(0.000000) -> |x|=0.261332
2026-01-23 11:07:16,564 - INFO - -0.266455 + i(0.000000) -> |x|=0.266455
2026-01-23 11:07:16,564 - INFO - -0.258225 + i(0.000000) -> |x|=0.258225
2026-01-23 11:07:16,604 - INFO - classical solution: [0.27481499+0.j 0.24132361+0.j 0.30937949+0.j 0.17117666+0.j]
2026-01-23 11:07:16,605 - INFO - ----------------------------
2026-01-23 11:07:16,605 - INFO - Solution Comparison:
2026-01-23 11:07:16,605 - INFO - Quantum |                Classical
2026-01-23 11:07:16,605 - INFO - --------------------------------------------------
2026-01-23 11:07:16,605 - INFO - 0.265975 + i(  0.000000) |   0.274815 + i(  0.000000)
2026-01-23 11:07:16,605 - INFO - 0.261332 + i(  0.000000) |   0.241324 + i(  0.000000)
2026-01-23 11:07:16,605 - INFO - 0.266455 + i(  0.000000) |   0.309379 + i(  0.000000)
2026-01-23 11:07:16,605 - INFO - 0.258225 + i(  0.000000) |   0.171177 + i(  0.000000)
2026-01-23 11:07:16,605 - INFO - Relative Errors:
2026-01-23 11:07:16,605 - INFO - 0.03216690914618858
2026-01-23 11:07:16,605 - INFO - 0.08290906776138374
2026-01-23 11:07:16,605 - INFO - 0.1387425456391812
2026-01-23 11:07:16,605 - INFO - 0.5085271170655528
2026-01-23 11:07:16,619 - INFO - Average Relative Error:
2026-01-23 11:07:16,619 - INFO - 0.19058640990307657
2026-01-23 11:07:17,730 - INFO - --- Resource Monitor ---
2026-01-23 11:07:17,730 - INFO - Memory (RSS): 889.46 MB
2026-01-23 11:07:17,730 - INFO - CPU Usage: 0.0%
2026-01-23 11:07:17,730 - INFO - Threads: 7
2026-01-23 11:07:17,730 - INFO - Miscellaneous items:
2026-01-23 11:07:18,435 - INFO - 4 213723 2474.071715
