2026-01-24 14:46:11,652 - INFO - mode: matlabinit, dimension: 4, phase: 5, kappa: None, seed: None
2026-01-24 14:46:11,653 - INFO - Simulator:
2026-01-24 14:46:11,653 - INFO - AerSimulator('aer_simulator_statevector')
2026-01-24 14:46:11,653 - INFO - ('CPU',)
2026-01-24 14:46:11,653 - INFO - Building system...
2026-01-24 14:46:11,712 - INFO - msystem.d is 1.751801041174875 and msystem.X is 14.014408329499
2026-01-24 14:46:11,712 - INFO - Done.
2026-01-24 14:46:11,712 - INFO - A0 (original matrix):
2026-01-24 14:46:11,712 - INFO - 3.47+(  0.00)   0.03+(  0.00)   0.11+(  0.00)   0.03+(  0.00)
2026-01-24 14:46:11,712 - INFO - 0.03+(  0.00)   3.36+(  0.00)   0.05+(  0.00)   0.96+(  0.00)
2026-01-24 14:46:11,712 - INFO - 0.11+(  0.00)   0.05+(  0.00)   2.80+(  0.00)   0.53+(  0.00)
2026-01-24 14:46:11,712 - INFO - 0.03+(  0.00)   0.96+(  0.00)   0.53+(  0.00)   3.50+(  0.00)
2026-01-24 14:46:11,712 - INFO - A (expanded/normalized system matrix):
2026-01-24 14:46:11,712 - INFO - 3.49+(  0.00)   0.02+(  0.00)   0.06+(  0.00)   0.01+(  0.00)
2026-01-24 14:46:11,712 - INFO - 0.02+(  0.00)   3.43+(  0.00)   0.03+(  0.00)   0.48+(  0.00)
2026-01-24 14:46:11,712 - INFO - 0.06+(  0.00)   0.03+(  0.00)   3.15+(  0.00)   0.26+(  0.00)
2026-01-24 14:46:11,712 - INFO - 0.01+(  0.00)   0.48+(  0.00)   0.26+(  0.00)   3.50+(  0.00)
2026-01-24 14:46:11,713 - INFO - b =
2026-01-24 14:46:11,713 - INFO - [(0.5+0j), (0.5+0j), (0.5+0j), (0.5+0j)]
2026-01-24 14:46:11,713 - INFO - Initializing...
2026-01-24 14:46:11,780 - INFO - T0 built
2026-01-24 14:46:11,926 - INFO - W built
2026-01-24 14:46:18,240 - INFO - QPE built
2026-01-24 14:46:18,240 - INFO - 0.9822743925943673
2026-01-24 14:46:18,256 - INFO - Rc built
2026-01-24 14:46:18,256 - INFO - Finished initialization.
2026-01-24 14:46:18,256 - INFO - Building circuit...
2026-01-24 14:46:18,257 - INFO - T0 added
2026-01-24 14:46:18,257 - INFO - QPE added
2026-01-24 14:46:18,257 - INFO - Rc added
2026-01-24 14:47:16,395 - INFO - QPE* added
2026-01-24 14:47:16,448 - INFO - T0* added
2026-01-24 14:47:16,449 - INFO - Finished building circuit.
2026-01-24 14:47:16,449 - INFO - Transpiling...
2026-01-24 14:50:56,102 - INFO - Done.
2026-01-24 14:51:03,613 - INFO - Size of transpiled circuit:
2026-01-24 14:51:03,615 - INFO - 2192980
2026-01-24 14:51:13,732 - INFO - Depth of transpiled circuit:
2026-01-24 14:51:13,734 - INFO - 2172512
2026-01-24 14:51:13,734 - INFO - Number of qubits in circuit:
2026-01-24 14:51:13,734 - INFO - 14
2026-01-24 14:51:13,735 - INFO - Running circuit...
2026-01-25 20:18:38,447 - INFO - Done.
2026-01-25 20:18:38,731 - INFO - C =
2026-01-25 20:18:38,731 - INFO - 0.9822743925943673
2026-01-25 20:18:38,731 - INFO - -------------------------------------------------
2026-01-25 20:18:38,731 - INFO - Solution:
2026-01-25 20:18:38,731 - INFO - b =
2026-01-25 20:18:38,731 - INFO - [(0.5+0j), (0.5+0j), (0.5+0j), (0.5+0j)]
2026-01-25 20:18:38,731 - INFO - raw amplitudes =
2026-01-25 20:18:39,215 - INFO - [-0.37006435+3.56479631e-12j -0.26677926+2.54526837e-12j
 -0.37516267+3.25082109e-12j -0.21078215+1.76715937e-12j]
2026-01-25 20:18:39,223 - INFO - -0.376742 + i(0.000000) -> |x|=0.376742
2026-01-25 20:18:39,223 - INFO - -0.271593 + i(0.000000) -> |x|=0.271593
2026-01-25 20:18:39,223 - INFO - -0.381933 + i(0.000000) -> |x|=0.381933
2026-01-25 20:18:39,223 - INFO - -0.214586 + i(0.000000) -> |x|=0.214586
2026-01-25 20:18:39,350 - INFO - classical solution: [0.27481499+0.j 0.24132361+0.j 0.30937949+0.j 0.17117666+0.j]
2026-01-25 20:18:39,361 - INFO - ----------------------------
2026-01-25 20:18:39,361 - INFO - Solution Comparison:
2026-01-25 20:18:39,361 - INFO - Quantum |                Classical
2026-01-25 20:18:39,361 - INFO - --------------------------------------------------
2026-01-25 20:18:39,361 - INFO - 0.376742 + i( -0.000000) |   0.274815 + i(  0.000000)
2026-01-25 20:18:39,361 - INFO - 0.271593 + i(  0.000000) |   0.241324 + i(  0.000000)
2026-01-25 20:18:39,361 - INFO - 0.381933 + i(  0.000000) |   0.309379 + i(  0.000000)
2026-01-25 20:18:39,361 - INFO - 0.214586 + i(  0.000000) |   0.171177 + i(  0.000000)
2026-01-25 20:18:39,362 - INFO - Relative Errors:
2026-01-25 20:18:39,416 - INFO - 0.3708943966567382
2026-01-25 20:18:39,416 - INFO - 0.12543240107695675
2026-01-25 20:18:39,416 - INFO - 0.2345118835037372
2026-01-25 20:18:39,416 - INFO - 0.2535927171985992
2026-01-25 20:18:39,428 - INFO - Average Relative Error:
2026-01-25 20:18:39,428 - INFO - 0.24610784960900783
2026-01-25 20:18:40,631 - INFO - --- Resource Monitor ---
2026-01-25 20:18:40,632 - INFO - Memory (RSS): 5800.32 MB
2026-01-25 20:18:40,632 - INFO - CPU Usage: 0.0%
2026-01-25 20:18:40,632 - INFO - Threads: 7
2026-01-25 20:18:40,632 - INFO - Miscellaneous items:
2026-01-25 20:18:44,955 - INFO - 4 2192980 106353.301895
