2026-01-06 17:20:33,022 - INFO - Simulator:
2026-01-06 17:20:33,022 - INFO - AerSimulator('aer_simulator_statevector')
2026-01-06 17:20:33,022 - INFO - ('CPU',)
2026-01-06 17:20:33,023 - INFO - Building system...
2026-01-06 17:20:33,023 - INFO - msystem.d is 0.47559919341166174 and msystem.X is 3.804793547393294
2026-01-06 17:20:33,023 - INFO - Done.
2026-01-06 17:20:33,023 - INFO - A0 (original matrix):
2026-01-06 17:20:33,023 - INFO - 1.24+(  0.00)   0.08+(  0.00)   0.05+(  0.00)   0.34+(  0.00)
2026-01-06 17:20:33,023 - INFO - 0.08+(  0.00)   1.33+(  0.00)   0.25+(  0.00)   0.22+(  0.00)
2026-01-06 17:20:33,023 - INFO - 0.05+(  0.00)   0.25+(  0.00)   1.30+(  0.00)   0.22+(  0.00)
2026-01-06 17:20:33,023 - INFO - 0.34+(  0.00)   0.22+(  0.00)   0.22+(  0.00)   1.55+(  0.00)
2026-01-06 17:20:33,023 - INFO - A (expanded/normalized system matrix):
2026-01-06 17:20:33,023 - INFO - 0.86+(  0.00)   0.02+(  0.00)   0.02+(  0.00)   0.10+(  0.00)
2026-01-06 17:20:33,024 - INFO - 0.02+(  0.00)   0.88+(  0.00)   0.08+(  0.00)   0.07+(  0.00)
2026-01-06 17:20:33,024 - INFO - 0.02+(  0.00)   0.08+(  0.00)   0.87+(  0.00)   0.07+(  0.00)
2026-01-06 17:20:33,024 - INFO - 0.10+(  0.00)   0.07+(  0.00)   0.07+(  0.00)   0.95+(  0.00)
2026-01-06 17:20:33,024 - INFO - b =
2026-01-06 17:20:33,024 - INFO - [(-0.9339045455784881+0j), (0.1541521973656291+0j), (-0.10238099159326775+0j), (-0.30590444971520925+0j)]
2026-01-06 17:20:33,024 - INFO - Initializing...
2026-01-06 17:20:33,121 - INFO - T0 built
2026-01-06 17:20:33,322 - INFO - W built
2026-01-06 17:20:36,017 - INFO - QPE built
2026-01-06 17:20:36,017 - INFO - 0.47559919336410184
2026-01-06 17:20:36,019 - INFO - Rc built
2026-01-06 17:20:36,019 - INFO - Finished initialization.
2026-01-06 17:20:36,019 - INFO - Building circuit...
2026-01-06 17:20:36,020 - INFO - T0 added
2026-01-06 17:20:36,027 - INFO - QPE added
2026-01-06 17:20:36,027 - INFO - Rc added
2026-01-06 17:20:43,217 - INFO - QPE* added
2026-01-06 17:20:43,288 - INFO - T0* added
2026-01-06 17:20:43,288 - INFO - Finished building circuit.
2026-01-06 17:20:43,288 - INFO - Size of logical circuit:
2026-01-06 17:20:43,288 - INFO - 6
2026-01-06 17:20:43,288 - INFO - Transpiling...
2026-01-06 17:21:46,269 - INFO - Done.
2026-01-06 17:21:46,692 - INFO - Size of transpiled circuit:
2026-01-06 17:21:46,693 - INFO - 213723
2026-01-06 17:21:47,764 - INFO - Depth of transpiled circuit:
2026-01-06 17:21:47,765 - INFO - 211765
2026-01-06 17:21:47,766 - INFO - Number of qubits in circuit:
2026-01-06 17:21:47,767 - INFO - 11
2026-01-06 17:21:47,768 - INFO - Running circuit...
2026-01-06 17:23:48,083 - INFO - Done.
2026-01-06 17:23:48,085 - INFO - |rp>|r1>|r1w>|r1a>|r2>|r2w>|r2a>|HHL>
2026-01-06 17:23:48,086 - INFO - |00>|00>|0  >|0>|00>|0  >|0>|0>    0.879764  -0.000000i
2026-01-06 17:23:48,087 - INFO - |00>|00>|0  >|0>|00>|0  >|0>|1>   -0.051292   0.000000i
2026-01-06 17:23:48,087 - INFO - |00>|01>|0  >|0>|00>|0  >|0>|0>   -0.152932   0.000000i
2026-01-06 17:23:48,088 - INFO - |00>|01>|0  >|0>|00>|0  >|0>|1>    0.001292  -0.000000i
2026-01-06 17:23:48,089 - INFO - |00>|10>|0  >|0>|00>|0  >|0>|0>    0.092808  -0.000000i
2026-01-06 17:23:48,090 - INFO - |00>|10>|0  >|0>|00>|0  >|0>|1>   -0.008991   0.000000i
2026-01-06 17:23:48,091 - INFO - |00>|11>|0  >|0>|00>|0  >|0>|0>    0.272950  -0.000000i
2026-01-06 17:23:48,092 - INFO - |00>|11>|0  >|0>|00>|0  >|0>|1>   -0.030998   0.000000i
2026-01-06 17:23:48,094 - INFO - |01>|00>|0  >|0>|01>|0  >|0>|0>   -0.001376  -0.000000i
2026-01-06 17:23:48,095 - INFO - |01>|00>|0  >|0>|10>|0  >|0>|0>   -0.001365  -0.000000i
2026-01-06 17:23:48,096 - INFO - |01>|00>|0  >|0>|11>|0  >|0>|0>   -0.001582  -0.000000i
2026-01-06 17:23:48,097 - INFO - |01>|00>|0  >|1>|00>|0  >|0>|0>   -0.001038  -0.000000i
2026-01-06 17:23:48,098 - INFO - |01>|00>|0  >|1>|11>|0  >|0>|0>   -0.001875   0.000000i
2026-01-06 17:23:48,099 - INFO - |01>|01>|0  >|1>|00>|0  >|0>|0>   -0.003241  -0.000000i
2026-01-06 17:23:48,099 - INFO - |01>|01>|0  >|1>|11>|0  >|0>|0>   -0.001914   0.000000i
2026-01-06 17:23:48,100 - INFO - |01>|10>|0  >|1>|00>|0  >|0>|0>   -0.003257  -0.000000i
2026-01-06 17:23:48,100 - INFO - |01>|10>|0  >|1>|11>|0  >|0>|0>   -0.001913   0.000000i
2026-01-06 17:23:48,100 - INFO - |01>|11>|0  >|0>|11>|0  >|0>|0>   -0.001153  -0.000000i
2026-01-06 17:23:48,100 - INFO - |01>|11>|0  >|1>|00>|0  >|0>|0>   -0.003101  -0.000000i
2026-01-06 17:23:48,100 - INFO - |10>|00>|0  >|0>|00>|0  >|1>|0>   -0.025456   0.000000i
2026-01-06 17:23:48,100 - INFO - |10>|00>|0  >|0>|00>|0  >|1>|1>   -0.024027   0.000000i
2026-01-06 17:23:48,100 - INFO - |10>|00>|0  >|0>|01>|0  >|0>|0>   -0.048664   0.000000i
2026-01-06 17:23:48,100 - INFO - |10>|00>|0  >|0>|01>|0  >|0>|1>   -0.046143   0.000000i
2026-01-06 17:23:48,100 - INFO - |10>|00>|0  >|0>|01>|0  >|1>|0>   -0.010710   0.000000i
2026-01-06 17:23:48,101 - INFO - |10>|00>|0  >|0>|01>|0  >|1>|1>   -0.010231   0.000000i
2026-01-06 17:23:48,101 - INFO - |10>|00>|0  >|0>|10>|0  >|0>|0>   -0.048109   0.000000i
2026-01-06 17:23:48,101 - INFO - |10>|00>|0  >|0>|10>|0  >|0>|1>   -0.045613   0.000000i
2026-01-06 17:23:48,101 - INFO - |10>|00>|0  >|0>|10>|0  >|1>|0>   -0.006909   0.000000i
2026-01-06 17:23:48,101 - INFO - |10>|00>|0  >|0>|10>|0  >|1>|1>   -0.006606   0.000000i
2026-01-06 17:23:48,101 - INFO - |10>|00>|0  >|0>|11>|0  >|0>|0>   -0.054180   0.000000i
2026-01-06 17:23:48,101 - INFO - |10>|00>|0  >|0>|11>|0  >|0>|1>   -0.051324   0.000000i
2026-01-06 17:23:48,101 - INFO - |10>|00>|0  >|0>|11>|0  >|1>|0>   -0.025272   0.000000i
2026-01-06 17:23:48,101 - INFO - |10>|00>|0  >|0>|11>|0  >|1>|1>   -0.023907   0.000000i
2026-01-06 17:23:48,101 - INFO - |10>|00>|0  >|1>|00>|0  >|0>|0>   -0.036021   0.000000i
2026-01-06 17:23:48,101 - INFO - |10>|00>|0  >|1>|00>|0  >|0>|1>   -0.034136   0.000000i
2026-01-06 17:23:48,101 - INFO - |10>|00>|0  >|1>|01>|0  >|0>|0>    0.011161  -0.000000i
2026-01-06 17:23:48,101 - INFO - |10>|00>|0  >|1>|01>|0  >|0>|1>    0.010815  -0.000000i
2026-01-06 17:23:48,101 - INFO - |10>|00>|0  >|1>|10>|0  >|0>|0>   -0.015524   0.000000i
2026-01-06 17:23:48,101 - INFO - |10>|00>|0  >|1>|10>|0  >|0>|1>   -0.014589   0.000000i
2026-01-06 17:23:48,101 - INFO - |10>|00>|0  >|1>|11>|0  >|0>|0>   -0.050264   0.000000i
2026-01-06 17:23:48,101 - INFO - |10>|00>|0  >|1>|11>|0  >|0>|1>   -0.047211   0.000000i
2026-01-06 17:23:48,101 - INFO - |10>|01>|0  >|0>|00>|0  >|1>|0>   -0.016633   0.000000i
2026-01-06 17:23:48,102 - INFO - |10>|01>|0  >|0>|00>|0  >|1>|1>   -0.015657   0.000000i
2026-01-06 17:23:48,102 - INFO - |10>|01>|0  >|0>|01>|0  >|0>|0>   -0.005494   0.000000i
2026-01-06 17:23:48,102 - INFO - |10>|01>|0  >|0>|01>|0  >|0>|1>   -0.005330   0.000000i
2026-01-06 17:23:48,102 - INFO - |10>|01>|0  >|0>|01>|0  >|1>|0>   -0.005878   0.000000i
2026-01-06 17:23:48,102 - INFO - |10>|01>|0  >|0>|01>|0  >|1>|1>   -0.005643   0.000000i
2026-01-06 17:23:48,102 - INFO - |10>|01>|0  >|0>|10>|0  >|0>|0>    0.006285  -0.000000i
2026-01-06 17:23:48,102 - INFO - |10>|01>|0  >|0>|10>|0  >|0>|1>    0.006047  -0.000000i
2026-01-06 17:23:48,102 - INFO - |10>|01>|0  >|0>|10>|0  >|1>|0>    0.001336   0.000000i
2026-01-06 17:23:48,102 - INFO - |10>|01>|0  >|0>|10>|0  >|1>|1>    0.001223  -0.000000i
2026-01-06 17:23:48,102 - INFO - |10>|01>|0  >|0>|11>|0  >|0>|0>   -0.007994   0.000000i
2026-01-06 17:23:48,102 - INFO - |10>|01>|0  >|0>|11>|0  >|0>|1>   -0.007677   0.000000i
2026-01-06 17:23:48,102 - INFO - |10>|01>|0  >|0>|11>|0  >|1>|0>   -0.015263   0.000000i
2026-01-06 17:23:48,102 - INFO - |10>|01>|0  >|0>|11>|0  >|1>|1>   -0.014454   0.000000i
2026-01-06 17:23:48,102 - INFO - |10>|01>|0  >|1>|00>|0  >|0>|0>   -0.112430   0.000000i
2026-01-06 17:23:48,102 - INFO - |10>|01>|0  >|1>|00>|0  >|0>|1>   -0.106545   0.000000i
2026-01-06 17:23:48,102 - INFO - |10>|01>|0  >|1>|01>|0  >|0>|0>    0.003033  -0.000000i
2026-01-06 17:23:48,102 - INFO - |10>|01>|0  >|1>|01>|0  >|0>|1>    0.002940  -0.000000i
2026-01-06 17:23:48,102 - INFO - |10>|01>|0  >|1>|10>|0  >|0>|0>   -0.014999   0.000000i
2026-01-06 17:23:48,102 - INFO - |10>|01>|0  >|1>|10>|0  >|0>|1>   -0.014096   0.000000i
2026-01-06 17:23:48,102 - INFO - |10>|01>|0  >|1>|11>|0  >|0>|0>   -0.051308   0.000000i
2026-01-06 17:23:48,102 - INFO - |10>|01>|0  >|1>|11>|0  >|0>|1>   -0.048191   0.000000i
2026-01-06 17:23:48,103 - INFO - |10>|10>|0  >|0>|00>|0  >|1>|0>   -0.014701   0.000000i
2026-01-06 17:23:48,103 - INFO - |10>|10>|0  >|0>|00>|0  >|1>|1>   -0.013823   0.000000i
2026-01-06 17:23:48,103 - INFO - |10>|10>|0  >|0>|01>|0  >|0>|0>   -0.006687   0.000000i
2026-01-06 17:23:48,103 - INFO - |10>|10>|0  >|0>|01>|0  >|0>|1>   -0.006306   0.000000i
2026-01-06 17:23:48,103 - INFO - |10>|10>|0  >|0>|01>|0  >|1>|0>   -0.004075   0.000000i
2026-01-06 17:23:48,103 - INFO - |10>|10>|0  >|0>|01>|0  >|1>|1>   -0.003935   0.000000i
2026-01-06 17:23:48,103 - INFO - |10>|10>|0  >|0>|10>|0  >|0>|0>    0.008623  -0.000000i
2026-01-06 17:23:48,103 - INFO - |10>|10>|0  >|0>|10>|0  >|0>|1>    0.008109  -0.000000i
2026-01-06 17:23:48,103 - INFO - |10>|10>|0  >|0>|10>|0  >|1>|0>    0.003301  -0.000000i
2026-01-06 17:23:48,103 - INFO - |10>|10>|0  >|0>|10>|0  >|1>|1>    0.003087  -0.000000i
2026-01-06 17:23:48,103 - INFO - |10>|10>|0  >|0>|11>|0  >|0>|0>    0.003884  -0.000000i
2026-01-06 17:23:48,103 - INFO - |10>|10>|0  >|0>|11>|0  >|0>|1>    0.003630  -0.000000i
2026-01-06 17:23:48,103 - INFO - |10>|10>|0  >|0>|11>|0  >|1>|0>   -0.013527   0.000000i
2026-01-06 17:23:48,103 - INFO - |10>|10>|0  >|0>|11>|0  >|1>|1>   -0.012812   0.000000i
2026-01-06 17:23:48,103 - INFO - |10>|10>|0  >|1>|00>|0  >|0>|0>   -0.112993   0.000000i
2026-01-06 17:23:48,103 - INFO - |10>|10>|0  >|1>|00>|0  >|0>|1>   -0.107079   0.000000i
2026-01-06 17:23:48,103 - INFO - |10>|10>|0  >|1>|01>|0  >|0>|0>    0.010837  -0.000000i
2026-01-06 17:23:48,103 - INFO - |10>|10>|0  >|1>|01>|0  >|0>|1>    0.010502  -0.000000i
2026-01-06 17:23:48,103 - INFO - |10>|10>|0  >|1>|10>|0  >|0>|0>   -0.004459   0.000000i
2026-01-06 17:23:48,103 - INFO - |10>|10>|0  >|1>|10>|0  >|0>|1>   -0.004191   0.000000i
2026-01-06 17:23:48,103 - INFO - |10>|10>|0  >|1>|11>|0  >|0>|0>   -0.051292   0.000000i
2026-01-06 17:23:48,103 - INFO - |10>|10>|0  >|1>|11>|0  >|0>|1>   -0.048176   0.000000i
2026-01-06 17:23:48,104 - INFO - |10>|11>|0  >|0>|00>|0  >|1>|0>   -0.018281   0.000000i
2026-01-06 17:23:48,104 - INFO - |10>|11>|0  >|0>|00>|0  >|1>|1>   -0.017277   0.000000i
2026-01-06 17:23:48,104 - INFO - |10>|11>|0  >|0>|01>|0  >|0>|0>    0.019475  -0.000000i
2026-01-06 17:23:48,104 - INFO - |10>|11>|0  >|0>|01>|0  >|0>|1>    0.018228  -0.000000i
2026-01-06 17:23:48,104 - INFO - |10>|11>|0  >|0>|01>|0  >|1>|0>   -0.021186   0.000000i
2026-01-06 17:23:48,104 - INFO - |10>|11>|0  >|0>|01>|0  >|1>|1>   -0.020092   0.000000i
2026-01-06 17:23:48,104 - INFO - |10>|11>|0  >|0>|10>|0  >|0>|0>    0.021400  -0.000000i
2026-01-06 17:23:48,104 - INFO - |10>|11>|0  >|0>|10>|0  >|0>|1>    0.020061  -0.000000i
2026-01-06 17:23:48,104 - INFO - |10>|11>|0  >|0>|10>|0  >|1>|0>   -0.014244   0.000000i
2026-01-06 17:23:48,104 - INFO - |10>|11>|0  >|0>|10>|0  >|1>|1>   -0.013483   0.000000i
2026-01-06 17:23:48,104 - INFO - |10>|11>|0  >|0>|11>|0  >|0>|0>   -0.032637   0.000000i
2026-01-06 17:23:48,104 - INFO - |10>|11>|0  >|0>|11>|0  >|0>|1>   -0.030718   0.000000i
2026-01-06 17:23:48,104 - INFO - |10>|11>|0  >|0>|11>|0  >|1>|0>   -0.017150   0.000000i
2026-01-06 17:23:48,104 - INFO - |10>|11>|0  >|0>|11>|0  >|1>|1>   -0.016299   0.000000i
2026-01-06 17:23:48,104 - INFO - |10>|11>|0  >|1>|00>|0  >|0>|0>   -0.107579   0.000000i
2026-01-06 17:23:48,104 - INFO - |10>|11>|0  >|1>|00>|0  >|0>|1>   -0.101948   0.000000i
2026-01-06 17:23:48,104 - INFO - |10>|11>|0  >|1>|01>|0  >|0>|0>    0.010901  -0.000000i
2026-01-06 17:23:48,104 - INFO - |10>|11>|0  >|1>|01>|0  >|0>|1>    0.010564  -0.000000i
2026-01-06 17:23:48,104 - INFO - |10>|11>|0  >|1>|10>|0  >|0>|0>   -0.015083   0.000000i
2026-01-06 17:23:48,104 - INFO - |10>|11>|0  >|1>|10>|0  >|0>|1>   -0.014174   0.000000i
2026-01-06 17:23:48,104 - INFO - |11>|00>|0  >|0>|00>|0  >|0>|0>    0.026073   0.000000i
2026-01-06 17:23:48,105 - INFO - |11>|01>|0  >|0>|00>|0  >|0>|0>   -0.002906  -0.000000i
2026-01-06 17:23:48,105 - INFO - |11>|10>|0  >|0>|00>|0  >|0>|0>    0.003410  -0.000000i
2026-01-06 17:23:48,105 - INFO - |11>|11>|0  >|0>|00>|0  >|0>|0>    0.011624  -0.000000i
2026-01-06 17:23:48,106 - INFO - C =
2026-01-06 17:23:48,106 - INFO - 0.47559919336410184
2026-01-06 17:23:48,106 - INFO - -------------------------------------------------
2026-01-06 17:23:48,106 - INFO - Solution:
2026-01-06 17:23:48,106 - INFO - b =
2026-01-06 17:23:48,106 - INFO - [(-0.9339045455784881+0j), (0.1541521973656291+0j), (-0.10238099159326775+0j), (-0.30590444971520925+0j)]
2026-01-06 17:23:48,106 - INFO - raw amplitudes =
2026-01-06 17:23:48,106 - INFO - [ 0.8797635 -8.21689803e-13j -0.15293202+1.34563345e-13j
  0.0928077 -8.56581205e-14j  0.27294964-2.32599425e-13j]
2026-01-06 17:23:48,106 - INFO - 1.849800 + i(-0.000000) -> |x|=1.849800
2026-01-06 17:23:48,106 - INFO - -0.321557 + i(0.000000) -> |x|=0.321557
2026-01-06 17:23:48,106 - INFO - 0.195138 + i(-0.000000) -> |x|=0.195138
2026-01-06 17:23:48,106 - INFO - 0.573907 + i(-0.000000) -> |x|=0.573907
2026-01-06 17:23:48,107 - INFO - classical solution: [-2.43910582+0.j  0.60344123+0.j -0.25104397+0.j -0.16386712+0.j]
2026-01-06 17:23:48,107 - INFO - ----------------------------
2026-01-06 17:23:48,107 - INFO - Solution Comparison:
2026-01-06 17:23:48,107 - INFO - Quantum |                Classical
2026-01-06 17:23:48,107 - INFO - --------------------------------------------------
2026-01-06 17:23:48,107 - INFO - -1.849800 + i(  0.000000) |  -2.439106 + i(  0.000000)
2026-01-06 17:23:48,107 - INFO - 0.321557 + i(  0.000000) |   0.603441 + i(  0.000000)
2026-01-06 17:23:48,107 - INFO - -0.195138 + i( -0.000000) |  -0.251044 + i(  0.000000)
2026-01-06 17:23:48,107 - INFO - -0.573907 + i( -0.000000) |  -0.163867 + i(  0.000000)
2026-01-06 17:23:48,107 - INFO - Relative Errors:
2026-01-06 17:23:48,107 - INFO - 0.24160721890650294
2026-01-06 17:23:48,107 - INFO - 0.4671286883636462
2026-01-06 17:23:48,107 - INFO - 0.2226920240857212
2026-01-06 17:23:48,107 - INFO - 2.5022698246950914
2026-01-06 17:23:48,107 - INFO - Average Relative Error:
2026-01-06 17:23:48,107 - INFO - 0.8584244390127405
2026-01-06 17:23:49,109 - INFO - --- Resource Monitor ---
2026-01-06 17:23:49,109 - INFO - Memory (RSS): 1455.92 MB
2026-01-06 17:23:49,109 - INFO - CPU Usage: 0.0%
2026-01-06 17:23:49,110 - INFO - Threads: 36
2026-01-06 17:23:49,110 - INFO - Miscellaneous items:
2026-01-06 17:23:49,547 - INFO - 4 213723 196.525245
