2026-01-06 22:12:09,032 - INFO - mode: kappatest, dimension: 2, phase: 2, kappa: 10.0, seed: 42
2026-01-06 22:12:09,032 - INFO - Simulator:
2026-01-06 22:12:09,033 - INFO - AerSimulator('aer_simulator_statevector')
2026-01-06 22:12:09,033 - INFO - ('CPU',)
2026-01-06 22:12:09,033 - INFO - Building system...
2026-01-06 22:12:09,033 - INFO - A based on seed before k rescaling:
2026-01-06 22:12:09,033 - INFO - 1.76+(  0.00)  -0.62+(  0.44)
2026-01-06 22:12:09,033 - INFO - -0.62+( -0.44)   1.76+(  0.00)
2026-01-06 22:12:09,034 - INFO - msystem.d is 5.198200579847214 and msystem.X is 20.792802319488853
2026-01-06 22:12:09,034 - INFO - Done.
2026-01-06 22:12:09,034 - INFO - A0 (original matrix):
2026-01-06 22:12:09,034 - INFO - 5.50+(  0.00)  -3.66+( -2.61)
2026-01-06 22:12:09,034 - INFO - -3.66+( -2.61)   1.79+(  5.20)
2026-01-06 22:12:09,034 - INFO - A (expanded/normalized system matrix):
2026-01-06 22:12:09,034 - INFO - 10.40+(  0.00)  -3.46+( -2.47)
2026-01-06 22:12:09,034 - INFO - -3.46+( -2.47)   6.89+(  4.92)
2026-01-06 22:12:09,034 - INFO - b =
2026-01-06 22:12:09,034 - INFO - [(-0.4066508172657517+0.5785062240161508j), (0.4150213381355101-0.5724709167144494j)]
2026-01-06 22:12:09,034 - INFO - Initializing...
2026-01-06 22:12:09,065 - INFO - T0 built
2026-01-06 22:12:09,138 - INFO - W built
2026-01-06 22:12:09,548 - INFO - QPE built
2026-01-06 22:12:09,549 - INFO - 5.198200579327394
2026-01-06 22:12:09,552 - INFO - Rc built
2026-01-06 22:12:09,552 - INFO - Finished initialization.
2026-01-06 22:12:09,552 - INFO - Building circuit...
2026-01-06 22:12:09,552 - INFO - T0 added
2026-01-06 22:12:09,553 - INFO - QPE added
2026-01-06 22:12:09,553 - INFO - Rc added
2026-01-06 22:12:10,689 - INFO - QPE* added
2026-01-06 22:12:10,761 - INFO - T0* added
2026-01-06 22:12:10,761 - INFO - Finished building circuit.
2026-01-06 22:12:10,761 - INFO - Transpiling...
2026-01-06 22:12:16,970 - INFO - Done.
2026-01-06 22:12:17,023 - INFO - Size of transpiled circuit:
2026-01-06 22:12:17,023 - INFO - 21480
2026-01-06 22:12:17,163 - INFO - Depth of transpiled circuit:
2026-01-06 22:12:17,163 - INFO - 21361
2026-01-06 22:12:17,163 - INFO - Number of qubits in circuit:
2026-01-06 22:12:17,163 - INFO - 9
2026-01-06 22:12:17,164 - INFO - Running circuit...
2026-01-06 22:12:22,315 - INFO - Done.
2026-01-06 22:12:22,315 - INFO - C =
2026-01-06 22:12:22,316 - INFO - 5.198200579327394
2026-01-06 22:12:22,316 - INFO - -------------------------------------------------
2026-01-06 22:12:22,316 - INFO - Solution:
2026-01-06 22:12:22,316 - INFO - b =
2026-01-06 22:12:22,316 - INFO - [(-0.4066508172657517+0.5785062240161508j), (0.4150213381355101-0.5724709167144494j)]
2026-01-06 22:12:22,316 - INFO - raw amplitudes =
2026-01-06 22:12:22,316 - INFO - [ 0.3572127 -0.50397739j -0.40476552+0.56243721j]
2026-01-06 22:12:22,317 - INFO - 0.068719 + i(-0.096952) -> |x|=0.118836
2026-01-06 22:12:22,317 - INFO - -0.077866 + i(0.108198) -> |x|=0.133304
2026-01-06 22:12:22,317 - INFO - classical solution: [-0.23415337+9.71445147e-17j -0.23413696+0.00000000e+00j]
2026-01-06 22:12:22,317 - INFO - ----------------------------
2026-01-06 22:12:22,317 - INFO - Solution Comparison:
2026-01-06 22:12:22,318 - INFO - Quantum |                Classical
2026-01-06 22:12:22,318 - INFO - --------------------------------------------------
2026-01-06 22:12:22,318 - INFO - -0.118836 + i(  0.000000) |  -0.234153 + i(  0.000000)
2026-01-06 22:12:22,318 - INFO - 0.133301 + i(  0.000960) |  -0.234137 + i(  0.000000)
2026-01-06 22:12:22,318 - INFO - Relative Errors:
2026-01-06 22:12:22,318 - INFO - 0.4924867535026308
2026-01-06 22:12:22,318 - INFO - 1.5693347109141955
2026-01-06 22:12:22,318 - INFO - Average Relative Error:
2026-01-06 22:12:22,318 - INFO - 1.0309107322084132
2026-01-06 22:12:23,320 - INFO - --- Resource Monitor ---
2026-01-06 22:12:23,320 - INFO - Memory (RSS): 205.21 MB
2026-01-06 22:12:23,320 - INFO - CPU Usage: 0.0%
2026-01-06 22:12:23,321 - INFO - Threads: 36
2026-01-06 22:12:23,321 - INFO - Miscellaneous items:
2026-01-06 22:12:23,444 - INFO - 2 21480 14.412136
