2026-01-23 11:35:30,735 - INFO - mode: matlabinit, dimension: 2, phase: 7, kappa: None, seed: None
2026-01-23 11:35:30,772 - INFO - Simulator:
2026-01-23 11:35:30,773 - INFO - AerSimulator('aer_simulator_statevector')
2026-01-23 11:35:30,773 - INFO - ('CPU',)
2026-01-23 11:35:30,774 - INFO - Building system...
2026-01-23 11:35:30,866 - INFO - msystem.d is 0.7696238083058117 and msystem.X is 3.0784952333232467
2026-01-23 11:35:30,866 - INFO - Done.
2026-01-23 11:35:30,867 - INFO - A0 (original matrix):
2026-01-23 11:35:30,867 - INFO - 1.09+(  0.00)   0.02+(  0.00)
2026-01-23 11:35:30,867 - INFO - 0.02+(  0.00)   0.54+(  0.00)
2026-01-23 11:35:30,867 - INFO - A (expanded/normalized system matrix):
2026-01-23 11:35:30,867 - INFO - 1.54+(  0.00)   0.01+(  0.00)
2026-01-23 11:35:30,867 - INFO - 0.01+(  0.00)   1.15+(  0.00)
2026-01-23 11:35:30,867 - INFO - b =
2026-01-23 11:35:30,867 - INFO - [(0.7071067811865475+0j), (0.7071067811865475+0j)]
2026-01-23 11:35:30,867 - INFO - Initializing...
2026-01-23 11:35:31,147 - INFO - T0 built
2026-01-23 11:35:31,215 - INFO - W built
2026-01-23 11:35:35,506 - INFO - QPE built
2026-01-23 11:35:35,507 - INFO - 0.02161048267942789
2026-01-23 11:35:35,645 - INFO - Rc built
2026-01-23 11:35:35,646 - INFO - Finished initialization.
2026-01-23 11:35:35,647 - INFO - Building circuit...
2026-01-23 11:35:35,648 - INFO - T0 added
2026-01-23 11:35:35,649 - INFO - QPE added
2026-01-23 11:35:35,649 - INFO - Rc added
2026-01-23 11:36:25,139 - INFO - QPE* added
2026-01-23 11:36:25,160 - INFO - T0* added
2026-01-23 11:36:25,161 - INFO - Finished building circuit.
2026-01-23 11:36:25,161 - INFO - Transpiling...
2026-01-23 11:40:42,043 - INFO - Done.
2026-01-23 11:40:44,281 - INFO - Size of transpiled circuit:
2026-01-23 11:40:44,281 - INFO - 883847
2026-01-23 11:40:48,072 - INFO - Depth of transpiled circuit:
2026-01-23 11:40:48,072 - INFO - 875095
2026-01-23 11:40:48,072 - INFO - Number of qubits in circuit:
2026-01-23 11:40:48,072 - INFO - 14
2026-01-23 11:40:48,074 - INFO - Running circuit...
2026-01-24 00:40:44,723 - INFO - Done.
2026-01-24 00:40:45,010 - INFO - C =
2026-01-24 00:40:45,011 - INFO - 0.02161048267942789
2026-01-24 00:40:45,011 - INFO - -------------------------------------------------
2026-01-24 00:40:45,011 - INFO - Solution:
2026-01-24 00:40:45,011 - INFO - b =
2026-01-24 00:40:45,011 - INFO - [(0.7071067811865475+0j), (0.7071067811865475+0j)]
2026-01-24 00:40:45,011 - INFO - raw amplitudes =
2026-01-24 00:40:45,266 - INFO - [-0.01588605-0.00658022j -0.03214287-0.01331401j]
2026-01-24 00:40:45,268 - INFO - -0.735109 + i(-0.304492) -> |x|=0.795676
2026-01-24 00:40:45,268 - INFO - -1.487374 + i(-0.616091) -> |x|=1.609922
2026-01-24 00:40:45,334 - INFO - classical solution: [0.89140036+0.j 1.80806528+0.j]
2026-01-24 00:40:45,337 - INFO - ----------------------------
2026-01-24 00:40:45,337 - INFO - Solution Comparison:
2026-01-24 00:40:45,337 - INFO - Quantum |                Classical
2026-01-24 00:40:45,338 - INFO - --------------------------------------------------
2026-01-24 00:40:45,338 - INFO - 0.795676 + i(  0.000000) |   0.891400 + i(  0.000000)
2026-01-24 00:40:45,338 - INFO - 1.609922 + i(  0.000000) |   1.808065 + i(  0.000000)
2026-01-24 00:40:45,338 - INFO - Relative Errors:
2026-01-24 00:40:45,341 - INFO - 0.10738652735251153
2026-01-24 00:40:45,341 - INFO - 0.1095885182957268
2026-01-24 00:40:45,343 - INFO - Average Relative Error:
2026-01-24 00:40:45,343 - INFO - 0.10848752282411916
2026-01-24 00:40:46,558 - INFO - --- Resource Monitor ---
2026-01-24 00:40:46,558 - INFO - Memory (RSS): 2862.85 MB
2026-01-24 00:40:46,558 - INFO - CPU Usage: 0.0%
2026-01-24 00:40:46,559 - INFO - Threads: 7
2026-01-24 00:40:46,559 - INFO - Miscellaneous items:
2026-01-24 00:40:48,263 - INFO - 2 883847 47117.526036
