2026-01-03 12:19:57,997 - INFO - Simulator:
2026-01-03 12:19:57,998 - INFO - AerSimulator('aer_simulator_statevector')
2026-01-03 12:19:57,998 - INFO - ('CPU',)
2026-01-03 12:19:57,998 - INFO - Building system...
2026-01-03 12:19:57,999 - INFO - msystem.d is 2.0 and msystem.X is 4.0000000001
2026-01-03 12:19:57,999 - INFO - Done.
2026-01-03 12:19:57,999 - INFO - A0 (original matrix):
2026-01-03 12:19:57,999 - INFO - -1.00+(  0.00)   1.00+(  0.00)   1.00+(  0.00)   1.00+(  0.00)
2026-01-03 12:19:57,999 - INFO - 1.00+(  0.00)  -1.00+(  0.00)   1.00+(  0.00)   1.00+(  0.00)
2026-01-03 12:19:57,999 - INFO - 1.00+(  0.00)   1.00+(  0.00)  -1.00+(  0.00)   1.00+(  0.00)
2026-01-03 12:19:57,999 - INFO - 1.00+(  0.00)   1.00+(  0.00)   1.00+(  0.00)  -1.00+(  0.00)
2026-01-03 12:19:57,999 - INFO - A (expanded/normalized system matrix):
2026-01-03 12:19:57,999 - INFO - 1.00+(  0.00)   1.00+(  0.00)   1.00+(  0.00)   1.00+(  0.00)
2026-01-03 12:19:57,999 - INFO - 1.00+(  0.00)   1.00+(  0.00)   1.00+(  0.00)   1.00+(  0.00)
2026-01-03 12:19:57,999 - INFO - 1.00+(  0.00)   1.00+(  0.00)   1.00+(  0.00)   1.00+(  0.00)
2026-01-03 12:19:57,999 - INFO - 1.00+(  0.00)   1.00+(  0.00)   1.00+(  0.00)   1.00+(  0.00)
2026-01-03 12:19:57,999 - INFO - b =
2026-01-03 12:19:57,999 - INFO - [(1+0j), 0j, 0j, 0j]
2026-01-03 12:19:58,000 - INFO - Initializing...
2026-01-03 12:19:58,057 - INFO - T0 built
2026-01-03 12:19:58,183 - INFO - W built
2026-01-03 12:19:59,907 - INFO - QPE built
2026-01-03 12:19:59,907 - INFO - 1.9999999998
2026-01-03 12:19:59,909 - INFO - Rc built
2026-01-03 12:19:59,909 - INFO - Finished initialization.
2026-01-03 12:19:59,909 - INFO - Building circuit...
2026-01-03 12:19:59,909 - INFO - T0 added
2026-01-03 12:19:59,909 - INFO - QPE added
2026-01-03 12:19:59,909 - INFO - Rc added
2026-01-03 12:20:04,472 - INFO - QPE* added
2026-01-03 12:20:04,515 - INFO - T0* added
2026-01-03 12:20:04,516 - INFO - Finished building circuit.
2026-01-03 12:20:04,516 - INFO - Size of logical circuit:
2026-01-03 12:20:04,516 - INFO - 6
2026-01-03 12:20:04,516 - INFO - Transpiling...
2026-01-03 12:20:43,986 - INFO - Done.
2026-01-03 12:20:44,293 - INFO - Size of transpiled circuit:
2026-01-03 12:20:44,294 - INFO - 213723
2026-01-03 12:20:45,098 - INFO - Depth of transpiled circuit:
2026-01-03 12:20:45,098 - INFO - 211765
2026-01-03 12:20:45,099 - INFO - Number of qubits in circuit:
2026-01-03 12:20:45,099 - INFO - 11
2026-01-03 12:20:45,100 - INFO - Running circuit...
2026-01-03 12:22:35,652 - INFO - Done.
2026-01-03 12:22:35,653 - INFO - |rp>|r1>|r1w>|r1a>|r2>|r2w>|r2a>|HHL>
2026-01-03 12:22:35,655 - INFO - |00>|00>|0  >|0>|00>|0  >|0>|0>   -0.500000   0.000000i
2026-01-03 12:22:35,659 - INFO - |00>|01>|0  >|0>|00>|0  >|0>|0>    0.500000  -0.000000i
2026-01-03 12:22:35,662 - INFO - |00>|10>|0  >|0>|00>|0  >|0>|0>    0.500000  -0.000000i
2026-01-03 12:22:35,665 - INFO - |00>|11>|0  >|0>|00>|0  >|0>|0>    0.500000  -0.000000i
2026-01-03 12:22:35,697 - INFO - C =
2026-01-03 12:22:35,697 - INFO - 1.9999999998
2026-01-03 12:22:35,697 - INFO - -------------------------------------------------
2026-01-03 12:22:35,697 - INFO - Solution:
2026-01-03 12:22:35,697 - INFO - b =
2026-01-03 12:22:35,697 - INFO - [(1+0j), 0j, 0j, 0j]
2026-01-03 12:22:35,697 - INFO - raw amplitudes =
2026-01-03 12:22:35,698 - INFO - [-0.5+4.67641388e-13j  0.5-4.73191796e-13j  0.5-4.55712690e-13j
  0.5-4.57339823e-13j]
2026-01-03 12:22:35,698 - INFO - -0.250000 + i(0.000000) -> |x|=0.250000
2026-01-03 12:22:35,698 - INFO - 0.250000 + i(-0.000000) -> |x|=0.250000
2026-01-03 12:22:35,698 - INFO - 0.250000 + i(-0.000000) -> |x|=0.250000
2026-01-03 12:22:35,698 - INFO - 0.250000 + i(-0.000000) -> |x|=0.250000
2026-01-03 12:22:35,699 - INFO - classical solution: [-0.25-0.j  0.25+0.j  0.25+0.j  0.25+0.j]
2026-01-03 12:22:35,700 - INFO - ----------------------------
2026-01-03 12:22:35,700 - INFO - Solution Comparison:
2026-01-03 12:22:35,700 - INFO - Quantum |                Classical
2026-01-03 12:22:35,700 - INFO - --------------------------------------------------
2026-01-03 12:22:35,700 - INFO - -0.250000 + i( -0.000000) |  -0.250000 + i( -0.000000)
2026-01-03 12:22:35,700 - INFO - 0.250000 + i( -0.000000) |   0.250000 + i(  0.000000)
2026-01-03 12:22:35,700 - INFO - 0.250000 + i(  0.000000) |   0.250000 + i(  0.000000)
2026-01-03 12:22:35,700 - INFO - 0.250000 + i(  0.000000) |   0.250000 + i(  0.000000)
2026-01-03 12:22:35,700 - INFO - Relative Errors:
2026-01-03 12:22:35,700 - INFO - 8.380407479107862e-11
2026-01-03 12:22:35,700 - INFO - 8.282175017414226e-11
2026-01-03 12:22:35,700 - INFO - 8.286527369742072e-11
2026-01-03 12:22:35,700 - INFO - 8.277534475383993e-11
2026-01-03 12:22:35,700 - INFO - Average Relative Error:
2026-01-03 12:22:35,700 - INFO - 8.306661085412038e-11
2026-01-03 12:22:36,701 - INFO - --- Resource Monitor ---
2026-01-03 12:22:36,701 - INFO - Memory (RSS): 2161.05 MB
2026-01-03 12:22:36,701 - INFO - CPU Usage: 0.0%
2026-01-03 12:22:36,701 - INFO - Threads: 40
2026-01-03 12:22:36,701 - INFO - Miscellaneous items:
2026-01-03 12:22:37,061 - INFO - 4 213723 159.063931
