2026-01-06 17:03:39,010 - INFO - Simulator:
2026-01-06 17:03:39,010 - INFO - AerSimulator('aer_simulator_statevector')
2026-01-06 17:03:39,010 - INFO - ('CPU',)
2026-01-06 17:03:39,010 - INFO - Building system...
2026-01-06 17:03:39,011 - INFO - msystem.d is 0.8999833284473687 and msystem.X is 7.19986662767895
2026-01-06 17:03:39,011 - INFO - Done.
2026-01-06 17:03:39,011 - INFO - A0 (original matrix):
2026-01-06 17:03:39,011 - INFO - 5.08+(  0.00)   3.55+(  0.00)   4.80+(  0.00)   1.09+(  0.00)
2026-01-06 17:03:39,011 - INFO - 3.55+(  0.00)  10.32+(  0.00)   6.04+(  0.00)   5.09+(  0.00)
2026-01-06 17:03:39,011 - INFO - 4.80+(  0.00)   6.04+(  0.00)   8.75+(  0.00)   2.27+(  0.00)
2026-01-06 17:03:39,011 - INFO - 1.09+(  0.00)   5.09+(  0.00)   2.27+(  0.00)   4.09+(  0.00)
2026-01-06 17:03:39,011 - INFO - A (expanded/normalized system matrix):
2026-01-06 17:03:39,011 - INFO - 1.34+(  0.00)   0.31+(  0.00)   0.42+(  0.00)   0.10+(  0.00)
2026-01-06 17:03:39,011 - INFO - 0.31+(  0.00)   1.80+(  0.00)   0.53+(  0.00)   0.44+(  0.00)
2026-01-06 17:03:39,011 - INFO - 0.42+(  0.00)   0.53+(  0.00)   1.66+(  0.00)   0.20+(  0.00)
2026-01-06 17:03:39,011 - INFO - 0.10+(  0.00)   0.44+(  0.00)   0.20+(  0.00)   1.26+(  0.00)
2026-01-06 17:03:39,011 - INFO - b =
2026-01-06 17:03:39,011 - INFO - [(0.1880035973746322+0j), (-0.7710306918779043+0j), (0.025153160817065343+0j), (-0.607892785001918+0j)]
2026-01-06 17:03:39,011 - INFO - Initializing...
2026-01-06 17:03:39,104 - INFO - T0 built
2026-01-06 17:03:39,318 - INFO - W built
2026-01-06 17:03:42,098 - INFO - QPE built
2026-01-06 17:03:42,107 - INFO - 0.8999833283573704
2026-01-06 17:03:42,110 - INFO - Rc built
2026-01-06 17:03:42,110 - INFO - Finished initialization.
2026-01-06 17:03:42,110 - INFO - Building circuit...
2026-01-06 17:03:42,110 - INFO - T0 added
2026-01-06 17:03:42,110 - INFO - QPE added
2026-01-06 17:03:42,111 - INFO - Rc added
2026-01-06 17:03:49,423 - INFO - QPE* added
2026-01-06 17:03:49,495 - INFO - T0* added
2026-01-06 17:03:49,495 - INFO - Finished building circuit.
2026-01-06 17:03:49,496 - INFO - Size of logical circuit:
2026-01-06 17:03:49,496 - INFO - 6
2026-01-06 17:03:49,496 - INFO - Transpiling...
2026-01-06 17:04:53,280 - INFO - Done.
2026-01-06 17:04:53,709 - INFO - Size of transpiled circuit:
2026-01-06 17:04:53,710 - INFO - 213723
2026-01-06 17:04:54,781 - INFO - Depth of transpiled circuit:
2026-01-06 17:04:54,782 - INFO - 211765
2026-01-06 17:04:54,782 - INFO - Number of qubits in circuit:
2026-01-06 17:04:54,783 - INFO - 11
2026-01-06 17:04:54,785 - INFO - Running circuit...
2026-01-06 17:06:57,608 - INFO - Done.
2026-01-06 17:06:57,609 - INFO - |rp>|r1>|r1w>|r1a>|r2>|r2w>|r2a>|HHL>
2026-01-06 17:06:57,610 - INFO - |00>|00>|0  >|0>|00>|0  >|0>|0>   -0.204940   0.000000i
2026-01-06 17:06:57,610 - INFO - |00>|00>|0  >|0>|00>|0  >|0>|1>   -0.015477   0.000000i
2026-01-06 17:06:57,611 - INFO - |00>|01>|0  >|0>|00>|0  >|0>|0>    0.698352  -0.000000i
2026-01-06 17:06:57,612 - INFO - |00>|01>|0  >|0>|00>|0  >|0>|1>   -0.068085   0.000000i
2026-01-06 17:06:57,613 - INFO - |00>|10>|0  >|0>|00>|0  >|0>|0>   -0.061145   0.000000i
2026-01-06 17:06:57,614 - INFO - |00>|10>|0  >|0>|00>|0  >|0>|1>   -0.033268   0.000000i
2026-01-06 17:06:57,615 - INFO - |00>|11>|0  >|0>|00>|0  >|0>|0>    0.564185  -0.000000i
2026-01-06 17:06:57,616 - INFO - |00>|11>|0  >|0>|00>|0  >|0>|1>   -0.041091   0.000000i
2026-01-06 17:06:57,616 - INFO - |01>|00>|0  >|0>|00>|0  >|1>|0>   -0.001784   0.000000i
2026-01-06 17:06:57,617 - INFO - |01>|00>|0  >|1>|01>|0  >|0>|0>   -0.003968  -0.000000i
2026-01-06 17:06:57,618 - INFO - |01>|00>|0  >|1>|10>|0  >|0>|0>   -0.001867   0.000000i
2026-01-06 17:06:57,619 - INFO - |01>|00>|0  >|1>|11>|0  >|0>|0>   -0.002561   0.000000i
2026-01-06 17:06:57,620 - INFO - |01>|01>|0  >|0>|00>|0  >|1>|0>   -0.001240  -0.000000i
2026-01-06 17:06:57,621 - INFO - |01>|01>|0  >|0>|01>|0  >|0>|0>    0.002108   0.000000i
2026-01-06 17:06:57,621 - INFO - |01>|01>|0  >|0>|10>|0  >|0>|0>   -0.001629  -0.000000i
2026-01-06 17:06:57,621 - INFO - |01>|01>|0  >|0>|11>|0  >|0>|0>    0.002083   0.000000i
2026-01-06 17:06:57,622 - INFO - |01>|01>|0  >|1>|10>|0  >|0>|0>   -0.001793   0.000000i
2026-01-06 17:06:57,622 - INFO - |01>|01>|0  >|1>|11>|0  >|0>|0>   -0.002284  -0.000000i
2026-01-06 17:06:57,622 - INFO - |01>|10>|0  >|0>|00>|0  >|1>|0>   -0.001896   0.000000i
2026-01-06 17:06:57,622 - INFO - |01>|10>|0  >|0>|11>|0  >|0>|0>    0.001363   0.000000i
2026-01-06 17:06:57,622 - INFO - |01>|10>|0  >|1>|01>|0  >|0>|0>   -0.003667   0.000000i
2026-01-06 17:06:57,622 - INFO - |01>|10>|0  >|1>|11>|0  >|0>|0>   -0.002483   0.000000i
2026-01-06 17:06:57,622 - INFO - |01>|11>|0  >|0>|00>|0  >|1>|0>   -0.001989  -0.000000i
2026-01-06 17:06:57,622 - INFO - |01>|11>|0  >|0>|01>|0  >|0>|0>    0.001313   0.000000i
2026-01-06 17:06:57,622 - INFO - |01>|11>|0  >|0>|01>|0  >|1>|0>    0.001100   0.000000i
2026-01-06 17:06:57,623 - INFO - |01>|11>|0  >|1>|01>|0  >|0>|0>   -0.003785   0.000000i
2026-01-06 17:06:57,623 - INFO - |01>|11>|0  >|1>|10>|0  >|0>|0>   -0.002011   0.000000i
2026-01-06 17:06:57,623 - INFO - |01>|11>|0  >|1>|11>|0  >|0>|0>   -0.001446   0.000000i
2026-01-06 17:06:57,623 - INFO - |10>|00>|0  >|0>|00>|0  >|1>|0>   -0.038029   0.000000i
2026-01-06 17:06:57,623 - INFO - |10>|00>|0  >|0>|00>|0  >|1>|1>   -0.035356   0.000000i
2026-01-06 17:06:57,623 - INFO - |10>|00>|0  >|0>|01>|0  >|0>|0>    0.007255  -0.000000i
2026-01-06 17:06:57,623 - INFO - |10>|00>|0  >|0>|01>|0  >|0>|1>    0.007255  -0.000000i
2026-01-06 17:06:57,623 - INFO - |10>|00>|0  >|0>|01>|0  >|1>|0>    0.023551  -0.000000i
2026-01-06 17:06:57,623 - INFO - |10>|00>|0  >|0>|01>|0  >|1>|1>    0.022545  -0.000000i
2026-01-06 17:06:57,623 - INFO - |10>|00>|0  >|0>|10>|0  >|0>|0>   -0.005586   0.000000i
2026-01-06 17:06:57,623 - INFO - |10>|00>|0  >|0>|10>|0  >|0>|1>   -0.005029   0.000000i
2026-01-06 17:06:57,623 - INFO - |10>|00>|0  >|0>|10>|0  >|1>|0>   -0.007323   0.000000i
2026-01-06 17:06:57,623 - INFO - |10>|00>|0  >|0>|10>|0  >|1>|1>   -0.006857   0.000000i
2026-01-06 17:06:57,623 - INFO - |10>|00>|0  >|0>|11>|0  >|0>|0>    0.010241  -0.000000i
2026-01-06 17:06:57,623 - INFO - |10>|00>|0  >|0>|11>|0  >|0>|1>    0.009816  -0.000000i
2026-01-06 17:06:57,623 - INFO - |10>|00>|0  >|0>|11>|0  >|1>|0>    0.018870  -0.000000i
2026-01-06 17:06:57,623 - INFO - |10>|00>|0  >|0>|11>|0  >|1>|1>    0.017665  -0.000000i
2026-01-06 17:06:57,623 - INFO - |10>|00>|0  >|1>|00>|0  >|0>|0>   -0.001696   0.000000i
2026-01-06 17:06:57,624 - INFO - |10>|00>|0  >|1>|00>|0  >|0>|1>   -0.001160   0.000000i
2026-01-06 17:06:57,624 - INFO - |10>|00>|0  >|1>|01>|0  >|0>|0>   -0.105788   0.000000i
2026-01-06 17:06:57,624 - INFO - |10>|00>|0  >|1>|01>|0  >|0>|1>   -0.099340   0.000000i
2026-01-06 17:06:57,624 - INFO - |10>|00>|0  >|1>|10>|0  >|0>|0>   -0.026968   0.000000i
2026-01-06 17:06:57,624 - INFO - |10>|00>|0  >|1>|10>|0  >|0>|1>   -0.024475   0.000000i
2026-01-06 17:06:57,624 - INFO - |10>|00>|0  >|1>|11>|0  >|0>|0>   -0.076926   0.000000i
2026-01-06 17:06:57,624 - INFO - |10>|00>|0  >|1>|11>|0  >|0>|1>   -0.072559   0.000000i
2026-01-06 17:06:57,624 - INFO - |10>|01>|0  >|0>|00>|0  >|1>|0>   -0.024678   0.000000i
2026-01-06 17:06:57,624 - INFO - |10>|01>|0  >|0>|00>|0  >|1>|1>   -0.022862   0.000000i
2026-01-06 17:06:57,624 - INFO - |10>|01>|0  >|0>|01>|0  >|0>|0>    0.063083  -0.000000i
2026-01-06 17:06:57,624 - INFO - |10>|01>|0  >|0>|01>|0  >|0>|1>    0.059494  -0.000000i
2026-01-06 17:06:57,624 - INFO - |10>|01>|0  >|0>|01>|0  >|1>|0>    0.009396  -0.000000i
2026-01-06 17:06:57,624 - INFO - |10>|01>|0  >|0>|01>|0  >|1>|1>    0.009277  -0.000000i
2026-01-06 17:06:57,624 - INFO - |10>|01>|0  >|0>|10>|0  >|0>|0>   -0.044166   0.000000i
2026-01-06 17:06:57,624 - INFO - |10>|01>|0  >|0>|10>|0  >|0>|1>   -0.041501   0.000000i
2026-01-06 17:06:57,624 - INFO - |10>|01>|0  >|0>|10>|0  >|1>|0>    0.023407  -0.000000i
2026-01-06 17:06:57,625 - INFO - |10>|01>|0  >|0>|10>|0  >|1>|1>    0.021993  -0.000000i
2026-01-06 17:06:57,625 - INFO - |10>|01>|0  >|0>|11>|0  >|0>|0>    0.052603  -0.000000i
2026-01-06 17:06:57,625 - INFO - |10>|01>|0  >|0>|11>|0  >|0>|1>    0.049288  -0.000000i
2026-01-06 17:06:57,625 - INFO - |10>|01>|0  >|0>|11>|0  >|1>|0>   -0.010666   0.000000i
2026-01-06 17:06:57,625 - INFO - |10>|01>|0  >|0>|11>|0  >|1>|1>   -0.010146   0.000000i
2026-01-06 17:06:57,625 - INFO - |10>|01>|0  >|1>|00>|0  >|0>|0>   -0.003064   0.000000i
2026-01-06 17:06:57,625 - INFO - |10>|01>|0  >|1>|00>|0  >|0>|1>   -0.002096   0.000000i
2026-01-06 17:06:57,625 - INFO - |10>|01>|0  >|1>|10>|0  >|0>|0>   -0.025891   0.000000i
2026-01-06 17:06:57,625 - INFO - |10>|01>|0  >|1>|10>|0  >|0>|1>   -0.023498   0.000000i
2026-01-06 17:06:57,625 - INFO - |10>|01>|0  >|1>|11>|0  >|0>|0>   -0.068608   0.000000i
2026-01-06 17:06:57,625 - INFO - |10>|01>|0  >|1>|11>|0  >|0>|1>   -0.064713   0.000000i
2026-01-06 17:06:57,625 - INFO - |10>|10>|0  >|0>|00>|0  >|1>|0>   -0.043611   0.000000i
2026-01-06 17:06:57,625 - INFO - |10>|10>|0  >|0>|00>|0  >|1>|1>   -0.040695   0.000000i
2026-01-06 17:06:57,625 - INFO - |10>|10>|0  >|0>|01>|0  >|0>|0>    0.006755  -0.000000i
2026-01-06 17:06:57,625 - INFO - |10>|10>|0  >|0>|01>|0  >|0>|1>    0.006910  -0.000000i
2026-01-06 17:06:57,625 - INFO - |10>|10>|0  >|0>|01>|0  >|1>|0>    0.034034  -0.000000i
2026-01-06 17:06:57,625 - INFO - |10>|10>|0  >|0>|01>|0  >|1>|1>    0.032321  -0.000000i
2026-01-06 17:06:57,626 - INFO - |10>|10>|0  >|0>|10>|0  >|0>|0>    0.001159   0.000000i
2026-01-06 17:06:57,626 - INFO - |10>|10>|0  >|0>|10>|0  >|1>|0>   -0.010721   0.000000i
2026-01-06 17:06:57,626 - INFO - |10>|10>|0  >|0>|10>|0  >|1>|1>   -0.009963   0.000000i
2026-01-06 17:06:57,626 - INFO - |10>|10>|0  >|0>|11>|0  >|0>|0>    0.026510  -0.000000i
2026-01-06 17:06:57,626 - INFO - |10>|10>|0  >|0>|11>|0  >|0>|1>    0.024528  -0.000000i
2026-01-06 17:06:57,626 - INFO - |10>|10>|0  >|0>|11>|0  >|1>|0>    0.017452  -0.000000i
2026-01-06 17:06:57,626 - INFO - |10>|10>|0  >|0>|11>|0  >|1>|1>    0.016389  -0.000000i
2026-01-06 17:06:57,626 - INFO - |10>|10>|0  >|1>|00>|0  >|0>|0>   -0.002950   0.000000i
2026-01-06 17:06:57,626 - INFO - |10>|10>|0  >|1>|00>|0  >|0>|1>   -0.002017   0.000000i
2026-01-06 17:06:57,626 - INFO - |10>|10>|0  >|1>|01>|0  >|0>|0>   -0.097769   0.000000i
2026-01-06 17:06:57,626 - INFO - |10>|10>|0  >|1>|01>|0  >|0>|1>   -0.091810   0.000000i
2026-01-06 17:06:57,626 - INFO - |10>|10>|0  >|1>|10>|0  >|0>|0>   -0.008482   0.000000i
2026-01-06 17:06:57,626 - INFO - |10>|10>|0  >|1>|10>|0  >|0>|1>   -0.007698   0.000000i
2026-01-06 17:06:57,626 - INFO - |10>|10>|0  >|1>|11>|0  >|0>|0>   -0.074570   0.000000i
2026-01-06 17:06:57,626 - INFO - |10>|10>|0  >|1>|11>|0  >|0>|1>   -0.070336   0.000000i
2026-01-06 17:06:57,626 - INFO - |10>|11>|0  >|0>|00>|0  >|1>|0>   -0.048399   0.000000i
2026-01-06 17:06:57,626 - INFO - |10>|11>|0  >|0>|00>|0  >|1>|1>   -0.045277   0.000000i
2026-01-06 17:06:57,626 - INFO - |10>|11>|0  >|0>|01>|0  >|0>|0>    0.040142  -0.000000i
2026-01-06 17:06:57,627 - INFO - |10>|11>|0  >|0>|01>|0  >|0>|1>    0.037886  -0.000000i
2026-01-06 17:06:57,627 - INFO - |10>|11>|0  >|0>|01>|0  >|1>|0>    0.038010  -0.000000i
2026-01-06 17:06:57,627 - INFO - |10>|11>|0  >|0>|01>|0  >|1>|1>    0.036017  -0.000000i
2026-01-06 17:06:57,627 - INFO - |10>|11>|0  >|0>|10>|0  >|0>|0>    0.014853  -0.000000i
2026-01-06 17:06:57,627 - INFO - |10>|11>|0  >|0>|10>|0  >|0>|1>    0.014032  -0.000000i
2026-01-06 17:06:57,627 - INFO - |10>|11>|0  >|0>|10>|0  >|1>|0>   -0.002472   0.000000i
2026-01-06 17:06:57,627 - INFO - |10>|11>|0  >|0>|10>|0  >|1>|1>   -0.002301   0.000000i
2026-01-06 17:06:57,627 - INFO - |10>|11>|0  >|0>|11>|0  >|0>|0>   -0.011643   0.000000i
2026-01-06 17:06:57,627 - INFO - |10>|11>|0  >|0>|11>|0  >|0>|1>   -0.011079   0.000000i
2026-01-06 17:06:57,627 - INFO - |10>|11>|0  >|0>|11>|0  >|1>|0>    0.011353  -0.000000i
2026-01-06 17:06:57,627 - INFO - |10>|11>|0  >|0>|11>|0  >|1>|1>    0.010530  -0.000000i
2026-01-06 17:06:57,627 - INFO - |10>|11>|0  >|1>|00>|0  >|0>|0>   -0.003277   0.000000i
2026-01-06 17:06:57,627 - INFO - |10>|11>|0  >|1>|00>|0  >|0>|1>   -0.002242   0.000000i
2026-01-06 17:06:57,627 - INFO - |10>|11>|0  >|1>|01>|0  >|0>|0>   -0.100913   0.000000i
2026-01-06 17:06:57,627 - INFO - |10>|11>|0  >|1>|01>|0  >|0>|1>   -0.094762   0.000000i
2026-01-06 17:06:57,627 - INFO - |10>|11>|0  >|1>|10>|0  >|0>|0>   -0.029046   0.000000i
2026-01-06 17:06:57,627 - INFO - |10>|11>|0  >|1>|10>|0  >|0>|1>   -0.026361   0.000000i
2026-01-06 17:06:57,627 - INFO - |10>|11>|0  >|1>|11>|0  >|0>|0>   -0.043440   0.000000i
2026-01-06 17:06:57,627 - INFO - |10>|11>|0  >|1>|11>|0  >|0>|1>   -0.040974   0.000000i
2026-01-06 17:06:57,628 - INFO - |11>|01>|0  >|0>|00>|0  >|0>|0>    0.025073   0.000000i
2026-01-06 17:06:57,628 - INFO - |11>|10>|0  >|0>|00>|0  >|0>|0>    0.005280  -0.000000i
2026-01-06 17:06:57,628 - INFO - |11>|11>|0  >|0>|00>|0  >|0>|0>    0.017504  -0.000000i
2026-01-06 17:06:57,629 - INFO - C =
2026-01-06 17:06:57,629 - INFO - 0.8999833283573704
2026-01-06 17:06:57,629 - INFO - -------------------------------------------------
2026-01-06 17:06:57,629 - INFO - Solution:
2026-01-06 17:06:57,629 - INFO - b =
2026-01-06 17:06:57,629 - INFO - [(0.1880035973746322+0j), (-0.7710306918779043+0j), (0.025153160817065343+0j), (-0.607892785001918+0j)]
2026-01-06 17:06:57,629 - INFO - raw amplitudes =
2026-01-06 17:06:57,629 - INFO - [-0.20494006+1.85507584e-13j  0.69835178-6.36151169e-13j
 -0.06114483+5.61215066e-14j  0.56418512-4.87510833e-13j]
2026-01-06 17:06:57,629 - INFO - -0.227715 + i(0.000000) -> |x|=0.227715
2026-01-06 17:06:57,629 - INFO - 0.775961 + i(-0.000000) -> |x|=0.775961
2026-01-06 17:06:57,629 - INFO - -0.067940 + i(0.000000) -> |x|=0.067940
2026-01-06 17:06:57,629 - INFO - 0.626884 + i(-0.000000) -> |x|=0.626884
2026-01-06 17:06:57,635 - INFO - classical solution: [ 0.83123884+0.j -0.87293967+0.j  0.46442416+0.j -1.09855146+0.j]
2026-01-06 17:06:57,635 - INFO - ----------------------------
2026-01-06 17:06:57,635 - INFO - Solution Comparison:
2026-01-06 17:06:57,635 - INFO - Quantum |                Classical
2026-01-06 17:06:57,635 - INFO - --------------------------------------------------
2026-01-06 17:06:57,635 - INFO - 0.227715 + i( -0.000000) |   0.831239 + i(  0.000000)
2026-01-06 17:06:57,635 - INFO - -0.775961 + i(  0.000000) |  -0.872940 + i(  0.000000)
2026-01-06 17:06:57,635 - INFO - 0.067940 + i( -0.000000) |   0.464424 + i(  0.000000)
2026-01-06 17:06:57,635 - INFO - -0.626884 + i( -0.000000) |  -1.098551 + i(  0.000000)
2026-01-06 17:06:57,635 - INFO - Relative Errors:
2026-01-06 17:06:57,635 - INFO - 0.7260529926732608
2026-01-06 17:06:57,635 - INFO - 0.11109458100012548
2026-01-06 17:06:57,635 - INFO - 0.8537113997679783
2026-01-06 17:06:57,635 - INFO - 0.42935402894948715
2026-01-06 17:06:57,635 - INFO - Average Relative Error:
2026-01-06 17:06:57,635 - INFO - 0.5300532505977129
2026-01-06 17:06:58,637 - INFO - --- Resource Monitor ---
2026-01-06 17:06:58,637 - INFO - Memory (RSS): 1455.43 MB
2026-01-06 17:06:58,637 - INFO - CPU Usage: 0.0%
2026-01-06 17:06:58,637 - INFO - Threads: 36
2026-01-06 17:06:58,637 - INFO - Miscellaneous items:
2026-01-06 17:06:59,092 - INFO - 4 213723 200.081909
