2026-01-06 20:54:32,457 - INFO - Simulator:
2026-01-06 20:54:32,457 - INFO - AerSimulator('aer_simulator_statevector')
2026-01-06 20:54:32,458 - INFO - ('CPU',)
2026-01-06 20:54:32,458 - INFO - Building system...
2026-01-06 20:54:32,473 - INFO - msystem.d is 0.3031167795169879 and msystem.X is 2.424934236235903
2026-01-06 20:54:32,473 - INFO - Done.
2026-01-06 20:54:32,473 - INFO - A0 (original matrix):
2026-01-06 20:54:32,473 - INFO - 12.61+(  0.00)   6.35+(  0.03)   2.80+(  3.36)  -0.90+( -0.83)
2026-01-06 20:54:32,473 - INFO - 6.35+(  0.03)   5.15+( -3.76)   4.57+(  8.26)   6.29+( -1.61)
2026-01-06 20:54:32,473 - INFO - 2.80+(  3.36)   4.57+(  8.26)   1.79+( -6.41)  -0.49+( -2.65)
2026-01-06 20:54:32,474 - INFO - -0.90+( -0.83)   6.29+( -1.61)  -0.49+( -2.65)   5.84+( -2.77)
2026-01-06 20:54:32,474 - INFO - A (expanded/normalized system matrix):
2026-01-06 20:54:32,474 - INFO - 0.61+(  0.00)   0.15+(  0.00)   0.07+(  0.08)  -0.02+( -0.02)
2026-01-06 20:54:32,474 - INFO - 0.15+(  0.00)   0.43+( -0.09)   0.11+(  0.20)   0.15+( -0.04)
2026-01-06 20:54:32,474 - INFO - 0.07+(  0.08)   0.11+(  0.20)   0.35+( -0.15)  -0.01+( -0.06)
2026-01-06 20:54:32,474 - INFO - -0.02+( -0.02)   0.15+( -0.04)  -0.01+( -0.06)   0.44+( -0.07)
2026-01-06 20:54:32,474 - INFO - b =
2026-01-06 20:54:32,474 - INFO - [(-0.027663929268784956-0.1846192403371427j), (0.10325665976857792-0.6187291387858561j), (0.07408297108970287+0.5780242711233733j), (0.481644776164292-0.008984604941854643j)]
2026-01-06 20:54:32,474 - INFO - Initializing...
2026-01-06 20:54:32,659 - INFO - T0 built
2026-01-06 20:54:32,965 - INFO - W built
2026-01-06 20:54:35,130 - INFO - Traceback (most recent call last):
2026-01-06 20:54:35,132 - INFO - File "/home/helia715/QMES/Updated/MainSim.py", line 116, in <module>
    QPE = qa.QPE(W, nq_phase, max(4 * msystem.n, 6))
2026-01-06 20:54:35,132 - INFO - File "/home/helia715/QMES/Updated/QAlgs.py", line 190, in QPE
    Uc = U.control(1)
2026-01-06 20:54:35,132 - INFO - File "/home/helia715/.pyenv/versions/env313/lib/python3.13/site-packages/qiskit/circuit/gate.py", line 139, in control
    return add_control(self, num_ctrl_qubits, label, ctrl_state)
2026-01-06 20:54:35,132 - INFO - File "/home/helia715/.pyenv/versions/env313/lib/python3.13/site-packages/qiskit/circuit/_add_control.py", line 88, in add_control
    cgate = control(operation, num_ctrl_qubits=num_ctrl_qubits, label=label, ctrl_state=ctrl_state)
2026-01-06 20:54:35,132 - INFO - File "/home/helia715/.pyenv/versions/env313/lib/python3.13/site-packages/qiskit/circuit/_add_control.py", line 171, in control
    apply_basic_controlled_gate(controlled_circ, gate, q_control, target)
    ~~~~~~~~~~~~~~~~~~~~~~~~~~~^^^^^^^^^^^^^^^^^^^^^^^^^^^^^^^^^^^^^^^^^^
2026-01-06 20:54:35,132 - INFO - File "/home/helia715/.pyenv/versions/env313/lib/python3.13/site-packages/qiskit/circuit/_add_control.py", line 240, in apply_basic_controlled_gate
    circuit.mcrz(
    ~~~~~~~~~~~~^
        gate.definition.data[0].operation.params[0],
        ^^^^^^^^^^^^^^^^^^^^^^^^^^^^^^^^^^^^^^^^^^^^
    ...<2 lines>...
        use_basis_gates=False,
        ^^^^^^^^^^^^^^^^^^^^^^
    )
    ^
2026-01-06 20:54:35,132 - INFO - File "/home/helia715/.pyenv/versions/env313/lib/python3.13/site-packages/qiskit/circuit/quantumcircuit.py", line 5407, in mcrz
    self._check_dups(all_qubits)
    ~~~~~~~~~~~~~~~~^^^^^^^^^^^^
2026-01-06 20:54:35,132 - INFO - File "/home/helia715/.pyenv/versions/env313/lib/python3.13/site-packages/qiskit/circuit/quantumcircuit.py", line 3697, in _check_dups
    CircuitData._check_dups(qubits)
    ~~~~~~~~~~~~~~~~~~~~~~~^^^^^^^^
2026-01-06 20:54:35,132 - INFO - KeyboardInterrupt
