2026-01-06 22:11:22,518 - INFO - mode: kappatest, dimension: 2, phase: 2, kappa: 5.0, seed: 1
2026-01-06 22:11:22,519 - INFO - Simulator:
2026-01-06 22:11:22,519 - INFO - AerSimulator('aer_simulator_statevector')
2026-01-06 22:11:22,519 - INFO - ('CPU',)
2026-01-06 22:11:22,519 - INFO - Building system...
2026-01-06 22:11:22,520 - INFO - A based on seed before k rescaling:
2026-01-06 22:11:22,520 - INFO - 1.10+(  0.00)  -0.03+( -0.09)
2026-01-06 22:11:22,520 - INFO - -0.03+(  0.09)   1.10+(  0.00)
2026-01-06 22:11:22,520 - INFO - msystem.d is 0.7960931262787327 and msystem.X is 3.184372505214931
2026-01-06 22:11:22,520 - INFO - Done.
2026-01-06 22:11:22,520 - INFO - A0 (original matrix):
2026-01-06 22:11:22,521 - INFO - 3.00+(  0.00)  -0.65+(  1.89)
2026-01-06 22:11:22,521 - INFO - -0.65+(  1.89)  -2.37+( -1.83)
2026-01-06 22:11:22,521 - INFO - A (expanded/normalized system matrix):
2026-01-06 22:11:22,521 - INFO - 1.59+(  0.00)  -0.17+(  0.50)
2026-01-06 22:11:22,521 - INFO - -0.17+(  0.50)   0.17+( -0.49)
2026-01-06 22:11:22,521 - INFO - b =
2026-01-06 22:11:22,521 - INFO - [(-0.23658427019373687-0.5389470644385725j), (0.7665571101317223+0.256815384540032j)]
2026-01-06 22:11:22,521 - INFO - Initializing...
2026-01-06 22:11:22,548 - INFO - T0 built
2026-01-06 22:11:22,614 - INFO - W built
2026-01-06 22:11:23,009 - INFO - QPE built
2026-01-06 22:11:23,009 - INFO - 0.7960931261991234
2026-01-06 22:11:23,012 - INFO - Rc built
2026-01-06 22:11:23,012 - INFO - Finished initialization.
2026-01-06 22:11:23,013 - INFO - Building circuit...
2026-01-06 22:11:23,013 - INFO - T0 added
2026-01-06 22:11:23,013 - INFO - QPE added
2026-01-06 22:11:23,013 - INFO - Rc added
2026-01-06 22:11:24,131 - INFO - QPE* added
2026-01-06 22:11:24,201 - INFO - T0* added
2026-01-06 22:11:24,201 - INFO - Finished building circuit.
2026-01-06 22:11:24,201 - INFO - Transpiling...
2026-01-06 22:11:30,393 - INFO - Done.
2026-01-06 22:11:30,442 - INFO - Size of transpiled circuit:
2026-01-06 22:11:30,442 - INFO - 21480
2026-01-06 22:11:30,586 - INFO - Depth of transpiled circuit:
2026-01-06 22:11:30,586 - INFO - 21361
2026-01-06 22:11:30,586 - INFO - Number of qubits in circuit:
2026-01-06 22:11:30,587 - INFO - 9
2026-01-06 22:11:30,587 - INFO - Running circuit...
2026-01-06 22:11:35,736 - INFO - Done.
2026-01-06 22:11:35,736 - INFO - C =
2026-01-06 22:11:35,736 - INFO - 0.7960931261991234
2026-01-06 22:11:35,736 - INFO - -------------------------------------------------
2026-01-06 22:11:35,736 - INFO - Solution:
2026-01-06 22:11:35,736 - INFO - b =
2026-01-06 22:11:35,736 - INFO - [(-0.23658427019373687-0.5389470644385725j), (0.7665571101317223+0.256815384540032j)]
2026-01-06 22:11:35,736 - INFO - raw amplitudes =
2026-01-06 22:11:35,737 - INFO - [ 0.25980772+0.39124665j -0.74885948-0.31279918j]
2026-01-06 22:11:35,737 - INFO - 0.326353 + i(0.491458) -> |x|=0.589947
2026-01-06 22:11:35,737 - INFO - -0.940668 + i(-0.392918) -> |x|=1.019432
2026-01-06 22:11:35,737 - INFO - classical solution: [-0.52817175+0.00000000e+00j -1.07296862-1.11022302e-16j]
2026-01-06 22:11:35,738 - INFO - ----------------------------
2026-01-06 22:11:35,738 - INFO - Solution Comparison:
2026-01-06 22:11:35,738 - INFO - Quantum |                Classical
2026-01-06 22:11:35,738 - INFO - --------------------------------------------------
2026-01-06 22:11:35,738 - INFO - -0.589947 + i(  0.000000) |  -0.528172 + i(  0.000000)
2026-01-06 22:11:35,738 - INFO - 0.847691 + i( -0.566269) |  -1.072969 + i( -0.000000)
2026-01-06 22:11:35,738 - INFO - Relative Errors:
2026-01-06 22:11:35,738 - INFO - 0.11696123771958389
2026-01-06 22:11:35,738 - INFO - 1.8662215206958428
2026-01-06 22:11:35,738 - INFO - Average Relative Error:
2026-01-06 22:11:35,738 - INFO - 0.9915913792077133
2026-01-06 22:11:36,740 - INFO - --- Resource Monitor ---
2026-01-06 22:11:36,740 - INFO - Memory (RSS): 205.14 MB
2026-01-06 22:11:36,740 - INFO - CPU Usage: 0.0%
2026-01-06 22:11:36,741 - INFO - Threads: 36
2026-01-06 22:11:36,741 - INFO - Miscellaneous items:
2026-01-06 22:11:36,862 - INFO - 2 21480 14.343444
