2026-01-06 22:12:24,740 - INFO - mode: kappatest, dimension: 2, phase: 2, kappa: 15.0, seed: 1
2026-01-06 22:12:24,740 - INFO - Simulator:
2026-01-06 22:12:24,741 - INFO - AerSimulator('aer_simulator_statevector')
2026-01-06 22:12:24,741 - INFO - ('CPU',)
2026-01-06 22:12:24,741 - INFO - Building system...
2026-01-06 22:12:24,741 - INFO - A based on seed before k rescaling:
2026-01-06 22:12:24,741 - INFO - 1.10+(  0.00)  -0.03+( -0.09)
2026-01-06 22:12:24,742 - INFO - -0.03+(  0.09)   1.10+(  0.00)
2026-01-06 22:12:24,742 - INFO - msystem.d is 0.7284088586059003 and msystem.X is 2.9136354345236013
2026-01-06 22:12:24,742 - INFO - Done.
2026-01-06 22:12:24,742 - INFO - A0 (original matrix):
2026-01-06 22:12:24,742 - INFO - 8.00+(  0.00)  -2.26+(  6.62)
2026-01-06 22:12:24,743 - INFO - -2.26+(  6.62)  -6.33+( -4.89)
2026-01-06 22:12:24,743 - INFO - A (expanded/normalized system matrix):
2026-01-06 22:12:24,743 - INFO - 1.46+(  0.00)  -0.21+(  0.60)
2026-01-06 22:12:24,743 - INFO - -0.21+(  0.60)   0.15+( -0.45)
2026-01-06 22:12:24,743 - INFO - b =
2026-01-06 22:12:24,743 - INFO - [(-0.16388998664251317-0.6472272106944644j), (0.7272665423680282+0.15912380829729186j)]
2026-01-06 22:12:24,743 - INFO - Initializing...
2026-01-06 22:12:24,776 - INFO - T0 built
2026-01-06 22:12:24,849 - INFO - W built
2026-01-06 22:12:25,260 - INFO - QPE built
2026-01-06 22:12:25,260 - INFO - 0.7284088585330595
2026-01-06 22:12:25,263 - INFO - Rc built
2026-01-06 22:12:25,263 - INFO - Finished initialization.
2026-01-06 22:12:25,263 - INFO - Building circuit...
2026-01-06 22:12:25,264 - INFO - T0 added
2026-01-06 22:12:25,264 - INFO - QPE added
2026-01-06 22:12:25,264 - INFO - Rc added
2026-01-06 22:12:27,962 - INFO - QPE* added
2026-01-06 22:12:28,032 - INFO - T0* added
2026-01-06 22:12:28,032 - INFO - Finished building circuit.
2026-01-06 22:12:28,033 - INFO - Transpiling...
2026-01-06 22:12:34,384 - INFO - Done.
2026-01-06 22:12:34,435 - INFO - Size of transpiled circuit:
2026-01-06 22:12:34,436 - INFO - 21480
2026-01-06 22:12:34,580 - INFO - Depth of transpiled circuit:
2026-01-06 22:12:34,580 - INFO - 21361
2026-01-06 22:12:34,580 - INFO - Number of qubits in circuit:
2026-01-06 22:12:34,580 - INFO - 9
2026-01-06 22:12:34,581 - INFO - Running circuit...
2026-01-06 22:12:39,642 - INFO - Done.
2026-01-06 22:12:39,643 - INFO - C =
2026-01-06 22:12:39,643 - INFO - 0.7284088585330595
2026-01-06 22:12:39,643 - INFO - -------------------------------------------------
2026-01-06 22:12:39,643 - INFO - Solution:
2026-01-06 22:12:39,643 - INFO - b =
2026-01-06 22:12:39,643 - INFO - [(-0.16388998664251317-0.6472272106944644j), (0.7272665423680282+0.15912380829729186j)]
2026-01-06 22:12:39,643 - INFO - raw amplitudes =
2026-01-06 22:12:39,644 - INFO - [ 0.23334267+0.43874649j -0.69063236-0.25989869j]
2026-01-06 22:12:39,644 - INFO - 0.320346 + i(0.602335) -> |x|=0.682224
2026-01-06 22:12:39,644 - INFO - -0.948138 + i(-0.356803) -> |x|=1.013052
2026-01-06 22:12:39,645 - INFO - classical solution: [-0.52817175+6.66133815e-16j -1.07296862+1.66533454e-16j]
2026-01-06 22:12:39,645 - INFO - ----------------------------
2026-01-06 22:12:39,645 - INFO - Solution Comparison:
2026-01-06 22:12:39,645 - INFO - Quantum |                Classical
2026-01-06 22:12:39,645 - INFO - --------------------------------------------------
2026-01-06 22:12:39,645 - INFO - -0.682224 + i(  0.000000) |  -0.528172 + i(  0.000000)
2026-01-06 22:12:39,645 - INFO - 0.760230 + i( -0.669570) |  -1.072969 + i(  0.000000)
2026-01-06 22:12:39,645 - INFO - Relative Errors:
2026-01-06 22:12:39,646 - INFO - 0.2916704988452212
2026-01-06 22:12:39,646 - INFO - 1.81892686212148
2026-01-06 22:12:39,646 - INFO - Average Relative Error:
2026-01-06 22:12:39,646 - INFO - 1.0552986804833506
2026-01-06 22:12:40,647 - INFO - --- Resource Monitor ---
2026-01-06 22:12:40,648 - INFO - Memory (RSS): 204.86 MB
2026-01-06 22:12:40,648 - INFO - CPU Usage: 0.0%
2026-01-06 22:12:40,648 - INFO - Threads: 36
2026-01-06 22:12:40,649 - INFO - Miscellaneous items:
2026-01-06 22:12:40,768 - INFO - 2 21480 16.027916
