2026-01-23 10:06:31,374 - INFO - mode: matlabinit, dimension: 2, phase: 2, kappa: None, seed: None
2026-01-23 10:06:31,454 - INFO - Simulator:
2026-01-23 10:06:31,454 - INFO - AerSimulator('aer_simulator_statevector')
2026-01-23 10:06:31,455 - INFO - ('CPU',)
2026-01-23 10:06:31,455 - INFO - Building system...
2026-01-23 10:06:31,457 - INFO - msystem.d is 0.7696238083058117 and msystem.X is 3.0784952333232467
2026-01-23 10:06:31,457 - INFO - Done.
2026-01-23 10:06:31,457 - INFO - A0 (original matrix):
2026-01-23 10:06:31,457 - INFO - 1.09+(  0.00)   0.02+(  0.00)
2026-01-23 10:06:31,457 - INFO - 0.02+(  0.00)   0.54+(  0.00)
2026-01-23 10:06:31,457 - INFO - A (expanded/normalized system matrix):
2026-01-23 10:06:31,457 - INFO - 1.54+(  0.00)   0.01+(  0.00)
2026-01-23 10:06:31,457 - INFO - 0.01+(  0.00)   1.15+(  0.00)
2026-01-23 10:06:31,457 - INFO - b =
2026-01-23 10:06:31,457 - INFO - [(0.7071067811865475+0j), (0.7071067811865475+0j)]
2026-01-23 10:06:31,457 - INFO - Initializing...
2026-01-23 10:06:31,670 - INFO - T0 built
2026-01-23 10:06:31,692 - INFO - W built
2026-01-23 10:06:31,831 - INFO - QPE built
2026-01-23 10:06:31,831 - INFO - 0.7696238082288492
2026-01-23 10:06:31,833 - INFO - Rc built
2026-01-23 10:06:31,833 - INFO - Finished initialization.
2026-01-23 10:06:31,833 - INFO - Building circuit...
2026-01-23 10:06:31,833 - INFO - T0 added
2026-01-23 10:06:31,833 - INFO - QPE added
2026-01-23 10:06:31,833 - INFO - Rc added
2026-01-23 10:06:32,203 - INFO - QPE* added
2026-01-23 10:06:32,210 - INFO - T0* added
2026-01-23 10:06:32,210 - INFO - Finished building circuit.
2026-01-23 10:06:32,210 - INFO - Transpiling...
2026-01-23 10:06:34,626 - INFO - Done.
2026-01-23 10:06:34,663 - INFO - Size of transpiled circuit:
2026-01-23 10:06:34,663 - INFO - 20616
2026-01-23 10:06:34,726 - INFO - Depth of transpiled circuit:
2026-01-23 10:06:34,726 - INFO - 20425
2026-01-23 10:06:34,726 - INFO - Number of qubits in circuit:
2026-01-23 10:06:34,726 - INFO - 9
2026-01-23 10:06:34,727 - INFO - Running circuit...
2026-01-23 10:06:39,879 - INFO - Done.
2026-01-23 10:06:39,879 - INFO - C =
2026-01-23 10:06:39,879 - INFO - 0.7696238082288492
2026-01-23 10:06:39,880 - INFO - -------------------------------------------------
2026-01-23 10:06:39,880 - INFO - Solution:
2026-01-23 10:06:39,880 - INFO - b =
2026-01-23 10:06:39,880 - INFO - [(0.7071067811865475+0j), (0.7071067811865475+0j)]
2026-01-23 10:06:39,880 - INFO - raw amplitudes =
2026-01-23 10:06:39,916 - INFO - [-0.49204954+3.49431740e-14j -0.58806124+3.74696063e-14j]
2026-01-23 10:06:39,933 - INFO - -0.639338 + i(0.000000) -> |x|=0.639338
2026-01-23 10:06:39,933 - INFO - -0.764089 + i(0.000000) -> |x|=0.764089
2026-01-23 10:06:39,951 - INFO - classical solution: [0.89140036+0.j 1.80806528+0.j]
2026-01-23 10:06:39,952 - INFO - ----------------------------
2026-01-23 10:06:39,952 - INFO - Solution Comparison:
2026-01-23 10:06:39,952 - INFO - Quantum |                Classical
2026-01-23 10:06:39,952 - INFO - --------------------------------------------------
2026-01-23 10:06:39,952 - INFO - 0.639338 + i(  0.000000) |   0.891400 + i(  0.000000)
2026-01-23 10:06:39,952 - INFO - 0.764089 + i(  0.000000) |   1.808065 + i(  0.000000)
2026-01-23 10:06:39,952 - INFO - Relative Errors:
2026-01-23 10:06:39,952 - INFO - 0.2827715182460655
2026-01-23 10:06:39,952 - INFO - 0.5773995536653751
2026-01-23 10:06:39,955 - INFO - Average Relative Error:
2026-01-23 10:06:39,955 - INFO - 0.4300855359557203
2026-01-23 10:06:41,009 - INFO - --- Resource Monitor ---
2026-01-23 10:06:41,009 - INFO - Memory (RSS): 341.36 MB
2026-01-23 10:06:41,009 - INFO - CPU Usage: 0.0%
2026-01-23 10:06:41,009 - INFO - Threads: 43
2026-01-23 10:06:41,009 - INFO - Miscellaneous items:
2026-01-23 10:06:41,030 - INFO - 2 20616 9.655972
