2026-01-03 12:13:25,148 - INFO - Simulator:
2026-01-03 12:13:25,149 - INFO - AerSimulator('aer_simulator_statevector')
2026-01-03 12:13:25,149 - INFO - ('CPU',)
2026-01-03 12:13:25,149 - INFO - Building system...
2026-01-03 12:13:25,151 - INFO - msystem.d is 2.0 and msystem.X is 4.0000000001
2026-01-03 12:13:25,151 - INFO - Done.
2026-01-03 12:13:25,152 - INFO - A0 (original matrix):
2026-01-03 12:13:25,152 - INFO - -1.00+(  0.00)   1.00+(  0.00)   1.00+(  0.00)   1.00+(  0.00)
2026-01-03 12:13:25,152 - INFO - 1.00+(  0.00)  -1.00+(  0.00)   1.00+(  0.00)   1.00+(  0.00)
2026-01-03 12:13:25,152 - INFO - 1.00+(  0.00)   1.00+(  0.00)  -1.00+(  0.00)   1.00+(  0.00)
2026-01-03 12:13:25,152 - INFO - 1.00+(  0.00)   1.00+(  0.00)   1.00+(  0.00)  -1.00+(  0.00)
2026-01-03 12:13:25,152 - INFO - A (expanded/normalized system matrix):
2026-01-03 12:13:25,152 - INFO - 1.00+(  0.00)   1.00+(  0.00)   1.00+(  0.00)   1.00+(  0.00)
2026-01-03 12:13:25,152 - INFO - 1.00+(  0.00)   1.00+(  0.00)   1.00+(  0.00)   1.00+(  0.00)
2026-01-03 12:13:25,152 - INFO - 1.00+(  0.00)   1.00+(  0.00)   1.00+(  0.00)   1.00+(  0.00)
2026-01-03 12:13:25,152 - INFO - 1.00+(  0.00)   1.00+(  0.00)   1.00+(  0.00)   1.00+(  0.00)
2026-01-03 12:13:25,152 - INFO - b =
2026-01-03 12:13:25,152 - INFO - [(1+0j), 0j, 0j, 0j]
2026-01-03 12:13:25,152 - INFO - Initializing...
2026-01-03 12:13:25,210 - INFO - T0 built
2026-01-03 12:13:25,330 - INFO - W built
2026-01-03 12:13:27,033 - INFO - QPE built
2026-01-03 12:13:27,033 - INFO - 1.9999999998
2026-01-03 12:13:27,034 - INFO - Rc built
2026-01-03 12:13:27,034 - INFO - Finished initialization.
2026-01-03 12:13:27,034 - INFO - Building circuit...
2026-01-03 12:13:27,035 - INFO - T0 added
2026-01-03 12:13:27,035 - INFO - QPE added
2026-01-03 12:13:27,035 - INFO - Rc added
2026-01-03 12:13:31,578 - INFO - QPE* added
2026-01-03 12:13:31,621 - INFO - T0* added
2026-01-03 12:13:31,621 - INFO - Finished building circuit.
2026-01-03 12:13:31,621 - INFO - Size of logical circuit:
2026-01-03 12:13:31,621 - INFO - 6
2026-01-03 12:13:32,584 - INFO - Traceback (most recent call last):
2026-01-03 12:13:32,584 - INFO - File "/project/6001937/vokhmato/QW-HHL/QMES/Updated/MainSim.py", line 180, in <module>
2026-01-03 12:13:32,585 - INFO - latex_code = circ.draw(
2026-01-03 12:13:32,585 - INFO - ^
2026-01-03 12:13:32,585 - INFO - ^
2026-01-03 12:13:32,585 - INFO - ^
2026-01-03 12:13:32,585 - INFO - ^
2026-01-03 12:13:32,585 - INFO - ^
2026-01-03 12:13:32,585 - INFO - ^
2026-01-03 12:13:32,585 - INFO - ^
2026-01-03 12:13:32,585 - INFO - ^
2026-01-03 12:13:32,585 - INFO - ^
2026-01-03 12:13:32,585 - INFO - ^
2026-01-03 12:13:32,585 - INFO - File "/home/vokhmato/my_qiskit_env/lib/python3.12/site-packages/qiskit/circuit/quantumcircuit.py", line 3943, in draw
2026-01-03 12:13:32,586 - INFO - return circuit_drawer(
2026-01-03 12:13:32,586 - INFO - ^
2026-01-03 12:13:32,586 - INFO - ^
2026-01-03 12:13:32,586 - INFO - ^
2026-01-03 12:13:32,586 - INFO - ^
2026-01-03 12:13:32,586 - INFO - ^
2026-01-03 12:13:32,586 - INFO - ^
2026-01-03 12:13:32,587 - INFO - ^
2026-01-03 12:13:32,587 - INFO - ^
2026-01-03 12:13:32,587 - INFO - ^
2026-01-03 12:13:32,587 - INFO - ^
2026-01-03 12:13:32,587 - INFO - ^
2026-01-03 12:13:32,587 - INFO - ^
2026-01-03 12:13:32,587 - INFO - ^
2026-01-03 12:13:32,587 - INFO - ^
2026-01-03 12:13:32,587 - INFO - ^
2026-01-03 12:13:32,587 - INFO - File "/home/vokhmato/my_qiskit_env/lib/python3.12/site-packages/qiskit/visualization/circuit/circuit_visualization.py", line 335, in circuit_drawer
2026-01-03 12:13:32,587 - INFO - return _generate_latex_source(
2026-01-03 12:13:32,587 - INFO - ^
2026-01-03 12:13:32,587 - INFO - ^
2026-01-03 12:13:32,587 - INFO - ^
2026-01-03 12:13:32,587 - INFO - ^
2026-01-03 12:13:32,587 - INFO - ^
2026-01-03 12:13:32,587 - INFO - ^
2026-01-03 12:13:32,587 - INFO - ^
2026-01-03 12:13:32,587 - INFO - ^
2026-01-03 12:13:32,587 - INFO - ^
2026-01-03 12:13:32,587 - INFO - ^
2026-01-03 12:13:32,587 - INFO - ^
2026-01-03 12:13:32,587 - INFO - ^
2026-01-03 12:13:32,587 - INFO - ^
2026-01-03 12:13:32,587 - INFO - ^
2026-01-03 12:13:32,587 - INFO - ^
2026-01-03 12:13:32,587 - INFO - ^
2026-01-03 12:13:32,587 - INFO - ^
2026-01-03 12:13:32,587 - INFO - ^
2026-01-03 12:13:32,587 - INFO - ^
2026-01-03 12:13:32,587 - INFO - ^
2026-01-03 12:13:32,587 - INFO - ^
2026-01-03 12:13:32,587 - INFO - ^
2026-01-03 12:13:32,587 - INFO - ^
2026-01-03 12:13:32,587 - INFO - File "/home/vokhmato/my_qiskit_env/lib/python3.12/site-packages/qiskit/visualization/circuit/circuit_visualization.py", line 658, in _generate_latex_source
2026-01-03 12:13:32,588 - INFO - latex = qcimg.latex()
2026-01-03 12:13:32,588 - INFO - ^
2026-01-03 12:13:32,588 - INFO - ^
2026-01-03 12:13:32,588 - INFO - ^
2026-01-03 12:13:32,588 - INFO - ^
2026-01-03 12:13:32,588 - INFO - ^
2026-01-03 12:13:32,588 - INFO - ^
2026-01-03 12:13:32,588 - INFO - ^
2026-01-03 12:13:32,588 - INFO - ^
2026-01-03 12:13:32,588 - INFO - ^
2026-01-03 12:13:32,588 - INFO - ^
2026-01-03 12:13:32,588 - INFO - ^
2026-01-03 12:13:32,588 - INFO - ^
2026-01-03 12:13:32,588 - INFO - ^
2026-01-03 12:13:32,588 - INFO - File "/home/vokhmato/my_qiskit_env/lib/python3.12/site-packages/qiskit/visualization/circuit/latex.py", line 167, in latex
2026-01-03 12:13:32,588 - INFO - self._build_latex_array()
2026-01-03 12:13:32,588 - INFO - File "/home/vokhmato/my_qiskit_env/lib/python3.12/site-packages/qiskit/visualization/circuit/latex.py", line 416, in _build_latex_array
2026-01-03 12:13:32,588 - INFO - gate_text = generate_latex_label(gate_text)
2026-01-03 12:13:32,588 - INFO - ^
2026-01-03 12:13:32,588 - INFO - ^
2026-01-03 12:13:32,589 - INFO - ^
2026-01-03 12:13:32,589 - INFO - ^
2026-01-03 12:13:32,589 - INFO - ^
2026-01-03 12:13:32,589 - INFO - ^
2026-01-03 12:13:32,589 - INFO - ^
2026-01-03 12:13:32,589 - INFO - ^
2026-01-03 12:13:32,589 - INFO - ^
2026-01-03 12:13:32,589 - INFO - ^
2026-01-03 12:13:32,589 - INFO - ^
2026-01-03 12:13:32,589 - INFO - ^
2026-01-03 12:13:32,589 - INFO - ^
2026-01-03 12:13:32,589 - INFO - ^
2026-01-03 12:13:32,589 - INFO - ^
2026-01-03 12:13:32,589 - INFO - ^
2026-01-03 12:13:32,589 - INFO - ^
2026-01-03 12:13:32,589 - INFO - ^
2026-01-03 12:13:32,589 - INFO - ^
2026-01-03 12:13:32,589 - INFO - ^
2026-01-03 12:13:32,589 - INFO - ^
2026-01-03 12:13:32,589 - INFO - ^
2026-01-03 12:13:32,589 - INFO - ^
2026-01-03 12:13:32,589 - INFO - ^
2026-01-03 12:13:32,589 - INFO - ^
2026-01-03 12:13:32,589 - INFO - ^
2026-01-03 12:13:32,589 - INFO - ^
2026-01-03 12:13:32,589 - INFO - ^
2026-01-03 12:13:32,589 - INFO - ^
2026-01-03 12:13:32,589 - INFO - ^
2026-01-03 12:13:32,589 - INFO - ^
2026-01-03 12:13:32,589 - INFO - File "/home/vokhmato/my_qiskit_env/lib/python3.12/site-packages/qiskit/utils/lazy_tester.py", line 148, in out
2026-01-03 12:13:32,589 - INFO - self.require_now(feature)
2026-01-03 12:13:32,589 - INFO - File "/home/vokhmato/my_qiskit_env/lib/python3.12/site-packages/qiskit/utils/lazy_tester.py", line 221, in require_now
2026-01-03 12:13:32,590 - INFO - raise MissingOptionalLibraryError(
2026-01-03 12:13:32,590 - INFO - qiskit.exceptions
2026-01-03 12:13:32,590 - INFO - .
2026-01-03 12:13:32,590 - INFO - MissingOptionalLibraryError
2026-01-03 12:13:32,590 - INFO - :
2026-01-03 12:13:32,590 - INFO - "The 'pylatexenc' library is required to use 'the latex and latex_source circuit drawers'. You can install it with 'pip install pylatexenc'."
