2026-01-23 13:17:18,963 - INFO - mode: matlabinit, dimension: 2, phase: 6, kappa: None, seed: None
2026-01-23 13:17:18,966 - INFO - Simulator:
2026-01-23 13:17:18,966 - INFO - AerSimulator('aer_simulator_statevector')
2026-01-23 13:17:18,966 - INFO - ('CPU',)
2026-01-23 13:17:18,966 - INFO - Building system...
2026-01-23 13:17:18,995 - INFO - msystem.d is 0.7696238083058117 and msystem.X is 3.0784952333232467
2026-01-23 13:17:18,995 - INFO - Done.
2026-01-23 13:17:18,995 - INFO - A0 (original matrix):
2026-01-23 13:17:18,995 - INFO - 1.09+(  0.00)   0.02+(  0.00)
2026-01-23 13:17:18,995 - INFO - 0.02+(  0.00)   0.54+(  0.00)
2026-01-23 13:17:18,995 - INFO - A (expanded/normalized system matrix):
2026-01-23 13:17:18,995 - INFO - 1.54+(  0.00)   0.01+(  0.00)
2026-01-23 13:17:18,995 - INFO - 0.01+(  0.00)   1.15+(  0.00)
2026-01-23 13:17:18,995 - INFO - b =
2026-01-23 13:17:18,995 - INFO - [(0.7071067811865475+0j), (0.7071067811865475+0j)]
2026-01-23 13:17:18,995 - INFO - Initializing...
2026-01-23 13:17:19,238 - INFO - T0 built
2026-01-23 13:17:19,268 - INFO - W built
2026-01-23 13:17:20,364 - INFO - QPE built
2026-01-23 13:17:20,364 - INFO - 0.12401618691642603
2026-01-23 13:17:20,397 - INFO - Rc built
2026-01-23 13:17:20,397 - INFO - Finished initialization.
2026-01-23 13:17:20,397 - INFO - Building circuit...
2026-01-23 13:17:20,398 - INFO - T0 added
2026-01-23 13:17:20,398 - INFO - QPE added
2026-01-23 13:17:20,398 - INFO - Rc added
2026-01-23 13:17:32,094 - INFO - QPE* added
2026-01-23 13:17:32,103 - INFO - T0* added
2026-01-23 13:17:32,103 - INFO - Finished building circuit.
2026-01-23 13:17:32,103 - INFO - Transpiling...
2026-01-23 13:18:21,779 - INFO - Done.
2026-01-23 13:18:22,809 - INFO - Size of transpiled circuit:
2026-01-23 13:18:22,810 - INFO - 435268
2026-01-23 13:18:24,548 - INFO - Depth of transpiled circuit:
2026-01-23 13:18:24,549 - INFO - 428643
2026-01-23 13:18:24,549 - INFO - Number of qubits in circuit:
2026-01-23 13:18:24,549 - INFO - 13
2026-01-23 13:18:24,549 - INFO - Running circuit...
2026-01-23 16:23:50,664 - INFO - Done.
2026-01-23 16:23:50,733 - INFO - C =
2026-01-23 16:23:50,733 - INFO - 0.12401618691642603
2026-01-23 16:23:50,733 - INFO - -------------------------------------------------
2026-01-23 16:23:50,733 - INFO - Solution:
2026-01-23 16:23:50,733 - INFO - b =
2026-01-23 16:23:50,733 - INFO - [(0.7071067811865475+0j), (0.7071067811865475+0j)]
2026-01-23 16:23:50,733 - INFO - raw amplitudes =
2026-01-23 16:23:50,743 - INFO - [0.04543693-0.10969445j 0.08129354-0.19625997j]
2026-01-23 16:23:50,744 - INFO - 0.366379 + i(-0.884517) -> |x|=0.957394
2026-01-23 16:23:50,744 - INFO - 0.655508 + i(-1.582535) -> |x|=1.712924
2026-01-23 16:23:50,788 - INFO - classical solution: [0.89140036+0.j 1.80806528+0.j]
2026-01-23 16:23:50,789 - INFO - ----------------------------
2026-01-23 16:23:50,789 - INFO - Solution Comparison:
2026-01-23 16:23:50,789 - INFO - Quantum |                Classical
2026-01-23 16:23:50,789 - INFO - --------------------------------------------------
2026-01-23 16:23:50,790 - INFO - 0.957394 + i(  0.000000) |   0.891400 + i(  0.000000)
2026-01-23 16:23:50,790 - INFO - 1.712924 + i(  0.000000) |   1.808065 + i(  0.000000)
2026-01-23 16:23:50,790 - INFO - Relative Errors:
2026-01-23 16:23:50,791 - INFO - 0.07403420136212824
2026-01-23 16:23:50,791 - INFO - 0.05262067769237966
2026-01-23 16:23:50,791 - INFO - Average Relative Error:
2026-01-23 16:23:50,791 - INFO - 0.06332743952725395
2026-01-23 16:23:51,995 - INFO - --- Resource Monitor ---
2026-01-23 16:23:51,995 - INFO - Memory (RSS): 1547.64 MB
2026-01-23 16:23:51,995 - INFO - CPU Usage: 0.0%
2026-01-23 16:23:51,995 - INFO - Threads: 7
2026-01-23 16:23:51,995 - INFO - Miscellaneous items:
2026-01-23 16:23:53,048 - INFO - 2 435268 11194.084395
