2026-01-06 17:15:57,949 - INFO - Simulator:
2026-01-06 17:15:57,949 - INFO - AerSimulator('aer_simulator_statevector')
2026-01-06 17:15:57,949 - INFO - ('CPU',)
2026-01-06 17:15:57,949 - INFO - Building system...
2026-01-06 17:15:57,950 - INFO - msystem.d is 0.5318514440930338 and msystem.X is 4.25481155284427
2026-01-06 17:15:57,950 - INFO - Done.
2026-01-06 17:15:57,950 - INFO - A0 (original matrix):
2026-01-06 17:15:57,950 - INFO - 1.96+(  0.00)   0.33+(  0.00)   0.20+(  0.00)   1.35+(  0.00)
2026-01-06 17:15:57,950 - INFO - 0.33+(  0.00)   2.31+(  0.00)   1.02+(  0.00)   0.88+(  0.00)
2026-01-06 17:15:57,950 - INFO - 0.20+(  0.00)   1.02+(  0.00)   2.20+(  0.00)   0.89+(  0.00)
2026-01-06 17:15:57,950 - INFO - 1.35+(  0.00)   0.88+(  0.00)   0.89+(  0.00)   3.21+(  0.00)
2026-01-06 17:15:57,950 - INFO - A (expanded/normalized system matrix):
2026-01-06 17:15:57,950 - INFO - 0.86+(  0.00)   0.05+(  0.00)   0.03+(  0.00)   0.22+(  0.00)
2026-01-06 17:15:57,950 - INFO - 0.05+(  0.00)   0.92+(  0.00)   0.17+(  0.00)   0.15+(  0.00)
2026-01-06 17:15:57,950 - INFO - 0.03+(  0.00)   0.17+(  0.00)   0.90+(  0.00)   0.15+(  0.00)
2026-01-06 17:15:57,950 - INFO - 0.22+(  0.00)   0.15+(  0.00)   0.15+(  0.00)   1.06+(  0.00)
2026-01-06 17:15:57,950 - INFO - b =
2026-01-06 17:15:57,950 - INFO - [(-0.8076610972642656+0j), (0.033331198553019+0j), (-0.0966795883017023+0j), (-0.5807113227540127+0j)]
2026-01-06 17:15:57,951 - INFO - Initializing...
2026-01-06 17:15:58,043 - INFO - T0 built
2026-01-06 17:15:58,264 - INFO - W built
2026-01-06 17:16:00,919 - INFO - QPE built
2026-01-06 17:16:00,919 - INFO - 0.5318514440398486
2026-01-06 17:16:00,921 - INFO - Rc built
2026-01-06 17:16:00,921 - INFO - Finished initialization.
2026-01-06 17:16:00,921 - INFO - Building circuit...
2026-01-06 17:16:00,921 - INFO - T0 added
2026-01-06 17:16:00,922 - INFO - QPE added
2026-01-06 17:16:00,922 - INFO - Rc added
2026-01-06 17:16:08,724 - INFO - QPE* added
2026-01-06 17:16:08,800 - INFO - T0* added
2026-01-06 17:16:08,800 - INFO - Finished building circuit.
2026-01-06 17:16:08,800 - INFO - Size of logical circuit:
2026-01-06 17:16:08,800 - INFO - 6
2026-01-06 17:16:08,800 - INFO - Transpiling...
2026-01-06 17:17:13,219 - INFO - Done.
2026-01-06 17:17:13,645 - INFO - Size of transpiled circuit:
2026-01-06 17:17:13,646 - INFO - 213723
2026-01-06 17:17:14,697 - INFO - Depth of transpiled circuit:
2026-01-06 17:17:14,698 - INFO - 211765
2026-01-06 17:17:14,699 - INFO - Number of qubits in circuit:
2026-01-06 17:17:14,700 - INFO - 11
2026-01-06 17:17:14,702 - INFO - Running circuit...
2026-01-06 17:19:15,143 - INFO - Done.
2026-01-06 17:19:15,143 - INFO - |rp>|r1>|r1w>|r1a>|r2>|r2w>|r2a>|HHL>
2026-01-06 17:19:15,144 - INFO - |00>|00>|0  >|0>|00>|0  >|0>|0>    0.755434  -0.000000i
2026-01-06 17:19:15,145 - INFO - |00>|00>|0  >|0>|00>|0  >|0>|1>   -0.049292   0.000000i
2026-01-06 17:19:15,145 - INFO - |00>|01>|0  >|0>|00>|0  >|0>|0>   -0.051070   0.000000i
2026-01-06 17:19:15,146 - INFO - |00>|01>|0  >|0>|00>|0  >|0>|1>   -0.016433   0.000000i
2026-01-06 17:19:15,147 - INFO - |00>|10>|0  >|0>|00>|0  >|0>|0>    0.076677  -0.000000i
2026-01-06 17:19:15,147 - INFO - |00>|10>|0  >|0>|00>|0  >|0>|1>   -0.018635   0.000000i
2026-01-06 17:19:15,148 - INFO - |00>|11>|0  >|0>|00>|0  >|0>|0>    0.517241  -0.000000i
2026-01-06 17:19:15,148 - INFO - |00>|11>|0  >|0>|00>|0  >|0>|1>   -0.059595   0.000000i
2026-01-06 17:19:15,149 - INFO - |01>|00>|0  >|0>|00>|0  >|1>|0>   -0.001621  -0.000000i
2026-01-06 17:19:15,150 - INFO - |01>|00>|0  >|0>|11>|0  >|0>|0>   -0.001628  -0.000000i
2026-01-06 17:19:15,150 - INFO - |01>|00>|0  >|0>|11>|0  >|1>|0>   -0.001180  -0.000000i
2026-01-06 17:19:15,151 - INFO - |01>|00>|0  >|1>|00>|0  >|0>|0>   -0.001389  -0.000000i
2026-01-06 17:19:15,152 - INFO - |01>|00>|0  >|1>|01>|0  >|0>|0>   -0.001026  -0.000000i
2026-01-06 17:19:15,152 - INFO - |01>|00>|0  >|1>|10>|0  >|0>|0>   -0.001175   0.000000i
2026-01-06 17:19:15,152 - INFO - |01>|00>|0  >|1>|11>|0  >|0>|0>   -0.003393   0.000000i
2026-01-06 17:19:15,153 - INFO - |01>|01>|0  >|0>|00>|0  >|1>|0>   -0.001404   0.000000i
2026-01-06 17:19:15,153 - INFO - |01>|01>|0  >|1>|00>|0  >|0>|0>   -0.003075   0.000000i
2026-01-06 17:19:15,153 - INFO - |01>|01>|0  >|1>|10>|0  >|0>|0>   -0.001095   0.000000i
2026-01-06 17:19:15,153 - INFO - |01>|01>|0  >|1>|11>|0  >|0>|0>   -0.003545   0.000000i
2026-01-06 17:19:15,153 - INFO - |01>|10>|0  >|0>|00>|0  >|1>|0>   -0.001346   0.000000i
2026-01-06 17:19:15,153 - INFO - |01>|10>|0  >|1>|00>|0  >|0>|0>   -0.003106   0.000000i
2026-01-06 17:19:15,153 - INFO - |01>|10>|0  >|1>|11>|0  >|0>|0>   -0.003543   0.000000i
2026-01-06 17:19:15,153 - INFO - |01>|11>|0  >|0>|00>|0  >|1>|0>   -0.001031  -0.000000i
2026-01-06 17:19:15,153 - INFO - |01>|11>|0  >|0>|01>|0  >|0>|0>    0.001567  -0.000000i
2026-01-06 17:19:15,153 - INFO - |01>|11>|0  >|0>|10>|0  >|0>|0>    0.001587  -0.000000i
2026-01-06 17:19:15,154 - INFO - |01>|11>|0  >|0>|11>|0  >|0>|0>   -0.002085   0.000000i
2026-01-06 17:19:15,154 - INFO - |01>|11>|0  >|1>|00>|0  >|0>|0>   -0.002806  -0.000000i
2026-01-06 17:19:15,154 - INFO - |01>|11>|0  >|1>|10>|0  >|0>|0>   -0.001108   0.000000i
2026-01-06 17:19:15,154 - INFO - |10>|00>|0  >|0>|00>|0  >|1>|0>   -0.044221   0.000000i
2026-01-06 17:19:15,154 - INFO - |10>|00>|0  >|0>|00>|0  >|1>|1>   -0.041562   0.000000i
2026-01-06 17:19:15,154 - INFO - |10>|00>|0  >|0>|01>|0  >|0>|0>   -0.030434   0.000000i
2026-01-06 17:19:15,154 - INFO - |10>|00>|0  >|0>|01>|0  >|0>|1>   -0.028854   0.000000i
2026-01-06 17:19:15,154 - INFO - |10>|00>|0  >|0>|10>|0  >|0>|0>   -0.030405   0.000000i
2026-01-06 17:19:15,154 - INFO - |10>|00>|0  >|0>|10>|0  >|0>|1>   -0.028810   0.000000i
2026-01-06 17:19:15,154 - INFO - |10>|00>|0  >|0>|11>|0  >|0>|0>   -0.050702   0.000000i
2026-01-06 17:19:15,154 - INFO - |10>|00>|0  >|0>|11>|0  >|0>|1>   -0.047883   0.000000i
2026-01-06 17:19:15,154 - INFO - |10>|00>|0  >|0>|11>|0  >|1>|0>   -0.036708   0.000000i
2026-01-06 17:19:15,154 - INFO - |10>|00>|0  >|0>|11>|0  >|1>|1>   -0.034665   0.000000i
2026-01-06 17:19:15,154 - INFO - |10>|00>|0  >|1>|00>|0  >|0>|0>   -0.044664   0.000000i
2026-01-06 17:19:15,154 - INFO - |10>|00>|0  >|1>|00>|0  >|0>|1>   -0.042226   0.000000i
2026-01-06 17:19:15,155 - INFO - |10>|00>|0  >|1>|01>|0  >|0>|0>   -0.014336   0.000000i
2026-01-06 17:19:15,155 - INFO - |10>|00>|0  >|1>|01>|0  >|0>|1>   -0.012977   0.000000i
2026-01-06 17:19:15,155 - INFO - |10>|00>|0  >|1>|10>|0  >|0>|0>   -0.023975   0.000000i
2026-01-06 17:19:15,155 - INFO - |10>|00>|0  >|1>|10>|0  >|0>|1>   -0.022240   0.000000i
2026-01-06 17:19:15,155 - INFO - |10>|00>|0  >|1>|11>|0  >|0>|0>   -0.089074   0.000000i
2026-01-06 17:19:15,155 - INFO - |10>|00>|0  >|1>|11>|0  >|0>|1>   -0.083593   0.000000i
2026-01-06 17:19:15,155 - INFO - |10>|01>|0  >|0>|00>|0  >|1>|0>   -0.035408   0.000000i
2026-01-06 17:19:15,155 - INFO - |10>|01>|0  >|0>|00>|0  >|1>|1>   -0.033174   0.000000i
2026-01-06 17:19:15,155 - INFO - |10>|01>|0  >|0>|01>|0  >|0>|0>    0.008713  -0.000000i
2026-01-06 17:19:15,155 - INFO - |10>|01>|0  >|0>|01>|0  >|0>|1>    0.007970  -0.000000i
2026-01-06 17:19:15,155 - INFO - |10>|01>|0  >|0>|01>|0  >|1>|0>    0.004205  -0.000000i
2026-01-06 17:19:15,155 - INFO - |10>|01>|0  >|0>|01>|0  >|1>|1>    0.003832  -0.000000i
2026-01-06 17:19:15,155 - INFO - |10>|01>|0  >|0>|10>|0  >|1>|0>    0.008011  -0.000000i
2026-01-06 17:19:15,155 - INFO - |10>|01>|0  >|0>|10>|0  >|1>|1>    0.007477  -0.000000i
2026-01-06 17:19:15,155 - INFO - |10>|01>|0  >|0>|11>|0  >|0>|0>   -0.001209   0.000000i
2026-01-06 17:19:15,155 - INFO - |10>|01>|0  >|0>|11>|0  >|0>|1>   -0.001384   0.000000i
2026-01-06 17:19:15,155 - INFO - |10>|01>|0  >|0>|11>|0  >|1>|0>   -0.021413   0.000000i
2026-01-06 17:19:15,155 - INFO - |10>|01>|0  >|0>|11>|0  >|1>|1>   -0.020306   0.000000i
2026-01-06 17:19:15,155 - INFO - |10>|01>|0  >|1>|00>|0  >|0>|0>   -0.098917   0.000000i
2026-01-06 17:19:15,155 - INFO - |10>|01>|0  >|1>|00>|0  >|0>|1>   -0.093518   0.000000i
2026-01-06 17:19:15,156 - INFO - |10>|01>|0  >|1>|01>|0  >|0>|0>   -0.005491   0.000000i
2026-01-06 17:19:15,156 - INFO - |10>|01>|0  >|1>|01>|0  >|0>|1>   -0.004971   0.000000i
2026-01-06 17:19:15,156 - INFO - |10>|01>|0  >|1>|10>|0  >|0>|0>   -0.022351   0.000000i
2026-01-06 17:19:15,156 - INFO - |10>|01>|0  >|1>|10>|0  >|0>|1>   -0.020734   0.000000i
2026-01-06 17:19:15,156 - INFO - |10>|01>|0  >|1>|11>|0  >|0>|0>   -0.093068   0.000000i
2026-01-06 17:19:15,156 - INFO - |10>|01>|0  >|1>|11>|0  >|0>|1>   -0.087341   0.000000i
2026-01-06 17:19:15,156 - INFO - |10>|10>|0  >|0>|00>|0  >|1>|0>   -0.033358   0.000000i
2026-01-06 17:19:15,156 - INFO - |10>|10>|0  >|0>|00>|0  >|1>|1>   -0.031230   0.000000i
2026-01-06 17:19:15,156 - INFO - |10>|10>|0  >|0>|01>|0  >|0>|0>   -0.003773   0.000000i
2026-01-06 17:19:15,156 - INFO - |10>|10>|0  >|0>|01>|0  >|0>|1>   -0.003479   0.000000i
2026-01-06 17:19:15,156 - INFO - |10>|10>|0  >|0>|01>|0  >|1>|0>    0.006652  -0.000000i
2026-01-06 17:19:15,156 - INFO - |10>|10>|0  >|0>|01>|0  >|1>|1>    0.006140  -0.000000i
2026-01-06 17:19:15,156 - INFO - |10>|10>|0  >|0>|10>|0  >|0>|0>    0.014433  -0.000000i
2026-01-06 17:19:15,156 - INFO - |10>|10>|0  >|0>|10>|0  >|0>|1>    0.013461  -0.000000i
2026-01-06 17:19:15,156 - INFO - |10>|10>|0  >|0>|10>|0  >|1>|0>    0.010144  -0.000000i
2026-01-06 17:19:15,156 - INFO - |10>|10>|0  >|0>|10>|0  >|1>|1>    0.009500  -0.000000i
2026-01-06 17:19:15,156 - INFO - |10>|10>|0  >|0>|11>|0  >|0>|0>    0.002869   0.000000i
2026-01-06 17:19:15,156 - INFO - |10>|10>|0  >|0>|11>|0  >|0>|1>    0.002531  -0.000000i
2026-01-06 17:19:15,156 - INFO - |10>|10>|0  >|0>|11>|0  >|1>|0>   -0.019116   0.000000i
2026-01-06 17:19:15,157 - INFO - |10>|10>|0  >|0>|11>|0  >|1>|1>   -0.018139   0.000000i
2026-01-06 17:19:15,157 - INFO - |10>|10>|0  >|1>|00>|0  >|0>|0>   -0.099900   0.000000i
2026-01-06 17:19:15,157 - INFO - |10>|10>|0  >|1>|00>|0  >|0>|1>   -0.094447   0.000000i
2026-01-06 17:19:15,157 - INFO - |10>|10>|0  >|1>|01>|0  >|0>|0>   -0.013498   0.000000i
2026-01-06 17:19:15,157 - INFO - |10>|10>|0  >|1>|01>|0  >|0>|1>   -0.012219   0.000000i
2026-01-06 17:19:15,157 - INFO - |10>|10>|0  >|1>|10>|0  >|0>|0>   -0.009658   0.000000i
2026-01-06 17:19:15,157 - INFO - |10>|10>|0  >|1>|10>|0  >|0>|1>   -0.008959   0.000000i
2026-01-06 17:19:15,157 - INFO - |10>|10>|0  >|1>|11>|0  >|0>|0>   -0.093008   0.000000i
2026-01-06 17:19:15,157 - INFO - |10>|10>|0  >|1>|11>|0  >|0>|1>   -0.087285   0.000000i
2026-01-06 17:19:15,157 - INFO - |10>|11>|0  >|0>|00>|0  >|1>|0>   -0.027422   0.000000i
2026-01-06 17:19:15,157 - INFO - |10>|11>|0  >|0>|00>|0  >|1>|1>   -0.025749   0.000000i
2026-01-06 17:19:15,157 - INFO - |10>|11>|0  >|0>|01>|0  >|0>|0>    0.038770  -0.000000i
2026-01-06 17:19:15,157 - INFO - |10>|11>|0  >|0>|01>|0  >|0>|1>    0.036295  -0.000000i
2026-01-06 17:19:15,157 - INFO - |10>|11>|0  >|0>|01>|0  >|1>|0>   -0.022353   0.000000i
2026-01-06 17:19:15,157 - INFO - |10>|11>|0  >|0>|01>|0  >|1>|1>   -0.021160   0.000000i
2026-01-06 17:19:15,157 - INFO - |10>|11>|0  >|0>|10>|0  >|0>|0>    0.040125  -0.000000i
2026-01-06 17:19:15,157 - INFO - |10>|11>|0  >|0>|10>|0  >|0>|1>    0.037597  -0.000000i
2026-01-06 17:19:15,157 - INFO - |10>|11>|0  >|0>|10>|0  >|1>|0>   -0.019000   0.000000i
2026-01-06 17:19:15,157 - INFO - |10>|11>|0  >|0>|10>|0  >|1>|1>   -0.017936   0.000000i
2026-01-06 17:19:15,157 - INFO - |10>|11>|0  >|0>|11>|0  >|0>|0>   -0.058067   0.000000i
2026-01-06 17:19:15,157 - INFO - |10>|11>|0  >|0>|11>|0  >|0>|1>   -0.054620   0.000000i
2026-01-06 17:19:15,157 - INFO - |10>|11>|0  >|0>|11>|0  >|1>|0>   -0.013933   0.000000i
2026-01-06 17:19:15,157 - INFO - |10>|11>|0  >|0>|11>|0  >|1>|1>   -0.013349   0.000000i
2026-01-06 17:19:15,157 - INFO - |10>|11>|0  >|1>|00>|0  >|0>|0>   -0.090244   0.000000i
2026-01-06 17:19:15,158 - INFO - |10>|11>|0  >|1>|00>|0  >|0>|1>   -0.085318   0.000000i
2026-01-06 17:19:15,158 - INFO - |10>|11>|0  >|1>|01>|0  >|0>|0>   -0.013665   0.000000i
2026-01-06 17:19:15,158 - INFO - |10>|11>|0  >|1>|01>|0  >|0>|1>   -0.012370   0.000000i
2026-01-06 17:19:15,158 - INFO - |10>|11>|0  >|1>|10>|0  >|0>|0>   -0.022614   0.000000i
2026-01-06 17:19:15,158 - INFO - |10>|11>|0  >|1>|10>|0  >|0>|1>   -0.020978   0.000000i
2026-01-06 17:19:15,158 - INFO - |11>|00>|0  >|0>|00>|0  >|0>|0>    0.022874   0.000000i
2026-01-06 17:19:15,158 - INFO - |11>|01>|0  >|0>|00>|0  >|0>|0>    0.002525  -0.000000i
2026-01-06 17:19:15,158 - INFO - |11>|10>|0  >|0>|00>|0  >|0>|0>    0.004892  -0.000000i
2026-01-06 17:19:15,159 - INFO - |11>|11>|0  >|0>|00>|0  >|0>|0>    0.021704  -0.000000i
2026-01-06 17:19:15,159 - INFO - C =
2026-01-06 17:19:15,159 - INFO - 0.5318514440398486
2026-01-06 17:19:15,159 - INFO - -------------------------------------------------
2026-01-06 17:19:15,159 - INFO - Solution:
2026-01-06 17:19:15,159 - INFO - b =
2026-01-06 17:19:15,159 - INFO - [(-0.8076610972642656+0j), (0.033331198553019+0j), (-0.0966795883017023+0j), (-0.5807113227540127+0j)]
2026-01-06 17:19:15,159 - INFO - raw amplitudes =
2026-01-06 17:19:15,159 - INFO - [ 0.7554343 -6.96831001e-13j -0.05106953+4.22958198e-14j
  0.07667656-7.11411408e-14j  0.51724143-4.53073034e-13j]
2026-01-06 17:19:15,160 - INFO - 1.420386 + i(-0.000000) -> |x|=1.420386
2026-01-06 17:19:15,160 - INFO - -0.096022 + i(0.000000) -> |x|=0.096022
2026-01-06 17:19:15,160 - INFO - 0.144169 + i(-0.000000) -> |x|=0.144169
2026-01-06 17:19:15,160 - INFO - 0.972530 + i(-0.000000) -> |x|=0.972530
2026-01-06 17:19:15,160 - INFO - classical solution: [-2.43910582+0.j  0.60344123+0.j -0.25104397+0.j -0.16386712+0.j]
2026-01-06 17:19:15,160 - INFO - ----------------------------
2026-01-06 17:19:15,160 - INFO - Solution Comparison:
2026-01-06 17:19:15,160 - INFO - Quantum |                Classical
2026-01-06 17:19:15,160 - INFO - --------------------------------------------------
2026-01-06 17:19:15,160 - INFO - -1.420386 + i(  0.000000) |  -2.439106 + i(  0.000000)
2026-01-06 17:19:15,160 - INFO - 0.096022 + i(  0.000000) |   0.603441 + i(  0.000000)
2026-01-06 17:19:15,160 - INFO - -0.144169 + i(  0.000000) |  -0.251044 + i(  0.000000)
2026-01-06 17:19:15,160 - INFO - -0.972530 + i( -0.000000) |  -0.163867 + i(  0.000000)
2026-01-06 17:19:15,160 - INFO - Relative Errors:
2026-01-06 17:19:15,160 - INFO - 0.4176612177761969
2026-01-06 17:19:15,160 - INFO - 0.8408756752747674
2026-01-06 17:19:15,160 - INFO - 0.4257216036615774
2026-01-06 17:19:15,160 - INFO - 4.934869202598565
2026-01-06 17:19:15,161 - INFO - Average Relative Error:
2026-01-06 17:19:15,161 - INFO - 1.6547819248277769
2026-01-06 17:19:16,162 - INFO - --- Resource Monitor ---
2026-01-06 17:19:16,162 - INFO - Memory (RSS): 1455.93 MB
2026-01-06 17:19:16,162 - INFO - CPU Usage: 0.0%
2026-01-06 17:19:16,162 - INFO - Threads: 36
2026-01-06 17:19:16,163 - INFO - Miscellaneous items:
2026-01-06 17:19:16,597 - INFO - 4 213723 198.648001
