2026-01-03 20:52:11,223 - INFO - Simulator:
2026-01-03 20:52:11,223 - INFO - AerSimulator('aer_simulator_statevector')
2026-01-03 20:52:11,223 - INFO - ('CPU',)
2026-01-03 20:52:11,223 - INFO - Building system...
2026-01-03 20:52:11,224 - INFO - msystem.d is 2.0 and msystem.X is 4.0000000001
2026-01-03 20:52:11,224 - INFO - Done.
2026-01-03 20:52:11,224 - INFO - A0 (original matrix):
2026-01-03 20:52:11,224 - INFO - -1.00+(  0.00)   1.00+(  0.00)   1.00+(  0.00)   1.00+(  0.00)
2026-01-03 20:52:11,224 - INFO - 1.00+(  0.00)  -1.00+(  0.00)   1.00+(  0.00)   1.00+(  0.00)
2026-01-03 20:52:11,224 - INFO - 1.00+(  0.00)   1.00+(  0.00)  -1.00+(  0.00)   1.00+(  0.00)
2026-01-03 20:52:11,224 - INFO - 1.00+(  0.00)   1.00+(  0.00)   1.00+(  0.00)  -1.00+(  0.00)
2026-01-03 20:52:11,224 - INFO - A (expanded/normalized system matrix):
2026-01-03 20:52:11,224 - INFO - 1.00+(  0.00)   1.00+(  0.00)   1.00+(  0.00)   1.00+(  0.00)
2026-01-03 20:52:11,224 - INFO - 1.00+(  0.00)   1.00+(  0.00)   1.00+(  0.00)   1.00+(  0.00)
2026-01-03 20:52:11,224 - INFO - 1.00+(  0.00)   1.00+(  0.00)   1.00+(  0.00)   1.00+(  0.00)
2026-01-03 20:52:11,224 - INFO - 1.00+(  0.00)   1.00+(  0.00)   1.00+(  0.00)   1.00+(  0.00)
2026-01-03 20:52:11,224 - INFO - b =
2026-01-03 20:52:11,224 - INFO - [(1+0j), 0j, 0j, 0j]
2026-01-03 20:52:11,224 - INFO - Initializing...
2026-01-03 20:52:11,405 - INFO - T0 built
2026-01-03 20:52:11,702 - INFO - W built
2026-01-03 20:52:15,789 - INFO - QPE built
2026-01-03 20:52:15,789 - INFO - 1.9999999998
2026-01-03 20:52:15,792 - INFO - Rc built
2026-01-03 20:52:15,792 - INFO - Finished initialization.
2026-01-03 20:52:15,793 - INFO - Building circuit...
2026-01-03 20:52:15,793 - INFO - T0 added
2026-01-03 20:52:15,793 - INFO - QPE added
2026-01-03 20:52:15,793 - INFO - Rc added
2026-01-03 20:52:27,830 - INFO - QPE* added
2026-01-03 20:52:27,957 - INFO - T0* added
2026-01-03 20:52:27,957 - INFO - Finished building circuit.
2026-01-03 20:52:27,957 - INFO - Size of logical circuit:
2026-01-03 20:52:27,957 - INFO - 6
2026-01-03 20:52:29,441 - INFO - Transpiling...
2026-01-03 20:54:08,238 - INFO - Done.
2026-01-03 20:54:08,848 - INFO - Size of transpiled circuit:
2026-01-03 20:54:08,850 - INFO - 213723
2026-01-03 20:54:10,408 - INFO - Depth of transpiled circuit:
2026-01-03 20:54:10,409 - INFO - 211765
2026-01-03 20:54:10,410 - INFO - Number of qubits in circuit:
2026-01-03 20:54:10,411 - INFO - 11
2026-01-03 20:54:10,413 - INFO - Running circuit...
2026-01-03 20:56:59,671 - INFO - Done.
2026-01-03 20:56:59,674 - INFO - |rp>|r1>|r1w>|r1a>|r2>|r2w>|r2a>|HHL>
2026-01-03 20:56:59,676 - INFO - |00>|00>|0  >|0>|00>|0  >|0>|0>   -0.500000   0.000000i
2026-01-03 20:56:59,679 - INFO - |00>|01>|0  >|0>|00>|0  >|0>|0>    0.500000  -0.000000i
2026-01-03 20:56:59,682 - INFO - |00>|10>|0  >|0>|00>|0  >|0>|0>    0.500000  -0.000000i
2026-01-03 20:56:59,685 - INFO - |00>|11>|0  >|0>|00>|0  >|0>|0>    0.500000  -0.000000i
2026-01-03 20:56:59,722 - INFO - C =
2026-01-03 20:56:59,723 - INFO - 1.9999999998
2026-01-03 20:56:59,723 - INFO - -------------------------------------------------
2026-01-03 20:56:59,723 - INFO - Solution:
2026-01-03 20:56:59,723 - INFO - b =
2026-01-03 20:56:59,723 - INFO - [(1+0j), 0j, 0j, 0j]
2026-01-03 20:56:59,723 - INFO - raw amplitudes =
2026-01-03 20:56:59,724 - INFO - [-0.5+4.67641388e-13j  0.5-4.73191796e-13j  0.5-4.55712690e-13j
  0.5-4.57339823e-13j]
2026-01-03 20:56:59,724 - INFO - -0.250000 + i(0.000000) -> |x|=0.250000
2026-01-03 20:56:59,725 - INFO - 0.250000 + i(-0.000000) -> |x|=0.250000
2026-01-03 20:56:59,725 - INFO - 0.250000 + i(-0.000000) -> |x|=0.250000
2026-01-03 20:56:59,725 - INFO - 0.250000 + i(-0.000000) -> |x|=0.250000
2026-01-03 20:56:59,726 - INFO - classical solution: [-0.25-0.j  0.25+0.j  0.25+0.j  0.25+0.j]
2026-01-03 20:56:59,726 - INFO - ----------------------------
2026-01-03 20:56:59,726 - INFO - Solution Comparison:
2026-01-03 20:56:59,726 - INFO - Quantum |                Classical
2026-01-03 20:56:59,726 - INFO - --------------------------------------------------
2026-01-03 20:56:59,726 - INFO - -0.250000 + i( -0.000000) |  -0.250000 + i( -0.000000)
2026-01-03 20:56:59,727 - INFO - 0.250000 + i( -0.000000) |   0.250000 + i(  0.000000)
2026-01-03 20:56:59,727 - INFO - 0.250000 + i(  0.000000) |   0.250000 + i(  0.000000)
2026-01-03 20:56:59,727 - INFO - 0.250000 + i(  0.000000) |   0.250000 + i(  0.000000)
2026-01-03 20:56:59,727 - INFO - Relative Errors:
2026-01-03 20:56:59,727 - INFO - 8.380407479107862e-11
2026-01-03 20:56:59,727 - INFO - 8.282175017414226e-11
2026-01-03 20:56:59,727 - INFO - 8.286527369742072e-11
2026-01-03 20:56:59,727 - INFO - 8.277534475383993e-11
2026-01-03 20:56:59,728 - INFO - Average Relative Error:
2026-01-03 20:56:59,728 - INFO - 8.306661085412038e-11
2026-01-03 20:57:00,729 - INFO - --- Resource Monitor ---
2026-01-03 20:57:00,730 - INFO - Memory (RSS): 1457.66 MB
2026-01-03 20:57:00,730 - INFO - CPU Usage: 0.0%
2026-01-03 20:57:00,730 - INFO - Threads: 36
2026-01-03 20:57:00,731 - INFO - Miscellaneous items:
2026-01-03 20:57:01,425 - INFO - 4 213723 290.201952
