2026-01-23 11:59:43,016 - INFO - mode: matlabinit, dimension: 4, phase: 4, kappa: None, seed: None
2026-01-23 11:59:43,016 - INFO - mode: matlabinit, dimension: 4, phase: 5, kappa: None, seed: None
2026-01-23 11:59:43,089 - INFO - Simulator:
2026-01-23 11:59:43,089 - INFO - AerSimulator('aer_simulator_statevector')
2026-01-23 11:59:43,089 - INFO - Simulator:
2026-01-23 11:59:43,090 - INFO - ('CPU',)
2026-01-23 11:59:43,090 - INFO - AerSimulator('aer_simulator_statevector')
2026-01-23 11:59:43,091 - INFO - Building system...
2026-01-23 11:59:43,092 - INFO - ('CPU',)
2026-01-23 11:59:43,093 - INFO - Building system...
2026-01-23 11:59:43,222 - INFO - msystem.d is 1.751801041174875 and msystem.X is 14.014408329499
2026-01-23 11:59:43,222 - INFO - Done.
2026-01-23 11:59:43,222 - INFO - A0 (original matrix):
2026-01-23 11:59:43,222 - INFO - 3.47+(  0.00)   0.03+(  0.00)   0.11+(  0.00)   0.03+(  0.00)
2026-01-23 11:59:43,222 - INFO - 0.03+(  0.00)   3.36+(  0.00)   0.05+(  0.00)   0.96+(  0.00)
2026-01-23 11:59:43,222 - INFO - 0.11+(  0.00)   0.05+(  0.00)   2.80+(  0.00)   0.53+(  0.00)
2026-01-23 11:59:43,222 - INFO - 0.03+(  0.00)   0.96+(  0.00)   0.53+(  0.00)   3.50+(  0.00)
2026-01-23 11:59:43,222 - INFO - A (expanded/normalized system matrix):
2026-01-23 11:59:43,222 - INFO - 3.49+(  0.00)   0.02+(  0.00)   0.06+(  0.00)   0.01+(  0.00)
2026-01-23 11:59:43,222 - INFO - 0.02+(  0.00)   3.43+(  0.00)   0.03+(  0.00)   0.48+(  0.00)
2026-01-23 11:59:43,222 - INFO - 0.06+(  0.00)   0.03+(  0.00)   3.15+(  0.00)   0.26+(  0.00)
2026-01-23 11:59:43,222 - INFO - 0.01+(  0.00)   0.48+(  0.00)   0.26+(  0.00)   3.50+(  0.00)
2026-01-23 11:59:43,222 - INFO - b =
2026-01-23 11:59:43,222 - INFO - [(0.5+0j), (0.5+0j), (0.5+0j), (0.5+0j)]
2026-01-23 11:59:43,222 - INFO - msystem.d is 1.751801041174875 and msystem.X is 14.014408329499
2026-01-23 11:59:43,222 - INFO - Initializing...
2026-01-23 11:59:43,223 - INFO - Done.
2026-01-23 11:59:43,224 - INFO - A0 (original matrix):
2026-01-23 11:59:43,224 - INFO - 3.47+(  0.00)   0.03+(  0.00)   0.11+(  0.00)   0.03+(  0.00)
2026-01-23 11:59:43,224 - INFO - 0.03+(  0.00)   3.36+(  0.00)   0.05+(  0.00)   0.96+(  0.00)
2026-01-23 11:59:43,224 - INFO - 0.11+(  0.00)   0.05+(  0.00)   2.80+(  0.00)   0.53+(  0.00)
2026-01-23 11:59:43,224 - INFO - 0.03+(  0.00)   0.96+(  0.00)   0.53+(  0.00)   3.50+(  0.00)
2026-01-23 11:59:43,224 - INFO - A (expanded/normalized system matrix):
2026-01-23 11:59:43,224 - INFO - 3.49+(  0.00)   0.02+(  0.00)   0.06+(  0.00)   0.01+(  0.00)
2026-01-23 11:59:43,224 - INFO - 0.02+(  0.00)   3.43+(  0.00)   0.03+(  0.00)   0.48+(  0.00)
2026-01-23 11:59:43,224 - INFO - 0.06+(  0.00)   0.03+(  0.00)   3.15+(  0.00)   0.26+(  0.00)
2026-01-23 11:59:43,224 - INFO - 0.01+(  0.00)   0.48+(  0.00)   0.26+(  0.00)   3.50+(  0.00)
2026-01-23 11:59:43,224 - INFO - b =
2026-01-23 11:59:43,224 - INFO - [(0.5+0j), (0.5+0j), (0.5+0j), (0.5+0j)]
2026-01-23 11:59:43,225 - INFO - Initializing...
2026-01-23 11:59:43,380 - INFO - T0 built
2026-01-23 11:59:43,390 - INFO - T0 built
2026-01-23 11:59:43,510 - INFO - W built
2026-01-23 11:59:43,544 - INFO - W built
2026-01-23 11:59:46,802 - INFO - QPE built
2026-01-23 11:59:46,803 - INFO - 1.751801040999695
2026-01-23 11:59:46,810 - INFO - Rc built
2026-01-23 11:59:46,810 - INFO - Finished initialization.
2026-01-23 11:59:46,810 - INFO - Building circuit...
2026-01-23 11:59:46,811 - INFO - T0 added
2026-01-23 11:59:46,811 - INFO - QPE added
2026-01-23 11:59:46,811 - INFO - Rc added
2026-01-23 11:59:49,899 - INFO - QPE built
2026-01-23 11:59:49,901 - INFO - 0.9822743925943673
2026-01-23 11:59:49,917 - INFO - Rc built
2026-01-23 11:59:49,917 - INFO - Finished initialization.
2026-01-23 11:59:49,917 - INFO - Building circuit...
2026-01-23 11:59:49,917 - INFO - T0 added
2026-01-23 11:59:49,917 - INFO - QPE added
2026-01-23 11:59:49,917 - INFO - Rc added
2026-01-23 12:00:12,871 - INFO - QPE* added
2026-01-23 12:00:12,927 - INFO - T0* added
2026-01-23 12:00:12,927 - INFO - Finished building circuit.
2026-01-23 12:00:12,927 - INFO - Transpiling...
2026-01-23 12:00:49,458 - INFO - QPE* added
2026-01-23 12:00:49,512 - INFO - T0* added
2026-01-23 12:00:49,512 - INFO - Finished building circuit.
2026-01-23 12:00:49,512 - INFO - Transpiling...
2026-01-23 12:01:34,659 - INFO - Done.
2026-01-23 12:01:37,947 - INFO - Size of transpiled circuit:
2026-01-23 12:01:37,948 - INFO - 1061665
2026-01-23 12:01:42,478 - INFO - Depth of transpiled circuit:
2026-01-23 12:01:42,478 - INFO - 1051862
2026-01-23 12:01:42,478 - INFO - Number of qubits in circuit:
2026-01-23 12:01:42,478 - INFO - 13
2026-01-23 12:01:42,479 - INFO - Running circuit...
2026-01-23 12:03:58,951 - INFO - Done.
2026-01-23 12:04:06,183 - INFO - Size of transpiled circuit:
2026-01-23 12:04:06,184 - INFO - 2192980
2026-01-23 12:04:16,316 - INFO - Depth of transpiled circuit:
2026-01-23 12:04:16,318 - INFO - 2172512
2026-01-23 12:04:16,318 - INFO - Number of qubits in circuit:
2026-01-23 12:04:16,319 - INFO - 14
2026-01-23 12:04:16,319 - INFO - Running circuit...
2026-01-23 18:32:09,297 - INFO - Done.
2026-01-23 18:32:09,491 - INFO - C =
2026-01-23 18:32:09,491 - INFO - 1.751801040999695
2026-01-23 18:32:09,491 - INFO - -------------------------------------------------
2026-01-23 18:32:09,491 - INFO - Solution:
2026-01-23 18:32:09,491 - INFO - b =
2026-01-23 18:32:09,491 - INFO - [(0.5+0j), (0.5+0j), (0.5+0j), (0.5+0j)]
2026-01-23 18:32:09,491 - INFO - raw amplitudes =
2026-01-23 18:32:09,789 - INFO - [0.06983955-3.23243656e-13j 0.13117401-5.75591377e-13j
 0.04864403-2.10067938e-13j 0.19236864-7.95508058e-13j]
2026-01-23 18:32:09,790 - INFO - 0.039867 + i(-0.000000) -> |x|=0.039867
2026-01-23 18:32:09,790 - INFO - 0.074880 + i(-0.000000) -> |x|=0.074880
2026-01-23 18:32:09,790 - INFO - 0.027768 + i(-0.000000) -> |x|=0.027768
2026-01-23 18:32:09,790 - INFO - 0.109812 + i(-0.000000) -> |x|=0.109812
2026-01-23 18:32:09,856 - INFO - classical solution: [0.27481499+0.j 0.24132361+0.j 0.30937949+0.j 0.17117666+0.j]
2026-01-23 18:32:09,866 - INFO - ----------------------------
2026-01-23 18:32:09,866 - INFO - Solution Comparison:
2026-01-23 18:32:09,866 - INFO - Quantum |                Classical
2026-01-23 18:32:09,867 - INFO - --------------------------------------------------
2026-01-23 18:32:09,867 - INFO - 0.039867 + i( -0.000000) |   0.274815 + i(  0.000000)
2026-01-23 18:32:09,867 - INFO - 0.074880 + i(  0.000000) |   0.241324 + i(  0.000000)
2026-01-23 18:32:09,867 - INFO - 0.027768 + i(  0.000000) |   0.309379 + i(  0.000000)
2026-01-23 18:32:09,867 - INFO - 0.109812 + i(  0.000000) |   0.171177 + i(  0.000000)
2026-01-23 18:32:09,867 - INFO - Relative Errors:
2026-01-23 18:32:09,892 - INFO - 0.8549304713278665
2026-01-23 18:32:09,892 - INFO - 0.6897132874493996
2026-01-23 18:32:09,892 - INFO - 0.9102461102459014
2026-01-23 18:32:09,892 - INFO - 0.35848778055219344
2026-01-23 18:32:09,908 - INFO - Average Relative Error:
2026-01-23 18:32:09,908 - INFO - 0.7033444123938403
2026-01-23 18:32:11,073 - INFO - --- Resource Monitor ---
2026-01-23 18:32:11,073 - INFO - Memory (RSS): 2905.55 MB
2026-01-23 18:32:11,073 - INFO - CPU Usage: 0.0%
2026-01-23 18:32:11,073 - INFO - Threads: 7
2026-01-23 18:32:11,073 - INFO - Miscellaneous items:
2026-01-23 18:32:13,265 - INFO - 4 1061665 23550.248563
