2026-01-06 17:08:54,425 - INFO - Simulator:
2026-01-06 17:08:54,425 - INFO - AerSimulator('aer_simulator_statevector')
2026-01-06 17:08:54,425 - INFO - ('CPU',)
2026-01-06 17:08:54,425 - INFO - Building system...
2026-01-06 17:08:54,426 - INFO - msystem.d is 0.5370067182038096 and msystem.X is 4.296053745730477
2026-01-06 17:08:54,426 - INFO - Done.
2026-01-06 17:08:54,426 - INFO - A0 (original matrix):
2026-01-06 17:08:54,426 - INFO - 5.58+(  0.00)   1.55+(  0.00)   0.97+(  0.00)   6.39+(  0.00)
2026-01-06 17:08:54,426 - INFO - 1.55+(  0.00)   7.23+(  0.00)   4.83+(  0.00)   4.19+(  0.00)
2026-01-06 17:08:54,426 - INFO - 0.97+(  0.00)   4.83+(  0.00)   6.69+(  0.00)   4.22+(  0.00)
2026-01-06 17:08:54,426 - INFO - 6.39+(  0.00)   4.19+(  0.00)   4.22+(  0.00)  11.47+(  0.00)
2026-01-06 17:08:54,426 - INFO - A (expanded/normalized system matrix):
2026-01-06 17:08:54,426 - INFO - 0.80+(  0.00)   0.07+(  0.00)   0.05+(  0.00)   0.30+(  0.00)
2026-01-06 17:08:54,426 - INFO - 0.07+(  0.00)   0.88+(  0.00)   0.23+(  0.00)   0.20+(  0.00)
2026-01-06 17:08:54,426 - INFO - 0.05+(  0.00)   0.23+(  0.00)   0.85+(  0.00)   0.20+(  0.00)
2026-01-06 17:08:54,426 - INFO - 0.30+(  0.00)   0.20+(  0.00)   0.20+(  0.00)   1.07+(  0.00)
2026-01-06 17:08:54,426 - INFO - b =
2026-01-06 17:08:54,427 - INFO - [(-0.6539286551922429+0j), (-0.061256675966264836+0j), (-0.08546004193117596+0j), (-0.7492139312647291+0j)]
2026-01-06 17:08:54,427 - INFO - Initializing...
2026-01-06 17:08:54,520 - INFO - T0 built
2026-01-06 17:08:54,721 - INFO - W built
2026-01-06 17:08:57,610 - INFO - QPE built
2026-01-06 17:08:57,610 - INFO - 0.5370067181501089
2026-01-06 17:08:57,612 - INFO - Rc built
2026-01-06 17:08:57,613 - INFO - Finished initialization.
2026-01-06 17:08:57,613 - INFO - Building circuit...
2026-01-06 17:08:57,613 - INFO - T0 added
2026-01-06 17:08:57,613 - INFO - QPE added
2026-01-06 17:08:57,613 - INFO - Rc added
2026-01-06 17:09:05,101 - INFO - QPE* added
2026-01-06 17:09:05,170 - INFO - T0* added
2026-01-06 17:09:05,171 - INFO - Finished building circuit.
2026-01-06 17:09:05,171 - INFO - Size of logical circuit:
2026-01-06 17:09:05,171 - INFO - 6
2026-01-06 17:09:05,171 - INFO - Transpiling...
2026-01-06 17:10:06,849 - INFO - Done.
2026-01-06 17:10:07,269 - INFO - Size of transpiled circuit:
2026-01-06 17:10:07,270 - INFO - 213723
2026-01-06 17:10:08,313 - INFO - Depth of transpiled circuit:
2026-01-06 17:10:08,314 - INFO - 211765
2026-01-06 17:10:08,315 - INFO - Number of qubits in circuit:
2026-01-06 17:10:08,316 - INFO - 11
2026-01-06 17:10:08,317 - INFO - Running circuit...
2026-01-06 17:12:09,216 - INFO - Done.
2026-01-06 17:12:09,217 - INFO - |rp>|r1>|r1w>|r1a>|r2>|r2w>|r2a>|HHL>
2026-01-06 17:12:09,218 - INFO - |00>|00>|0  >|0>|00>|0  >|0>|0>    0.600103  -0.000000i
2026-01-06 17:12:09,218 - INFO - |00>|00>|0  >|0>|00>|0  >|0>|1>   -0.050579   0.000000i
2026-01-06 17:12:09,219 - INFO - |00>|01>|0  >|0>|00>|0  >|0>|0>    0.029458  -0.000000i
2026-01-06 17:12:09,219 - INFO - |00>|01>|0  >|0>|00>|0  >|0>|1>   -0.029536   0.000000i
2026-01-06 17:12:09,220 - INFO - |00>|10>|0  >|0>|00>|0  >|0>|0>    0.055255  -0.000000i
2026-01-06 17:12:09,221 - INFO - |00>|10>|0  >|0>|00>|0  >|0>|1>   -0.028067   0.000000i
2026-01-06 17:12:09,222 - INFO - |00>|11>|0  >|0>|00>|0  >|0>|0>    0.666923  -0.000000i
2026-01-06 17:12:09,222 - INFO - |00>|11>|0  >|0>|00>|0  >|0>|1>   -0.077114   0.000000i
2026-01-06 17:12:09,223 - INFO - |01>|00>|0  >|0>|00>|0  >|1>|0>   -0.002233  -0.000000i
2026-01-06 17:12:09,223 - INFO - |01>|00>|0  >|0>|11>|0  >|0>|0>   -0.001790  -0.000000i
2026-01-06 17:12:09,224 - INFO - |01>|00>|0  >|0>|11>|0  >|1>|0>   -0.001397  -0.000000i
2026-01-06 17:12:09,225 - INFO - |01>|00>|0  >|1>|00>|0  >|0>|0>   -0.001641   0.000000i
2026-01-06 17:12:09,225 - INFO - |01>|00>|0  >|1>|01>|0  >|0>|0>   -0.001827   0.000000i
2026-01-06 17:12:09,226 - INFO - |01>|00>|0  >|1>|10>|0  >|0>|0>   -0.001760   0.000000i
2026-01-06 17:12:09,226 - INFO - |01>|00>|0  >|1>|11>|0  >|0>|0>   -0.004195   0.000000i
2026-01-06 17:12:09,227 - INFO - |01>|01>|0  >|0>|00>|0  >|1>|0>   -0.002094  -0.000000i
2026-01-06 17:12:09,227 - INFO - |01>|01>|0  >|1>|00>|0  >|0>|0>   -0.003128  -0.000000i
2026-01-06 17:12:09,227 - INFO - |01>|01>|0  >|1>|10>|0  >|0>|0>   -0.001598   0.000000i
2026-01-06 17:12:09,227 - INFO - |01>|01>|0  >|1>|11>|0  >|0>|0>   -0.004466   0.000000i
2026-01-06 17:12:09,227 - INFO - |01>|10>|0  >|0>|00>|0  >|1>|0>   -0.002034  -0.000000i
2026-01-06 17:12:09,227 - INFO - |01>|10>|0  >|1>|00>|0  >|0>|0>   -0.003170  -0.000000i
2026-01-06 17:12:09,227 - INFO - |01>|10>|0  >|1>|01>|0  >|0>|0>   -0.001682   0.000000i
2026-01-06 17:12:09,228 - INFO - |01>|10>|0  >|1>|11>|0  >|0>|0>   -0.004462   0.000000i
2026-01-06 17:12:09,228 - INFO - |01>|11>|0  >|0>|00>|0  >|1>|0>   -0.001440  -0.000000i
2026-01-06 17:12:09,228 - INFO - |01>|11>|0  >|0>|01>|0  >|0>|0>    0.002026   0.000000i
2026-01-06 17:12:09,228 - INFO - |01>|11>|0  >|0>|10>|0  >|0>|0>    0.002011  -0.000000i
2026-01-06 17:12:09,228 - INFO - |01>|11>|0  >|0>|11>|0  >|0>|0>   -0.002583  -0.000000i
2026-01-06 17:12:09,228 - INFO - |01>|11>|0  >|1>|00>|0  >|0>|0>   -0.002751  -0.000000i
2026-01-06 17:12:09,228 - INFO - |01>|11>|0  >|1>|01>|0  >|0>|0>   -0.001711   0.000000i
2026-01-06 17:12:09,228 - INFO - |01>|11>|0  >|1>|10>|0  >|0>|0>   -0.001624   0.000000i
2026-01-06 17:12:09,228 - INFO - |10>|00>|0  >|0>|00>|0  >|1>|0>   -0.056103   0.000000i
2026-01-06 17:12:09,228 - INFO - |10>|00>|0  >|0>|00>|0  >|1>|1>   -0.052556   0.000000i
2026-01-06 17:12:09,228 - INFO - |10>|00>|0  >|0>|01>|0  >|0>|0>   -0.016284   0.000000i
2026-01-06 17:12:09,229 - INFO - |10>|00>|0  >|0>|01>|0  >|0>|1>   -0.015412   0.000000i
2026-01-06 17:12:09,229 - INFO - |10>|00>|0  >|0>|01>|0  >|1>|0>    0.009066  -0.000000i
2026-01-06 17:12:09,229 - INFO - |10>|00>|0  >|0>|01>|0  >|1>|1>    0.008399  -0.000000i
2026-01-06 17:12:09,229 - INFO - |10>|00>|0  >|0>|10>|0  >|0>|0>   -0.017145  -0.000000i
2026-01-06 17:12:09,229 - INFO - |10>|00>|0  >|0>|10>|0  >|0>|1>   -0.016201   0.000000i
2026-01-06 17:12:09,229 - INFO - |10>|00>|0  >|0>|10>|0  >|1>|0>    0.007319  -0.000000i
2026-01-06 17:12:09,229 - INFO - |10>|00>|0  >|0>|10>|0  >|1>|1>    0.006805  -0.000000i
2026-01-06 17:12:09,229 - INFO - |10>|00>|0  >|0>|11>|0  >|0>|0>   -0.050169   0.000000i
2026-01-06 17:12:09,229 - INFO - |10>|00>|0  >|0>|11>|0  >|0>|1>   -0.047202   0.000000i
2026-01-06 17:12:09,229 - INFO - |10>|00>|0  >|0>|11>|0  >|1>|0>   -0.041054   0.000000i
2026-01-06 17:12:09,229 - INFO - |10>|00>|0  >|0>|11>|0  >|1>|1>   -0.038694   0.000000i
2026-01-06 17:12:09,229 - INFO - |10>|00>|0  >|1>|00>|0  >|0>|0>   -0.046845   0.000000i
2026-01-06 17:12:09,229 - INFO - |10>|00>|0  >|1>|00>|0  >|0>|1>   -0.044105   0.000000i
2026-01-06 17:12:09,229 - INFO - |10>|00>|0  >|1>|01>|0  >|0>|0>   -0.032334   0.000000i
2026-01-06 17:12:09,229 - INFO - |10>|00>|0  >|1>|01>|0  >|0>|1>   -0.029753   0.000000i
2026-01-06 17:12:09,229 - INFO - |10>|00>|0  >|1>|10>|0  >|0>|0>   -0.032336   0.000000i
2026-01-06 17:12:09,229 - INFO - |10>|00>|0  >|1>|10>|0  >|0>|1>   -0.029822   0.000000i
2026-01-06 17:12:09,229 - INFO - |10>|00>|0  >|1>|11>|0  >|0>|0>   -0.107552   0.000000i
2026-01-06 17:12:09,229 - INFO - |10>|00>|0  >|1>|11>|0  >|0>|1>   -0.100837   0.000000i
2026-01-06 17:12:09,230 - INFO - |10>|01>|0  >|0>|00>|0  >|1>|0>   -0.049282   0.000000i
2026-01-06 17:12:09,230 - INFO - |10>|01>|0  >|0>|00>|0  >|1>|1>   -0.046035   0.000000i
2026-01-06 17:12:09,230 - INFO - |10>|01>|0  >|0>|01>|0  >|0>|0>    0.018611  -0.000000i
2026-01-06 17:12:09,230 - INFO - |10>|01>|0  >|0>|01>|0  >|0>|1>    0.017252  -0.000000i
2026-01-06 17:12:09,230 - INFO - |10>|01>|0  >|0>|01>|0  >|1>|0>    0.012628  -0.000000i
2026-01-06 17:12:09,230 - INFO - |10>|01>|0  >|0>|01>|0  >|1>|1>    0.011784  -0.000000i
2026-01-06 17:12:09,230 - INFO - |10>|01>|0  >|0>|10>|0  >|0>|0>   -0.001734   0.000000i
2026-01-06 17:12:09,230 - INFO - |10>|01>|0  >|0>|10>|0  >|0>|1>   -0.001454   0.000000i
2026-01-06 17:12:09,230 - INFO - |10>|01>|0  >|0>|10>|0  >|1>|0>    0.013100  -0.000000i
2026-01-06 17:12:09,230 - INFO - |10>|01>|0  >|0>|10>|0  >|1>|1>    0.012246  -0.000000i
2026-01-06 17:12:09,230 - INFO - |10>|01>|0  >|0>|11>|0  >|0>|0>    0.002449  -0.000000i
2026-01-06 17:12:09,230 - INFO - |10>|01>|0  >|0>|11>|0  >|0>|1>    0.001994  -0.000000i
2026-01-06 17:12:09,230 - INFO - |10>|01>|0  >|0>|11>|0  >|1>|0>   -0.022819   0.000000i
2026-01-06 17:12:09,230 - INFO - |10>|01>|0  >|0>|11>|0  >|1>|1>   -0.021656   0.000000i
2026-01-06 17:12:09,230 - INFO - |10>|01>|0  >|1>|00>|0  >|0>|0>   -0.089277   0.000000i
2026-01-06 17:12:09,230 - INFO - |10>|01>|0  >|1>|00>|0  >|0>|1>   -0.084054   0.000000i
2026-01-06 17:12:09,230 - INFO - |10>|01>|0  >|1>|01>|0  >|0>|0>   -0.014393   0.000000i
2026-01-06 17:12:09,230 - INFO - |10>|01>|0  >|1>|01>|0  >|0>|1>   -0.013244   0.000000i
2026-01-06 17:12:09,231 - INFO - |10>|01>|0  >|1>|10>|0  >|0>|0>   -0.029362   0.000000i
2026-01-06 17:12:09,231 - INFO - |10>|01>|0  >|1>|10>|0  >|0>|1>   -0.027079   0.000000i
2026-01-06 17:12:09,231 - INFO - |10>|01>|0  >|1>|11>|0  >|0>|0>   -0.114493   0.000000i
2026-01-06 17:12:09,231 - INFO - |10>|01>|0  >|1>|11>|0  >|0>|1>   -0.107344   0.000000i
2026-01-06 17:12:09,231 - INFO - |10>|10>|0  >|0>|00>|0  >|1>|0>   -0.047372   0.000000i
2026-01-06 17:12:09,231 - INFO - |10>|10>|0  >|0>|00>|0  >|1>|1>   -0.044230   0.000000i
2026-01-06 17:12:09,231 - INFO - |10>|10>|0  >|0>|01>|0  >|1>|0>    0.015342  -0.000000i
2026-01-06 17:12:09,231 - INFO - |10>|10>|0  >|0>|01>|0  >|1>|1>    0.014331  -0.000000i
2026-01-06 17:12:09,231 - INFO - |10>|10>|0  >|0>|10>|0  >|0>|0>    0.019249  -0.000000i
2026-01-06 17:12:09,231 - INFO - |10>|10>|0  >|0>|10>|0  >|0>|1>    0.017901  -0.000000i
2026-01-06 17:12:09,231 - INFO - |10>|10>|0  >|0>|10>|0  >|1>|0>    0.015117  -0.000000i
2026-01-06 17:12:09,231 - INFO - |10>|10>|0  >|0>|10>|0  >|1>|1>    0.014152  -0.000000i
2026-01-06 17:12:09,231 - INFO - |10>|10>|0  >|0>|11>|0  >|0>|0>    0.002994  -0.000000i
2026-01-06 17:12:09,231 - INFO - |10>|10>|0  >|0>|11>|0  >|0>|1>    0.002538  -0.000000i
2026-01-06 17:12:09,231 - INFO - |10>|10>|0  >|0>|11>|0  >|1>|0>   -0.020303   0.000000i
2026-01-06 17:12:09,231 - INFO - |10>|10>|0  >|0>|11>|0  >|1>|1>   -0.019293   0.000000i
2026-01-06 17:12:09,231 - INFO - |10>|10>|0  >|1>|00>|0  >|0>|0>   -0.090472   0.000000i
2026-01-06 17:12:09,231 - INFO - |10>|10>|0  >|1>|00>|0  >|0>|1>   -0.085179   0.000000i
2026-01-06 17:12:09,231 - INFO - |10>|10>|0  >|1>|01>|0  >|0>|0>   -0.029753   0.000000i
2026-01-06 17:12:09,231 - INFO - |10>|10>|0  >|1>|01>|0  >|0>|1>   -0.027378   0.000000i
2026-01-06 17:12:09,232 - INFO - |10>|10>|0  >|1>|10>|0  >|0>|0>   -0.015086   0.000000i
2026-01-06 17:12:09,232 - INFO - |10>|10>|0  >|1>|10>|0  >|0>|1>   -0.013913   0.000000i
2026-01-06 17:12:09,232 - INFO - |10>|10>|0  >|1>|11>|0  >|0>|0>   -0.114390   0.000000i
2026-01-06 17:12:09,232 - INFO - |10>|10>|0  >|1>|11>|0  >|0>|1>   -0.107247   0.000000i
2026-01-06 17:12:09,232 - INFO - |10>|11>|0  >|0>|00>|0  >|1>|0>   -0.033592   0.000000i
2026-01-06 17:12:09,232 - INFO - |10>|11>|0  >|0>|00>|0  >|1>|1>   -0.031366   0.000000i
2026-01-06 17:12:09,232 - INFO - |10>|11>|0  >|0>|01>|0  >|0>|0>    0.050452  -0.000000i
2026-01-06 17:12:09,232 - INFO - |10>|11>|0  >|0>|01>|0  >|0>|1>    0.047244  -0.000000i
2026-01-06 17:12:09,232 - INFO - |10>|11>|0  >|0>|01>|0  >|1>|0>   -0.020658   0.000000i
2026-01-06 17:12:09,232 - INFO - |10>|11>|0  >|0>|01>|0  >|1>|1>   -0.019464   0.000000i
2026-01-06 17:12:09,232 - INFO - |10>|11>|0  >|0>|10>|0  >|0>|0>    0.050420  -0.000000i
2026-01-06 17:12:09,232 - INFO - |10>|11>|0  >|0>|10>|0  >|0>|1>    0.047228  -0.000000i
2026-01-06 17:12:09,232 - INFO - |10>|11>|0  >|0>|10>|0  >|1>|0>   -0.020788   0.000000i
2026-01-06 17:12:09,232 - INFO - |10>|11>|0  >|0>|10>|0  >|1>|1>   -0.019557   0.000000i
2026-01-06 17:12:09,232 - INFO - |10>|11>|0  >|0>|11>|0  >|0>|0>   -0.070099   0.000000i
2026-01-06 17:12:09,232 - INFO - |10>|11>|0  >|0>|11>|0  >|0>|1>   -0.065873   0.000000i
2026-01-06 17:12:09,232 - INFO - |10>|11>|0  >|0>|11>|0  >|1>|0>   -0.007855   0.000000i
2026-01-06 17:12:09,232 - INFO - |10>|11>|0  >|0>|11>|0  >|1>|1>   -0.007657   0.000000i
2026-01-06 17:12:09,232 - INFO - |10>|11>|0  >|1>|00>|0  >|0>|0>   -0.078520   0.000000i
2026-01-06 17:12:09,232 - INFO - |10>|11>|0  >|1>|00>|0  >|0>|1>   -0.073927   0.000000i
2026-01-06 17:12:09,233 - INFO - |10>|11>|0  >|1>|01>|0  >|0>|0>   -0.030273   0.000000i
2026-01-06 17:12:09,233 - INFO - |10>|11>|0  >|1>|01>|0  >|0>|1>   -0.027857   0.000000i
2026-01-06 17:12:09,233 - INFO - |10>|11>|0  >|1>|10>|0  >|0>|0>   -0.029848   0.000000i
2026-01-06 17:12:09,233 - INFO - |10>|11>|0  >|1>|10>|0  >|0>|1>   -0.027528   0.000000i
2026-01-06 17:12:09,233 - INFO - |11>|00>|0  >|0>|00>|0  >|0>|0>    0.020309   0.000000i
2026-01-06 17:12:09,233 - INFO - |11>|01>|0  >|0>|00>|0  >|0>|0>    0.006377  -0.000000i
2026-01-06 17:12:09,233 - INFO - |11>|10>|0  >|0>|00>|0  >|0>|0>    0.006377  -0.000000i
2026-01-06 17:12:09,234 - INFO - |11>|11>|0  >|0>|00>|0  >|0>|0>    0.027164  -0.000000i
2026-01-06 17:12:09,234 - INFO - C =
2026-01-06 17:12:09,234 - INFO - 0.5370067181501089
2026-01-06 17:12:09,234 - INFO - -------------------------------------------------
2026-01-06 17:12:09,234 - INFO - Solution:
2026-01-06 17:12:09,234 - INFO - b =
2026-01-06 17:12:09,234 - INFO - [(-0.6539286551922429+0j), (-0.061256675966264836+0j), (-0.08546004193117596+0j), (-0.7492139312647291+0j)]
2026-01-06 17:12:09,234 - INFO - raw amplitudes =
2026-01-06 17:12:09,235 - INFO - [0.60010308-5.53514077e-13j 0.02945825-3.32539381e-14j
 0.05525524-4.84642786e-14j 0.66692348-5.50295704e-13j]
2026-01-06 17:12:09,235 - INFO - 1.117496 + i(-0.000000) -> |x|=1.117496
2026-01-06 17:12:09,235 - INFO - 0.054856 + i(-0.000000) -> |x|=0.054856
2026-01-06 17:12:09,235 - INFO - 0.102895 + i(-0.000000) -> |x|=0.102895
2026-01-06 17:12:09,235 - INFO - 1.241928 + i(-0.000000) -> |x|=1.241928
2026-01-06 17:12:09,235 - INFO - classical solution: [-2.43910582+0.j  0.60344123+0.j -0.25104397+0.j -0.16386712-0.j]
2026-01-06 17:12:09,235 - INFO - ----------------------------
2026-01-06 17:12:09,235 - INFO - Solution Comparison:
2026-01-06 17:12:09,235 - INFO - Quantum |                Classical
2026-01-06 17:12:09,235 - INFO - --------------------------------------------------
2026-01-06 17:12:09,235 - INFO - -1.117496 + i(  0.000000) |  -2.439106 + i(  0.000000)
2026-01-06 17:12:09,235 - INFO - -0.054856 + i(  0.000000) |   0.603441 + i(  0.000000)
2026-01-06 17:12:09,235 - INFO - -0.102895 + i( -0.000000) |  -0.251044 + i(  0.000000)
2026-01-06 17:12:09,235 - INFO - -1.241928 + i( -0.000000) |  -0.163867 + i( -0.000000)
2026-01-06 17:12:09,235 - INFO - Relative Errors:
2026-01-06 17:12:09,235 - INFO - 0.5418417666911606
2026-01-06 17:12:09,235 - INFO - 1.0909059256717804
2026-01-06 17:12:09,235 - INFO - 0.5901320842388054
2026-01-06 17:12:09,235 - INFO - 6.578870389855075
2026-01-06 17:12:09,236 - INFO - Average Relative Error:
2026-01-06 17:12:09,236 - INFO - 2.200437541614205
2026-01-06 17:12:10,237 - INFO - --- Resource Monitor ---
2026-01-06 17:12:10,237 - INFO - Memory (RSS): 1455.70 MB
2026-01-06 17:12:10,237 - INFO - CPU Usage: 0.0%
2026-01-06 17:12:10,238 - INFO - Threads: 36
2026-01-06 17:12:10,238 - INFO - Miscellaneous items:
2026-01-06 17:12:10,675 - INFO - 4 213723 196.250076
