2026-01-06 22:11:38,086 - INFO - mode: kappatest, dimension: 2, phase: 2, kappa: 5.0, seed: 42
2026-01-06 22:11:38,087 - INFO - Simulator:
2026-01-06 22:11:38,087 - INFO - AerSimulator('aer_simulator_statevector')
2026-01-06 22:11:38,087 - INFO - ('CPU',)
2026-01-06 22:11:38,087 - INFO - Building system...
2026-01-06 22:11:38,087 - INFO - A based on seed before k rescaling:
2026-01-06 22:11:38,088 - INFO - 1.76+(  0.00)  -0.62+(  0.44)
2026-01-06 22:11:38,088 - INFO - -0.62+( -0.44)   1.76+(  0.00)
2026-01-06 22:11:38,088 - INFO - msystem.d is 5.03893942089716 and msystem.X is 20.155757683688638
2026-01-06 22:11:38,088 - INFO - Done.
2026-01-06 22:11:38,088 - INFO - A0 (original matrix):
2026-01-06 22:11:38,088 - INFO - 3.00+(  0.00)  -1.63+( -1.16)
2026-01-06 22:11:38,088 - INFO - -1.63+( -1.16)   0.98+(  2.84)
2026-01-06 22:11:38,088 - INFO - A (expanded/normalized system matrix):
2026-01-06 22:11:38,088 - INFO - 10.08+(  0.00)  -2.73+( -1.95)
2026-01-06 22:11:38,089 - INFO - -2.73+( -1.95)   6.68+(  4.77)
2026-01-06 22:11:38,089 - INFO - b =
2026-01-06 22:11:38,089 - INFO - [(-0.539690603592833+0.4569335598344655j), (0.2567971650248924-0.6587875153080732j)]
2026-01-06 22:11:38,089 - INFO - Initializing...
2026-01-06 22:11:38,130 - INFO - T0 built
2026-01-06 22:11:38,238 - INFO - W built
2026-01-06 22:11:38,646 - INFO - QPE built
2026-01-06 22:11:38,646 - INFO - 5.038939420393266
2026-01-06 22:11:38,649 - INFO - Rc built
2026-01-06 22:11:38,649 - INFO - Finished initialization.
2026-01-06 22:11:38,649 - INFO - Building circuit...
2026-01-06 22:11:38,650 - INFO - T0 added
2026-01-06 22:11:38,650 - INFO - QPE added
2026-01-06 22:11:38,650 - INFO - Rc added
2026-01-06 22:11:39,794 - INFO - QPE* added
2026-01-06 22:11:39,861 - INFO - T0* added
2026-01-06 22:11:39,862 - INFO - Finished building circuit.
2026-01-06 22:11:39,862 - INFO - Transpiling...
2026-01-06 22:11:46,078 - INFO - Done.
2026-01-06 22:11:46,129 - INFO - Size of transpiled circuit:
2026-01-06 22:11:46,129 - INFO - 21480
2026-01-06 22:11:46,281 - INFO - Depth of transpiled circuit:
2026-01-06 22:11:46,281 - INFO - 21361
2026-01-06 22:11:46,281 - INFO - Number of qubits in circuit:
2026-01-06 22:11:46,281 - INFO - 9
2026-01-06 22:11:46,282 - INFO - Running circuit...
2026-01-06 22:11:51,378 - INFO - Done.
2026-01-06 22:11:51,378 - INFO - C =
2026-01-06 22:11:51,378 - INFO - 5.038939420393266
2026-01-06 22:11:51,378 - INFO - -------------------------------------------------
2026-01-06 22:11:51,378 - INFO - Solution:
2026-01-06 22:11:51,378 - INFO - b =
2026-01-06 22:11:51,378 - INFO - [(-0.539690603592833+0.4569335598344655j), (0.2567971650248924-0.6587875153080732j)]
2026-01-06 22:11:51,378 - INFO - raw amplitudes =
2026-01-06 22:11:51,379 - INFO - [ 0.40495682-0.42671557j -0.29924127+0.59144104j]
2026-01-06 22:11:51,379 - INFO - 0.080365 + i(-0.084684) -> |x|=0.116747
2026-01-06 22:11:51,379 - INFO - -0.059386 + i(0.117374) -> |x|=0.131542
2026-01-06 22:11:51,380 - INFO - classical solution: [-0.23415337+1.85037171e-17j -0.23413696+4.16333634e-17j]
2026-01-06 22:11:51,380 - INFO - ----------------------------
2026-01-06 22:11:51,380 - INFO - Solution Comparison:
2026-01-06 22:11:51,380 - INFO - Quantum |                Classical
2026-01-06 22:11:51,380 - INFO - --------------------------------------------------
2026-01-06 22:11:51,380 - INFO - -0.116747 + i(  0.000000) |  -0.234153 + i(  0.000000)
2026-01-06 22:11:51,380 - INFO - 0.126018 + i( -0.037721) |  -0.234137 + i(  0.000000)
2026-01-06 22:11:51,380 - INFO - Relative Errors:
2026-01-06 22:11:51,380 - INFO - 0.5014068465260839
2026-01-06 22:11:51,380 - INFO - 1.546636205600977
2026-01-06 22:11:51,380 - INFO - Average Relative Error:
2026-01-06 22:11:51,381 - INFO - 1.0240215260635304
2026-01-06 22:11:52,382 - INFO - --- Resource Monitor ---
2026-01-06 22:11:52,382 - INFO - Memory (RSS): 204.96 MB
2026-01-06 22:11:52,382 - INFO - CPU Usage: 0.0%
2026-01-06 22:11:52,383 - INFO - Threads: 36
2026-01-06 22:11:52,383 - INFO - Miscellaneous items:
2026-01-06 22:11:52,505 - INFO - 2 21480 14.418774
