2026-01-06 22:12:41,939 - INFO - mode: kappatest, dimension: 2, phase: 2, kappa: 15.0, seed: 42
2026-01-06 22:12:41,939 - INFO - Simulator:
2026-01-06 22:12:41,939 - INFO - AerSimulator('aer_simulator_statevector')
2026-01-06 22:12:41,940 - INFO - ('CPU',)
2026-01-06 22:12:41,940 - INFO - Building system...
2026-01-06 22:12:41,940 - INFO - A based on seed before k rescaling:
2026-01-06 22:12:41,940 - INFO - 1.76+(  0.00)  -0.62+(  0.44)
2026-01-06 22:12:41,940 - INFO - -0.62+( -0.44)   1.76+(  0.00)
2026-01-06 22:12:41,941 - INFO - msystem.d is 5.169864183453849 and msystem.X is 20.679456733915394
2026-01-06 22:12:41,941 - INFO - Done.
2026-01-06 22:12:41,941 - INFO - A0 (original matrix):
2026-01-06 22:12:41,941 - INFO - 8.00+(  0.00)  -5.70+( -4.07)
2026-01-06 22:12:41,941 - INFO - -5.70+( -4.07)   2.60+(  7.57)
2026-01-06 22:12:41,941 - INFO - A (expanded/normalized system matrix):
2026-01-06 22:12:41,941 - INFO - 10.34+(  0.00)  -3.68+( -2.63)
2026-01-06 22:12:41,941 - INFO - -3.68+( -2.63)   6.85+(  4.89)
2026-01-06 22:12:41,941 - INFO - b =
2026-01-06 22:12:41,942 - INFO - [(-0.3484544280672216+0.6153077215961448j), (0.4687425588661151-0.5293924185442717j)]
2026-01-06 22:12:41,942 - INFO - Initializing...
2026-01-06 22:12:41,971 - INFO - T0 built
2026-01-06 22:12:42,037 - INFO - W built
2026-01-06 22:12:42,417 - INFO - QPE built
2026-01-06 22:12:42,417 - INFO - 5.169864182936863
2026-01-06 22:12:42,420 - INFO - Rc built
2026-01-06 22:12:42,420 - INFO - Finished initialization.
2026-01-06 22:12:42,421 - INFO - Building circuit...
2026-01-06 22:12:42,421 - INFO - T0 added
2026-01-06 22:12:42,421 - INFO - QPE added
2026-01-06 22:12:42,421 - INFO - Rc added
2026-01-06 22:12:43,490 - INFO - QPE* added
2026-01-06 22:12:43,556 - INFO - T0* added
2026-01-06 22:12:43,556 - INFO - Finished building circuit.
2026-01-06 22:12:43,556 - INFO - Transpiling...
2026-01-06 22:12:49,853 - INFO - Done.
2026-01-06 22:12:49,905 - INFO - Size of transpiled circuit:
2026-01-06 22:12:49,905 - INFO - 21480
2026-01-06 22:12:50,050 - INFO - Depth of transpiled circuit:
2026-01-06 22:12:50,050 - INFO - 21361
2026-01-06 22:12:50,050 - INFO - Number of qubits in circuit:
2026-01-06 22:12:50,050 - INFO - 9
2026-01-06 22:12:50,051 - INFO - Running circuit...
2026-01-06 22:12:54,952 - INFO - Done.
2026-01-06 22:12:54,953 - INFO - C =
2026-01-06 22:12:54,953 - INFO - 5.169864182936863
2026-01-06 22:12:54,953 - INFO - -------------------------------------------------
2026-01-06 22:12:54,953 - INFO - Solution:
2026-01-06 22:12:54,953 - INFO - b =
2026-01-06 22:12:54,953 - INFO - [(-0.3484544280672216+0.6153077215961448j), (0.4687425588661151-0.5293924185442717j)]
2026-01-06 22:12:54,953 - INFO - raw amplitudes =
2026-01-06 22:12:54,953 - INFO - [ 0.3373118 -0.52089229j -0.43302028+0.54460808j]
2026-01-06 22:12:54,954 - INFO - 0.065246 + i(-0.100756) -> |x|=0.120036
2026-01-06 22:12:54,954 - INFO - -0.083759 + i(0.105343) -> |x|=0.134583
2026-01-06 22:12:54,954 - INFO - classical solution: [-0.23415337+8.32667268e-17j -0.23413696-2.77555756e-17j]
2026-01-06 22:12:54,954 - INFO - ----------------------------
2026-01-06 22:12:54,954 - INFO - Solution Comparison:
2026-01-06 22:12:54,955 - INFO - Quantum |                Classical
2026-01-06 22:12:54,955 - INFO - --------------------------------------------------
2026-01-06 22:12:54,955 - INFO - -0.120036 + i(  0.000000) |  -0.234153 + i(  0.000000)
2026-01-06 22:12:54,955 - INFO - 0.133949 + i(  0.013046) |  -0.234137 + i( -0.000000)
2026-01-06 22:12:54,955 - INFO - Relative Errors:
2026-01-06 22:12:54,955 - INFO - 0.48736089395164983
2026-01-06 22:12:54,955 - INFO - 1.573085099990762
2026-01-06 22:12:54,955 - INFO - Average Relative Error:
2026-01-06 22:12:54,955 - INFO - 1.0302229969712058
2026-01-06 22:12:55,957 - INFO - --- Resource Monitor ---
2026-01-06 22:12:55,957 - INFO - Memory (RSS): 205.06 MB
2026-01-06 22:12:55,957 - INFO - CPU Usage: 0.0%
2026-01-06 22:12:55,958 - INFO - Threads: 36
2026-01-06 22:12:55,958 - INFO - Miscellaneous items:
2026-01-06 22:12:56,092 - INFO - 2 21480 14.152040
