2026-01-06 22:07:58,105 - INFO - mode: kappatest, dimension: 2, phase: 2, kappa: 10.0, seed: 1
2026-01-06 22:07:58,105 - INFO - Simulator:
2026-01-06 22:07:58,105 - INFO - AerSimulator('aer_simulator_statevector')
2026-01-06 22:07:58,105 - INFO - ('CPU',)
2026-01-06 22:07:58,105 - INFO - Building system...
2026-01-06 22:07:58,106 - INFO - A based on seed before k rescaling:
2026-01-06 22:07:58,106 - INFO - 1.76+(  0.00)  -0.62+(  0.44)
2026-01-06 22:07:58,106 - INFO - -0.62+( -0.44)   1.76+(  0.00)
2026-01-06 22:07:58,106 - INFO - msystem.d is 5.1359586387759215 and msystem.X is 20.543834555203684
2026-01-06 22:07:58,106 - INFO - Done.
2026-01-06 22:07:58,107 - INFO - A0 (original matrix):
2026-01-06 22:07:58,107 - INFO - 10.50+(  0.00)  -7.73+( -5.52)
2026-01-06 22:07:58,107 - INFO - -7.73+( -5.52)   3.41+(  9.93)
2026-01-06 22:07:58,107 - INFO - A (expanded/normalized system matrix):
2026-01-06 22:07:58,107 - INFO - 10.27+(  0.00)  -3.78+( -2.70)
2026-01-06 22:07:58,107 - INFO - -3.78+( -2.70)   6.81+(  4.86)
2026-01-06 22:07:58,107 - INFO - b =
2026-01-06 22:07:58,107 - INFO - [(-0.317038787339928+0.6320639224577683j), (0.49480081536940757-0.5051274674367822j)]
2026-01-06 22:07:58,107 - INFO - Initializing...
2026-01-06 22:07:58,133 - INFO - T0 built
2026-01-06 22:07:58,194 - INFO - W built
2026-01-06 22:07:58,561 - INFO - QPE built
2026-01-06 22:07:58,562 - INFO - 5.135958638262325
2026-01-06 22:07:58,564 - INFO - Rc built
2026-01-06 22:07:58,565 - INFO - Finished initialization.
2026-01-06 22:07:58,565 - INFO - Building circuit...
2026-01-06 22:07:58,565 - INFO - T0 added
2026-01-06 22:07:58,565 - INFO - QPE added
2026-01-06 22:07:58,565 - INFO - Rc added
2026-01-06 22:07:59,601 - INFO - QPE* added
2026-01-06 22:07:59,671 - INFO - T0* added
2026-01-06 22:07:59,671 - INFO - Finished building circuit.
2026-01-06 22:07:59,671 - INFO - Transpiling...
2026-01-06 22:08:06,060 - INFO - Done.
2026-01-06 22:08:06,118 - INFO - Size of transpiled circuit:
2026-01-06 22:08:06,118 - INFO - 21480
2026-01-06 22:08:06,272 - INFO - Depth of transpiled circuit:
2026-01-06 22:08:06,272 - INFO - 21361
2026-01-06 22:08:06,272 - INFO - Number of qubits in circuit:
2026-01-06 22:08:06,272 - INFO - 9
2026-01-06 22:08:06,273 - INFO - Running circuit...
2026-01-06 22:08:12,225 - INFO - Done.
2026-01-06 22:08:12,225 - INFO - C =
2026-01-06 22:08:12,225 - INFO - 5.135958638262325
2026-01-06 22:08:12,225 - INFO - -------------------------------------------------
2026-01-06 22:08:12,225 - INFO - Solution:
2026-01-06 22:08:12,226 - INFO - b =
2026-01-06 22:08:12,226 - INFO - [(-0.317038787339928+0.6320639224577683j), (0.49480081536940757-0.5051274674367822j)]
2026-01-06 22:08:12,226 - INFO - raw amplitudes =
2026-01-06 22:08:12,226 - INFO - [ 0.32681875-0.52677461j -0.44481263+0.53405214j]
2026-01-06 22:08:12,227 - INFO - 0.063633 + i(-0.102566) -> |x|=0.120702
2026-01-06 22:08:12,227 - INFO - -0.086608 + i(0.103983) -> |x|=0.135327
2026-01-06 22:08:12,227 - INFO - classical solution: [-0.23415337+1.38777878e-17j -0.23413696+1.66533454e-16j]
2026-01-06 22:08:12,228 - INFO - ----------------------------
2026-01-06 22:08:12,228 - INFO - Solution Comparison:
2026-01-06 22:08:12,228 - INFO - Quantum |                Classical
2026-01-06 22:08:12,228 - INFO - --------------------------------------------------
2026-01-06 22:08:12,228 - INFO - -0.120702 + i(  0.000000) |  -0.234153 + i(  0.000000)
2026-01-06 22:08:12,228 - INFO - 0.134018 + i(  0.018775) |  -0.234137 + i(  0.000000)
2026-01-06 22:08:12,228 - INFO - Relative Errors:
2026-01-06 22:08:12,228 - INFO - 0.48451696597509386
2026-01-06 22:08:12,228 - INFO - 1.5744346850492261
2026-01-06 22:08:12,229 - INFO - Average Relative Error:
2026-01-06 22:08:12,229 - INFO - 1.02947582551216
2026-01-06 22:08:13,230 - INFO - --- Resource Monitor ---
2026-01-06 22:08:13,231 - INFO - Memory (RSS): 205.13 MB
2026-01-06 22:08:13,231 - INFO - CPU Usage: 0.0%
2026-01-06 22:08:13,231 - INFO - Threads: 36
2026-01-06 22:08:13,231 - INFO - Miscellaneous items:
2026-01-06 22:08:13,351 - INFO - 2 21480 15.246384
