2026-01-06 17:26:38,142 - INFO - Simulator:
2026-01-06 17:26:38,142 - INFO - AerSimulator('aer_simulator_statevector')
2026-01-06 17:26:38,142 - INFO - ('CPU',)
2026-01-06 17:26:38,142 - INFO - Building system...
2026-01-06 17:26:38,143 - INFO - msystem.d is 0.5370067182038096 and msystem.X is 4.296053745730477
2026-01-06 17:26:38,143 - INFO - Done.
2026-01-06 17:26:38,143 - INFO - A0 (original matrix):
2026-01-06 17:26:38,143 - INFO - 5.58+(  0.00)   1.55+(  0.00)   0.97+(  0.00)   6.39+(  0.00)
2026-01-06 17:26:38,143 - INFO - 1.55+(  0.00)   7.23+(  0.00)   4.83+(  0.00)   4.19+(  0.00)
2026-01-06 17:26:38,143 - INFO - 0.97+(  0.00)   4.83+(  0.00)   6.69+(  0.00)   4.22+(  0.00)
2026-01-06 17:26:38,143 - INFO - 6.39+(  0.00)   4.19+(  0.00)   4.22+(  0.00)  11.47+(  0.00)
2026-01-06 17:26:38,143 - INFO - A (expanded/normalized system matrix):
2026-01-06 17:26:38,143 - INFO - 0.80+(  0.00)   0.07+(  0.00)   0.05+(  0.00)   0.30+(  0.00)
2026-01-06 17:26:38,143 - INFO - 0.07+(  0.00)   0.88+(  0.00)   0.23+(  0.00)   0.20+(  0.00)
2026-01-06 17:26:38,143 - INFO - 0.05+(  0.00)   0.23+(  0.00)   0.85+(  0.00)   0.20+(  0.00)
2026-01-06 17:26:38,143 - INFO - 0.30+(  0.00)   0.20+(  0.00)   0.20+(  0.00)   1.07+(  0.00)
2026-01-06 17:26:38,143 - INFO - b =
2026-01-06 17:26:38,143 - INFO - [(-0.6539286551922429+0j), (-0.061256675966264836+0j), (-0.08546004193117596+0j), (-0.7492139312647291+0j)]
2026-01-06 17:26:38,143 - INFO - Initializing...
2026-01-06 17:26:38,232 - INFO - T0 built
2026-01-06 17:26:38,466 - INFO - W built
2026-01-06 17:26:41,861 - INFO - QPE built
2026-01-06 17:26:41,861 - INFO - 0.5370067181501089
2026-01-06 17:26:41,865 - INFO - Rc built
2026-01-06 17:26:41,865 - INFO - Finished initialization.
2026-01-06 17:26:41,865 - INFO - Building circuit...
2026-01-06 17:26:41,866 - INFO - T0 added
2026-01-06 17:26:41,866 - INFO - QPE added
2026-01-06 17:26:41,866 - INFO - Rc added
2026-01-06 17:26:59,078 - INFO - QPE* added
2026-01-06 17:26:59,148 - INFO - T0* added
2026-01-06 17:26:59,148 - INFO - Finished building circuit.
2026-01-06 17:26:59,148 - INFO - Size of logical circuit:
2026-01-06 17:26:59,148 - INFO - 6
2026-01-06 17:26:59,148 - INFO - Transpiling...
2026-01-06 17:29:26,515 - INFO - Done.
2026-01-06 17:29:27,467 - INFO - Size of transpiled circuit:
2026-01-06 17:29:27,469 - INFO - 496199
2026-01-06 17:29:29,956 - INFO - Depth of transpiled circuit:
2026-01-06 17:29:29,957 - INFO - 491705
2026-01-06 17:29:29,957 - INFO - Number of qubits in circuit:
2026-01-06 17:29:29,958 - INFO - 12
2026-01-06 17:29:29,960 - INFO - Running circuit...
2026-01-06 17:38:46,793 - INFO - Done.
2026-01-06 17:38:46,829 - INFO - C =
2026-01-06 17:38:46,830 - INFO - 0.5370067181501089
2026-01-06 17:38:46,832 - INFO - -------------------------------------------------
2026-01-06 17:38:46,833 - INFO - Solution:
2026-01-06 17:38:46,835 - INFO - b =
2026-01-06 17:38:46,837 - INFO - [(-0.6539286551922429+0j), (-0.061256675966264836+0j), (-0.08546004193117596+0j), (-0.7492139312647291+0j)]
2026-01-06 17:38:46,838 - INFO - raw amplitudes =
2026-01-06 17:38:46,840 - INFO - [ 0.408874  -8.94341054e-13j -0.07316731+1.47398384e-13j
 -0.04245077+7.69178319e-14j  0.38064739-7.18457048e-13j]
2026-01-06 17:38:46,842 - INFO - 0.761395 + i(-0.000000) -> |x|=0.761395
2026-01-06 17:38:46,842 - INFO - -0.136250 + i(0.000000) -> |x|=0.136250
2026-01-06 17:38:46,843 - INFO - -0.079051 + i(0.000000) -> |x|=0.079051
2026-01-06 17:38:46,844 - INFO - 0.708832 + i(-0.000000) -> |x|=0.708832
2026-01-06 17:38:46,844 - INFO - classical solution: [-2.43910582+0.j  0.60344123+0.j -0.25104397+0.j -0.16386712-0.j]
2026-01-06 17:38:46,845 - INFO - ----------------------------
2026-01-06 17:38:46,846 - INFO - Solution Comparison:
2026-01-06 17:38:46,846 - INFO - Quantum |                Classical
2026-01-06 17:38:46,847 - INFO - --------------------------------------------------
2026-01-06 17:38:46,848 - INFO - -0.761395 + i(  0.000000) |  -2.439106 + i(  0.000000)
2026-01-06 17:38:46,848 - INFO - 0.136250 + i(  0.000000) |   0.603441 + i(  0.000000)
2026-01-06 17:38:46,849 - INFO - 0.079051 + i(  0.000000) |  -0.251044 + i(  0.000000)
2026-01-06 17:38:46,850 - INFO - -0.708832 + i( -0.000000) |  -0.163867 + i( -0.000000)
2026-01-06 17:38:46,850 - INFO - Relative Errors:
2026-01-06 17:38:46,851 - INFO - 0.6878386462236327
2026-01-06 17:38:46,851 - INFO - 0.7742112048885434
2026-01-06 17:38:46,852 - INFO - 1.3148879533867128
2026-01-06 17:38:46,853 - INFO - 3.325649524122346
2026-01-06 17:38:46,853 - INFO - Average Relative Error:
2026-01-06 17:38:46,854 - INFO - 1.5256468321553087
2026-01-06 17:38:47,858 - INFO - --- Resource Monitor ---
2026-01-06 17:38:47,858 - INFO - Memory (RSS): 3094.62 MB
2026-01-06 17:38:47,858 - INFO - CPU Usage: 0.0%
2026-01-06 17:38:47,859 - INFO - Threads: 36
2026-01-06 17:38:47,859 - INFO - Miscellaneous items:
2026-01-06 17:38:48,873 - INFO - 4 496199 730.731650
