2026-01-06 22:01:48,871 - INFO - mode: kappatest, dimension: 4, phase: 2, kappa: 15.0, seed: 42
2026-01-06 22:01:48,871 - INFO - Simulator:
2026-01-06 22:01:48,871 - INFO - AerSimulator('aer_simulator_statevector')
2026-01-06 22:01:48,871 - INFO - ('CPU',)
2026-01-06 22:01:48,871 - INFO - Building system...
2026-01-06 22:01:48,872 - INFO - A based on seed before k rescaling:
2026-01-06 22:01:48,872 - INFO - 2.78+(  0.00)   0.94+( -0.00)   0.42+( -0.50)  -0.13+(  0.12)
2026-01-06 22:01:48,872 - INFO - 0.94+(  0.00)   2.76+(  0.00)  -0.37+(  0.06)   0.44+(  0.05)
2026-01-06 22:01:48,872 - INFO - 0.42+(  0.50)  -0.37+( -0.06)   2.54+(  0.00)   0.33+(  0.40)
2026-01-06 22:01:48,873 - INFO - -0.13+( -0.12)   0.44+( -0.05)   0.33+( -0.40)   2.15+(  0.00)
2026-01-06 22:01:48,873 - INFO - msystem.d is 0.3031167795169879 and msystem.X is 2.424934236235903
2026-01-06 22:01:48,873 - INFO - Done.
2026-01-06 22:01:48,874 - INFO - A0 (original matrix):
2026-01-06 22:01:48,874 - INFO - 12.61+(  0.00)   6.35+(  0.03)   2.80+(  3.36)  -0.90+( -0.83)
2026-01-06 22:01:48,874 - INFO - 6.35+(  0.03)   5.15+( -3.76)   4.57+(  8.26)   6.29+( -1.61)
2026-01-06 22:01:48,874 - INFO - 2.80+(  3.36)   4.57+(  8.26)   1.79+( -6.41)  -0.49+( -2.65)
2026-01-06 22:01:48,874 - INFO - -0.90+( -0.83)   6.29+( -1.61)  -0.49+( -2.65)   5.84+( -2.77)
2026-01-06 22:01:48,874 - INFO - A (expanded/normalized system matrix):
2026-01-06 22:01:48,874 - INFO - 0.61+(  0.00)   0.15+(  0.00)   0.07+(  0.08)  -0.02+( -0.02)
2026-01-06 22:01:48,874 - INFO - 0.15+(  0.00)   0.43+( -0.09)   0.11+(  0.20)   0.15+( -0.04)
2026-01-06 22:01:48,874 - INFO - 0.07+(  0.08)   0.11+(  0.20)   0.35+( -0.15)  -0.01+( -0.06)
2026-01-06 22:01:48,874 - INFO - -0.02+( -0.02)   0.15+( -0.04)  -0.01+( -0.06)   0.44+( -0.07)
2026-01-06 22:01:48,874 - INFO - b =
2026-01-06 22:01:48,874 - INFO - [(-0.027663929268784956-0.1846192403371427j), (0.10325665976857792-0.6187291387858561j), (0.07408297108970287+0.5780242711233733j), (0.481644776164292-0.008984604941854643j)]
2026-01-06 22:01:48,874 - INFO - Initializing...
2026-01-06 22:01:49,055 - INFO - T0 built
2026-01-06 22:01:49,441 - INFO - W built
2026-01-06 22:01:54,664 - INFO - QPE built
2026-01-06 22:01:54,664 - INFO - 0.3031167794866762
2026-01-06 22:01:54,667 - INFO - Rc built
2026-01-06 22:01:54,667 - INFO - Finished initialization.
2026-01-06 22:01:54,667 - INFO - Building circuit...
2026-01-06 22:01:54,668 - INFO - T0 added
2026-01-06 22:01:54,668 - INFO - QPE added
2026-01-06 22:01:54,668 - INFO - Rc added
2026-01-06 22:02:07,003 - INFO - QPE* added
2026-01-06 22:02:07,142 - INFO - T0* added
2026-01-06 22:02:07,142 - INFO - Finished building circuit.
2026-01-06 22:02:07,142 - INFO - Transpiling...
2026-01-06 22:02:59,838 - INFO - Done.
2026-01-06 22:03:00,501 - INFO - Size of transpiled circuit:
2026-01-06 22:03:00,501 - INFO - 218043
2026-01-06 22:03:02,270 - INFO - Depth of transpiled circuit:
2026-01-06 22:03:02,270 - INFO - 216445
2026-01-06 22:03:02,270 - INFO - Number of qubits in circuit:
2026-01-06 22:03:02,270 - INFO - 11
2026-01-06 22:03:02,271 - INFO - Running circuit...
2026-01-06 22:05:46,264 - INFO - Done.
2026-01-06 22:05:46,265 - INFO - C =
2026-01-06 22:05:46,265 - INFO - 0.3031167794866762
2026-01-06 22:05:46,265 - INFO - -------------------------------------------------
2026-01-06 22:05:46,265 - INFO - Solution:
2026-01-06 22:05:46,265 - INFO - b =
2026-01-06 22:05:46,265 - INFO - [(-0.027663929268784956-0.1846192403371427j), (0.10325665976857792-0.6187291387858561j), (0.07408297108970287+0.5780242711233733j), (0.481644776164292-0.008984604941854643j)]
2026-01-06 22:05:46,265 - INFO - raw amplitudes =
2026-01-06 22:05:46,266 - INFO - [ 0.03653166+0.16484779j -0.08234163+0.60197212j -0.06001016-0.58464957j
 -0.4580341 -0.00135799j]
2026-01-06 22:05:46,266 - INFO - 0.120520 + i(0.543843) -> |x|=0.557037
2026-01-06 22:05:46,266 - INFO - -0.271650 + i(1.985941) -> |x|=2.004434
2026-01-06 22:05:46,266 - INFO - -0.197977 + i(-1.928793) -> |x|=1.938927
2026-01-06 22:05:46,266 - INFO - -1.511081 + i(-0.004480) -> |x|=1.511088
2026-01-06 22:05:46,267 - INFO - classical solution: [-0.52512285+1.33296931e-15j  1.91277127-1.33226763e-15j
 -2.02671962-1.11022302e-15j  1.11942361+1.16573418e-15j]
2026-01-06 22:05:46,267 - INFO - ----------------------------
2026-01-06 22:05:46,267 - INFO - Solution Comparison:
2026-01-06 22:05:46,267 - INFO - Quantum |                Classical
2026-01-06 22:05:46,267 - INFO - --------------------------------------------------
2026-01-06 22:05:46,267 - INFO - -0.557037 + i(  0.000000) |  -0.525123 + i(  0.000000)
2026-01-06 22:05:46,267 - INFO - -1.880128 + i( -0.694893) |   1.912771 + i( -0.000000)
2026-01-06 22:05:46,267 - INFO - 1.925942 + i(  0.224025) |  -2.026720 + i( -0.000000)
2026-01-06 22:05:46,267 - INFO - 0.331311 + i( -1.474320) |   1.119424 + i(  0.000000)
2026-01-06 22:05:46,267 - INFO - Relative Errors:
2026-01-06 22:05:46,267 - INFO - 0.06077389223690677
2026-01-06 22:05:46,267 - INFO - 2.015938355438857
2026-01-06 22:05:46,267 - INFO - 1.9534051762610194
2026-01-06 22:05:46,267 - INFO - 1.493400928972467
2026-01-06 22:05:46,268 - INFO - Average Relative Error:
2026-01-06 22:05:46,268 - INFO - 1.3808795882273126
2026-01-06 22:05:47,269 - INFO - --- Resource Monitor ---
2026-01-06 22:05:47,269 - INFO - Memory (RSS): 777.95 MB
2026-01-06 22:05:47,270 - INFO - CPU Usage: 0.0%
2026-01-06 22:05:47,270 - INFO - Threads: 36
2026-01-06 22:05:47,270 - INFO - Miscellaneous items:
2026-01-06 22:05:48,045 - INFO - 4 218043 239.174579
