2026-01-06 22:11:53,681 - INFO - mode: kappatest, dimension: 2, phase: 2, kappa: 10.0, seed: 1
2026-01-06 22:11:53,682 - INFO - Simulator:
2026-01-06 22:11:53,682 - INFO - AerSimulator('aer_simulator_statevector')
2026-01-06 22:11:53,682 - INFO - ('CPU',)
2026-01-06 22:11:53,682 - INFO - Building system...
2026-01-06 22:11:53,683 - INFO - A based on seed before k rescaling:
2026-01-06 22:11:53,683 - INFO - 1.10+(  0.00)  -0.03+( -0.09)
2026-01-06 22:11:53,683 - INFO - -0.03+(  0.09)   1.10+(  0.00)
2026-01-06 22:11:53,683 - INFO - msystem.d is 0.7477002405381387 and msystem.X is 2.9908009622525547
2026-01-06 22:11:53,684 - INFO - Done.
2026-01-06 22:11:53,684 - INFO - A0 (original matrix):
2026-01-06 22:11:53,684 - INFO - 5.50+(  0.00)  -1.45+(  4.26)
2026-01-06 22:11:53,684 - INFO - -1.45+(  4.26)  -4.35+( -3.36)
2026-01-06 22:11:53,684 - INFO - A (expanded/normalized system matrix):
2026-01-06 22:11:53,684 - INFO - 1.50+(  0.00)  -0.20+(  0.58)
2026-01-06 22:11:53,684 - INFO - -0.20+(  0.58)   0.16+( -0.46)
2026-01-06 22:11:53,684 - INFO - b =
2026-01-06 22:11:53,684 - INFO - [(-0.18295021208328982-0.6212277400969746j), (0.7392818494257277+0.18457427215720162j)]
2026-01-06 22:11:53,684 - INFO - Initializing...
2026-01-06 22:11:53,712 - INFO - T0 built
2026-01-06 22:11:53,776 - INFO - W built
2026-01-06 22:11:54,161 - INFO - QPE built
2026-01-06 22:11:54,162 - INFO - 0.7477002404633686
2026-01-06 22:11:54,165 - INFO - Rc built
2026-01-06 22:11:54,165 - INFO - Finished initialization.
2026-01-06 22:11:54,165 - INFO - Building circuit...
2026-01-06 22:11:54,166 - INFO - T0 added
2026-01-06 22:11:54,166 - INFO - QPE added
2026-01-06 22:11:54,166 - INFO - Rc added
2026-01-06 22:11:55,306 - INFO - QPE* added
2026-01-06 22:11:55,377 - INFO - T0* added
2026-01-06 22:11:55,377 - INFO - Finished building circuit.
2026-01-06 22:11:55,377 - INFO - Transpiling...
2026-01-06 22:12:01,611 - INFO - Done.
2026-01-06 22:12:01,660 - INFO - Size of transpiled circuit:
2026-01-06 22:12:01,660 - INFO - 21480
2026-01-06 22:12:01,807 - INFO - Depth of transpiled circuit:
2026-01-06 22:12:01,807 - INFO - 21361
2026-01-06 22:12:01,807 - INFO - Number of qubits in circuit:
2026-01-06 22:12:01,807 - INFO - 9
2026-01-06 22:12:01,808 - INFO - Running circuit...
2026-01-06 22:12:06,752 - INFO - Done.
2026-01-06 22:12:06,753 - INFO - C =
2026-01-06 22:12:06,753 - INFO - 0.7477002404633686
2026-01-06 22:12:06,753 - INFO - -------------------------------------------------
2026-01-06 22:12:06,753 - INFO - Solution:
2026-01-06 22:12:06,753 - INFO - b =
2026-01-06 22:12:06,753 - INFO - [(-0.18295021208328982-0.6212277400969746j), (0.7392818494257277+0.18457427215720162j)]
2026-01-06 22:12:06,753 - INFO - raw amplitudes =
2026-01-06 22:12:06,754 - INFO - [ 0.24029682+0.42973596j -0.70849521-0.27246544j]
2026-01-06 22:12:06,754 - INFO - 0.321381 + i(0.574744) -> |x|=0.658495
2026-01-06 22:12:06,754 - INFO - -0.947566 + i(-0.364405) -> |x|=1.015220
2026-01-06 22:12:06,754 - INFO - classical solution: [-0.52817175-4.71844785e-16j -1.07296862+1.11022302e-16j]
2026-01-06 22:12:06,755 - INFO - ----------------------------
2026-01-06 22:12:06,755 - INFO - Solution Comparison:
2026-01-06 22:12:06,755 - INFO - Quantum |                Classical
2026-01-06 22:12:06,755 - INFO - --------------------------------------------------
2026-01-06 22:12:06,755 - INFO - -0.658495 + i( -0.000000) |  -0.528172 + i( -0.000000)
2026-01-06 22:12:06,755 - INFO - 0.780520 + i( -0.649199) |  -1.072969 + i(  0.000000)
2026-01-06 22:12:06,755 - INFO - Relative Errors:
2026-01-06 22:12:06,755 - INFO - 0.246744765557948
2026-01-06 22:12:06,755 - INFO - 1.8303372658925334
2026-01-06 22:12:06,755 - INFO - Average Relative Error:
2026-01-06 22:12:06,756 - INFO - 1.0385410157252406
2026-01-06 22:12:07,756 - INFO - --- Resource Monitor ---
2026-01-06 22:12:07,757 - INFO - Memory (RSS): 204.92 MB
2026-01-06 22:12:07,757 - INFO - CPU Usage: 0.0%
2026-01-06 22:12:07,757 - INFO - Threads: 36
2026-01-06 22:12:07,757 - INFO - Miscellaneous items:
2026-01-06 22:12:07,831 - INFO - 2 21480 14.148983
