2026-01-23 12:03:15,729 - INFO - mode: matlabinit, dimension: 4, phase: 6, kappa: None, seed: None
2026-01-23 12:03:15,730 - INFO - Simulator:
2026-01-23 12:03:15,730 - INFO - AerSimulator('aer_simulator_statevector')
2026-01-23 12:03:15,730 - INFO - ('CPU',)
2026-01-23 12:03:15,730 - INFO - Building system...
2026-01-23 12:03:15,732 - INFO - msystem.d is 1.751801041174875 and msystem.X is 14.014408329499
2026-01-23 12:03:15,732 - INFO - Done.
2026-01-23 12:03:15,732 - INFO - A0 (original matrix):
2026-01-23 12:03:15,732 - INFO - 3.47+(  0.00)   0.03+(  0.00)   0.11+(  0.00)   0.03+(  0.00)
2026-01-23 12:03:15,732 - INFO - 0.03+(  0.00)   3.36+(  0.00)   0.05+(  0.00)   0.96+(  0.00)
2026-01-23 12:03:15,732 - INFO - 0.11+(  0.00)   0.05+(  0.00)   2.80+(  0.00)   0.53+(  0.00)
2026-01-23 12:03:15,732 - INFO - 0.03+(  0.00)   0.96+(  0.00)   0.53+(  0.00)   3.50+(  0.00)
2026-01-23 12:03:15,732 - INFO - A (expanded/normalized system matrix):
2026-01-23 12:03:15,732 - INFO - 3.49+(  0.00)   0.02+(  0.00)   0.06+(  0.00)   0.01+(  0.00)
2026-01-23 12:03:15,732 - INFO - 0.02+(  0.00)   3.43+(  0.00)   0.03+(  0.00)   0.48+(  0.00)
2026-01-23 12:03:15,732 - INFO - 0.06+(  0.00)   0.03+(  0.00)   3.15+(  0.00)   0.26+(  0.00)
2026-01-23 12:03:15,732 - INFO - 0.01+(  0.00)   0.48+(  0.00)   0.26+(  0.00)   3.50+(  0.00)
2026-01-23 12:03:15,732 - INFO - b =
2026-01-23 12:03:15,732 - INFO - [(0.5+0j), (0.5+0j), (0.5+0j), (0.5+0j)]
2026-01-23 12:03:15,732 - INFO - Initializing...
2026-01-23 12:03:15,905 - INFO - T0 built
2026-01-23 12:03:16,048 - INFO - W built
2026-01-23 12:03:26,649 - INFO - QPE built
2026-01-23 12:03:26,649 - INFO - 0.37814881326879357
2026-01-23 12:03:26,681 - INFO - Rc built
2026-01-23 12:03:26,681 - INFO - Finished initialization.
2026-01-23 12:03:26,681 - INFO - Building circuit...
2026-01-23 12:03:26,682 - INFO - T0 added
2026-01-23 12:03:26,682 - INFO - QPE added
2026-01-23 12:03:26,682 - INFO - Rc added
2026-01-23 12:05:24,909 - INFO - QPE* added
2026-01-23 12:05:24,961 - INFO - T0* added
2026-01-23 12:05:24,961 - INFO - Finished building circuit.
2026-01-23 12:05:24,961 - INFO - Transpiling...
2026-01-23 12:11:54,936 - INFO - Done.
2026-01-23 12:12:09,637 - INFO - Size of transpiled circuit:
2026-01-23 12:12:09,639 - INFO - 4456675
2026-01-23 12:12:30,286 - INFO - Depth of transpiled circuit:
2026-01-23 12:12:30,291 - INFO - 4414047
2026-01-23 12:12:30,295 - INFO - Number of qubits in circuit:
2026-01-23 12:12:30,300 - INFO - 15
2026-01-23 12:12:30,304 - INFO - Running circuit...
2026-01-24 07:55:41,236 - INFO - Done.
2026-01-24 07:55:41,494 - INFO - C =
2026-01-24 07:55:41,494 - INFO - 0.37814881326879357
2026-01-24 07:55:41,494 - INFO - -------------------------------------------------
2026-01-24 07:55:41,494 - INFO - Solution:
2026-01-24 07:55:41,494 - INFO - b =
2026-01-24 07:55:41,494 - INFO - [(0.5+0j), (0.5+0j), (0.5+0j), (0.5+0j)]
2026-01-24 07:55:41,494 - INFO - raw amplitudes =
2026-01-24 07:55:42,060 - INFO - [0.02990839-0.07220525j 0.03654232-0.08822096j 0.04343815-0.10486896j
 0.02235382-0.05396689j]
2026-01-24 07:55:42,069 - INFO - 0.079092 + i(-0.190944) -> |x|=0.206676
2026-01-24 07:55:42,069 - INFO - 0.096635 + i(-0.233297) -> |x|=0.252519
2026-01-24 07:55:42,069 - INFO - 0.114871 + i(-0.277322) -> |x|=0.300171
2026-01-24 07:55:42,069 - INFO - 0.059114 + i(-0.142713) -> |x|=0.154472
2026-01-24 07:55:42,131 - INFO - classical solution: [0.27481499+0.j 0.24132361+0.j 0.30937949+0.j 0.17117666+0.j]
2026-01-24 07:55:42,148 - INFO - ----------------------------
2026-01-24 07:55:42,148 - INFO - Solution Comparison:
2026-01-24 07:55:42,148 - INFO - Quantum |                Classical
2026-01-24 07:55:42,148 - INFO - --------------------------------------------------
2026-01-24 07:55:42,148 - INFO - 0.206676 + i( -0.000000) |   0.274815 + i(  0.000000)
2026-01-24 07:55:42,148 - INFO - 0.252519 + i(  0.000000) |   0.241324 + i(  0.000000)
2026-01-24 07:55:42,148 - INFO - 0.300171 + i(  0.000000) |   0.309379 + i(  0.000000)
2026-01-24 07:55:42,148 - INFO - 0.154472 + i(  0.000000) |   0.171177 + i(  0.000000)
2026-01-24 07:55:42,148 - INFO - Relative Errors:
2026-01-24 07:55:42,187 - INFO - 0.24794388387275612
2026-01-24 07:55:42,187 - INFO - 0.04639065456565028
2026-01-24 07:55:42,187 - INFO - 0.02976406476511262
2026-01-24 07:55:42,187 - INFO - 0.09758823417422247
2026-01-24 07:55:42,188 - INFO - Average Relative Error:
2026-01-24 07:55:42,188 - INFO - 0.10542170934443537
2026-01-24 07:55:43,256 - INFO - --- Resource Monitor ---
2026-01-24 07:55:43,257 - INFO - Memory (RSS): 12083.57 MB
2026-01-24 07:55:43,257 - INFO - CPU Usage: 0.0%
2026-01-24 07:55:43,257 - INFO - Threads: 7
2026-01-24 07:55:43,257 - INFO - Miscellaneous items:
2026-01-24 07:55:50,846 - INFO - 4 4456675 71555.117086
