2026-01-23 11:43:51,208 - INFO - mode: matlabinit, dimension: 2, phase: 8, kappa: None, seed: None
2026-01-23 11:43:51,278 - INFO - Simulator:
2026-01-23 11:43:51,278 - INFO - AerSimulator('aer_simulator_statevector')
2026-01-23 11:43:51,278 - INFO - ('CPU',)
2026-01-23 11:43:51,279 - INFO - Building system...
2026-01-23 11:43:51,281 - INFO - msystem.d is 0.7696238083058117 and msystem.X is 3.0784952333232467
2026-01-23 11:43:51,281 - INFO - Done.
2026-01-23 11:43:51,281 - INFO - A0 (original matrix):
2026-01-23 11:43:51,281 - INFO - 1.09+(  0.00)   0.02+(  0.00)
2026-01-23 11:43:51,281 - INFO - 0.02+(  0.00)   0.54+(  0.00)
2026-01-23 11:43:51,281 - INFO - A (expanded/normalized system matrix):
2026-01-23 11:43:51,281 - INFO - 1.54+(  0.00)   0.01+(  0.00)
2026-01-23 11:43:51,281 - INFO - 0.01+(  0.00)   1.15+(  0.00)
2026-01-23 11:43:51,281 - INFO - b =
2026-01-23 11:43:51,281 - INFO - [(0.7071067811865475+0j), (0.7071067811865475+0j)]
2026-01-23 11:43:51,281 - INFO - Initializing...
2026-01-23 11:43:51,473 - INFO - T0 built
2026-01-23 11:43:51,497 - INFO - W built
2026-01-23 11:43:55,198 - INFO - QPE built
2026-01-23 11:43:55,198 - INFO - 0.02161048267942789
2026-01-23 11:43:55,311 - INFO - Rc built
2026-01-23 11:43:55,311 - INFO - Finished initialization.
2026-01-23 11:43:55,311 - INFO - Building circuit...
2026-01-23 11:43:55,312 - INFO - T0 added
2026-01-23 11:43:55,312 - INFO - QPE added
2026-01-23 11:43:55,312 - INFO - Rc added
2026-01-23 11:44:36,439 - INFO - QPE* added
2026-01-23 11:44:36,446 - INFO - T0* added
2026-01-23 11:44:36,446 - INFO - Finished building circuit.
2026-01-23 11:44:36,446 - INFO - Transpiling...
2026-01-23 11:47:10,670 - INFO - Done.
2026-01-23 11:47:14,015 - INFO - Size of transpiled circuit:
2026-01-23 11:47:14,016 - INFO - 1787515
2026-01-23 11:47:20,160 - INFO - Depth of transpiled circuit:
2026-01-23 11:47:20,161 - INFO - 1760852
2026-01-23 11:47:20,161 - INFO - Number of qubits in circuit:
2026-01-23 11:47:20,161 - INFO - 15
2026-01-23 11:47:20,161 - INFO - Running circuit...
2026-01-23 16:18:35,122 - INFO - Done.
2026-01-23 16:18:35,384 - INFO - C =
2026-01-23 16:18:35,384 - INFO - 0.02161048267942789
2026-01-23 16:18:35,384 - INFO - -------------------------------------------------
2026-01-23 16:18:35,384 - INFO - Solution:
2026-01-23 16:18:35,384 - INFO - b =
2026-01-23 16:18:35,384 - INFO - [(0.7071067811865475+0j), (0.7071067811865475+0j)]
2026-01-23 16:18:35,384 - INFO - raw amplitudes =
2026-01-23 16:18:35,709 - INFO - [0.01923491-1.40930405e-13j 0.03683834-2.34753739e-13j]
2026-01-23 16:18:35,710 - INFO - 0.890073 + i(-0.000000) -> |x|=0.890073
2026-01-23 16:18:35,710 - INFO - 1.704651 + i(-0.000000) -> |x|=1.704651
2026-01-23 16:18:35,769 - INFO - classical solution: [0.89140036+0.j 1.80806528+0.j]
2026-01-23 16:18:35,771 - INFO - ----------------------------
2026-01-23 16:18:35,771 - INFO - Solution Comparison:
2026-01-23 16:18:35,771 - INFO - Quantum |                Classical
2026-01-23 16:18:35,771 - INFO - --------------------------------------------------
2026-01-23 16:18:35,771 - INFO - 0.890073 + i( -0.000000) |   0.891400 + i(  0.000000)
2026-01-23 16:18:35,771 - INFO - 1.704651 + i(  0.000000) |   1.808065 + i(  0.000000)
2026-01-23 16:18:35,771 - INFO - Relative Errors:
2026-01-23 16:18:35,773 - INFO - 0.0014890691862138317
2026-01-23 16:18:35,773 - INFO - 0.05719598316757635
2026-01-23 16:18:35,775 - INFO - Average Relative Error:
2026-01-23 16:18:35,775 - INFO - 0.02934252617689509
2026-01-23 16:18:36,946 - INFO - --- Resource Monitor ---
2026-01-23 16:18:36,946 - INFO - Memory (RSS): 5630.96 MB
2026-01-23 16:18:36,946 - INFO - CPU Usage: 1.0%
2026-01-23 16:18:36,946 - INFO - Threads: 7
2026-01-23 16:18:36,946 - INFO - Miscellaneous items:
2026-01-23 16:18:39,333 - INFO - 2 1787515 16488.124271
