2026-01-24 19:09:07,873 - INFO - mode: matlabinit, dimension: 4, phase: 9, kappa: None, seed: None
2026-01-24 19:09:07,875 - INFO - Simulator:
2026-01-24 19:09:07,875 - INFO - AerSimulator('aer_simulator_statevector')
2026-01-24 19:09:07,875 - INFO - ('CPU',)
2026-01-24 19:09:07,875 - INFO - Building system...
2026-01-24 19:09:07,971 - INFO - msystem.d is 1.751801041174875 and msystem.X is 14.014408329499
2026-01-24 19:09:07,971 - INFO - Done.
2026-01-24 19:09:07,971 - INFO - A0 (original matrix):
2026-01-24 19:09:07,971 - INFO - 3.47+(  0.00)   0.03+(  0.00)   0.11+(  0.00)   0.03+(  0.00)
2026-01-24 19:09:07,971 - INFO - 0.03+(  0.00)   3.36+(  0.00)   0.05+(  0.00)   0.96+(  0.00)
2026-01-24 19:09:07,971 - INFO - 0.11+(  0.00)   0.05+(  0.00)   2.80+(  0.00)   0.53+(  0.00)
2026-01-24 19:09:07,971 - INFO - 0.03+(  0.00)   0.96+(  0.00)   0.53+(  0.00)   3.50+(  0.00)
2026-01-24 19:09:07,971 - INFO - A (expanded/normalized system matrix):
2026-01-24 19:09:07,971 - INFO - 3.49+(  0.00)   0.02+(  0.00)   0.06+(  0.00)   0.01+(  0.00)
2026-01-24 19:09:07,971 - INFO - 0.02+(  0.00)   3.43+(  0.00)   0.03+(  0.00)   0.48+(  0.00)
2026-01-24 19:09:07,971 - INFO - 0.06+(  0.00)   0.03+(  0.00)   3.15+(  0.00)   0.26+(  0.00)
2026-01-24 19:09:07,971 - INFO - 0.01+(  0.00)   0.48+(  0.00)   0.26+(  0.00)   3.50+(  0.00)
2026-01-24 19:09:07,972 - INFO - b =
2026-01-24 19:09:07,972 - INFO - [(0.5+0j), (0.5+0j), (0.5+0j), (0.5+0j)]
2026-01-24 19:09:07,972 - INFO - Initializing...
2026-01-24 19:09:08,252 - INFO - T0 built
2026-01-24 19:09:08,402 - INFO - W built
2026-01-24 19:10:24,980 - INFO - QPE built
2026-01-24 19:10:24,981 - INFO - 0.03628785503975416
2026-01-24 19:10:25,305 - INFO - Rc built
2026-01-24 19:10:25,305 - INFO - Finished initialization.
2026-01-24 19:10:25,306 - INFO - Building circuit...
2026-01-24 19:10:25,306 - INFO - T0 added
2026-01-24 19:10:25,306 - INFO - QPE added
2026-01-24 19:10:25,306 - INFO - Rc added
2026-01-24 19:26:46,188 - INFO - QPE* added
2026-01-24 19:26:46,240 - INFO - T0* added
2026-01-24 19:26:46,240 - INFO - Finished building circuit.
2026-01-24 19:26:46,240 - INFO - Transpiling...
2026-01-24 20:31:49,716 - INFO - Done.
2026-01-24 20:33:57,404 - INFO - Size of transpiled circuit:
2026-01-24 20:33:57,414 - INFO - 36204013
2026-01-24 20:36:48,235 - INFO - Depth of transpiled circuit:
2026-01-24 20:36:48,244 - INFO - 35863814
2026-01-24 20:36:48,254 - INFO - Number of qubits in circuit:
2026-01-24 20:36:48,263 - INFO - 18
2026-01-24 20:36:48,338 - INFO - Running circuit...
