2026-01-06 21:58:35,050 - INFO - mode: kappatest, dimension: 4, phase: 2, kappa: 15.0, seed: 42
2026-01-06 21:58:35,051 - INFO - Simulator:
2026-01-06 21:58:35,051 - INFO - AerSimulator('aer_simulator_statevector')
2026-01-06 21:58:35,051 - INFO - ('CPU',)
2026-01-06 21:58:35,051 - INFO - Building system...
2026-01-06 21:58:35,052 - INFO - A based on seed before k rescaling:
2026-01-06 21:58:35,053 - INFO - msystem.d is 0.3031167795169879 and msystem.X is 2.424934236235903
2026-01-06 21:58:35,053 - INFO - Done.
2026-01-06 21:58:35,053 - INFO - A0 (original matrix):
2026-01-06 21:58:35,053 - INFO - 12.61+(  0.00)   6.35+(  0.03)   2.80+(  3.36)  -0.90+( -0.83)
2026-01-06 21:58:35,054 - INFO - 6.35+(  0.03)   5.15+( -3.76)   4.57+(  8.26)   6.29+( -1.61)
2026-01-06 21:58:35,054 - INFO - 2.80+(  3.36)   4.57+(  8.26)   1.79+( -6.41)  -0.49+( -2.65)
2026-01-06 21:58:35,054 - INFO - -0.90+( -0.83)   6.29+( -1.61)  -0.49+( -2.65)   5.84+( -2.77)
2026-01-06 21:58:35,054 - INFO - A (expanded/normalized system matrix):
2026-01-06 21:58:35,054 - INFO - 0.61+(  0.00)   0.15+(  0.00)   0.07+(  0.08)  -0.02+( -0.02)
2026-01-06 21:58:35,054 - INFO - 0.15+(  0.00)   0.43+( -0.09)   0.11+(  0.20)   0.15+( -0.04)
2026-01-06 21:58:35,054 - INFO - 0.07+(  0.08)   0.11+(  0.20)   0.35+( -0.15)  -0.01+( -0.06)
2026-01-06 21:58:35,054 - INFO - -0.02+( -0.02)   0.15+( -0.04)  -0.01+( -0.06)   0.44+( -0.07)
2026-01-06 21:58:35,054 - INFO - b =
2026-01-06 21:58:35,054 - INFO - [(-0.027663929268784956-0.1846192403371427j), (0.10325665976857792-0.6187291387858561j), (0.07408297108970287+0.5780242711233733j), (0.481644776164292-0.008984604941854643j)]
2026-01-06 21:58:35,054 - INFO - Initializing...
2026-01-06 21:58:35,204 - INFO - T0 built
2026-01-06 21:58:35,545 - INFO - W built
2026-01-06 21:58:39,366 - INFO - QPE built
2026-01-06 21:58:39,367 - INFO - 0.3031167794866762
2026-01-06 21:58:39,369 - INFO - Rc built
2026-01-06 21:58:39,370 - INFO - Finished initialization.
2026-01-06 21:58:39,370 - INFO - Building circuit...
2026-01-06 21:58:39,370 - INFO - T0 added
2026-01-06 21:58:39,370 - INFO - QPE added
2026-01-06 21:58:39,371 - INFO - Rc added
2026-01-06 21:58:49,911 - INFO - QPE* added
2026-01-06 21:58:50,017 - INFO - T0* added
2026-01-06 21:58:50,017 - INFO - Finished building circuit.
2026-01-06 21:58:50,017 - INFO - Transpiling...
2026-01-06 21:59:40,116 - INFO - Done.
2026-01-06 21:59:40,850 - INFO - Size of transpiled circuit:
2026-01-06 21:59:40,850 - INFO - 218043
2026-01-06 21:59:42,597 - INFO - Depth of transpiled circuit:
2026-01-06 21:59:42,598 - INFO - 216445
2026-01-06 21:59:42,598 - INFO - Number of qubits in circuit:
2026-01-06 21:59:42,598 - INFO - 11
2026-01-06 21:59:42,598 - INFO - Running circuit...
