2026-01-13 23:47:37,176 - INFO - mode: kappatest, dimension: 2, phase: 2, kappa: 16.0, seed: 1
2026-01-13 23:47:37,176 - INFO - Simulator:
2026-01-13 23:47:37,176 - INFO - AerSimulator('aer_simulator_statevector')
2026-01-13 23:47:37,176 - INFO - ('CPU',)
2026-01-13 23:47:37,177 - INFO - Building system...
2026-01-13 23:47:37,177 - INFO - A based on seed before k rescaling:
2026-01-13 23:47:37,177 - INFO - -0.03+(  0.00)  -0.52+(  0.00)
2026-01-13 23:47:37,177 - INFO - -0.52+(  0.00)  -0.15+(  0.00)
2026-01-13 23:47:37,177 - INFO - actual kappa:
2026-01-13 23:47:37,178 - INFO - 16.000000000000004
2026-01-13 23:47:37,178 - INFO - msystem.d is 0.3593928784372051 and msystem.X is 1.4375715138488203
2026-01-13 23:47:37,178 - INFO - Done.
2026-01-13 23:47:37,178 - INFO - A0 (original matrix):
2026-01-13 23:47:37,178 - INFO - 9.30+(  0.00)  -7.46+(  0.00)
2026-01-13 23:47:37,178 - INFO - -7.46+(  0.00)   7.70+(  0.00)
2026-01-13 23:47:37,178 - INFO - A (expanded/normalized system matrix):
2026-01-13 23:47:37,178 - INFO - 0.72+(  0.00)  -0.29+(  0.00)
2026-01-13 23:47:37,178 - INFO - -0.29+(  0.00)   0.66+(  0.00)
2026-01-13 23:47:37,178 - INFO - b =
2026-01-13 23:47:37,178 - INFO - [(0.7600220999351815+0j), (-0.6498972284985657+0j)]
2026-01-13 23:47:37,178 - INFO - Initializing...
2026-01-13 23:47:37,205 - INFO - T0 built
2026-01-13 23:47:37,267 - INFO - W built
2026-01-13 23:47:37,637 - INFO - QPE built
2026-01-13 23:47:37,637 - INFO - 0.35939287840126577
2026-01-13 23:47:37,640 - INFO - Rc built
2026-01-13 23:47:37,640 - INFO - Finished initialization.
2026-01-13 23:47:37,640 - INFO - Building circuit...
2026-01-13 23:47:37,641 - INFO - T0 added
2026-01-13 23:47:37,641 - INFO - QPE added
2026-01-13 23:47:37,641 - INFO - Rc added
2026-01-13 23:47:38,679 - INFO - QPE* added
2026-01-13 23:47:38,742 - INFO - T0* added
2026-01-13 23:47:38,742 - INFO - Finished building circuit.
2026-01-13 23:47:38,742 - INFO - Transpiling...
2026-01-13 23:47:44,655 - INFO - Done.
2026-01-13 23:47:44,698 - INFO - Size of transpiled circuit:
2026-01-13 23:47:44,698 - INFO - 21192
2026-01-13 23:47:44,835 - INFO - Depth of transpiled circuit:
2026-01-13 23:47:44,835 - INFO - 21049
2026-01-13 23:47:44,835 - INFO - Number of qubits in circuit:
2026-01-13 23:47:44,835 - INFO - 9
2026-01-13 23:47:44,835 - INFO - Running circuit...
2026-01-13 23:47:49,658 - INFO - Done.
2026-01-13 23:47:49,658 - INFO - C =
2026-01-13 23:47:49,658 - INFO - 0.35939287840126577
2026-01-13 23:47:49,658 - INFO - -------------------------------------------------
2026-01-13 23:47:49,658 - INFO - Solution:
2026-01-13 23:47:49,658 - INFO - b =
2026-01-13 23:47:49,658 - INFO - [(0.7600220999351815+0j), (-0.6498972284985657+0j)]
2026-01-13 23:47:49,658 - INFO - raw amplitudes =
2026-01-13 23:47:49,659 - INFO - [-0.32940421+2.19782999e-14j  0.26599167-2.06005161e-14j]
2026-01-13 23:47:49,659 - INFO - -0.916557 + i(0.000000) -> |x|=0.916557
2026-01-13 23:47:49,659 - INFO - 0.740114 + i(-0.000000) -> |x|=0.740114
2026-01-13 23:47:49,659 - INFO - classical solution: [ 1.62434536+0.j -0.61175641+0.j]
2026-01-13 23:47:49,659 - INFO - ----------------------------
2026-01-13 23:47:49,659 - INFO - Solution Comparison:
2026-01-13 23:47:49,659 - INFO - Quantum |                Classical
2026-01-13 23:47:49,660 - INFO - --------------------------------------------------
2026-01-13 23:47:49,660 - INFO - 0.916557 + i(  0.000000) |   1.624345 + i(  0.000000)
2026-01-13 23:47:49,660 - INFO - -0.740114 + i(  0.000000) |  -0.611756 + i(  0.000000)
2026-01-13 23:47:49,660 - INFO - Relative Errors:
2026-01-13 23:47:49,660 - INFO - 0.43573734539480413
2026-01-13 23:47:49,660 - INFO - 0.20981799457892047
2026-01-13 23:47:49,660 - INFO - Average Relative Error:
2026-01-13 23:47:49,660 - INFO - 0.3227776699868623
2026-01-13 23:47:49,660 - INFO - TVD:
2026-01-13 23:47:49,660 - INFO - 0.21680361031260342
2026-01-13 23:47:50,661 - INFO - --- Resource Monitor ---
2026-01-13 23:47:50,662 - INFO - Memory (RSS): 204.19 MB
2026-01-13 23:47:50,662 - INFO - CPU Usage: 0.0%
2026-01-13 23:47:50,663 - INFO - Threads: 36
2026-01-13 23:47:50,663 - INFO - Miscellaneous items:
2026-01-13 23:47:50,773 - INFO - 2 21192 13.596598
