2026-01-13 23:52:16,571 - INFO - mode: kappatest, dimension: 2, phase: 2, kappa: 32.0, seed: 4
2026-01-13 23:52:16,571 - INFO - Simulator:
2026-01-13 23:52:16,571 - INFO - AerSimulator('aer_simulator_statevector')
2026-01-13 23:52:16,572 - INFO - ('CPU',)
2026-01-13 23:52:16,572 - INFO - Building system...
2026-01-13 23:52:16,572 - INFO - A based on seed before k rescaling:
2026-01-13 23:52:16,572 - INFO - -0.46+(  0.00)   0.51+(  0.00)
2026-01-13 23:52:16,572 - INFO - 0.51+(  0.00)  -0.90+(  0.00)
2026-01-13 23:52:16,573 - INFO - actual kappa:
2026-01-13 23:52:16,573 - INFO - 32.00000000000003
2026-01-13 23:52:16,573 - INFO - msystem.d is 2.2294602493270266 and msystem.X is 8.917840997408106
2026-01-13 23:52:16,573 - INFO - Done.
2026-01-13 23:52:16,573 - INFO - A0 (original matrix):
2026-01-13 23:52:16,573 - INFO - 22.63+(  0.00)  14.23+(  0.00)
2026-01-13 23:52:16,573 - INFO - 14.23+(  0.00)  10.37+(  0.00)
2026-01-13 23:52:16,573 - INFO - A (expanded/normalized system matrix):
2026-01-13 23:52:16,573 - INFO - 4.46+(  0.00)   1.40+(  0.00)
2026-01-13 23:52:16,573 - INFO - 1.40+(  0.00)   3.25+(  0.00)
2026-01-13 23:52:16,574 - INFO - b =
2026-01-13 23:52:16,574 - INFO - [(0.8136775708895275+0j), (0.5813164462075006+0j)]
2026-01-13 23:52:16,574 - INFO - Initializing...
2026-01-13 23:52:16,601 - INFO - T0 built
2026-01-13 23:52:16,664 - INFO - W built
2026-01-13 23:52:17,043 - INFO - QPE built
2026-01-13 23:52:17,045 - INFO - 2.2294602491040805
2026-01-13 23:52:17,048 - INFO - Rc built
2026-01-13 23:52:17,048 - INFO - Finished initialization.
2026-01-13 23:52:17,048 - INFO - Building circuit...
2026-01-13 23:52:17,049 - INFO - T0 added
2026-01-13 23:52:17,049 - INFO - QPE added
2026-01-13 23:52:17,049 - INFO - Rc added
2026-01-13 23:52:18,108 - INFO - QPE* added
2026-01-13 23:52:18,174 - INFO - T0* added
2026-01-13 23:52:18,174 - INFO - Finished building circuit.
2026-01-13 23:52:18,174 - INFO - Transpiling...
2026-01-13 23:52:23,957 - INFO - Done.
2026-01-13 23:52:23,993 - INFO - Size of transpiled circuit:
2026-01-13 23:52:23,993 - INFO - 20616
2026-01-13 23:52:24,119 - INFO - Depth of transpiled circuit:
2026-01-13 23:52:24,119 - INFO - 20425
2026-01-13 23:52:24,119 - INFO - Number of qubits in circuit:
2026-01-13 23:52:24,119 - INFO - 9
2026-01-13 23:52:24,120 - INFO - Running circuit...
2026-01-13 23:52:28,831 - INFO - Done.
2026-01-13 23:52:28,832 - INFO - C =
2026-01-13 23:52:28,832 - INFO - 2.2294602491040805
2026-01-13 23:52:28,832 - INFO - -------------------------------------------------
2026-01-13 23:52:28,832 - INFO - Solution:
2026-01-13 23:52:28,832 - INFO - b =
2026-01-13 23:52:28,832 - INFO - [(0.8136775708895275+0j), (0.5813164462075006+0j)]
2026-01-13 23:52:28,832 - INFO - raw amplitudes =
2026-01-13 23:52:28,833 - INFO - [-0.44215391+3.39409181e-14j -0.3333177 +2.03704509e-14j]
2026-01-13 23:52:28,833 - INFO - -0.198323 + i(0.000000) -> |x|=0.198323
2026-01-13 23:52:28,833 - INFO - -0.149506 + i(0.000000) -> |x|=0.149506
2026-01-13 23:52:28,833 - INFO - classical solution: [0.05056171+0.j 0.49995133+0.j]
2026-01-13 23:52:28,834 - INFO - ----------------------------
2026-01-13 23:52:28,834 - INFO - Solution Comparison:
2026-01-13 23:52:28,834 - INFO - Quantum |                Classical
2026-01-13 23:52:28,834 - INFO - --------------------------------------------------
2026-01-13 23:52:28,834 - INFO - 0.198323 + i(  0.000000) |   0.050562 + i(  0.000000)
2026-01-13 23:52:28,834 - INFO - 0.149506 + i(  0.000000) |   0.499951 + i(  0.000000)
2026-01-13 23:52:28,834 - INFO - Relative Errors:
2026-01-13 23:52:28,834 - INFO - 2.922401165911093
2026-01-13 23:52:28,834 - INFO - 0.7009588774433688
2026-01-13 23:52:28,834 - INFO - Average Relative Error:
2026-01-13 23:52:28,834 - INFO - 1.811680021677231
2026-01-13 23:52:28,834 - INFO - TVD:
2026-01-13 23:52:28,834 - INFO - 0.5454305743059656
2026-01-13 23:52:29,836 - INFO - --- Resource Monitor ---
2026-01-13 23:52:29,836 - INFO - Memory (RSS): 207.78 MB
2026-01-13 23:52:29,836 - INFO - CPU Usage: 0.0%
2026-01-13 23:52:29,837 - INFO - Threads: 36
2026-01-13 23:52:29,837 - INFO - Miscellaneous items:
2026-01-13 23:52:29,943 - INFO - 2 20616 13.371422
