2026-01-13 23:51:02,111 - INFO - mode: kappatest, dimension: 2, phase: 2, kappa: 64.0, seed: 3
2026-01-13 23:51:02,111 - INFO - Simulator:
2026-01-13 23:51:02,111 - INFO - AerSimulator('aer_simulator_statevector')
2026-01-13 23:51:02,111 - INFO - ('CPU',)
2026-01-13 23:51:02,111 - INFO - Building system...
2026-01-13 23:51:02,112 - INFO - A based on seed before k rescaling:
2026-01-13 23:51:02,112 - INFO - 0.79+(  0.00)   0.45+(  0.00)
2026-01-13 23:51:02,112 - INFO - 0.45+(  0.00)   0.23+(  0.00)
2026-01-13 23:51:02,112 - INFO - actual kappa:
2026-01-13 23:51:02,112 - INFO - 64.0
2026-01-13 23:51:02,112 - INFO - msystem.d is 0.43334161029153573 and msystem.X is 1.733366441266143
2026-01-13 23:51:02,113 - INFO - Done.
2026-01-13 23:51:02,113 - INFO - A0 (original matrix):
2026-01-13 23:51:02,113 - INFO - 49.28+(  0.00)  26.66+(  0.00)
2026-01-13 23:51:02,113 - INFO - 26.66+(  0.00)  15.72+(  0.00)
2026-01-13 23:51:02,113 - INFO - A (expanded/normalized system matrix):
2026-01-13 23:51:02,113 - INFO - 0.87+(  0.00)   0.23+(  0.00)
2026-01-13 23:51:02,113 - INFO - 0.23+(  0.00)   0.57+(  0.00)
2026-01-13 23:51:02,113 - INFO - b =
2026-01-13 23:51:02,113 - INFO - [(0.8774286138554176+0j), (0.47970723111889896+0j)]
2026-01-13 23:51:02,113 - INFO - Initializing...
2026-01-13 23:51:02,140 - INFO - T0 built
2026-01-13 23:51:02,202 - INFO - W built
2026-01-13 23:51:02,573 - INFO - QPE built
2026-01-13 23:51:02,573 - INFO - 0.43334161024820156
2026-01-13 23:51:02,576 - INFO - Rc built
2026-01-13 23:51:02,576 - INFO - Finished initialization.
2026-01-13 23:51:02,576 - INFO - Building circuit...
2026-01-13 23:51:02,577 - INFO - T0 added
2026-01-13 23:51:02,577 - INFO - QPE added
2026-01-13 23:51:02,577 - INFO - Rc added
2026-01-13 23:51:03,679 - INFO - QPE* added
2026-01-13 23:51:03,746 - INFO - T0* added
2026-01-13 23:51:03,746 - INFO - Finished building circuit.
2026-01-13 23:51:03,746 - INFO - Transpiling...
2026-01-13 23:51:09,906 - INFO - Done.
2026-01-13 23:51:09,943 - INFO - Size of transpiled circuit:
2026-01-13 23:51:09,943 - INFO - 20616
2026-01-13 23:51:10,070 - INFO - Depth of transpiled circuit:
2026-01-13 23:51:10,070 - INFO - 20425
2026-01-13 23:51:10,070 - INFO - Number of qubits in circuit:
2026-01-13 23:51:10,070 - INFO - 9
2026-01-13 23:51:10,071 - INFO - Running circuit...
2026-01-13 23:51:14,849 - INFO - Done.
2026-01-13 23:51:14,850 - INFO - C =
2026-01-13 23:51:14,850 - INFO - 0.43334161024820156
2026-01-13 23:51:14,850 - INFO - -------------------------------------------------
2026-01-13 23:51:14,850 - INFO - Solution:
2026-01-13 23:51:14,850 - INFO - b =
2026-01-13 23:51:14,850 - INFO - [(0.8774286138554176+0j), (0.47970723111889896+0j)]
2026-01-13 23:51:14,850 - INFO - raw amplitudes =
2026-01-13 23:51:14,851 - INFO - [-0.5245793+3.90703383e-14j -0.2852061+1.79670813e-14j]
2026-01-13 23:51:14,851 - INFO - -1.210544 + i(0.000000) -> |x|=1.210544
2026-01-13 23:51:14,851 - INFO - -0.658155 + i(0.000000) -> |x|=0.658155
2026-01-13 23:51:14,852 - INFO - classical solution: [1.78862847+0.j 0.43650985+0.j]
2026-01-13 23:51:14,852 - INFO - ----------------------------
2026-01-13 23:51:14,852 - INFO - Solution Comparison:
2026-01-13 23:51:14,852 - INFO - Quantum |                Classical
2026-01-13 23:51:14,852 - INFO - --------------------------------------------------
2026-01-13 23:51:14,852 - INFO - 1.210544 + i( -0.000000) |   1.788628 + i(  0.000000)
2026-01-13 23:51:14,852 - INFO - 0.658155 + i(  0.000000) |   0.436510 + i(  0.000000)
2026-01-13 23:51:14,852 - INFO - Relative Errors:
2026-01-13 23:51:14,853 - INFO - 0.32319958421397
2026-01-13 23:51:14,853 - INFO - 0.5077674613798053
2026-01-13 23:51:14,853 - INFO - Average Relative Error:
2026-01-13 23:51:14,853 - INFO - 0.41548352279688766
2026-01-13 23:51:14,853 - INFO - TVD:
2026-01-13 23:51:14,853 - INFO - 0.166752313208672
2026-01-13 23:51:15,855 - INFO - --- Resource Monitor ---
2026-01-13 23:51:15,856 - INFO - Memory (RSS): 207.80 MB
2026-01-13 23:51:15,856 - INFO - CPU Usage: 1.0%
2026-01-13 23:51:15,856 - INFO - Threads: 36
2026-01-13 23:51:15,857 - INFO - Miscellaneous items:
2026-01-13 23:51:15,965 - INFO - 2 20616 13.853800
