2026-01-13 23:49:47,661 - INFO - mode: kappatest, dimension: 2, phase: 2, kappa: 128.0, seed: 2
2026-01-13 23:49:47,661 - INFO - Simulator:
2026-01-13 23:49:47,661 - INFO - AerSimulator('aer_simulator_statevector')
2026-01-13 23:49:47,661 - INFO - ('CPU',)
2026-01-13 23:49:47,661 - INFO - Building system...
2026-01-13 23:49:47,662 - INFO - A based on seed before k rescaling:
2026-01-13 23:49:47,662 - INFO - 0.72+(  0.00)   0.33+(  0.00)
2026-01-13 23:49:47,662 - INFO - 0.33+(  0.00)   0.62+(  0.00)
2026-01-13 23:49:47,662 - INFO - actual kappa:
2026-01-13 23:49:47,662 - INFO - 128.0000000000009
2026-01-13 23:49:47,662 - INFO - msystem.d is 1.6407342931934574 and msystem.X is 6.56293717287383
2026-01-13 23:49:47,663 - INFO - Done.
2026-01-13 23:49:47,663 - INFO - A0 (original matrix):
2026-01-13 23:49:47,663 - INFO - 74.10+(  0.00)  62.77+(  0.00)
2026-01-13 23:49:47,663 - INFO - 62.77+(  0.00)  54.90+(  0.00)
2026-01-13 23:49:47,663 - INFO - A (expanded/normalized system matrix):
2026-01-13 23:49:47,663 - INFO - 3.28+(  0.00)   1.39+(  0.00)
2026-01-13 23:49:47,663 - INFO - 1.39+(  0.00)   2.86+(  0.00)
2026-01-13 23:49:47,663 - INFO - b =
2026-01-13 23:49:47,663 - INFO - [(-0.761987440403894+0j), (-0.6475918009569934+0j)]
2026-01-13 23:49:47,663 - INFO - Initializing...
2026-01-13 23:49:47,689 - INFO - T0 built
2026-01-13 23:49:47,747 - INFO - W built
2026-01-13 23:49:48,114 - INFO - QPE built
2026-01-13 23:49:48,114 - INFO - 1.640734293029384
2026-01-13 23:49:48,117 - INFO - Rc built
2026-01-13 23:49:48,117 - INFO - Finished initialization.
2026-01-13 23:49:48,117 - INFO - Building circuit...
2026-01-13 23:49:48,118 - INFO - T0 added
2026-01-13 23:49:48,118 - INFO - QPE added
2026-01-13 23:49:48,118 - INFO - Rc added
2026-01-13 23:49:49,188 - INFO - QPE* added
2026-01-13 23:49:49,253 - INFO - T0* added
2026-01-13 23:49:49,253 - INFO - Finished building circuit.
2026-01-13 23:49:49,253 - INFO - Transpiling...
2026-01-13 23:49:55,230 - INFO - Done.
2026-01-13 23:49:55,265 - INFO - Size of transpiled circuit:
2026-01-13 23:49:55,265 - INFO - 20616
2026-01-13 23:49:55,388 - INFO - Depth of transpiled circuit:
2026-01-13 23:49:55,388 - INFO - 20425
2026-01-13 23:49:55,388 - INFO - Number of qubits in circuit:
2026-01-13 23:49:55,388 - INFO - 9
2026-01-13 23:49:55,389 - INFO - Running circuit...
2026-01-13 23:50:00,048 - INFO - Done.
2026-01-13 23:50:00,049 - INFO - C =
2026-01-13 23:50:00,049 - INFO - 1.640734293029384
2026-01-13 23:50:00,049 - INFO - -------------------------------------------------
2026-01-13 23:50:00,049 - INFO - Solution:
2026-01-13 23:50:00,049 - INFO - b =
2026-01-13 23:50:00,049 - INFO - [(-0.761987440403894+0j), (-0.6475918009569934+0j)]
2026-01-13 23:50:00,049 - INFO - raw amplitudes =
2026-01-13 23:50:00,050 - INFO - [0.32140097-2.43682588e-14j 0.26977509-1.63749613e-14j]
2026-01-13 23:50:00,050 - INFO - 0.195888 + i(-0.000000) -> |x|=0.195888
2026-01-13 23:50:00,050 - INFO - 0.164423 + i(-0.000000) -> |x|=0.164423
2026-01-13 23:50:00,051 - INFO - classical solution: [-0.41675785+0.j -0.05626683+0.j]
2026-01-13 23:50:00,051 - INFO - ----------------------------
2026-01-13 23:50:00,051 - INFO - Solution Comparison:
2026-01-13 23:50:00,051 - INFO - Quantum |                Classical
2026-01-13 23:50:00,051 - INFO - --------------------------------------------------
2026-01-13 23:50:00,051 - INFO - -0.195888 + i(  0.000000) |  -0.416758 + i(  0.000000)
2026-01-13 23:50:00,051 - INFO - -0.164423 + i( -0.000000) |  -0.056267 + i(  0.000000)
2026-01-13 23:50:00,051 - INFO - Relative Errors:
2026-01-13 23:50:00,051 - INFO - 0.5299704786341687
2026-01-13 23:50:00,051 - INFO - 1.922208257600503
2026-01-13 23:50:00,052 - INFO - Average Relative Error:
2026-01-13 23:50:00,052 - INFO - 1.226089368117336
2026-01-13 23:50:00,052 - INFO - TVD:
2026-01-13 23:50:00,052 - INFO - 0.36709023156724185
2026-01-13 23:50:01,054 - INFO - --- Resource Monitor ---
2026-01-13 23:50:01,054 - INFO - Memory (RSS): 206.25 MB
2026-01-13 23:50:01,054 - INFO - CPU Usage: 0.0%
2026-01-13 23:50:01,054 - INFO - Threads: 36
2026-01-13 23:50:01,055 - INFO - Miscellaneous items:
2026-01-13 23:50:01,141 - INFO - 2 20616 13.479640
