2026-01-13 23:47:51,946 - INFO - mode: kappatest, dimension: 2, phase: 2, kappa: 32.0, seed: 1
2026-01-13 23:47:51,946 - INFO - Simulator:
2026-01-13 23:47:51,947 - INFO - AerSimulator('aer_simulator_statevector')
2026-01-13 23:47:51,947 - INFO - ('CPU',)
2026-01-13 23:47:51,947 - INFO - Building system...
2026-01-13 23:47:51,947 - INFO - A based on seed before k rescaling:
2026-01-13 23:47:51,947 - INFO - 0.09+(  0.00)  -0.04+(  0.00)
2026-01-13 23:47:51,947 - INFO - -0.04+(  0.00)  -0.01+(  0.00)
2026-01-13 23:47:51,948 - INFO - actual kappa:
2026-01-13 23:47:51,948 - INFO - 32.000000000000014
2026-01-13 23:47:51,948 - INFO - msystem.d is 0.5167465589210967 and msystem.X is 2.0669862357843867
2026-01-13 23:47:51,948 - INFO - Done.
2026-01-13 23:47:51,948 - INFO - A0 (original matrix):
2026-01-13 23:47:51,948 - INFO - 28.69+(  0.00)  -9.57+(  0.00)
2026-01-13 23:47:51,948 - INFO - -9.57+(  0.00)   4.31+(  0.00)
2026-01-13 23:47:51,948 - INFO - A (expanded/normalized system matrix):
2026-01-13 23:47:51,948 - INFO - 1.03+(  0.00)  -0.17+(  0.00)
2026-01-13 23:47:51,948 - INFO - -0.17+(  0.00)   0.59+(  0.00)
2026-01-13 23:47:51,949 - INFO - b =
2026-01-13 23:47:51,949 - INFO - [(0.9448440806684415+0j), (-0.32752047756713987+0j)]
2026-01-13 23:47:51,949 - INFO - Initializing...
2026-01-13 23:47:51,979 - INFO - T0 built
2026-01-13 23:47:52,049 - INFO - W built
2026-01-13 23:47:52,468 - INFO - QPE built
2026-01-13 23:47:52,469 - INFO - 0.516746558869422
2026-01-13 23:47:52,472 - INFO - Rc built
2026-01-13 23:47:52,472 - INFO - Finished initialization.
2026-01-13 23:47:52,472 - INFO - Building circuit...
2026-01-13 23:47:52,472 - INFO - T0 added
2026-01-13 23:47:52,473 - INFO - QPE added
2026-01-13 23:47:52,473 - INFO - Rc added
2026-01-13 23:47:53,531 - INFO - QPE* added
2026-01-13 23:47:53,592 - INFO - T0* added
2026-01-13 23:47:53,593 - INFO - Finished building circuit.
2026-01-13 23:47:53,593 - INFO - Transpiling...
2026-01-13 23:47:59,376 - INFO - Done.
2026-01-13 23:47:59,419 - INFO - Size of transpiled circuit:
2026-01-13 23:47:59,419 - INFO - 21192
2026-01-13 23:47:59,558 - INFO - Depth of transpiled circuit:
2026-01-13 23:47:59,558 - INFO - 21049
2026-01-13 23:47:59,559 - INFO - Number of qubits in circuit:
2026-01-13 23:47:59,559 - INFO - 9
2026-01-13 23:47:59,559 - INFO - Running circuit...
2026-01-13 23:48:04,290 - INFO - Done.
2026-01-13 23:48:04,290 - INFO - C =
2026-01-13 23:48:04,290 - INFO - 0.516746558869422
2026-01-13 23:48:04,291 - INFO - -------------------------------------------------
2026-01-13 23:48:04,291 - INFO - Solution:
2026-01-13 23:48:04,291 - INFO - b =
2026-01-13 23:48:04,291 - INFO - [(0.9448440806684415+0j), (-0.32752047756713987+0j)]
2026-01-13 23:48:04,291 - INFO - raw amplitudes =
2026-01-13 23:48:04,291 - INFO - [-0.62565253+4.04434894e-14j  0.21711296-1.46951265e-14j]
2026-01-13 23:48:04,291 - INFO - -1.210753 + i(0.000000) -> |x|=1.210753
2026-01-13 23:48:04,291 - INFO - 0.420154 + i(-0.000000) -> |x|=0.420154
2026-01-13 23:48:04,292 - INFO - classical solution: [ 1.62434536+0.j -0.61175641+0.j]
2026-01-13 23:48:04,292 - INFO - ----------------------------
2026-01-13 23:48:04,292 - INFO - Solution Comparison:
2026-01-13 23:48:04,292 - INFO - Quantum |                Classical
2026-01-13 23:48:04,292 - INFO - --------------------------------------------------
2026-01-13 23:48:04,292 - INFO - 1.210753 + i( -0.000000) |   1.624345 + i(  0.000000)
2026-01-13 23:48:04,292 - INFO - -0.420154 + i(  0.000000) |  -0.611756 + i(  0.000000)
2026-01-13 23:48:04,292 - INFO - Relative Errors:
2026-01-13 23:48:04,292 - INFO - 0.25462085135874934
2026-01-13 23:48:04,292 - INFO - 0.3132010464105781
2026-01-13 23:48:04,293 - INFO - Average Relative Error:
2026-01-13 23:48:04,293 - INFO - 0.2839109488846637
2026-01-13 23:48:04,293 - INFO - TVD:
2026-01-13 23:48:04,293 - INFO - 0.016756348842233704
2026-01-13 23:48:05,295 - INFO - --- Resource Monitor ---
2026-01-13 23:48:05,295 - INFO - Memory (RSS): 204.32 MB
2026-01-13 23:48:05,295 - INFO - CPU Usage: 0.0%
2026-01-13 23:48:05,296 - INFO - Threads: 36
2026-01-13 23:48:05,296 - INFO - Miscellaneous items:
2026-01-13 23:48:05,407 - INFO - 2 21192 13.461032
