2026-01-13 23:47:07,484 - INFO - mode: kappatest, dimension: 2, phase: 2, kappa: 4.0, seed: 1
2026-01-13 23:47:07,485 - INFO - Simulator:
2026-01-13 23:47:07,485 - INFO - AerSimulator('aer_simulator_statevector')
2026-01-13 23:47:07,485 - INFO - ('CPU',)
2026-01-13 23:47:07,485 - INFO - Building system...
2026-01-13 23:47:07,485 - INFO - A based on seed before k rescaling:
2026-01-13 23:47:07,485 - INFO - -0.98+(  0.00)   0.23+(  0.00)
2026-01-13 23:47:07,486 - INFO - 0.23+(  0.00)   0.12+(  0.00)
2026-01-13 23:47:07,486 - INFO - actual kappa:
2026-01-13 23:47:07,486 - INFO - 4.000000000000001
2026-01-13 23:47:07,486 - INFO - msystem.d is 1.8944908147842603 and msystem.X is 7.577963259237041
2026-01-13 23:47:07,486 - INFO - Done.
2026-01-13 23:47:07,486 - INFO - A0 (original matrix):
2026-01-13 23:47:07,486 - INFO - 1.11+(  0.00)   0.58+(  0.00)
2026-01-13 23:47:07,486 - INFO - 0.58+(  0.00)   3.89+(  0.00)
2026-01-13 23:47:07,486 - INFO - A (expanded/normalized system matrix):
2026-01-13 23:47:07,486 - INFO - 2.44+(  0.00)   0.28+(  0.00)
2026-01-13 23:47:07,487 - INFO - 0.28+(  0.00)   3.79+(  0.00)
2026-01-13 23:47:07,487 - INFO - b =
2026-01-13 23:47:07,487 - INFO - [(0.7113440063966062+0j), (-0.7028440115442578+0j)]
2026-01-13 23:47:07,487 - INFO - Initializing...
2026-01-13 23:47:07,515 - INFO - T0 built
2026-01-13 23:47:07,578 - INFO - W built
2026-01-13 23:47:07,980 - INFO - QPE built
2026-01-13 23:47:07,980 - INFO - 1.8944908145948112
2026-01-13 23:47:07,983 - INFO - Rc built
2026-01-13 23:47:07,983 - INFO - Finished initialization.
2026-01-13 23:47:07,983 - INFO - Building circuit...
2026-01-13 23:47:07,984 - INFO - T0 added
2026-01-13 23:47:07,984 - INFO - QPE added
2026-01-13 23:47:07,984 - INFO - Rc added
2026-01-13 23:47:09,072 - INFO - QPE* added
2026-01-13 23:47:09,136 - INFO - T0* added
2026-01-13 23:47:09,137 - INFO - Finished building circuit.
2026-01-13 23:47:09,137 - INFO - Transpiling...
2026-01-13 23:47:15,259 - INFO - Done.
2026-01-13 23:47:15,295 - INFO - Size of transpiled circuit:
2026-01-13 23:47:15,296 - INFO - 20616
2026-01-13 23:47:15,422 - INFO - Depth of transpiled circuit:
2026-01-13 23:47:15,422 - INFO - 20425
2026-01-13 23:47:15,422 - INFO - Number of qubits in circuit:
2026-01-13 23:47:15,422 - INFO - 9
2026-01-13 23:47:15,423 - INFO - Running circuit...
2026-01-13 23:47:20,027 - INFO - Done.
2026-01-13 23:47:20,027 - INFO - C =
2026-01-13 23:47:20,028 - INFO - 1.8944908145948112
2026-01-13 23:47:20,028 - INFO - -------------------------------------------------
2026-01-13 23:47:20,028 - INFO - Solution:
2026-01-13 23:47:20,028 - INFO - b =
2026-01-13 23:47:20,028 - INFO - [(0.7113440063966062+0j), (-0.7028440115442578+0j)]
2026-01-13 23:47:20,028 - INFO - raw amplitudes =
2026-01-13 23:47:20,028 - INFO - [-0.65154918+4.64368100e-14j  0.5173511 -3.64469938e-14j]
2026-01-13 23:47:20,028 - INFO - -0.343918 + i(0.000000) -> |x|=0.343918
2026-01-13 23:47:20,028 - INFO - 0.273082 + i(-0.000000) -> |x|=0.273082
2026-01-13 23:47:20,029 - INFO - classical solution: [ 1.62434536+0.j -0.61175641+0.j]
2026-01-13 23:47:20,029 - INFO - ----------------------------
2026-01-13 23:47:20,029 - INFO - Solution Comparison:
2026-01-13 23:47:20,029 - INFO - Quantum |                Classical
2026-01-13 23:47:20,029 - INFO - --------------------------------------------------
2026-01-13 23:47:20,029 - INFO - 0.343918 + i( -0.000000) |   1.624345 + i(  0.000000)
2026-01-13 23:47:20,029 - INFO - -0.273082 + i( -0.000000) |  -0.611756 + i(  0.000000)
2026-01-13 23:47:20,029 - INFO - Relative Errors:
2026-01-13 23:47:20,029 - INFO - 0.7882729605573712
2026-01-13 23:47:20,029 - INFO - 0.5536101145882042
2026-01-13 23:47:20,029 - INFO - Average Relative Error:
2026-01-13 23:47:20,030 - INFO - 0.6709415375727876
2026-01-13 23:47:20,030 - INFO - TVD:
2026-01-13 23:47:20,030 - INFO - 0.2110392541192734
2026-01-13 23:47:21,031 - INFO - --- Resource Monitor ---
2026-01-13 23:47:21,031 - INFO - Memory (RSS): 207.80 MB
2026-01-13 23:47:21,031 - INFO - CPU Usage: 0.0%
2026-01-13 23:47:21,032 - INFO - Threads: 36
2026-01-13 23:47:21,032 - INFO - Miscellaneous items:
2026-01-13 23:47:21,133 - INFO - 2 20616 13.648972
