2026-01-13 23:48:49,507 - INFO - mode: kappatest, dimension: 2, phase: 2, kappa: 8.0, seed: 2
2026-01-13 23:48:49,507 - INFO - Simulator:
2026-01-13 23:48:49,507 - INFO - AerSimulator('aer_simulator_statevector')
2026-01-13 23:48:49,507 - INFO - ('CPU',)
2026-01-13 23:48:49,507 - INFO - Building system...
2026-01-13 23:48:49,508 - INFO - A based on seed before k rescaling:
2026-01-13 23:48:49,508 - INFO - 0.66+(  0.00)  -0.42+(  0.00)
2026-01-13 23:48:49,508 - INFO - -0.42+(  0.00)  -0.44+(  0.00)
2026-01-13 23:48:49,508 - INFO - actual kappa:
2026-01-13 23:48:49,508 - INFO - 8.000000000000004
2026-01-13 23:48:49,508 - INFO - msystem.d is 2.4107060144267343 and msystem.X is 9.642824057806937
2026-01-13 23:48:49,509 - INFO - Done.
2026-01-13 23:48:49,509 - INFO - A0 (original matrix):
2026-01-13 23:48:49,509 - INFO - 7.27+(  0.00)  -2.14+(  0.00)
2026-01-13 23:48:49,509 - INFO - -2.14+(  0.00)   1.73+(  0.00)
2026-01-13 23:48:49,509 - INFO - A (expanded/normalized system matrix):
2026-01-13 23:48:49,509 - INFO - 4.82+(  0.00)  -0.71+(  0.00)
2026-01-13 23:48:49,509 - INFO - -0.71+(  0.00)   2.98+(  0.00)
2026-01-13 23:48:49,509 - INFO - b =
2026-01-13 23:48:49,509 - INFO - [(-0.9648520213981502+0j), (0.2627937914104961+0j)]
2026-01-13 23:48:49,509 - INFO - Initializing...
2026-01-13 23:48:49,535 - INFO - T0 built
2026-01-13 23:48:49,595 - INFO - W built
2026-01-13 23:48:49,964 - INFO - QPE built
2026-01-13 23:48:49,964 - INFO - 2.4107060141856635
2026-01-13 23:48:49,967 - INFO - Rc built
2026-01-13 23:48:49,967 - INFO - Finished initialization.
2026-01-13 23:48:49,967 - INFO - Building circuit...
2026-01-13 23:48:49,968 - INFO - T0 added
2026-01-13 23:48:49,968 - INFO - QPE added
2026-01-13 23:48:49,968 - INFO - Rc added
2026-01-13 23:48:50,965 - INFO - QPE* added
2026-01-13 23:48:51,027 - INFO - T0* added
2026-01-13 23:48:51,027 - INFO - Finished building circuit.
2026-01-13 23:48:51,027 - INFO - Transpiling...
2026-01-13 23:48:56,997 - INFO - Done.
2026-01-13 23:48:57,041 - INFO - Size of transpiled circuit:
2026-01-13 23:48:57,041 - INFO - 21192
2026-01-13 23:48:57,176 - INFO - Depth of transpiled circuit:
2026-01-13 23:48:57,176 - INFO - 21049
2026-01-13 23:48:57,176 - INFO - Number of qubits in circuit:
2026-01-13 23:48:57,176 - INFO - 9
2026-01-13 23:48:57,177 - INFO - Running circuit...
2026-01-13 23:49:01,882 - INFO - Done.
2026-01-13 23:49:01,883 - INFO - C =
2026-01-13 23:49:01,883 - INFO - 2.4107060141856635
2026-01-13 23:49:01,883 - INFO - -------------------------------------------------
2026-01-13 23:49:01,883 - INFO - Solution:
2026-01-13 23:49:01,883 - INFO - b =
2026-01-13 23:49:01,883 - INFO - [(-0.9648520213981502+0j), (0.2627937914104961+0j)]
2026-01-13 23:49:01,883 - INFO - raw amplitudes =
2026-01-13 23:49:01,883 - INFO - [ 0.64877905-4.25890237e-14j -0.16125887+1.07664609e-14j]
2026-01-13 23:49:01,884 - INFO - 0.269124 + i(-0.000000) -> |x|=0.269124
2026-01-13 23:49:01,884 - INFO - -0.066893 + i(0.000000) -> |x|=0.066893
2026-01-13 23:49:01,884 - INFO - classical solution: [-0.41675785+0.j -0.05626683+0.j]
2026-01-13 23:49:01,884 - INFO - ----------------------------
2026-01-13 23:49:01,884 - INFO - Solution Comparison:
2026-01-13 23:49:01,884 - INFO - Quantum |                Classical
2026-01-13 23:49:01,884 - INFO - --------------------------------------------------
2026-01-13 23:49:01,884 - INFO - -0.269124 + i(  0.000000) |  -0.416758 + i(  0.000000)
2026-01-13 23:49:01,884 - INFO - 0.066893 + i( -0.000000) |  -0.056267 + i(  0.000000)
2026-01-13 23:49:01,884 - INFO - Relative Errors:
2026-01-13 23:49:01,885 - INFO - 0.3542435109042201
2026-01-13 23:49:01,885 - INFO - 2.1888496670737467
2026-01-13 23:49:01,885 - INFO - Average Relative Error:
2026-01-13 23:49:01,885 - INFO - 1.2715465889889834
2026-01-13 23:49:01,885 - INFO - TVD:
2026-01-13 23:49:01,885 - INFO - 0.19777625040440378
2026-01-13 23:49:02,887 - INFO - --- Resource Monitor ---
2026-01-13 23:49:02,887 - INFO - Memory (RSS): 204.36 MB
2026-01-13 23:49:02,887 - INFO - CPU Usage: 0.0%
2026-01-13 23:49:02,888 - INFO - Threads: 36
2026-01-13 23:49:02,888 - INFO - Miscellaneous items:
2026-01-13 23:49:02,989 - INFO - 2 21192 13.482529
