2026-01-13 23:52:31,151 - INFO - mode: kappatest, dimension: 2, phase: 2, kappa: 64.0, seed: 4
2026-01-13 23:52:31,151 - INFO - Simulator:
2026-01-13 23:52:31,151 - INFO - AerSimulator('aer_simulator_statevector')
2026-01-13 23:52:31,151 - INFO - ('CPU',)
2026-01-13 23:52:31,152 - INFO - Building system...
2026-01-13 23:52:31,152 - INFO - A based on seed before k rescaling:
2026-01-13 23:52:31,152 - INFO - -0.74+(  0.00)   0.45+(  0.00)
2026-01-13 23:52:31,152 - INFO - 0.45+(  0.00)   0.83+(  0.00)
2026-01-13 23:52:31,152 - INFO - actual kappa:
2026-01-13 23:52:31,153 - INFO - 63.99999999999997
2026-01-13 23:52:31,153 - INFO - msystem.d is 1.8832025918485444 and msystem.X is 7.532810367494178
2026-01-13 23:52:31,153 - INFO - Done.
2026-01-13 23:52:31,153 - INFO - A0 (original matrix):
2026-01-13 23:52:31,153 - INFO - 5.22+(  0.00)  15.75+(  0.00)
2026-01-13 23:52:31,153 - INFO - 15.75+(  0.00)  59.78+(  0.00)
2026-01-13 23:52:31,153 - INFO - A (expanded/normalized system matrix):
2026-01-13 23:52:31,153 - INFO - 2.05+(  0.00)   0.50+(  0.00)
2026-01-13 23:52:31,153 - INFO - 0.50+(  0.00)   3.77+(  0.00)
2026-01-13 23:52:31,153 - INFO - b =
2026-01-13 23:52:31,153 - INFO - [(0.25632135198297573+0j), (0.9665916224122882+0j)]
2026-01-13 23:52:31,153 - INFO - Initializing...
2026-01-13 23:52:31,181 - INFO - T0 built
2026-01-13 23:52:31,244 - INFO - W built
2026-01-13 23:52:31,626 - INFO - QPE built
2026-01-13 23:52:31,626 - INFO - 1.8832025916602242
2026-01-13 23:52:31,629 - INFO - Rc built
2026-01-13 23:52:31,629 - INFO - Finished initialization.
2026-01-13 23:52:31,629 - INFO - Building circuit...
2026-01-13 23:52:31,630 - INFO - T0 added
2026-01-13 23:52:31,630 - INFO - QPE added
2026-01-13 23:52:31,630 - INFO - Rc added
2026-01-13 23:52:32,699 - INFO - QPE* added
2026-01-13 23:52:32,765 - INFO - T0* added
2026-01-13 23:52:32,765 - INFO - Finished building circuit.
2026-01-13 23:52:32,765 - INFO - Transpiling...
2026-01-13 23:52:38,902 - INFO - Done.
2026-01-13 23:52:38,938 - INFO - Size of transpiled circuit:
2026-01-13 23:52:38,938 - INFO - 20616
2026-01-13 23:52:39,059 - INFO - Depth of transpiled circuit:
2026-01-13 23:52:39,059 - INFO - 20425
2026-01-13 23:52:39,059 - INFO - Number of qubits in circuit:
2026-01-13 23:52:39,059 - INFO - 9
2026-01-13 23:52:39,060 - INFO - Running circuit...
2026-01-13 23:52:43,661 - INFO - Done.
2026-01-13 23:52:43,662 - INFO - C =
2026-01-13 23:52:43,662 - INFO - 1.8832025916602242
2026-01-13 23:52:43,662 - INFO - -------------------------------------------------
2026-01-13 23:52:43,662 - INFO - Solution:
2026-01-13 23:52:43,662 - INFO - b =
2026-01-13 23:52:43,662 - INFO - [(0.25632135198297573+0j), (0.9665916224122882+0j)]
2026-01-13 23:52:43,662 - INFO - raw amplitudes =
2026-01-13 23:52:43,663 - INFO - [-0.17296818+1.12759939e-14j -0.65473509+4.36510391e-14j]
2026-01-13 23:52:43,663 - INFO - -0.091848 + i(0.000000) -> |x|=0.091848
2026-01-13 23:52:43,663 - INFO - -0.347671 + i(0.000000) -> |x|=0.347671
2026-01-13 23:52:43,663 - INFO - classical solution: [0.05056171+0.j 0.49995133+0.j]
2026-01-13 23:52:43,663 - INFO - ----------------------------
2026-01-13 23:52:43,664 - INFO - Solution Comparison:
2026-01-13 23:52:43,664 - INFO - Quantum |                Classical
2026-01-13 23:52:43,664 - INFO - --------------------------------------------------
2026-01-13 23:52:43,664 - INFO - 0.091848 + i(  0.000000) |   0.050562 + i(  0.000000)
2026-01-13 23:52:43,664 - INFO - 0.347671 + i( -0.000000) |   0.499951 + i(  0.000000)
2026-01-13 23:52:43,664 - INFO - Relative Errors:
2026-01-13 23:52:43,664 - INFO - 0.8165503419736213
2026-01-13 23:52:43,664 - INFO - 0.30459013930211953
2026-01-13 23:52:43,664 - INFO - Average Relative Error:
2026-01-13 23:52:43,664 - INFO - 0.5605702406378704
2026-01-13 23:52:43,664 - INFO - TVD:
2026-01-13 23:52:43,664 - INFO - 0.09144594192772736
2026-01-13 23:52:44,665 - INFO - --- Resource Monitor ---
2026-01-13 23:52:44,666 - INFO - Memory (RSS): 207.92 MB
2026-01-13 23:52:44,666 - INFO - CPU Usage: 0.0%
2026-01-13 23:52:44,666 - INFO - Threads: 36
2026-01-13 23:52:44,667 - INFO - Miscellaneous items:
2026-01-13 23:52:44,763 - INFO - 2 20616 13.611426
