2026-01-13 23:48:06,566 - INFO - mode: kappatest, dimension: 2, phase: 2, kappa: 64.0, seed: 1
2026-01-13 23:48:06,566 - INFO - Simulator:
2026-01-13 23:48:06,566 - INFO - AerSimulator('aer_simulator_statevector')
2026-01-13 23:48:06,567 - INFO - ('CPU',)
2026-01-13 23:48:06,567 - INFO - Building system...
2026-01-13 23:48:06,567 - INFO - A based on seed before k rescaling:
2026-01-13 23:48:06,567 - INFO - -0.13+(  0.00)   0.60+(  0.00)
2026-01-13 23:48:06,567 - INFO - 0.60+(  0.00)   0.10+(  0.00)
2026-01-13 23:48:06,568 - INFO - actual kappa:
2026-01-13 23:48:06,568 - INFO - 64.0000000000001
2026-01-13 23:48:06,568 - INFO - msystem.d is 1.076260503591358 and msystem.X is 4.305042014465432
2026-01-13 23:48:06,568 - INFO - Done.
2026-01-13 23:48:06,568 - INFO - A0 (original matrix):
2026-01-13 23:48:06,568 - INFO - 26.42+(  0.00)  30.91+(  0.00)
2026-01-13 23:48:06,568 - INFO - 30.91+(  0.00)  38.58+(  0.00)
2026-01-13 23:48:06,568 - INFO - A (expanded/normalized system matrix):
2026-01-13 23:48:06,568 - INFO - 1.81+(  0.00)   0.86+(  0.00)
2026-01-13 23:48:06,568 - INFO - 0.86+(  0.00)   2.15+(  0.00)
2026-01-13 23:48:06,568 - INFO - b =
2026-01-13 23:48:06,568 - INFO - [(0.6700050224975164+0j), (0.7423565651545777+0j)]
2026-01-13 23:48:06,568 - INFO - Initializing...
2026-01-13 23:48:06,595 - INFO - T0 built
2026-01-13 23:48:06,656 - INFO - W built
2026-01-13 23:48:07,039 - INFO - QPE built
2026-01-13 23:48:07,039 - INFO - 1.0762605034837318
2026-01-13 23:48:07,042 - INFO - Rc built
2026-01-13 23:48:07,042 - INFO - Finished initialization.
2026-01-13 23:48:07,042 - INFO - Building circuit...
2026-01-13 23:48:07,043 - INFO - T0 added
2026-01-13 23:48:07,043 - INFO - QPE added
2026-01-13 23:48:07,043 - INFO - Rc added
2026-01-13 23:48:08,110 - INFO - QPE* added
2026-01-13 23:48:08,173 - INFO - T0* added
2026-01-13 23:48:08,173 - INFO - Finished building circuit.
2026-01-13 23:48:08,173 - INFO - Transpiling...
2026-01-13 23:48:13,986 - INFO - Done.
2026-01-13 23:48:14,045 - INFO - Size of transpiled circuit:
2026-01-13 23:48:14,045 - INFO - 20616
2026-01-13 23:48:14,192 - INFO - Depth of transpiled circuit:
2026-01-13 23:48:14,192 - INFO - 20425
2026-01-13 23:48:14,192 - INFO - Number of qubits in circuit:
2026-01-13 23:48:14,192 - INFO - 9
2026-01-13 23:48:14,193 - INFO - Running circuit...
2026-01-13 23:48:18,757 - INFO - Done.
2026-01-13 23:48:18,757 - INFO - C =
2026-01-13 23:48:18,757 - INFO - 1.0762605034837318
2026-01-13 23:48:18,757 - INFO - -------------------------------------------------
2026-01-13 23:48:18,757 - INFO - Solution:
2026-01-13 23:48:18,757 - INFO - b =
2026-01-13 23:48:18,757 - INFO - [(0.6700050224975164+0j), (0.7423565651545777+0j)]
2026-01-13 23:48:18,757 - INFO - raw amplitudes =
2026-01-13 23:48:18,758 - INFO - [-0.31850491+2.36776616e-14j -0.32042905+2.14157000e-14j]
2026-01-13 23:48:18,758 - INFO - -0.295937 + i(0.000000) -> |x|=0.295937
2026-01-13 23:48:18,758 - INFO - -0.297724 + i(0.000000) -> |x|=0.297724
2026-01-13 23:48:18,759 - INFO - classical solution: [ 1.62434536+0.j -0.61175641-0.j]
2026-01-13 23:48:18,759 - INFO - ----------------------------
2026-01-13 23:48:18,759 - INFO - Solution Comparison:
2026-01-13 23:48:18,759 - INFO - Quantum |                Classical
2026-01-13 23:48:18,759 - INFO - --------------------------------------------------
2026-01-13 23:48:18,759 - INFO - 0.295937 + i( -0.000000) |   1.624345 + i(  0.000000)
2026-01-13 23:48:18,759 - INFO - 0.297724 + i(  0.000000) |  -0.611756 + i( -0.000000)
2026-01-13 23:48:18,759 - INFO - Relative Errors:
2026-01-13 23:48:18,759 - INFO - 0.8178117539054242
2026-01-13 23:48:18,759 - INFO - 1.4866715429576063
2026-01-13 23:48:18,759 - INFO - Average Relative Error:
2026-01-13 23:48:18,759 - INFO - 1.1522416484315152
2026-01-13 23:48:18,759 - INFO - TVD:
2026-01-13 23:48:18,759 - INFO - 0.6462697380151745
2026-01-13 23:48:19,761 - INFO - --- Resource Monitor ---
2026-01-13 23:48:19,762 - INFO - Memory (RSS): 207.68 MB
2026-01-13 23:48:19,762 - INFO - CPU Usage: 0.0%
2026-01-13 23:48:19,762 - INFO - Threads: 36
2026-01-13 23:48:19,762 - INFO - Miscellaneous items:
2026-01-13 23:48:19,847 - INFO - 2 20616 13.280939
