2026-02-07 01:57:15,823 - INFO - mode: kappatest2, dimension: 2, phase: 2, kappa: 15.0, seed: 42
2026-02-07 01:57:15,823 - INFO - Simulator:
2026-02-07 01:57:15,823 - INFO - AerSimulator('aer_simulator_statevector')
2026-02-07 01:57:15,823 - INFO - ('CPU',)
2026-02-07 01:57:15,823 - INFO - Building system...
2026-02-07 01:57:15,823 - INFO - msystem.d is 3.0 and msystem.X is 2.0000000001
2026-02-07 01:57:15,823 - INFO - Done.
2026-02-07 01:57:15,823 - INFO - A0 (original matrix):
2026-02-07 01:57:15,823 - INFO - -2.00+(  0.00)   1.00+(  0.00)
2026-02-07 01:57:15,823 - INFO - 1.00+(  0.00)  -2.00+(  0.00)
2026-02-07 01:57:15,824 - INFO - A (expanded/normalized system matrix):
2026-02-07 01:57:15,824 - INFO - 1.00+(  0.00)   1.00+(  0.00)
2026-02-07 01:57:15,824 - INFO - 1.00+(  0.00)   1.00+(  0.00)
2026-02-07 01:57:15,824 - INFO - b =
2026-02-07 01:57:15,824 - INFO - [1.0, 0.0]
2026-02-07 01:57:15,824 - INFO - Initializing...
2026-02-07 01:57:15,847 - INFO - T0 built
2026-02-07 01:57:15,892 - INFO - W built
2026-02-07 01:57:16,175 - INFO - QPE built
2026-02-07 01:57:16,175 - INFO - 0.9999999998
2026-02-07 01:57:16,177 - INFO - Rc built
2026-02-07 01:57:16,177 - INFO - Finished initialization.
2026-02-07 01:57:16,177 - INFO - Building circuit...
2026-02-07 01:57:16,178 - INFO - T0 added
2026-02-07 01:57:16,178 - INFO - QPE added
2026-02-07 01:57:16,178 - INFO - Rc added
2026-02-07 01:57:16,932 - INFO - QPE* added
2026-02-07 01:57:16,979 - INFO - T0* added
2026-02-07 01:57:16,979 - INFO - Finished building circuit.
2026-02-07 01:57:16,979 - INFO - Transpiling...
2026-02-07 01:57:21,675 - INFO - Done.
2026-02-07 01:57:21,700 - INFO - Size of transpiled circuit:
2026-02-07 01:57:21,700 - INFO - 20616
2026-02-07 01:57:21,786 - INFO - Depth of transpiled circuit:
2026-02-07 01:57:21,786 - INFO - 20425
2026-02-07 01:57:21,786 - INFO - Number of qubits in circuit:
2026-02-07 01:57:21,786 - INFO - 9
2026-02-07 01:57:21,786 - INFO - Running circuit...
2026-02-07 01:57:25,178 - INFO - Done.
2026-02-07 01:57:25,178 - INFO - C =
2026-02-07 01:57:25,178 - INFO - 0.9999999998
2026-02-07 01:57:25,178 - INFO - -------------------------------------------------
2026-02-07 01:57:25,178 - INFO - Solution:
2026-02-07 01:57:25,178 - INFO - b =
2026-02-07 01:57:25,178 - INFO - [1.0, 0.0]
2026-02-07 01:57:25,178 - INFO - raw amplitudes =
2026-02-07 01:57:25,178 - INFO - [-0.66666667+5.52498568e-14j -0.33333333+2.67381405e-14j]
2026-02-07 01:57:25,179 - INFO - -0.666667 + i(0.000000) -> |x|=0.666667
2026-02-07 01:57:25,179 - INFO - -0.333333 + i(0.000000) -> |x|=0.333333
2026-02-07 01:57:25,184 - INFO - classical solution: [-0.66666667-0.j -0.33333333-0.j]
2026-02-07 01:57:25,185 - INFO - ----------------------------
2026-02-07 01:57:25,185 - INFO - Solution Comparison:
2026-02-07 01:57:25,185 - INFO - Quantum |                Classical
2026-02-07 01:57:25,185 - INFO - --------------------------------------------------
2026-02-07 01:57:25,185 - INFO - -0.666667 + i(  0.000000) |  -0.666667 + i( -0.000000)
2026-02-07 01:57:25,185 - INFO - -0.333333 + i( -0.000000) |  -0.333333 + i( -0.000000)
2026-02-07 01:57:25,185 - INFO - Relative Errors:
2026-02-07 01:57:25,185 - INFO - 1.0021095064914312e-11
2026-02-07 01:57:25,185 - INFO - 2.002975580467758e-11
2026-02-07 01:57:25,185 - INFO - Average Relative Error:
2026-02-07 01:57:25,185 - INFO - 1.5025425434795945e-11
2026-02-07 01:57:25,185 - INFO - TVD:
2026-02-07 01:57:25,185 - INFO - 2.685601837750779e-12
2026-02-07 01:57:24,602 - INFO - --- Resource Monitor ---
2026-02-07 01:57:24,603 - INFO - Memory (RSS): 206.50 MB
2026-02-07 01:57:24,603 - INFO - CPU Usage: 0.0%
2026-02-07 01:57:24,603 - INFO - Threads: 36
2026-02-07 01:57:24,604 - INFO - Miscellaneous items:
2026-02-07 01:57:24,636 - INFO - 2 20616 8.813028
