2026-01-13 23:49:04,091 - INFO - mode: kappatest, dimension: 2, phase: 2, kappa: 16.0, seed: 2
2026-01-13 23:49:04,091 - INFO - Simulator:
2026-01-13 23:49:04,091 - INFO - AerSimulator('aer_simulator_statevector')
2026-01-13 23:49:04,091 - INFO - ('CPU',)
2026-01-13 23:49:04,091 - INFO - Building system...
2026-01-13 23:49:04,091 - INFO - A based on seed before k rescaling:
2026-01-13 23:49:04,092 - INFO - -0.18+(  0.00)  -0.02+(  0.00)
2026-01-13 23:49:04,092 - INFO - -0.02+(  0.00)   0.31+(  0.00)
2026-01-13 23:49:04,092 - INFO - actual kappa:
2026-01-13 23:49:04,092 - INFO - 16.000000000000007
2026-01-13 23:49:04,092 - INFO - msystem.d is 20.259848901014777 and msystem.X is 81.03939560415911
2026-01-13 23:49:04,093 - INFO - Done.
2026-01-13 23:49:04,093 - INFO - A0 (original matrix):
2026-01-13 23:49:04,093 - INFO - 1.02+(  0.00)  -0.52+(  0.00)
2026-01-13 23:49:04,093 - INFO - -0.52+(  0.00)  15.98+(  0.00)
2026-01-13 23:49:04,093 - INFO - A (expanded/normalized system matrix):
2026-01-13 23:49:04,093 - INFO - 21.55+(  0.00)  -0.66+(  0.00)
2026-01-13 23:49:04,093 - INFO - -0.66+(  0.00)  40.52+(  0.00)
2026-01-13 23:49:04,093 - INFO - b =
2026-01-13 23:49:04,093 - INFO - [(-0.5007772438408138+0j), (-0.8655761965599551+0j)]
2026-01-13 23:49:04,093 - INFO - Initializing...
2026-01-13 23:49:04,119 - INFO - T0 built
2026-01-13 23:49:04,179 - INFO - W built
2026-01-13 23:49:04,543 - INFO - QPE built
2026-01-13 23:49:04,544 - INFO - 20.259848898988793
2026-01-13 23:49:04,546 - INFO - Rc built
2026-01-13 23:49:04,547 - INFO - Finished initialization.
2026-01-13 23:49:04,547 - INFO - Building circuit...
2026-01-13 23:49:04,547 - INFO - T0 added
2026-01-13 23:49:04,547 - INFO - QPE added
2026-01-13 23:49:04,547 - INFO - Rc added
2026-01-13 23:49:05,543 - INFO - QPE* added
2026-01-13 23:49:05,604 - INFO - T0* added
2026-01-13 23:49:05,604 - INFO - Finished building circuit.
2026-01-13 23:49:05,604 - INFO - Transpiling...
2026-01-13 23:49:11,267 - INFO - Done.
2026-01-13 23:49:11,311 - INFO - Size of transpiled circuit:
2026-01-13 23:49:11,311 - INFO - 21192
2026-01-13 23:49:11,445 - INFO - Depth of transpiled circuit:
2026-01-13 23:49:11,445 - INFO - 21049
2026-01-13 23:49:11,445 - INFO - Number of qubits in circuit:
2026-01-13 23:49:11,445 - INFO - 9
2026-01-13 23:49:11,445 - INFO - Running circuit...
2026-01-13 23:49:16,216 - INFO - Done.
2026-01-13 23:49:16,216 - INFO - C =
2026-01-13 23:49:16,216 - INFO - 20.259848898988793
2026-01-13 23:49:16,216 - INFO - -------------------------------------------------
2026-01-13 23:49:16,216 - INFO - Solution:
2026-01-13 23:49:16,216 - INFO - b =
2026-01-13 23:49:16,216 - INFO - [(-0.5007772438408138+0j), (-0.8655761965599551+0j)]
2026-01-13 23:49:16,217 - INFO - raw amplitudes =
2026-01-13 23:49:16,217 - INFO - [0.46704391-2.99898747e-14j 0.60963917-4.27254049e-14j]
2026-01-13 23:49:16,217 - INFO - 0.023053 + i(-0.000000) -> |x|=0.023053
2026-01-13 23:49:16,217 - INFO - 0.030091 + i(-0.000000) -> |x|=0.030091
2026-01-13 23:49:16,218 - INFO - classical solution: [-0.41675785+0.j -0.05626683+0.j]
2026-01-13 23:49:16,218 - INFO - ----------------------------
2026-01-13 23:49:16,218 - INFO - Solution Comparison:
2026-01-13 23:49:16,218 - INFO - Quantum |                Classical
2026-01-13 23:49:16,218 - INFO - --------------------------------------------------
2026-01-13 23:49:16,218 - INFO - -0.023053 + i( -0.000000) |  -0.416758 + i(  0.000000)
2026-01-13 23:49:16,218 - INFO - -0.030091 + i(  0.000000) |  -0.056267 + i(  0.000000)
2026-01-13 23:49:16,219 - INFO - Relative Errors:
2026-01-13 23:49:16,219 - INFO - 0.9446856606844549
2026-01-13 23:49:16,219 - INFO - 0.46520882329064683
2026-01-13 23:49:16,219 - INFO - Average Relative Error:
2026-01-13 23:49:16,219 - INFO - 0.7049472419875509
2026-01-13 23:49:16,219 - INFO - TVD:
2026-01-13 23:49:16,219 - INFO - 0.5214440546070984
2026-01-13 23:49:17,221 - INFO - --- Resource Monitor ---
2026-01-13 23:49:17,221 - INFO - Memory (RSS): 204.16 MB
2026-01-13 23:49:17,221 - INFO - CPU Usage: 0.0%
2026-01-13 23:49:17,222 - INFO - Threads: 36
2026-01-13 23:49:17,222 - INFO - Miscellaneous items:
2026-01-13 23:49:17,326 - INFO - 2 21192 13.235114
