2026-01-13 23:48:35,168 - INFO - mode: kappatest, dimension: 2, phase: 2, kappa: 4.0, seed: 2
2026-01-13 23:48:35,169 - INFO - Simulator:
2026-01-13 23:48:35,169 - INFO - AerSimulator('aer_simulator_statevector')
2026-01-13 23:48:35,169 - INFO - ('CPU',)
2026-01-13 23:48:35,169 - INFO - Building system...
2026-01-13 23:48:35,169 - INFO - A based on seed before k rescaling:
2026-01-13 23:48:35,169 - INFO - 0.53+(  0.00)  -0.03+(  0.00)
2026-01-13 23:48:35,169 - INFO - -0.03+(  0.00)   0.36+(  0.00)
2026-01-13 23:48:35,170 - INFO - actual kappa:
2026-01-13 23:48:35,170 - INFO - 3.999999999999999
2026-01-13 23:48:35,170 - INFO - msystem.d is 2.4318914820124435 and msystem.X is 9.727565928149774
2026-01-13 23:48:35,170 - INFO - Done.
2026-01-13 23:48:35,170 - INFO - A0 (original matrix):
2026-01-13 23:48:35,170 - INFO - 3.91+(  0.00)  -0.52+(  0.00)
2026-01-13 23:48:35,170 - INFO - -0.52+(  0.00)   1.09+(  0.00)
2026-01-13 23:48:35,170 - INFO - A (expanded/normalized system matrix):
2026-01-13 23:48:35,171 - INFO - 4.86+(  0.00)  -0.32+(  0.00)
2026-01-13 23:48:35,171 - INFO - -0.32+(  0.00)   3.11+(  0.00)
2026-01-13 23:48:35,171 - INFO - b =
2026-01-13 23:48:35,171 - INFO - [(-0.9953721601462759+0j), (0.0960950717036852+0j)]
2026-01-13 23:48:35,171 - INFO - Initializing...
2026-01-13 23:48:35,197 - INFO - T0 built
2026-01-13 23:48:35,257 - INFO - W built
2026-01-13 23:48:35,622 - INFO - QPE built
2026-01-13 23:48:35,623 - INFO - 2.4318914817692545
2026-01-13 23:48:35,625 - INFO - Rc built
2026-01-13 23:48:35,625 - INFO - Finished initialization.
2026-01-13 23:48:35,626 - INFO - Building circuit...
2026-01-13 23:48:35,626 - INFO - T0 added
2026-01-13 23:48:35,626 - INFO - QPE added
2026-01-13 23:48:35,626 - INFO - Rc added
2026-01-13 23:48:36,611 - INFO - QPE* added
2026-01-13 23:48:36,672 - INFO - T0* added
2026-01-13 23:48:36,672 - INFO - Finished building circuit.
2026-01-13 23:48:36,672 - INFO - Transpiling...
2026-01-13 23:48:42,371 - INFO - Done.
2026-01-13 23:48:42,416 - INFO - Size of transpiled circuit:
2026-01-13 23:48:42,416 - INFO - 21192
2026-01-13 23:48:42,548 - INFO - Depth of transpiled circuit:
2026-01-13 23:48:42,549 - INFO - 21049
2026-01-13 23:48:42,549 - INFO - Number of qubits in circuit:
2026-01-13 23:48:42,549 - INFO - 9
2026-01-13 23:48:42,549 - INFO - Running circuit...
2026-01-13 23:48:47,320 - INFO - Done.
2026-01-13 23:48:47,321 - INFO - C =
2026-01-13 23:48:47,321 - INFO - 2.4318914817692545
2026-01-13 23:48:47,321 - INFO - -------------------------------------------------
2026-01-13 23:48:47,321 - INFO - Solution:
2026-01-13 23:48:47,321 - INFO - b =
2026-01-13 23:48:47,321 - INFO - [(-0.9953721601462759+0j), (0.0960950717036852+0j)]
2026-01-13 23:48:47,321 - INFO - raw amplitudes =
2026-01-13 23:48:47,322 - INFO - [ 0.69198908-4.39725094e-14j -0.05126178+2.93200263e-15j]
2026-01-13 23:48:47,322 - INFO - 0.284548 + i(-0.000000) -> |x|=0.284548
2026-01-13 23:48:47,322 - INFO - -0.021079 + i(0.000000) -> |x|=0.021079
2026-01-13 23:48:47,322 - INFO - classical solution: [-0.41675785+0.j -0.05626683+0.j]
2026-01-13 23:48:47,322 - INFO - ----------------------------
2026-01-13 23:48:47,322 - INFO - Solution Comparison:
2026-01-13 23:48:47,323 - INFO - Quantum |                Classical
2026-01-13 23:48:47,323 - INFO - --------------------------------------------------
2026-01-13 23:48:47,323 - INFO - -0.284548 + i(  0.000000) |  -0.416758 + i(  0.000000)
2026-01-13 23:48:47,323 - INFO - 0.021079 + i(  0.000000) |  -0.056267 + i(  0.000000)
2026-01-13 23:48:47,323 - INFO - Relative Errors:
2026-01-13 23:48:47,323 - INFO - 0.3172349755380153
2026-01-13 23:48:47,323 - INFO - 1.3746252751458579
2026-01-13 23:48:47,323 - INFO - Average Relative Error:
2026-01-13 23:48:47,323 - INFO - 0.8459301253419366
2026-01-13 23:48:47,323 - INFO - TVD:
2026-01-13 23:48:47,323 - INFO - 0.10696600848408569
2026-01-13 23:48:48,325 - INFO - --- Resource Monitor ---
2026-01-13 23:48:48,326 - INFO - Memory (RSS): 204.53 MB
2026-01-13 23:48:48,326 - INFO - CPU Usage: 0.0%
2026-01-13 23:48:48,326 - INFO - Threads: 36
2026-01-13 23:48:48,327 - INFO - Miscellaneous items:
2026-01-13 23:48:48,426 - INFO - 2 21192 13.257565
