2026-01-13 23:50:02,258 - INFO - mode: kappatest, dimension: 2, phase: 2, kappa: 4.0, seed: 3
2026-01-13 23:50:02,259 - INFO - Simulator:
2026-01-13 23:50:02,259 - INFO - AerSimulator('aer_simulator_statevector')
2026-01-13 23:50:02,259 - INFO - ('CPU',)
2026-01-13 23:50:02,259 - INFO - Building system...
2026-01-13 23:50:02,259 - INFO - A based on seed before k rescaling:
2026-01-13 23:50:02,260 - INFO - -0.31+(  0.00)   0.24+(  0.00)
2026-01-13 23:50:02,260 - INFO - 0.24+(  0.00)  -0.72+(  0.00)
2026-01-13 23:50:02,260 - INFO - actual kappa:
2026-01-13 23:50:02,260 - INFO - 4.0
2026-01-13 23:50:02,260 - INFO - msystem.d is 0.48051846664439707 and msystem.X is 1.9220738666775883
2026-01-13 23:50:02,260 - INFO - Done.
2026-01-13 23:50:02,260 - INFO - A0 (original matrix):
2026-01-13 23:50:02,260 - INFO - 3.48+(  0.00)   1.14+(  0.00)
2026-01-13 23:50:02,261 - INFO - 1.14+(  0.00)   1.52+(  0.00)
2026-01-13 23:50:02,261 - INFO - A (expanded/normalized system matrix):
2026-01-13 23:50:02,261 - INFO - 0.96+(  0.00)   0.16+(  0.00)
2026-01-13 23:50:02,261 - INFO - 0.16+(  0.00)   0.69+(  0.00)
2026-01-13 23:50:02,261 - INFO - b =
2026-01-13 23:50:02,261 - INFO - [(0.9280067362074157+0j), (0.3725634141373248+0j)]
2026-01-13 23:50:02,261 - INFO - Initializing...
2026-01-13 23:50:02,287 - INFO - T0 built
2026-01-13 23:50:02,346 - INFO - W built
2026-01-13 23:50:02,716 - INFO - QPE built
2026-01-13 23:50:02,717 - INFO - 0.48051846659634523
2026-01-13 23:50:02,719 - INFO - Rc built
2026-01-13 23:50:02,719 - INFO - Finished initialization.
2026-01-13 23:50:02,720 - INFO - Building circuit...
2026-01-13 23:50:02,720 - INFO - T0 added
2026-01-13 23:50:02,720 - INFO - QPE added
2026-01-13 23:50:02,720 - INFO - Rc added
2026-01-13 23:50:03,737 - INFO - QPE* added
2026-01-13 23:50:03,803 - INFO - T0* added
2026-01-13 23:50:03,803 - INFO - Finished building circuit.
2026-01-13 23:50:03,803 - INFO - Transpiling...
2026-01-13 23:50:09,667 - INFO - Done.
2026-01-13 23:50:09,703 - INFO - Size of transpiled circuit:
2026-01-13 23:50:09,703 - INFO - 20616
2026-01-13 23:50:09,825 - INFO - Depth of transpiled circuit:
2026-01-13 23:50:09,825 - INFO - 20425
2026-01-13 23:50:09,825 - INFO - Number of qubits in circuit:
2026-01-13 23:50:09,825 - INFO - 9
2026-01-13 23:50:09,826 - INFO - Running circuit...
2026-01-13 23:50:14,613 - INFO - Done.
2026-01-13 23:50:14,614 - INFO - C =
2026-01-13 23:50:14,614 - INFO - 0.48051846659634523
2026-01-13 23:50:14,614 - INFO - -------------------------------------------------
2026-01-13 23:50:14,614 - INFO - Solution:
2026-01-13 23:50:14,614 - INFO - b =
2026-01-13 23:50:14,614 - INFO - [(0.9280067362074157+0j), (0.3725634141373248+0j)]
2026-01-13 23:50:14,614 - INFO - raw amplitudes =
2026-01-13 23:50:14,615 - INFO - [-0.60826853+4.40957525e-14j -0.23226563+1.32649074e-14j]
2026-01-13 23:50:14,615 - INFO - -1.265859 + i(0.000000) -> |x|=1.265859
2026-01-13 23:50:14,615 - INFO - -0.483365 + i(0.000000) -> |x|=0.483365
2026-01-13 23:50:14,616 - INFO - classical solution: [1.78862847+0.j 0.43650985+0.j]
2026-01-13 23:50:14,616 - INFO - ----------------------------
2026-01-13 23:50:14,616 - INFO - Solution Comparison:
2026-01-13 23:50:14,616 - INFO - Quantum |                Classical
2026-01-13 23:50:14,616 - INFO - --------------------------------------------------
2026-01-13 23:50:14,616 - INFO - 1.265859 + i(  0.000000) |   1.788628 + i(  0.000000)
2026-01-13 23:50:14,616 - INFO - 0.483365 + i(  0.000000) |   0.436510 + i(  0.000000)
2026-01-13 23:50:14,616 - INFO - Relative Errors:
2026-01-13 23:50:14,616 - INFO - 0.29227404589525463
2026-01-13 23:50:14,616 - INFO - 0.10733954557621894
2026-01-13 23:50:14,616 - INFO - Average Relative Error:
2026-01-13 23:50:14,616 - INFO - 0.1998067957357368
2026-01-13 23:50:14,616 - INFO - TVD:
2026-01-13 23:50:14,617 - INFO - 0.07845742377494873
2026-01-13 23:50:15,618 - INFO - --- Resource Monitor ---
2026-01-13 23:50:15,618 - INFO - Memory (RSS): 207.56 MB
2026-01-13 23:50:15,618 - INFO - CPU Usage: 0.0%
2026-01-13 23:50:15,619 - INFO - Threads: 36
2026-01-13 23:50:15,619 - INFO - Miscellaneous items:
2026-01-13 23:50:15,722 - INFO - 2 20616 13.463352
