2026-02-07 01:58:19,905 - INFO - mode: kappatest2, dimension: 2, phase: 2, kappa: 15.0, seed: 42
2026-02-07 01:58:19,906 - INFO - Simulator:
2026-02-07 01:58:19,906 - INFO - AerSimulator('aer_simulator_statevector')
2026-02-07 01:58:19,906 - INFO - ('CPU',)
2026-02-07 01:58:19,906 - INFO - Building system...
2026-02-07 01:58:19,906 - INFO - msystem.d is 3.0 and msystem.X is 2.0000000001
2026-02-07 01:58:19,906 - INFO - Done.
2026-02-07 01:58:19,906 - INFO - A0 (original matrix):
2026-02-07 01:58:19,906 - INFO - -2.00+(  0.00)   1.00+(  0.00)
2026-02-07 01:58:19,906 - INFO - 1.00+(  0.00)  -2.00+(  0.00)
2026-02-07 01:58:19,906 - INFO - A (expanded/normalized system matrix):
2026-02-07 01:58:19,906 - INFO - 1.00+(  0.00)   1.00+(  0.00)
2026-02-07 01:58:19,906 - INFO - 1.00+(  0.00)   1.00+(  0.00)
2026-02-07 01:58:19,906 - INFO - b =
2026-02-07 01:58:19,906 - INFO - [1.0, 0.0]
2026-02-07 01:58:19,906 - INFO - Initializing...
2026-02-07 01:58:19,925 - INFO - T0 built
2026-02-07 01:58:19,967 - INFO - W built
2026-02-07 01:58:20,243 - INFO - QPE built
2026-02-07 01:58:20,243 - INFO - 0.9999999998
2026-02-07 01:58:20,245 - INFO - Rc built
2026-02-07 01:58:20,245 - INFO - Finished initialization.
2026-02-07 01:58:20,245 - INFO - Building circuit...
2026-02-07 01:58:20,246 - INFO - T0 added
2026-02-07 01:58:20,246 - INFO - QPE added
2026-02-07 01:58:20,246 - INFO - Rc added
2026-02-07 01:58:21,015 - INFO - QPE* added
2026-02-07 01:58:21,072 - INFO - T0* added
2026-02-07 01:58:21,072 - INFO - Finished building circuit.
2026-02-07 01:58:21,072 - INFO - Transpiling...
2026-02-07 01:58:25,641 - INFO - Done.
2026-02-07 01:58:25,667 - INFO - Size of transpiled circuit:
2026-02-07 01:58:25,667 - INFO - 20616
2026-02-07 01:58:25,766 - INFO - Depth of transpiled circuit:
2026-02-07 01:58:25,766 - INFO - 20425
2026-02-07 01:58:25,766 - INFO - Number of qubits in circuit:
2026-02-07 01:58:25,766 - INFO - 9
2026-02-07 01:58:25,767 - INFO - Running circuit...
2026-02-07 01:58:27,687 - INFO - Done.
2026-02-07 01:58:27,687 - INFO - |rp>|r1>|r1w>|r1a>|r2>|r2w>|r2a>|HHL>
2026-02-07 01:58:27,687 - INFO - |00>|0 >|0  >|0>|0 >|0  >|0>|0>   -0.666667   0.000000i
2026-02-07 01:58:27,687 - INFO - |00>|0 >|0  >|0>|0 >|0  >|0>|1>    0.471412  -0.000000i
2026-02-07 01:58:27,687 - INFO - |00>|1 >|0  >|0>|0 >|0  >|0>|0>   -0.333333   0.000000i
2026-02-07 01:58:27,687 - INFO - |00>|1 >|0  >|0>|0 >|0  >|0>|1>   -0.471397   0.000000i
2026-02-07 01:58:27,688 - INFO - C =
2026-02-07 01:58:27,688 - INFO - 0.9999999998
2026-02-07 01:58:27,688 - INFO - -------------------------------------------------
2026-02-07 01:58:27,688 - INFO - Solution:
2026-02-07 01:58:27,688 - INFO - b =
2026-02-07 01:58:27,688 - INFO - [1.0, 0.0]
2026-02-07 01:58:27,688 - INFO - raw amplitudes =
2026-02-07 01:58:27,688 - INFO - [-0.66666667+5.52498568e-14j -0.33333333+2.67381405e-14j]
2026-02-07 01:58:27,688 - INFO - -0.666667 + i(0.000000) -> |x|=0.666667
2026-02-07 01:58:27,688 - INFO - -0.333333 + i(0.000000) -> |x|=0.333333
2026-02-07 01:58:27,689 - INFO - classical solution: [-0.66666667-0.j -0.33333333-0.j]
2026-02-07 01:58:27,689 - INFO - ----------------------------
2026-02-07 01:58:27,689 - INFO - Solution Comparison:
2026-02-07 01:58:27,689 - INFO - Quantum |                Classical
2026-02-07 01:58:27,689 - INFO - --------------------------------------------------
2026-02-07 01:58:27,689 - INFO - -0.666667 + i(  0.000000) |  -0.666667 + i( -0.000000)
2026-02-07 01:58:27,689 - INFO - -0.333333 + i( -0.000000) |  -0.333333 + i( -0.000000)
2026-02-07 01:58:27,689 - INFO - Relative Errors:
2026-02-07 01:58:27,689 - INFO - 1.0021095064914312e-11
2026-02-07 01:58:27,689 - INFO - 2.002975580467758e-11
2026-02-07 01:58:27,689 - INFO - Average Relative Error:
2026-02-07 01:58:27,689 - INFO - 1.5025425434795945e-11
2026-02-07 01:58:27,690 - INFO - TVD:
2026-02-07 01:58:27,690 - INFO - 2.685601837750779e-12
2026-02-07 01:58:28,690 - INFO - --- Resource Monitor ---
2026-02-07 01:58:28,691 - INFO - Memory (RSS): 206.96 MB
2026-02-07 01:58:28,691 - INFO - CPU Usage: 0.0%
2026-02-07 01:58:28,691 - INFO - Threads: 36
2026-02-07 01:58:28,691 - INFO - Miscellaneous items:
2026-02-07 01:58:28,718 - INFO - 2 20616 8.811937
