2026-01-13 23:50:16,883 - INFO - mode: kappatest, dimension: 2, phase: 2, kappa: 8.0, seed: 3
2026-01-13 23:50:16,883 - INFO - Simulator:
2026-01-13 23:50:16,883 - INFO - AerSimulator('aer_simulator_statevector')
2026-01-13 23:50:16,884 - INFO - ('CPU',)
2026-01-13 23:50:16,884 - INFO - Building system...
2026-01-13 23:50:16,884 - INFO - A based on seed before k rescaling:
2026-01-13 23:50:16,884 - INFO - 0.36+(  0.00)   0.39+(  0.00)
2026-01-13 23:50:16,884 - INFO - 0.39+(  0.00)  -0.09+(  0.00)
2026-01-13 23:50:16,884 - INFO - actual kappa:
2026-01-13 23:50:16,885 - INFO - 7.999999999999998
2026-01-13 23:50:16,885 - INFO - msystem.d is 0.4406539737140015 and msystem.X is 1.762615894956006
2026-01-13 23:50:16,885 - INFO - Done.
2026-01-13 23:50:16,885 - INFO - A0 (original matrix):
2026-01-13 23:50:16,885 - INFO - 6.23+(  0.00)   3.04+(  0.00)
2026-01-13 23:50:16,885 - INFO - 3.04+(  0.00)   2.77+(  0.00)
2026-01-13 23:50:16,885 - INFO - A (expanded/normalized system matrix):
2026-01-13 23:50:16,885 - INFO - 0.88+(  0.00)   0.22+(  0.00)
2026-01-13 23:50:16,885 - INFO - 0.22+(  0.00)   0.64+(  0.00)
2026-01-13 23:50:16,885 - INFO - b =
2026-01-13 23:50:16,885 - INFO - [(0.882187893852402+0j), (0.47089756841617164+0j)]
2026-01-13 23:50:16,885 - INFO - Initializing...
2026-01-13 23:50:16,913 - INFO - T0 built
2026-01-13 23:50:16,974 - INFO - W built
2026-01-13 23:50:17,349 - INFO - QPE built
2026-01-13 23:50:17,350 - INFO - 0.4406539736699361
2026-01-13 23:50:17,353 - INFO - Rc built
2026-01-13 23:50:17,353 - INFO - Finished initialization.
2026-01-13 23:50:17,353 - INFO - Building circuit...
2026-01-13 23:50:17,353 - INFO - T0 added
2026-01-13 23:50:17,354 - INFO - QPE added
2026-01-13 23:50:17,354 - INFO - Rc added
2026-01-13 23:50:18,356 - INFO - QPE* added
2026-01-13 23:50:18,419 - INFO - T0* added
2026-01-13 23:50:18,420 - INFO - Finished building circuit.
2026-01-13 23:50:18,420 - INFO - Transpiling...
2026-01-13 23:50:24,747 - INFO - Done.
2026-01-13 23:50:24,783 - INFO - Size of transpiled circuit:
2026-01-13 23:50:24,783 - INFO - 20616
2026-01-13 23:50:24,904 - INFO - Depth of transpiled circuit:
2026-01-13 23:50:24,904 - INFO - 20425
2026-01-13 23:50:24,904 - INFO - Number of qubits in circuit:
2026-01-13 23:50:24,904 - INFO - 9
2026-01-13 23:50:24,905 - INFO - Running circuit...
2026-01-13 23:50:29,683 - INFO - Done.
2026-01-13 23:50:29,684 - INFO - C =
2026-01-13 23:50:29,684 - INFO - 0.4406539736699361
2026-01-13 23:50:29,684 - INFO - -------------------------------------------------
2026-01-13 23:50:29,684 - INFO - Solution:
2026-01-13 23:50:29,684 - INFO - b =
2026-01-13 23:50:29,684 - INFO - [(0.882187893852402+0j), (0.47089756841617164+0j)]
2026-01-13 23:50:29,684 - INFO - raw amplitudes =
2026-01-13 23:50:29,684 - INFO - [-0.53698894+3.96296792e-14j -0.27400687+1.71627849e-14j]
2026-01-13 23:50:29,685 - INFO - -1.218618 + i(0.000000) -> |x|=1.218618
2026-01-13 23:50:29,685 - INFO - -0.621819 + i(0.000000) -> |x|=0.621819
2026-01-13 23:50:29,685 - INFO - classical solution: [1.78862847+0.j 0.43650985+0.j]
2026-01-13 23:50:29,685 - INFO - ----------------------------
2026-01-13 23:50:29,685 - INFO - Solution Comparison:
2026-01-13 23:50:29,685 - INFO - Quantum |                Classical
2026-01-13 23:50:29,685 - INFO - --------------------------------------------------
2026-01-13 23:50:29,685 - INFO - 1.218618 + i(  0.000000) |   1.788628 + i(  0.000000)
2026-01-13 23:50:29,686 - INFO - 0.621819 + i(  0.000000) |   0.436510 + i(  0.000000)
2026-01-13 23:50:29,686 - INFO - Relative Errors:
2026-01-13 23:50:29,686 - INFO - 0.31868569067566654
2026-01-13 23:50:29,686 - INFO - 0.42452381019675656
2026-01-13 23:50:29,686 - INFO - Average Relative Error:
2026-01-13 23:50:29,686 - INFO - 0.37160475043621155
2026-01-13 23:50:29,686 - INFO - TVD:
2026-01-13 23:50:29,686 - INFO - 0.14908644875531052
2026-01-13 23:50:30,688 - INFO - --- Resource Monitor ---
2026-01-13 23:50:30,688 - INFO - Memory (RSS): 207.78 MB
2026-01-13 23:50:30,688 - INFO - CPU Usage: 0.0%
2026-01-13 23:50:30,688 - INFO - Threads: 36
2026-01-13 23:50:30,689 - INFO - Miscellaneous items:
2026-01-13 23:50:30,774 - INFO - 2 20616 13.891284
