2026-01-13 23:52:01,854 - INFO - mode: kappatest, dimension: 2, phase: 2, kappa: 16.0, seed: 4
2026-01-13 23:52:01,854 - INFO - Simulator:
2026-01-13 23:52:01,854 - INFO - AerSimulator('aer_simulator_statevector')
2026-01-13 23:52:01,855 - INFO - ('CPU',)
2026-01-13 23:52:01,855 - INFO - Building system...
2026-01-13 23:52:01,855 - INFO - A based on seed before k rescaling:
2026-01-13 23:52:01,855 - INFO - -0.10+(  0.00)  -0.60+(  0.00)
2026-01-13 23:52:01,855 - INFO - -0.60+(  0.00)  -0.61+(  0.00)
2026-01-13 23:52:01,856 - INFO - actual kappa:
2026-01-13 23:52:01,856 - INFO - 16.000000000000007
2026-01-13 23:52:01,856 - INFO - msystem.d is 3.0424346784360647 and msystem.X is 12.169738713844259
2026-01-13 23:52:01,856 - INFO - Done.
2026-01-13 23:52:01,856 - INFO - A0 (original matrix):
2026-01-13 23:52:01,856 - INFO - 11.44+(  0.00)  -6.90+(  0.00)
2026-01-13 23:52:01,856 - INFO - -6.90+(  0.00)   5.56+(  0.00)
2026-01-13 23:52:01,856 - INFO - A (expanded/normalized system matrix):
2026-01-13 23:52:01,856 - INFO - 6.08+(  0.00)  -1.83+(  0.00)
2026-01-13 23:52:01,856 - INFO - -1.83+(  0.00)   4.52+(  0.00)
2026-01-13 23:52:01,856 - INFO - b =
2026-01-13 23:52:01,856 - INFO - [(-0.7632663199498572+0j), (0.6460839920863247+0j)]
2026-01-13 23:52:01,856 - INFO - Initializing...
2026-01-13 23:52:01,883 - INFO - T0 built
2026-01-13 23:52:01,947 - INFO - W built
2026-01-13 23:52:02,317 - INFO - QPE built
2026-01-13 23:52:02,317 - INFO - 3.0424346781318214
2026-01-13 23:52:02,320 - INFO - Rc built
2026-01-13 23:52:02,320 - INFO - Finished initialization.
2026-01-13 23:52:02,320 - INFO - Building circuit...
2026-01-13 23:52:02,321 - INFO - T0 added
2026-01-13 23:52:02,321 - INFO - QPE added
2026-01-13 23:52:02,321 - INFO - Rc added
2026-01-13 23:52:03,345 - INFO - QPE* added
2026-01-13 23:52:03,412 - INFO - T0* added
2026-01-13 23:52:03,412 - INFO - Finished building circuit.
2026-01-13 23:52:03,412 - INFO - Transpiling...
2026-01-13 23:52:09,188 - INFO - Done.
2026-01-13 23:52:09,233 - INFO - Size of transpiled circuit:
2026-01-13 23:52:09,233 - INFO - 21192
2026-01-13 23:52:09,365 - INFO - Depth of transpiled circuit:
2026-01-13 23:52:09,365 - INFO - 21049
2026-01-13 23:52:09,365 - INFO - Number of qubits in circuit:
2026-01-13 23:52:09,365 - INFO - 9
2026-01-13 23:52:09,366 - INFO - Running circuit...
2026-01-13 23:52:14,290 - INFO - Done.
2026-01-13 23:52:14,290 - INFO - C =
2026-01-13 23:52:14,290 - INFO - 3.0424346781318214
2026-01-13 23:52:14,290 - INFO - -------------------------------------------------
2026-01-13 23:52:14,290 - INFO - Solution:
2026-01-13 23:52:14,290 - INFO - b =
2026-01-13 23:52:14,290 - INFO - [(-0.7632663199498572+0j), (0.6460839920863247+0j)]
2026-01-13 23:52:14,291 - INFO - raw amplitudes =
2026-01-13 23:52:14,291 - INFO - [ 0.40343562-2.58304497e-14j -0.39641594+2.88085401e-14j]
2026-01-13 23:52:14,291 - INFO - 0.132603 + i(-0.000000) -> |x|=0.132603
2026-01-13 23:52:14,291 - INFO - -0.130296 + i(0.000000) -> |x|=0.130296
2026-01-13 23:52:14,292 - INFO - classical solution: [0.05056171+0.j 0.49995133+0.j]
2026-01-13 23:52:14,292 - INFO - ----------------------------
2026-01-13 23:52:14,292 - INFO - Solution Comparison:
2026-01-13 23:52:14,292 - INFO - Quantum |                Classical
2026-01-13 23:52:14,292 - INFO - --------------------------------------------------
2026-01-13 23:52:14,292 - INFO - 0.132603 + i(  0.000000) |   0.050562 + i(  0.000000)
2026-01-13 23:52:14,292 - INFO - -0.130296 + i(  0.000000) |   0.499951 + i(  0.000000)
2026-01-13 23:52:14,292 - INFO - Relative Errors:
2026-01-13 23:52:14,293 - INFO - 1.6225951358019128
2026-01-13 23:52:14,293 - INFO - 1.2606166242173436
2026-01-13 23:52:14,293 - INFO - Average Relative Error:
2026-01-13 23:52:14,293 - INFO - 1.4416058800096283
2026-01-13 23:52:14,293 - INFO - TVD:
2026-01-13 23:52:14,293 - INFO - 1.1542320163452058
2026-01-13 23:52:15,295 - INFO - --- Resource Monitor ---
2026-01-13 23:52:15,295 - INFO - Memory (RSS): 204.25 MB
2026-01-13 23:52:15,296 - INFO - CPU Usage: 0.0%
2026-01-13 23:52:15,296 - INFO - Threads: 36
2026-01-13 23:52:15,296 - INFO - Miscellaneous items:
2026-01-13 23:52:15,410 - INFO - 2 21192 13.555658
