2026-01-13 23:49:33,187 - INFO - mode: kappatest, dimension: 2, phase: 2, kappa: 64.0, seed: 2
2026-01-13 23:49:33,187 - INFO - Simulator:
2026-01-13 23:49:33,187 - INFO - AerSimulator('aer_simulator_statevector')
2026-01-13 23:49:33,187 - INFO - ('CPU',)
2026-01-13 23:49:33,187 - INFO - Building system...
2026-01-13 23:49:33,188 - INFO - A based on seed before k rescaling:
2026-01-13 23:49:33,188 - INFO - 0.03+(  0.00)  -0.65+(  0.00)
2026-01-13 23:49:33,188 - INFO - -0.65+(  0.00)   0.86+(  0.00)
2026-01-13 23:49:33,188 - INFO - actual kappa:
2026-01-13 23:49:33,188 - INFO - 64.0
2026-01-13 23:49:33,188 - INFO - msystem.d is 5.074811346501874 and msystem.X is 20.299245386107494
2026-01-13 23:49:33,188 - INFO - Done.
2026-01-13 23:49:33,189 - INFO - A0 (original matrix):
2026-01-13 23:49:33,189 - INFO - 15.66+(  0.00) -26.62+(  0.00)
2026-01-13 23:49:33,189 - INFO - -26.62+(  0.00)  49.34+(  0.00)
2026-01-13 23:49:33,189 - INFO - A (expanded/normalized system matrix):
2026-01-13 23:49:33,189 - INFO - 6.69+(  0.00)  -2.74+(  0.00)
2026-01-13 23:49:33,189 - INFO - -2.74+(  0.00)  10.15+(  0.00)
2026-01-13 23:49:33,189 - INFO - b =
2026-01-13 23:49:33,189 - INFO - [(-0.5173933976881663+0j), (0.8557476684331048+0j)]
2026-01-13 23:49:33,189 - INFO - Initializing...
2026-01-13 23:49:33,215 - INFO - T0 built
2026-01-13 23:49:33,273 - INFO - W built
2026-01-13 23:49:33,640 - INFO - QPE built
2026-01-13 23:49:33,640 - INFO - 5.074811345994393
2026-01-13 23:49:33,643 - INFO - Rc built
2026-01-13 23:49:33,643 - INFO - Finished initialization.
2026-01-13 23:49:33,644 - INFO - Building circuit...
2026-01-13 23:49:33,644 - INFO - T0 added
2026-01-13 23:49:33,644 - INFO - QPE added
2026-01-13 23:49:33,644 - INFO - Rc added
2026-01-13 23:49:34,659 - INFO - QPE* added
2026-01-13 23:49:34,724 - INFO - T0* added
2026-01-13 23:49:34,724 - INFO - Finished building circuit.
2026-01-13 23:49:34,724 - INFO - Transpiling...
2026-01-13 23:49:40,504 - INFO - Done.
2026-01-13 23:49:40,548 - INFO - Size of transpiled circuit:
2026-01-13 23:49:40,548 - INFO - 21192
2026-01-13 23:49:40,680 - INFO - Depth of transpiled circuit:
2026-01-13 23:49:40,680 - INFO - 21049
2026-01-13 23:49:40,680 - INFO - Number of qubits in circuit:
2026-01-13 23:49:40,680 - INFO - 9
2026-01-13 23:49:40,681 - INFO - Running circuit...
2026-01-13 23:49:45,423 - INFO - Done.
2026-01-13 23:49:45,423 - INFO - C =
2026-01-13 23:49:45,423 - INFO - 5.074811345994393
2026-01-13 23:49:45,423 - INFO - -------------------------------------------------
2026-01-13 23:49:45,423 - INFO - Solution:
2026-01-13 23:49:45,423 - INFO - b =
2026-01-13 23:49:45,423 - INFO - [(-0.5173933976881663+0j), (0.8557476684331048+0j)]
2026-01-13 23:49:45,423 - INFO - raw amplitudes =
2026-01-13 23:49:45,424 - INFO - [ 0.32084019-1.98995768e-14j -0.50506357+4.24483847e-14j]
2026-01-13 23:49:45,424 - INFO - 0.063222 + i(-0.000000) -> |x|=0.063222
2026-01-13 23:49:45,424 - INFO - -0.099524 + i(0.000000) -> |x|=0.099524
2026-01-13 23:49:45,424 - INFO - classical solution: [-0.41675785-0.j -0.05626683+0.j]
2026-01-13 23:49:45,425 - INFO - ----------------------------
2026-01-13 23:49:45,425 - INFO - Solution Comparison:
2026-01-13 23:49:45,425 - INFO - Quantum |                Classical
2026-01-13 23:49:45,425 - INFO - --------------------------------------------------
2026-01-13 23:49:45,425 - INFO - -0.063222 + i( -0.000000) |  -0.416758 + i( -0.000000)
2026-01-13 23:49:45,425 - INFO - 0.099524 + i( -0.000000) |  -0.056267 + i(  0.000000)
2026-01-13 23:49:45,425 - INFO - Relative Errors:
2026-01-13 23:49:45,425 - INFO - 0.8483001769642209
2026-01-13 23:49:45,425 - INFO - 2.768779585836108
2026-01-13 23:49:45,425 - INFO - Average Relative Error:
2026-01-13 23:49:45,425 - INFO - 1.8085398814001645
2026-01-13 23:49:45,425 - INFO - TVD:
2026-01-13 23:49:45,426 - INFO - 0.7163446211436149
2026-01-13 23:49:46,427 - INFO - --- Resource Monitor ---
2026-01-13 23:49:46,427 - INFO - Memory (RSS): 204.08 MB
2026-01-13 23:49:46,428 - INFO - CPU Usage: 0.0%
2026-01-13 23:49:46,428 - INFO - Threads: 36
2026-01-13 23:49:46,428 - INFO - Miscellaneous items:
2026-01-13 23:49:46,533 - INFO - 2 21192 13.345999
