2026-01-13 23:50:31,985 - INFO - mode: kappatest, dimension: 2, phase: 2, kappa: 16.0, seed: 3
2026-01-13 23:50:31,985 - INFO - Simulator:
2026-01-13 23:50:31,985 - INFO - AerSimulator('aer_simulator_statevector')
2026-01-13 23:50:31,986 - INFO - ('CPU',)
2026-01-13 23:50:31,986 - INFO - Building system...
2026-01-13 23:50:31,986 - INFO - A based on seed before k rescaling:
2026-01-13 23:50:31,986 - INFO - 0.20+(  0.00)  -0.65+(  0.00)
2026-01-13 23:50:31,986 - INFO - -0.65+(  0.00)   0.56+(  0.00)
2026-01-13 23:50:31,987 - INFO - actual kappa:
2026-01-13 23:50:31,987 - INFO - 16.000000000000007
2026-01-13 23:50:31,987 - INFO - msystem.d is 0.8861351007868011 and msystem.X is 3.5445404032472045
2026-01-13 23:50:31,987 - INFO - Done.
2026-01-13 23:50:31,987 - INFO - A0 (original matrix):
2026-01-13 23:50:31,987 - INFO - 6.49+(  0.00)  -7.22+(  0.00)
2026-01-13 23:50:31,988 - INFO - -7.22+(  0.00)  10.51+(  0.00)
2026-01-13 23:50:31,988 - INFO - A (expanded/normalized system matrix):
2026-01-13 23:50:31,988 - INFO - 1.43+(  0.00)  -0.61+(  0.00)
2026-01-13 23:50:31,988 - INFO - -0.61+(  0.00)   1.77+(  0.00)
2026-01-13 23:50:31,988 - INFO - b =
2026-01-13 23:50:31,988 - INFO - [(0.7119281801901657+0j), (-0.7022522810579678+0j)]
2026-01-13 23:50:31,988 - INFO - Initializing...
2026-01-13 23:50:32,016 - INFO - T0 built
2026-01-13 23:50:32,078 - INFO - W built
2026-01-13 23:50:32,473 - INFO - QPE built
2026-01-13 23:50:32,473 - INFO - 0.8861351006981876
2026-01-13 23:50:32,476 - INFO - Rc built
2026-01-13 23:50:32,476 - INFO - Finished initialization.
2026-01-13 23:50:32,477 - INFO - Building circuit...
2026-01-13 23:50:32,477 - INFO - T0 added
2026-01-13 23:50:32,477 - INFO - QPE added
2026-01-13 23:50:32,477 - INFO - Rc added
2026-01-13 23:50:33,533 - INFO - QPE* added
2026-01-13 23:50:33,602 - INFO - T0* added
2026-01-13 23:50:33,602 - INFO - Finished building circuit.
2026-01-13 23:50:33,602 - INFO - Transpiling...
2026-01-13 23:50:39,819 - INFO - Done.
2026-01-13 23:50:39,865 - INFO - Size of transpiled circuit:
2026-01-13 23:50:39,866 - INFO - 21192
2026-01-13 23:50:40,019 - INFO - Depth of transpiled circuit:
2026-01-13 23:50:40,019 - INFO - 21049
2026-01-13 23:50:40,019 - INFO - Number of qubits in circuit:
2026-01-13 23:50:40,019 - INFO - 9
2026-01-13 23:50:40,020 - INFO - Running circuit...
2026-01-13 23:50:44,960 - INFO - Done.
2026-01-13 23:50:44,960 - INFO - C =
2026-01-13 23:50:44,960 - INFO - 0.8861351006981876
2026-01-13 23:50:44,960 - INFO - -------------------------------------------------
2026-01-13 23:50:44,960 - INFO - Solution:
2026-01-13 23:50:44,960 - INFO - b =
2026-01-13 23:50:44,960 - INFO - [(0.7119281801901657+0j), (-0.7022522810579678+0j)]
2026-01-13 23:50:44,960 - INFO - raw amplitudes =
2026-01-13 23:50:44,961 - INFO - [-0.40847544+2.61048446e-14j  0.32272555-2.53606018e-14j]
2026-01-13 23:50:44,961 - INFO - -0.460963 + i(0.000000) -> |x|=0.460963
2026-01-13 23:50:44,961 - INFO - 0.364195 + i(-0.000000) -> |x|=0.364195
2026-01-13 23:50:44,962 - INFO - classical solution: [1.78862847+0.j 0.43650985+0.j]
2026-01-13 23:50:44,962 - INFO - ----------------------------
2026-01-13 23:50:44,962 - INFO - Solution Comparison:
2026-01-13 23:50:44,962 - INFO - Quantum |                Classical
2026-01-13 23:50:44,962 - INFO - --------------------------------------------------
2026-01-13 23:50:44,962 - INFO - 0.460963 + i(  0.000000) |   1.788628 + i(  0.000000)
2026-01-13 23:50:44,962 - INFO - -0.364195 + i(  0.000000) |   0.436510 + i(  0.000000)
2026-01-13 23:50:44,962 - INFO - Relative Errors:
2026-01-13 23:50:44,962 - INFO - 0.7422813393313945
2026-01-13 23:50:44,963 - INFO - 1.834332882458789
2026-01-13 23:50:44,963 - INFO - Average Relative Error:
2026-01-13 23:50:44,963 - INFO - 1.2883071108950919
2026-01-13 23:50:44,963 - INFO - TVD:
2026-01-13 23:50:44,963 - INFO - 0.5219285635445186
2026-01-13 23:50:45,965 - INFO - --- Resource Monitor ---
2026-01-13 23:50:45,966 - INFO - Memory (RSS): 204.42 MB
2026-01-13 23:50:45,966 - INFO - CPU Usage: 0.0%
2026-01-13 23:50:45,966 - INFO - Threads: 36
2026-01-13 23:50:45,967 - INFO - Miscellaneous items:
2026-01-13 23:50:46,079 - INFO - 2 21192 14.093856
