2026-01-13 23:47:22,336 - INFO - mode: kappatest, dimension: 2, phase: 2, kappa: 8.0, seed: 1
2026-01-13 23:47:22,337 - INFO - Simulator:
2026-01-13 23:47:22,337 - INFO - AerSimulator('aer_simulator_statevector')
2026-01-13 23:47:22,337 - INFO - ('CPU',)
2026-01-13 23:47:22,337 - INFO - Building system...
2026-01-13 23:47:22,338 - INFO - A based on seed before k rescaling:
2026-01-13 23:47:22,338 - INFO - 0.20+(  0.00)  -0.74+(  0.00)
2026-01-13 23:47:22,338 - INFO - -0.74+(  0.00)  -0.82+(  0.00)
2026-01-13 23:47:22,338 - INFO - actual kappa:
2026-01-13 23:47:22,338 - INFO - 8.000000000000002
2026-01-13 23:47:22,339 - INFO - msystem.d is 0.4713088624077744 and msystem.X is 1.8852354497310977
2026-01-13 23:47:22,339 - INFO - Done.
2026-01-13 23:47:22,339 - INFO - A0 (original matrix):
2026-01-13 23:47:22,339 - INFO - 6.50+(  0.00)  -2.87+(  0.00)
2026-01-13 23:47:22,339 - INFO - -2.87+(  0.00)   2.50+(  0.00)
2026-01-13 23:47:22,339 - INFO - A (expanded/normalized system matrix):
2026-01-13 23:47:22,339 - INFO - 0.94+(  0.00)  -0.21+(  0.00)
2026-01-13 23:47:22,339 - INFO - -0.21+(  0.00)   0.65+(  0.00)
2026-01-13 23:47:22,339 - INFO - b =
2026-01-13 23:47:22,339 - INFO - [(0.8931323205870391+0j), (-0.44979401721544765+0j)]
2026-01-13 23:47:22,339 - INFO - Initializing...
2026-01-13 23:47:22,369 - INFO - T0 built
2026-01-13 23:47:22,437 - INFO - W built
2026-01-13 23:47:22,843 - INFO - QPE built
2026-01-13 23:47:22,843 - INFO - 0.4713088623606435
2026-01-13 23:47:22,846 - INFO - Rc built
2026-01-13 23:47:22,846 - INFO - Finished initialization.
2026-01-13 23:47:22,846 - INFO - Building circuit...
2026-01-13 23:47:22,847 - INFO - T0 added
2026-01-13 23:47:22,847 - INFO - QPE added
2026-01-13 23:47:22,847 - INFO - Rc added
2026-01-13 23:47:23,960 - INFO - QPE* added
2026-01-13 23:47:24,023 - INFO - T0* added
2026-01-13 23:47:24,023 - INFO - Finished building circuit.
2026-01-13 23:47:24,023 - INFO - Transpiling...
2026-01-13 23:47:29,877 - INFO - Done.
2026-01-13 23:47:29,922 - INFO - Size of transpiled circuit:
2026-01-13 23:47:29,922 - INFO - 21192
2026-01-13 23:47:30,058 - INFO - Depth of transpiled circuit:
2026-01-13 23:47:30,058 - INFO - 21049
2026-01-13 23:47:30,059 - INFO - Number of qubits in circuit:
2026-01-13 23:47:30,059 - INFO - 9
2026-01-13 23:47:30,059 - INFO - Running circuit...
2026-01-13 23:47:34,824 - INFO - Done.
2026-01-13 23:47:34,824 - INFO - C =
2026-01-13 23:47:34,824 - INFO - 0.4713088623606435
2026-01-13 23:47:34,824 - INFO - -------------------------------------------------
2026-01-13 23:47:34,824 - INFO - Solution:
2026-01-13 23:47:34,825 - INFO - b =
2026-01-13 23:47:34,825 - INFO - [(0.8931323205870391+0j), (-0.44979401721544765+0j)]
2026-01-13 23:47:34,825 - INFO - raw amplitudes =
2026-01-13 23:47:34,825 - INFO - [-0.55733561+3.75423180e-14j  0.27584119-2.00329972e-14j]
2026-01-13 23:47:34,834 - INFO - -1.182527 + i(0.000000) -> |x|=1.182527
2026-01-13 23:47:34,834 - INFO - 0.585266 + i(-0.000000) -> |x|=0.585266
2026-01-13 23:47:34,834 - INFO - classical solution: [ 1.62434536+0.j -0.61175641+0.j]
2026-01-13 23:47:34,834 - INFO - ----------------------------
2026-01-13 23:47:34,835 - INFO - Solution Comparison:
2026-01-13 23:47:34,835 - INFO - Quantum |                Classical
2026-01-13 23:47:34,835 - INFO - --------------------------------------------------
2026-01-13 23:47:34,835 - INFO - 1.182527 + i( -0.000000) |   1.624345 + i(  0.000000)
2026-01-13 23:47:34,835 - INFO - -0.585266 + i(  0.000000) |  -0.611756 + i(  0.000000)
2026-01-13 23:47:34,835 - INFO - Relative Errors:
2026-01-13 23:47:34,835 - INFO - 0.2719976007307059
2026-01-13 23:47:34,835 - INFO - 0.043301753083621164
2026-01-13 23:47:34,835 - INFO - Average Relative Error:
2026-01-13 23:47:34,835 - INFO - 0.15764967690716353
2026-01-13 23:47:34,835 - INFO - TVD:
2026-01-13 23:47:34,835 - INFO - 0.06535817230680327
2026-01-13 23:47:35,837 - INFO - --- Resource Monitor ---
2026-01-13 23:47:35,837 - INFO - Memory (RSS): 204.53 MB
2026-01-13 23:47:35,838 - INFO - CPU Usage: 0.0%
2026-01-13 23:47:35,838 - INFO - Threads: 36
2026-01-13 23:47:35,838 - INFO - Miscellaneous items:
2026-01-13 23:47:35,954 - INFO - 2 21192 13.617294
