2026-01-13 23:51:17,114 - INFO - mode: kappatest, dimension: 2, phase: 2, kappa: 128.0, seed: 3
2026-01-13 23:51:17,114 - INFO - Simulator:
2026-01-13 23:51:17,114 - INFO - AerSimulator('aer_simulator_statevector')
2026-01-13 23:51:17,114 - INFO - ('CPU',)
2026-01-13 23:51:17,114 - INFO - Building system...
2026-01-13 23:51:17,114 - INFO - A based on seed before k rescaling:
2026-01-13 23:51:17,115 - INFO - 0.14+(  0.00)  -0.63+(  0.00)
2026-01-13 23:51:17,115 - INFO - -0.63+(  0.00)   0.41+(  0.00)
2026-01-13 23:51:17,115 - INFO - actual kappa:
2026-01-13 23:51:17,115 - INFO - 127.9999999999996
2026-01-13 23:51:17,115 - INFO - msystem.d is 0.7719692924301501 and msystem.X is 3.0878771698206005
2026-01-13 23:51:17,115 - INFO - Done.
2026-01-13 23:51:17,115 - INFO - A0 (original matrix):
2026-01-13 23:51:17,116 - INFO - 51.29+(  0.00) -62.11+(  0.00)
2026-01-13 23:51:17,116 - INFO - -62.11+(  0.00)  77.71+(  0.00)
2026-01-13 23:51:17,116 - INFO - A (expanded/normalized system matrix):
2026-01-13 23:51:17,116 - INFO - 1.28+(  0.00)  -0.62+(  0.00)
2026-01-13 23:51:17,116 - INFO - -0.62+(  0.00)   1.54+(  0.00)
2026-01-13 23:51:17,116 - INFO - b =
2026-01-13 23:51:17,116 - INFO - [(0.642052615041642+0j), (-0.7666605764731802+0j)]
2026-01-13 23:51:17,116 - INFO - Initializing...
2026-01-13 23:51:17,142 - INFO - T0 built
2026-01-13 23:51:17,203 - INFO - W built
2026-01-13 23:51:17,571 - INFO - QPE built
2026-01-13 23:51:17,571 - INFO - 0.7719692923529532
2026-01-13 23:51:17,574 - INFO - Rc built
2026-01-13 23:51:17,574 - INFO - Finished initialization.
2026-01-13 23:51:17,574 - INFO - Building circuit...
2026-01-13 23:51:17,575 - INFO - T0 added
2026-01-13 23:51:17,575 - INFO - QPE added
2026-01-13 23:51:17,575 - INFO - Rc added
2026-01-13 23:51:18,716 - INFO - QPE* added
2026-01-13 23:51:18,785 - INFO - T0* added
2026-01-13 23:51:18,785 - INFO - Finished building circuit.
2026-01-13 23:51:18,785 - INFO - Transpiling...
2026-01-13 23:51:25,000 - INFO - Done.
2026-01-13 23:51:25,046 - INFO - Size of transpiled circuit:
2026-01-13 23:51:25,046 - INFO - 21192
2026-01-13 23:51:25,186 - INFO - Depth of transpiled circuit:
2026-01-13 23:51:25,186 - INFO - 21049
2026-01-13 23:51:25,186 - INFO - Number of qubits in circuit:
2026-01-13 23:51:25,186 - INFO - 9
2026-01-13 23:51:25,187 - INFO - Running circuit...
2026-01-13 23:51:30,159 - INFO - Done.
2026-01-13 23:51:30,160 - INFO - C =
2026-01-13 23:51:30,160 - INFO - 0.7719692923529532
2026-01-13 23:51:30,160 - INFO - -------------------------------------------------
2026-01-13 23:51:30,160 - INFO - Solution:
2026-01-13 23:51:30,160 - INFO - b =
2026-01-13 23:51:30,160 - INFO - [(0.642052615041642+0j), (-0.7666605764731802+0j)]
2026-01-13 23:51:30,160 - INFO - raw amplitudes =
2026-01-13 23:51:30,160 - INFO - [-0.29853797+1.86214547e-14j  0.34432776-2.90777022e-14j]
2026-01-13 23:51:30,161 - INFO - -0.386723 + i(0.000000) -> |x|=0.386723
2026-01-13 23:51:30,161 - INFO - 0.446038 + i(-0.000000) -> |x|=0.446038
2026-01-13 23:51:30,161 - INFO - classical solution: [1.78862847+0.j 0.43650985+0.j]
2026-01-13 23:51:30,161 - INFO - ----------------------------
2026-01-13 23:51:30,161 - INFO - Solution Comparison:
2026-01-13 23:51:30,162 - INFO - Quantum |                Classical
2026-01-13 23:51:30,162 - INFO - --------------------------------------------------
2026-01-13 23:51:30,162 - INFO - 0.386723 + i( -0.000000) |   1.788628 + i(  0.000000)
2026-01-13 23:51:30,162 - INFO - -0.446038 + i(  0.000000) |   0.436510 + i(  0.000000)
2026-01-13 23:51:30,162 - INFO - Relative Errors:
2026-01-13 23:51:30,162 - INFO - 0.7837881896774124
2026-01-13 23:51:30,162 - INFO - 2.021828386645651
2026-01-13 23:51:30,162 - INFO - Average Relative Error:
2026-01-13 23:51:30,162 - INFO - 1.4028082881615316
2026-01-13 23:51:30,162 - INFO - TVD:
2026-01-13 23:51:30,162 - INFO - 0.6545266970768546
2026-01-13 23:51:31,164 - INFO - --- Resource Monitor ---
2026-01-13 23:51:31,165 - INFO - Memory (RSS): 204.36 MB
2026-01-13 23:51:31,165 - INFO - CPU Usage: 0.0%
2026-01-13 23:51:31,166 - INFO - Threads: 36
2026-01-13 23:51:31,166 - INFO - Miscellaneous items:
2026-01-13 23:51:31,287 - INFO - 2 21192 14.173722
