2026-01-13 23:52:46,024 - INFO - mode: kappatest, dimension: 2, phase: 2, kappa: 128.0, seed: 4
2026-01-13 23:52:46,024 - INFO - Simulator:
2026-01-13 23:52:46,024 - INFO - AerSimulator('aer_simulator_statevector')
2026-01-13 23:52:46,024 - INFO - ('CPU',)
2026-01-13 23:52:46,024 - INFO - Building system...
2026-01-13 23:52:46,025 - INFO - A based on seed before k rescaling:
2026-01-13 23:52:46,025 - INFO - -0.22+(  0.00)   0.70+(  0.00)
2026-01-13 23:52:46,025 - INFO - 0.70+(  0.00)   0.60+(  0.00)
2026-01-13 23:52:46,025 - INFO - actual kappa:
2026-01-13 23:52:46,025 - INFO - 127.99999999999955
2026-01-13 23:52:46,026 - INFO - msystem.d is 1.6432122487377445 and msystem.X is 6.572848995050978
2026-01-13 23:52:46,026 - INFO - Done.
2026-01-13 23:52:46,026 - INFO - A0 (original matrix):
2026-01-13 23:52:46,026 - INFO - 32.53+(  0.00)  54.86+(  0.00)
2026-01-13 23:52:46,026 - INFO - 54.86+(  0.00)  96.47+(  0.00)
2026-01-13 23:52:46,026 - INFO - A (expanded/normalized system matrix):
2026-01-13 23:52:46,026 - INFO - 2.20+(  0.00)   0.93+(  0.00)
2026-01-13 23:52:46,026 - INFO - 0.93+(  0.00)   3.29+(  0.00)
2026-01-13 23:52:46,026 - INFO - b =
2026-01-13 23:52:46,026 - INFO - [(0.49520696184320434+0j), (0.8687750370159258+0j)]
2026-01-13 23:52:46,026 - INFO - Initializing...
2026-01-13 23:52:46,053 - INFO - T0 built
2026-01-13 23:52:46,113 - INFO - W built
2026-01-13 23:52:46,486 - INFO - QPE built
2026-01-13 23:52:46,487 - INFO - 1.6432122485734233
2026-01-13 23:52:46,489 - INFO - Rc built
2026-01-13 23:52:46,490 - INFO - Finished initialization.
2026-01-13 23:52:46,490 - INFO - Building circuit...
2026-01-13 23:52:46,490 - INFO - T0 added
2026-01-13 23:52:46,490 - INFO - QPE added
2026-01-13 23:52:46,491 - INFO - Rc added
2026-01-13 23:52:47,538 - INFO - QPE* added
2026-01-13 23:52:47,604 - INFO - T0* added
2026-01-13 23:52:47,605 - INFO - Finished building circuit.
2026-01-13 23:52:47,605 - INFO - Transpiling...
2026-01-13 23:52:53,405 - INFO - Done.
2026-01-13 23:52:53,442 - INFO - Size of transpiled circuit:
2026-01-13 23:52:53,442 - INFO - 20616
2026-01-13 23:52:53,562 - INFO - Depth of transpiled circuit:
2026-01-13 23:52:53,563 - INFO - 20425
2026-01-13 23:52:53,563 - INFO - Number of qubits in circuit:
2026-01-13 23:52:53,563 - INFO - 9
2026-01-13 23:52:53,563 - INFO - Running circuit...
2026-01-13 23:52:58,356 - INFO - Done.
2026-01-13 23:52:58,357 - INFO - C =
2026-01-13 23:52:58,357 - INFO - 1.6432122485734233
2026-01-13 23:52:58,357 - INFO - -------------------------------------------------
2026-01-13 23:52:58,357 - INFO - Solution:
2026-01-13 23:52:58,357 - INFO - b =
2026-01-13 23:52:58,357 - INFO - [(0.49520696184320434+0j), (0.8687750370159258+0j)]
2026-01-13 23:52:58,357 - INFO - raw amplitudes =
2026-01-13 23:52:58,358 - INFO - [-0.28944431+2.05650892e-14j -0.51019962+3.60822640e-14j]
2026-01-13 23:52:58,358 - INFO - -0.176145 + i(0.000000) -> |x|=0.176145
2026-01-13 23:52:58,358 - INFO - -0.310489 + i(0.000000) -> |x|=0.310489
2026-01-13 23:52:58,358 - INFO - classical solution: [0.05056171+0.j 0.49995133+0.j]
2026-01-13 23:52:58,359 - INFO - ----------------------------
2026-01-13 23:52:58,359 - INFO - Solution Comparison:
2026-01-13 23:52:58,359 - INFO - Quantum |                Classical
2026-01-13 23:52:58,359 - INFO - --------------------------------------------------
2026-01-13 23:52:58,359 - INFO - 0.176145 + i(  0.000000) |   0.050562 + i(  0.000000)
2026-01-13 23:52:58,359 - INFO - 0.310489 + i(  0.000000) |   0.499951 + i(  0.000000)
2026-01-13 23:52:58,359 - INFO - Relative Errors:
2026-01-13 23:52:58,359 - INFO - 2.483771253401275
2026-01-13 23:52:58,359 - INFO - 0.3789612023272684
2026-01-13 23:52:58,359 - INFO - Average Relative Error:
2026-01-13 23:52:58,359 - INFO - 1.4313662278642716
2026-01-13 23:52:58,360 - INFO - TVD:
2026-01-13 23:52:58,360 - INFO - 0.25898246596264274
2026-01-13 23:52:59,361 - INFO - --- Resource Monitor ---
2026-01-13 23:52:59,362 - INFO - Memory (RSS): 207.71 MB
2026-01-13 23:52:59,362 - INFO - CPU Usage: 1.0%
2026-01-13 23:52:59,362 - INFO - Threads: 36
2026-01-13 23:52:59,362 - INFO - Miscellaneous items:
2026-01-13 23:52:59,456 - INFO - 2 20616 13.431739
