2026-01-13 23:49:18,510 - INFO - mode: kappatest, dimension: 2, phase: 2, kappa: 32.0, seed: 2
2026-01-13 23:49:18,511 - INFO - Simulator:
2026-01-13 23:49:18,511 - INFO - AerSimulator('aer_simulator_statevector')
2026-01-13 23:49:18,511 - INFO - ('CPU',)
2026-01-13 23:49:18,511 - INFO - Building system...
2026-01-13 23:49:18,511 - INFO - A based on seed before k rescaling:
2026-01-13 23:49:18,512 - INFO - 0.18+(  0.00)  -0.98+(  0.00)
2026-01-13 23:49:18,512 - INFO - -0.98+(  0.00)  -0.32+(  0.00)
2026-01-13 23:49:18,512 - INFO - actual kappa:
2026-01-13 23:49:18,512 - INFO - 31.999999999999993
2026-01-13 23:49:18,513 - INFO - msystem.d is 2.1564253221278933 and msystem.X is 8.625701288611573
2026-01-13 23:49:18,513 - INFO - Done.
2026-01-13 23:49:18,513 - INFO - A0 (original matrix):
2026-01-13 23:49:18,513 - INFO - 20.35+(  0.00) -15.01+(  0.00)
2026-01-13 23:49:18,513 - INFO - -15.01+(  0.00)  12.65+(  0.00)
2026-01-13 23:49:18,513 - INFO - A (expanded/normalized system matrix):
2026-01-13 23:49:18,513 - INFO - 4.31+(  0.00)  -1.59+(  0.00)
2026-01-13 23:49:18,513 - INFO - -1.59+(  0.00)   3.50+(  0.00)
2026-01-13 23:49:18,513 - INFO - b =
2026-01-13 23:49:18,513 - INFO - [(-0.809206336343761+0j), (0.5875245571217493+0j)]
2026-01-13 23:49:18,513 - INFO - Initializing...
2026-01-13 23:49:18,541 - INFO - T0 built
2026-01-13 23:49:18,602 - INFO - W built
2026-01-13 23:49:18,975 - INFO - QPE built
2026-01-13 23:49:18,975 - INFO - 2.1564253219122507
2026-01-13 23:49:18,978 - INFO - Rc built
2026-01-13 23:49:18,978 - INFO - Finished initialization.
2026-01-13 23:49:18,978 - INFO - Building circuit...
2026-01-13 23:49:18,979 - INFO - T0 added
2026-01-13 23:49:18,979 - INFO - QPE added
2026-01-13 23:49:18,979 - INFO - Rc added
2026-01-13 23:49:20,028 - INFO - QPE* added
2026-01-13 23:49:20,095 - INFO - T0* added
2026-01-13 23:49:20,095 - INFO - Finished building circuit.
2026-01-13 23:49:20,095 - INFO - Transpiling...
2026-01-13 23:49:26,059 - INFO - Done.
2026-01-13 23:49:26,104 - INFO - Size of transpiled circuit:
2026-01-13 23:49:26,105 - INFO - 21192
2026-01-13 23:49:26,266 - INFO - Depth of transpiled circuit:
2026-01-13 23:49:26,266 - INFO - 21049
2026-01-13 23:49:26,266 - INFO - Number of qubits in circuit:
2026-01-13 23:49:26,266 - INFO - 9
2026-01-13 23:49:26,266 - INFO - Running circuit...
2026-01-13 23:49:31,041 - INFO - Done.
2026-01-13 23:49:31,041 - INFO - C =
2026-01-13 23:49:31,042 - INFO - 2.1564253219122507
2026-01-13 23:49:31,042 - INFO - -------------------------------------------------
2026-01-13 23:49:31,042 - INFO - Solution:
2026-01-13 23:49:31,042 - INFO - b =
2026-01-13 23:49:31,042 - INFO - [(-0.809206336343761+0j), (0.5875245571217493+0j)]
2026-01-13 23:49:31,042 - INFO - raw amplitudes =
2026-01-13 23:49:31,042 - INFO - [ 0.40334392-2.66457642e-14j -0.27582252+1.99852912e-14j]
2026-01-13 23:49:31,042 - INFO - 0.187043 + i(-0.000000) -> |x|=0.187043
2026-01-13 23:49:31,042 - INFO - -0.127907 + i(0.000000) -> |x|=0.127907
2026-01-13 23:49:31,043 - INFO - classical solution: [-0.41675785+0.j -0.05626683+0.j]
2026-01-13 23:49:31,043 - INFO - ----------------------------
2026-01-13 23:49:31,043 - INFO - Solution Comparison:
2026-01-13 23:49:31,043 - INFO - Quantum |                Classical
2026-01-13 23:49:31,043 - INFO - --------------------------------------------------
2026-01-13 23:49:31,043 - INFO - -0.187043 + i(  0.000000) |  -0.416758 + i(  0.000000)
2026-01-13 23:49:31,043 - INFO - 0.127907 + i( -0.000000) |  -0.056267 + i(  0.000000)
2026-01-13 23:49:31,043 - INFO - Relative Errors:
2026-01-13 23:49:31,043 - INFO - 0.5511953925319187
2026-01-13 23:49:31,043 - INFO - 3.2732273459308234
2026-01-13 23:49:31,044 - INFO - Average Relative Error:
2026-01-13 23:49:31,044 - INFO - 1.9122113692313711
2026-01-13 23:49:31,044 - INFO - TVD:
2026-01-13 23:49:31,044 - INFO - 0.4319155285427273
2026-01-13 23:49:32,045 - INFO - --- Resource Monitor ---
2026-01-13 23:49:32,046 - INFO - Memory (RSS): 204.61 MB
2026-01-13 23:49:32,046 - INFO - CPU Usage: 0.0%
2026-01-13 23:49:32,046 - INFO - Threads: 36
2026-01-13 23:49:32,046 - INFO - Miscellaneous items:
2026-01-13 23:49:32,146 - INFO - 2 21192 13.635306
