2026-01-13 23:50:47,256 - INFO - mode: kappatest, dimension: 2, phase: 2, kappa: 32.0, seed: 3
2026-01-13 23:50:47,256 - INFO - Simulator:
2026-01-13 23:50:47,257 - INFO - AerSimulator('aer_simulator_statevector')
2026-01-13 23:50:47,257 - INFO - ('CPU',)
2026-01-13 23:50:47,257 - INFO - Building system...
2026-01-13 23:50:47,257 - INFO - A based on seed before k rescaling:
2026-01-13 23:50:47,257 - INFO - -0.30+(  0.00)   0.55+(  0.00)
2026-01-13 23:50:47,257 - INFO - 0.55+(  0.00)   0.51+(  0.00)
2026-01-13 23:50:47,258 - INFO - actual kappa:
2026-01-13 23:50:47,258 - INFO - 32.0
2026-01-13 23:50:47,258 - INFO - msystem.d is 0.6685077647699884 and msystem.X is 2.6740310591799537
2026-01-13 23:50:47,258 - INFO - Done.
2026-01-13 23:50:47,258 - INFO - A0 (original matrix):
2026-01-13 23:50:47,258 - INFO - 7.34+(  0.00)  12.51+(  0.00)
2026-01-13 23:50:47,258 - INFO - 12.51+(  0.00)  25.66+(  0.00)
2026-01-13 23:50:47,258 - INFO - A (expanded/normalized system matrix):
2026-01-13 23:50:47,258 - INFO - 0.86+(  0.00)   0.33+(  0.00)
2026-01-13 23:50:47,258 - INFO - 0.33+(  0.00)   1.34+(  0.00)
2026-01-13 23:50:47,258 - INFO - b =
2026-01-13 23:50:47,258 - INFO - [(0.48458763351250245+0j), (0.8747427195734485+0j)]
2026-01-13 23:50:47,259 - INFO - Initializing...
2026-01-13 23:50:47,286 - INFO - T0 built
2026-01-13 23:50:47,349 - INFO - W built
2026-01-13 23:50:47,732 - INFO - QPE built
2026-01-13 23:50:47,732 - INFO - 0.6685077647031377
2026-01-13 23:50:47,735 - INFO - Rc built
2026-01-13 23:50:47,735 - INFO - Finished initialization.
2026-01-13 23:50:47,735 - INFO - Building circuit...
2026-01-13 23:50:47,736 - INFO - T0 added
2026-01-13 23:50:47,736 - INFO - QPE added
2026-01-13 23:50:47,736 - INFO - Rc added
2026-01-13 23:50:48,797 - INFO - QPE* added
2026-01-13 23:50:48,865 - INFO - T0* added
2026-01-13 23:50:48,865 - INFO - Finished building circuit.
2026-01-13 23:50:48,865 - INFO - Transpiling...
2026-01-13 23:50:54,975 - INFO - Done.
2026-01-13 23:50:55,012 - INFO - Size of transpiled circuit:
2026-01-13 23:50:55,012 - INFO - 20616
2026-01-13 23:50:55,136 - INFO - Depth of transpiled circuit:
2026-01-13 23:50:55,136 - INFO - 20425
2026-01-13 23:50:55,136 - INFO - Number of qubits in circuit:
2026-01-13 23:50:55,136 - INFO - 9
2026-01-13 23:50:55,136 - INFO - Running circuit...
2026-01-13 23:50:59,798 - INFO - Done.
2026-01-13 23:50:59,798 - INFO - C =
2026-01-13 23:50:59,798 - INFO - 0.6685077647031377
2026-01-13 23:50:59,798 - INFO - -------------------------------------------------
2026-01-13 23:50:59,799 - INFO - Solution:
2026-01-13 23:50:59,799 - INFO - b =
2026-01-13 23:50:59,799 - INFO - [(0.48458763351250245+0j), (0.8747427195734485+0j)]
2026-01-13 23:50:59,799 - INFO - raw amplitudes =
2026-01-13 23:50:59,799 - INFO - [-0.30849496+2.20138825e-14j -0.53378967+3.77316958e-14j]
2026-01-13 23:50:59,799 - INFO - -0.461468 + i(0.000000) -> |x|=0.461468
2026-01-13 23:50:59,800 - INFO - -0.798479 + i(0.000000) -> |x|=0.798479
2026-01-13 23:50:59,800 - INFO - classical solution: [1.78862847+0.j 0.43650985+0.j]
2026-01-13 23:50:59,800 - INFO - ----------------------------
2026-01-13 23:50:59,800 - INFO - Solution Comparison:
2026-01-13 23:50:59,800 - INFO - Quantum |                Classical
2026-01-13 23:50:59,800 - INFO - --------------------------------------------------
2026-01-13 23:50:59,800 - INFO - 0.461468 + i( -0.000000) |   1.788628 + i(  0.000000)
2026-01-13 23:50:59,801 - INFO - 0.798479 + i(  0.000000) |   0.436510 + i(  0.000000)
2026-01-13 23:50:59,801 - INFO - Relative Errors:
2026-01-13 23:50:59,801 - INFO - 0.741998943900684
2026-01-13 23:50:59,801 - INFO - 0.8292356704184127
2026-01-13 23:50:59,801 - INFO - Average Relative Error:
2026-01-13 23:50:59,801 - INFO - 0.7856173071595484
2026-01-13 23:50:59,801 - INFO - TVD:
2026-01-13 23:50:59,801 - INFO - 0.5499134584635528
2026-01-13 23:51:00,803 - INFO - --- Resource Monitor ---
2026-01-13 23:51:00,804 - INFO - Memory (RSS): 206.64 MB
2026-01-13 23:51:00,804 - INFO - CPU Usage: 0.0%
2026-01-13 23:51:00,804 - INFO - Threads: 36
2026-01-13 23:51:00,804 - INFO - Miscellaneous items:
2026-01-13 23:51:00,911 - INFO - 2 20616 13.655150
