2026-01-13 23:51:47,192 - INFO - mode: kappatest, dimension: 2, phase: 2, kappa: 8.0, seed: 4
2026-01-13 23:51:47,192 - INFO - Simulator:
2026-01-13 23:51:47,192 - INFO - AerSimulator('aer_simulator_statevector')
2026-01-13 23:51:47,192 - INFO - ('CPU',)
2026-01-13 23:51:47,192 - INFO - Building system...
2026-01-13 23:51:47,193 - INFO - A based on seed before k rescaling:
2026-01-13 23:51:47,193 - INFO - -0.18+(  0.00)  -0.88+(  0.00)
2026-01-13 23:51:47,193 - INFO - -0.88+(  0.00)  -0.68+(  0.00)
2026-01-13 23:51:47,193 - INFO - actual kappa:
2026-01-13 23:51:47,193 - INFO - 8.000000000000004
2026-01-13 23:51:47,193 - INFO - msystem.d is 2.5476079557749873 and msystem.X is 10.19043182319995
2026-01-13 23:51:47,194 - INFO - Done.
2026-01-13 23:51:47,194 - INFO - A0 (original matrix):
2026-01-13 23:51:47,194 - INFO - 5.45+(  0.00)  -3.37+(  0.00)
2026-01-13 23:51:47,194 - INFO - -3.37+(  0.00)   3.55+(  0.00)
2026-01-13 23:51:47,194 - INFO - A (expanded/normalized system matrix):
2026-01-13 23:51:47,194 - INFO - 5.10+(  0.00)  -1.58+(  0.00)
2026-01-13 23:51:47,194 - INFO - -1.58+(  0.00)   4.21+(  0.00)
2026-01-13 23:51:47,194 - INFO - b =
2026-01-13 23:51:47,194 - INFO - [(-0.6594385665903383+0j), (0.7517584564827189+0j)]
2026-01-13 23:51:47,194 - INFO - Initializing...
2026-01-13 23:51:47,221 - INFO - T0 built
2026-01-13 23:51:47,283 - INFO - W built
2026-01-13 23:51:47,663 - INFO - QPE built
2026-01-13 23:51:47,663 - INFO - 2.5476079555202267
2026-01-13 23:51:47,666 - INFO - Rc built
2026-01-13 23:51:47,666 - INFO - Finished initialization.
2026-01-13 23:51:47,666 - INFO - Building circuit...
2026-01-13 23:51:47,667 - INFO - T0 added
2026-01-13 23:51:47,667 - INFO - QPE added
2026-01-13 23:51:47,667 - INFO - Rc added
2026-01-13 23:51:48,715 - INFO - QPE* added
2026-01-13 23:51:48,783 - INFO - T0* added
2026-01-13 23:51:48,783 - INFO - Finished building circuit.
2026-01-13 23:51:48,783 - INFO - Transpiling...
2026-01-13 23:51:54,550 - INFO - Done.
2026-01-13 23:51:54,595 - INFO - Size of transpiled circuit:
2026-01-13 23:51:54,595 - INFO - 21192
2026-01-13 23:51:54,729 - INFO - Depth of transpiled circuit:
2026-01-13 23:51:54,729 - INFO - 21049
2026-01-13 23:51:54,729 - INFO - Number of qubits in circuit:
2026-01-13 23:51:54,729 - INFO - 9
2026-01-13 23:51:54,730 - INFO - Running circuit...
2026-01-13 23:51:59,559 - INFO - Done.
2026-01-13 23:51:59,559 - INFO - C =
2026-01-13 23:51:59,560 - INFO - 2.5476079555202267
2026-01-13 23:51:59,560 - INFO - -------------------------------------------------
2026-01-13 23:51:59,560 - INFO - Solution:
2026-01-13 23:51:59,560 - INFO - b =
2026-01-13 23:51:59,560 - INFO - [(-0.6594385665903383+0j), (0.7517584564827189+0j)]
2026-01-13 23:51:59,560 - INFO - raw amplitudes =
2026-01-13 23:51:59,560 - INFO - [ 0.30532291-1.97529099e-14j -0.45804198+3.45282275e-14j]
2026-01-13 23:51:59,561 - INFO - 0.119847 + i(-0.000000) -> |x|=0.119847
2026-01-13 23:51:59,561 - INFO - -0.179793 + i(0.000000) -> |x|=0.179793
2026-01-13 23:51:59,561 - INFO - classical solution: [0.05056171+0.j 0.49995133+0.j]
2026-01-13 23:51:59,561 - INFO - ----------------------------
2026-01-13 23:51:59,562 - INFO - Solution Comparison:
2026-01-13 23:51:59,562 - INFO - Quantum |                Classical
2026-01-13 23:51:59,562 - INFO - --------------------------------------------------
2026-01-13 23:51:59,562 - INFO - 0.119847 + i(  0.000000) |   0.050562 + i(  0.000000)
2026-01-13 23:51:59,562 - INFO - -0.179793 + i(  0.000000) |   0.499951 + i(  0.000000)
2026-01-13 23:51:59,562 - INFO - Relative Errors:
2026-01-13 23:51:59,562 - INFO - 1.37030957122481
2026-01-13 23:51:59,562 - INFO - 1.3596209232793803
2026-01-13 23:51:59,562 - INFO - Average Relative Error:
2026-01-13 23:51:59,562 - INFO - 1.364965247252095
2026-01-13 23:51:59,562 - INFO - TVD:
2026-01-13 23:51:59,562 - INFO - 1.1405196591267215
2026-01-13 23:52:00,564 - INFO - --- Resource Monitor ---
2026-01-13 23:52:00,564 - INFO - Memory (RSS): 204.52 MB
2026-01-13 23:52:00,565 - INFO - CPU Usage: 0.0%
2026-01-13 23:52:00,565 - INFO - Threads: 36
2026-01-13 23:52:00,566 - INFO - Miscellaneous items:
2026-01-13 23:52:00,678 - INFO - 2 21192 13.485762
