2026-01-13 23:51:32,502 - INFO - mode: kappatest, dimension: 2, phase: 2, kappa: 4.0, seed: 4
2026-01-13 23:51:32,502 - INFO - Simulator:
2026-01-13 23:51:32,502 - INFO - AerSimulator('aer_simulator_statevector')
2026-01-13 23:51:32,502 - INFO - ('CPU',)
2026-01-13 23:51:32,502 - INFO - Building system...
2026-01-13 23:51:32,502 - INFO - A based on seed before k rescaling:
2026-01-13 23:51:32,503 - INFO - -0.26+(  0.00)  -0.21+(  0.00)
2026-01-13 23:51:32,503 - INFO - -0.21+(  0.00)   0.18+(  0.00)
2026-01-13 23:51:32,503 - INFO - actual kappa:
2026-01-13 23:51:32,503 - INFO - 4.000000000000001
2026-01-13 23:51:32,503 - INFO - msystem.d is 1.9948559082343276 and msystem.X is 7.97942363303731
2026-01-13 23:51:32,503 - INFO - Done.
2026-01-13 23:51:32,503 - INFO - A0 (original matrix):
2026-01-13 23:51:32,504 - INFO - 1.43+(  0.00)  -1.05+(  0.00)
2026-01-13 23:51:32,504 - INFO - -1.05+(  0.00)   3.57+(  0.00)
2026-01-13 23:51:32,504 - INFO - A (expanded/normalized system matrix):
2026-01-13 23:51:32,504 - INFO - 2.79+(  0.00)  -0.58+(  0.00)
2026-01-13 23:51:32,504 - INFO - -0.58+(  0.00)   3.99+(  0.00)
2026-01-13 23:51:32,504 - INFO - b =
2026-01-13 23:51:32,504 - INFO - [(-0.25167569029944725+0j), (0.9678116278038287+0j)]
2026-01-13 23:51:32,504 - INFO - Initializing...
2026-01-13 23:51:32,530 - INFO - T0 built
2026-01-13 23:51:32,591 - INFO - W built
2026-01-13 23:51:32,963 - INFO - QPE built
2026-01-13 23:51:32,964 - INFO - 1.994855908034842
2026-01-13 23:51:32,966 - INFO - Rc built
2026-01-13 23:51:32,967 - INFO - Finished initialization.
2026-01-13 23:51:32,967 - INFO - Building circuit...
2026-01-13 23:51:32,967 - INFO - T0 added
2026-01-13 23:51:32,967 - INFO - QPE added
2026-01-13 23:51:32,968 - INFO - Rc added
2026-01-13 23:51:34,003 - INFO - QPE* added
2026-01-13 23:51:34,069 - INFO - T0* added
2026-01-13 23:51:34,069 - INFO - Finished building circuit.
2026-01-13 23:51:34,069 - INFO - Transpiling...
2026-01-13 23:51:39,899 - INFO - Done.
2026-01-13 23:51:39,946 - INFO - Size of transpiled circuit:
2026-01-13 23:51:39,946 - INFO - 21192
2026-01-13 23:51:40,087 - INFO - Depth of transpiled circuit:
2026-01-13 23:51:40,087 - INFO - 21049
2026-01-13 23:51:40,087 - INFO - Number of qubits in circuit:
2026-01-13 23:51:40,087 - INFO - 9
2026-01-13 23:51:40,087 - INFO - Running circuit...
2026-01-13 23:51:44,970 - INFO - Done.
2026-01-13 23:51:44,970 - INFO - C =
2026-01-13 23:51:44,970 - INFO - 1.994855908034842
2026-01-13 23:51:44,970 - INFO - -------------------------------------------------
2026-01-13 23:51:44,970 - INFO - Solution:
2026-01-13 23:51:44,970 - INFO - b =
2026-01-13 23:51:44,970 - INFO - [(-0.25167569029944725+0j), (0.9678116278038287+0j)]
2026-01-13 23:51:44,970 - INFO - raw amplitudes =
2026-01-13 23:51:44,971 - INFO - [ 0.13950776-8.73333411e-15j -0.65067534+4.98680395e-14j]
2026-01-13 23:51:44,971 - INFO - 0.069934 + i(-0.000000) -> |x|=0.069934
2026-01-13 23:51:44,971 - INFO - -0.326177 + i(0.000000) -> |x|=0.326177
2026-01-13 23:51:44,971 - INFO - classical solution: [0.05056171+0.j 0.49995133+0.j]
2026-01-13 23:51:44,972 - INFO - ----------------------------
2026-01-13 23:51:44,972 - INFO - Solution Comparison:
2026-01-13 23:51:44,972 - INFO - Quantum |                Classical
2026-01-13 23:51:44,972 - INFO - --------------------------------------------------
2026-01-13 23:51:44,972 - INFO - 0.069934 + i( -0.000000) |   0.050562 + i(  0.000000)
2026-01-13 23:51:44,972 - INFO - -0.326177 + i(  0.000000) |   0.499951 + i(  0.000000)
2026-01-13 23:51:44,972 - INFO - Relative Errors:
2026-01-13 23:51:44,972 - INFO - 0.3831366580238733
2026-01-13 23:51:44,972 - INFO - 1.6524167238726912
2026-01-13 23:51:44,972 - INFO - Average Relative Error:
2026-01-13 23:51:44,972 - INFO - 1.0177766909482822
2026-01-13 23:51:44,972 - INFO - TVD:
2026-01-13 23:51:44,972 - INFO - 1.0408618579207503
2026-01-13 23:51:45,974 - INFO - --- Resource Monitor ---
2026-01-13 23:51:45,974 - INFO - Memory (RSS): 204.62 MB
2026-01-13 23:51:45,974 - INFO - CPU Usage: 0.0%
2026-01-13 23:51:45,974 - INFO - Threads: 36
2026-01-13 23:51:45,975 - INFO - Miscellaneous items:
2026-01-13 23:51:46,085 - INFO - 2 21192 13.583633
