2026-01-13 23:48:21,004 - INFO - mode: kappatest, dimension: 2, phase: 2, kappa: 128.0, seed: 1
2026-01-13 23:48:21,004 - INFO - Simulator:
2026-01-13 23:48:21,004 - INFO - AerSimulator('aer_simulator_statevector')
2026-01-13 23:48:21,005 - INFO - ('CPU',)
2026-01-13 23:48:21,005 - INFO - Building system...
2026-01-13 23:48:21,005 - INFO - A based on seed before k rescaling:
2026-01-13 23:48:21,005 - INFO - 0.19+(  0.00)   0.63+(  0.00)
2026-01-13 23:48:21,005 - INFO - 0.63+(  0.00)   0.27+(  0.00)
2026-01-13 23:48:21,005 - INFO - actual kappa:
2026-01-13 23:48:21,006 - INFO - 128.00000000000134
2026-01-13 23:48:21,006 - INFO - msystem.d is 0.7981666609662229 and msystem.X is 3.1926666439648916
2026-01-13 23:48:21,006 - INFO - Done.
2026-01-13 23:48:21,006 - INFO - A0 (original matrix):
2026-01-13 23:48:21,006 - INFO - 60.70+(  0.00)  63.39+(  0.00)
2026-01-13 23:48:21,006 - INFO - 63.39+(  0.00)  68.30+(  0.00)
2026-01-13 23:48:21,006 - INFO - A (expanded/normalized system matrix):
2026-01-13 23:48:21,006 - INFO - 1.51+(  0.00)   0.74+(  0.00)
2026-01-13 23:48:21,006 - INFO - 0.74+(  0.00)   1.60+(  0.00)
2026-01-13 23:48:21,006 - INFO - b =
2026-01-13 23:48:21,006 - INFO - [(0.6991432455105389+0j), (0.714981623719792+0j)]
2026-01-13 23:48:21,006 - INFO - Initializing...
2026-01-13 23:48:21,033 - INFO - T0 built
2026-01-13 23:48:21,092 - INFO - W built
2026-01-13 23:48:21,457 - INFO - QPE built
2026-01-13 23:48:21,457 - INFO - 0.7981666608864062
2026-01-13 23:48:21,460 - INFO - Rc built
2026-01-13 23:48:21,460 - INFO - Finished initialization.
2026-01-13 23:48:21,460 - INFO - Building circuit...
2026-01-13 23:48:21,461 - INFO - T0 added
2026-01-13 23:48:21,461 - INFO - QPE added
2026-01-13 23:48:21,461 - INFO - Rc added
2026-01-13 23:48:22,491 - INFO - QPE* added
2026-01-13 23:48:22,553 - INFO - T0* added
2026-01-13 23:48:22,554 - INFO - Finished building circuit.
2026-01-13 23:48:22,554 - INFO - Transpiling...
2026-01-13 23:48:28,328 - INFO - Done.
2026-01-13 23:48:28,363 - INFO - Size of transpiled circuit:
2026-01-13 23:48:28,363 - INFO - 20616
2026-01-13 23:48:28,482 - INFO - Depth of transpiled circuit:
2026-01-13 23:48:28,482 - INFO - 20425
2026-01-13 23:48:28,482 - INFO - Number of qubits in circuit:
2026-01-13 23:48:28,482 - INFO - 9
2026-01-13 23:48:28,483 - INFO - Running circuit...
2026-01-13 23:48:32,979 - INFO - Done.
2026-01-13 23:48:32,980 - INFO - C =
2026-01-13 23:48:32,980 - INFO - 0.7981666608864062
2026-01-13 23:48:32,980 - INFO - -------------------------------------------------
2026-01-13 23:48:32,980 - INFO - Solution:
2026-01-13 23:48:32,980 - INFO - b =
2026-01-13 23:48:32,980 - INFO - [(0.6991432455105389+0j), (0.714981623719792+0j)]
2026-01-13 23:48:32,980 - INFO - raw amplitudes =
2026-01-13 23:48:32,981 - INFO - [-0.25280871+1.75205747e-14j -0.24309784+1.55441300e-14j]
2026-01-13 23:48:32,981 - INFO - -0.316737 + i(0.000000) -> |x|=0.316737
2026-01-13 23:48:32,981 - INFO - -0.304570 + i(0.000000) -> |x|=0.304570
2026-01-13 23:48:32,981 - INFO - classical solution: [ 1.62434536+0.j -0.61175641-0.j]
2026-01-13 23:48:32,981 - INFO - ----------------------------
2026-01-13 23:48:32,981 - INFO - Solution Comparison:
2026-01-13 23:48:32,981 - INFO - Quantum |                Classical
2026-01-13 23:48:32,981 - INFO - --------------------------------------------------
2026-01-13 23:48:32,982 - INFO - 0.316737 + i(  0.000000) |   1.624345 + i(  0.000000)
2026-01-13 23:48:32,982 - INFO - 0.304570 + i(  0.000000) |  -0.611756 + i( -0.000000)
2026-01-13 23:48:32,982 - INFO - Relative Errors:
2026-01-13 23:48:32,982 - INFO - 0.8050065238196478
2026-01-13 23:48:32,982 - INFO - 1.497861998352361
2026-01-13 23:48:32,982 - INFO - Average Relative Error:
2026-01-13 23:48:32,982 - INFO - 1.1514342610860044
2026-01-13 23:48:32,982 - INFO - TVD:
2026-01-13 23:48:32,982 - INFO - 0.6302963406692212
2026-01-13 23:48:33,984 - INFO - --- Resource Monitor ---
2026-01-13 23:48:33,984 - INFO - Memory (RSS): 207.68 MB
2026-01-13 23:48:33,984 - INFO - CPU Usage: 0.0%
2026-01-13 23:48:33,984 - INFO - Threads: 36
2026-01-13 23:48:33,985 - INFO - Miscellaneous items:
2026-01-13 23:48:34,070 - INFO - 2 20616 13.065685
