2026-01-23 18:36:40,751 - INFO - Simulator:
2026-01-23 18:36:40,751 - INFO - AerSimulator('aer_simulator_statevector')
2026-01-23 18:36:40,751 - INFO - ('CPU',)
2026-01-23 18:36:40,751 - INFO - Building system...
2026-01-23 18:36:40,761 - INFO - msystem.d is 0.77132116284043 and msystem.X is 6.17056930282344
2026-01-23 18:36:40,761 - INFO - Done.
2026-01-23 18:36:40,761 - INFO - A0 (original matrix):
2026-01-23 18:36:40,761 - INFO - 1.38+(  0.00)   0.06+(  0.00)   0.30+(  0.00)   0.32+(  0.00)
2026-01-23 18:36:40,761 - INFO - 0.06+(  0.00)   1.54+(  0.00)   0.41+(  0.00)   0.15+(  0.00)
2026-01-23 18:36:40,761 - INFO - 0.30+(  0.00)   0.41+(  0.00)   1.54+(  0.00)   0.99+(  0.00)
2026-01-23 18:36:40,761 - INFO - 0.32+(  0.00)   0.15+(  0.00)   0.99+(  0.00)   1.06+(  0.00)
2026-01-23 18:36:40,761 - INFO - A (expanded/normalized system matrix):
2026-01-23 18:36:40,761 - INFO - 1.46+(  0.00)   0.03+(  0.00)   0.15+(  0.00)   0.16+(  0.00)
2026-01-23 18:36:40,761 - INFO - 0.03+(  0.00)   1.54+(  0.00)   0.20+(  0.00)   0.07+(  0.00)
2026-01-23 18:36:40,762 - INFO - 0.15+(  0.00)   0.20+(  0.00)   1.54+(  0.00)   0.50+(  0.00)
2026-01-23 18:36:40,762 - INFO - 0.16+(  0.00)   0.07+(  0.00)   0.50+(  0.00)   1.30+(  0.00)
2026-01-23 18:36:40,762 - INFO - b =
2026-01-23 18:36:40,762 - INFO - [(0.5+0j), (0.5+0j), (0.5+0j), (0.5+0j)]
2026-01-23 18:36:40,762 - INFO - Initializing...
2026-01-23 18:36:40,851 - INFO - T0 built
2026-01-23 18:36:41,047 - INFO - W built
2026-01-23 18:36:43,863 - INFO - QPE built
2026-01-23 18:36:43,863 - INFO - 0.7713211627632979
2026-01-23 18:36:43,865 - INFO - Rc built
2026-01-23 18:36:43,865 - INFO - Finished initialization.
2026-01-23 18:36:43,866 - INFO - Building circuit...
2026-01-23 18:36:43,866 - INFO - T0 added
2026-01-23 18:36:43,866 - INFO - QPE added
2026-01-23 18:36:43,866 - INFO - Rc added
2026-01-23 18:36:51,569 - INFO - QPE* added
2026-01-23 18:36:51,641 - INFO - T0* added
2026-01-23 18:36:51,642 - INFO - Finished building circuit.
2026-01-23 18:36:51,642 - INFO - Transpiling...
2026-01-23 18:37:24,275 - INFO - Done.
2026-01-23 18:37:24,710 - INFO - Size of transpiled circuit:
2026-01-23 18:37:24,710 - INFO - 213723
2026-01-23 18:37:25,863 - INFO - Depth of transpiled circuit:
2026-01-23 18:37:25,863 - INFO - 211765
2026-01-23 18:37:25,863 - INFO - Number of qubits in circuit:
2026-01-23 18:37:25,863 - INFO - 11
2026-01-23 18:37:25,864 - INFO - Running circuit...
2026-01-23 18:39:31,358 - INFO - Done.
2026-01-23 18:39:31,358 - INFO - C =
2026-01-23 18:39:31,359 - INFO - 0.7713211627632979
2026-01-23 18:39:31,359 - INFO - -------------------------------------------------
2026-01-23 18:39:31,359 - INFO - Solution:
2026-01-23 18:39:31,359 - INFO - b =
2026-01-23 18:39:31,359 - INFO - [(0.5+0j), (0.5+0j), (0.5+0j), (0.5+0j)]
2026-01-23 18:39:31,359 - INFO - raw amplitudes =
2026-01-23 18:39:31,359 - INFO - [-0.45360629+4.09505022e-13j -0.45089029+4.02949898e-13j
 -0.42557876+3.63703627e-13j -0.44085023+3.69479941e-13j]
2026-01-23 18:39:31,359 - INFO - -0.588090 + i(0.000000) -> |x|=0.588090
2026-01-23 18:39:31,359 - INFO - -0.584569 + i(0.000000) -> |x|=0.584569
2026-01-23 18:39:31,359 - INFO - -0.551753 + i(0.000000) -> |x|=0.551753
2026-01-23 18:39:31,359 - INFO - -0.571552 + i(0.000000) -> |x|=0.571552
2026-01-23 18:39:31,360 - INFO - classical solution: [ 0.54378652+0.j  0.58943623+0.j -0.15336513+0.j  0.83979167+0.j]
2026-01-23 18:39:31,360 - INFO - ----------------------------
2026-01-23 18:39:31,360 - INFO - Solution Comparison:
2026-01-23 18:39:31,360 - INFO - Quantum |                Classical
2026-01-23 18:39:31,360 - INFO - --------------------------------------------------
2026-01-23 18:39:31,360 - INFO - 0.588090 + i(  0.000000) |   0.543787 + i(  0.000000)
2026-01-23 18:39:31,360 - INFO - 0.584569 + i(  0.000000) |   0.589436 + i(  0.000000)
2026-01-23 18:39:31,360 - INFO - 0.551753 + i(  0.000000) |  -0.153365 + i(  0.000000)
2026-01-23 18:39:31,360 - INFO - 0.571552 + i(  0.000000) |   0.839792 + i(  0.000000)
2026-01-23 18:39:31,360 - INFO - Relative Errors:
2026-01-23 18:39:31,360 - INFO - 0.0814722501481977
2026-01-23 18:39:31,360 - INFO - 0.008257767348854195
2026-01-23 18:39:31,360 - INFO - 4.597643105382827
2026-01-23 18:39:31,360 - INFO - 0.31941204013883273
2026-01-23 18:39:31,360 - INFO - Average Relative Error:
2026-01-23 18:39:31,360 - INFO - 1.2516962907546778
2026-01-23 18:39:31,360 - INFO - TVD:
2026-01-23 18:39:31,360 - INFO - 0.44217848817882577
2026-01-23 18:39:32,362 - INFO - --- Resource Monitor ---
2026-01-23 18:39:32,362 - INFO - Memory (RSS): 786.71 MB
2026-01-23 18:39:32,362 - INFO - CPU Usage: 0.0%
2026-01-23 18:39:32,362 - INFO - Threads: 36
2026-01-23 18:39:32,362 - INFO - Miscellaneous items:
2026-01-23 18:39:32,798 - INFO - 4 213723 172.047035
