2026-01-23 19:20:23,588 - INFO - Simulator:
2026-01-23 19:20:23,589 - INFO - AerSimulator('aer_simulator_statevector')
2026-01-23 19:20:23,589 - INFO - ('CPU',)
2026-01-23 19:20:23,589 - INFO - Building system...
2026-01-23 19:20:23,591 - INFO - msystem.d is 0.892023055582205 and msystem.X is 7.13618444475764
2026-01-23 19:20:23,591 - INFO - Done.
2026-01-23 19:20:23,591 - INFO - A0 (original matrix):
2026-01-23 19:20:23,591 - INFO - 1.78+(  0.00)   0.19+(  0.00)   0.51+(  0.00)   0.37+(  0.00)
2026-01-23 19:20:23,591 - INFO - 0.19+(  0.00)   0.98+(  0.00)   0.51+(  0.00)   0.58+(  0.00)
2026-01-23 19:20:23,591 - INFO - 0.51+(  0.00)   0.51+(  0.00)   0.87+(  0.00)   0.99+(  0.00)
2026-01-23 19:20:23,591 - INFO - 0.37+(  0.00)   0.58+(  0.00)   0.99+(  0.00)   1.25+(  0.00)
2026-01-23 19:20:23,591 - INFO - A (expanded/normalized system matrix):
2026-01-23 19:20:23,591 - INFO - 1.78+(  0.00)   0.10+(  0.00)   0.25+(  0.00)   0.18+(  0.00)
2026-01-23 19:20:23,591 - INFO - 0.10+(  0.00)   1.38+(  0.00)   0.25+(  0.00)   0.29+(  0.00)
2026-01-23 19:20:23,591 - INFO - 0.25+(  0.00)   0.25+(  0.00)   1.33+(  0.00)   0.50+(  0.00)
2026-01-23 19:20:23,591 - INFO - 0.18+(  0.00)   0.29+(  0.00)   0.50+(  0.00)   1.52+(  0.00)
2026-01-23 19:20:23,591 - INFO - b =
2026-01-23 19:20:23,592 - INFO - [(0.5+0j), (0.5+0j), (0.5+0j), (0.5+0j)]
2026-01-23 19:20:23,592 - INFO - Initializing...
2026-01-23 19:20:23,700 - INFO - T0 built
2026-01-23 19:20:23,937 - INFO - W built
2026-01-23 19:20:27,184 - INFO - QPE built
2026-01-23 19:20:27,184 - INFO - 0.8920230554930026
2026-01-23 19:20:27,187 - INFO - Rc built
2026-01-23 19:20:27,187 - INFO - Finished initialization.
2026-01-23 19:20:27,187 - INFO - Building circuit...
2026-01-23 19:20:27,187 - INFO - T0 added
2026-01-23 19:20:27,187 - INFO - QPE added
2026-01-23 19:20:27,187 - INFO - Rc added
2026-01-23 19:20:36,071 - INFO - QPE* added
2026-01-23 19:20:36,152 - INFO - T0* added
2026-01-23 19:20:36,152 - INFO - Finished building circuit.
2026-01-23 19:20:36,152 - INFO - Transpiling...
2026-01-23 19:21:09,890 - INFO - Done.
2026-01-23 19:21:10,378 - INFO - Size of transpiled circuit:
2026-01-23 19:21:10,378 - INFO - 213723
2026-01-23 19:21:11,648 - INFO - Depth of transpiled circuit:
2026-01-23 19:21:11,648 - INFO - 211765
2026-01-23 19:21:11,648 - INFO - Number of qubits in circuit:
2026-01-23 19:21:11,648 - INFO - 11
2026-01-23 19:21:11,648 - INFO - Running circuit...
2026-01-23 19:23:25,244 - INFO - Done.
2026-01-23 19:23:25,244 - INFO - C =
2026-01-23 19:23:25,244 - INFO - 0.8920230554930026
2026-01-23 19:23:25,244 - INFO - -------------------------------------------------
2026-01-23 19:23:25,244 - INFO - Solution:
2026-01-23 19:23:25,244 - INFO - b =
2026-01-23 19:23:25,244 - INFO - [(0.5+0j), (0.5+0j), (0.5+0j), (0.5+0j)]
2026-01-23 19:23:25,244 - INFO - raw amplitudes =
2026-01-23 19:23:25,245 - INFO - [-0.44424122+3.98694867e-13j -0.45507109+4.12876397e-13j
 -0.44365816+3.86319865e-13j -0.43817766+3.69106610e-13j]
2026-01-23 19:23:25,245 - INFO - -0.498015 + i(0.000000) -> |x|=0.498015
2026-01-23 19:23:25,245 - INFO - -0.510156 + i(0.000000) -> |x|=0.510156
2026-01-23 19:23:25,245 - INFO - -0.497362 + i(0.000000) -> |x|=0.497362
2026-01-23 19:23:25,245 - INFO - -0.491218 + i(0.000000) -> |x|=0.491218
2026-01-23 19:23:25,245 - INFO - classical solution: [ 0.17501936+0.j  0.63609393+0.j  1.86712124+0.j -1.03489408-0.j]
2026-01-23 19:23:25,245 - INFO - ----------------------------
2026-01-23 19:23:25,245 - INFO - Solution Comparison:
2026-01-23 19:23:25,245 - INFO - Quantum |                Classical
2026-01-23 19:23:25,245 - INFO - --------------------------------------------------
2026-01-23 19:23:25,246 - INFO - 0.498015 + i(  0.000000) |   0.175019 + i(  0.000000)
2026-01-23 19:23:25,246 - INFO - 0.510156 + i( -0.000000) |   0.636094 + i(  0.000000)
2026-01-23 19:23:25,246 - INFO - 0.497362 + i(  0.000000) |   1.867121 + i(  0.000000)
2026-01-23 19:23:25,246 - INFO - 0.491218 + i(  0.000000) |  -1.034894 + i( -0.000000)
2026-01-23 19:23:25,246 - INFO - Relative Errors:
2026-01-23 19:23:25,246 - INFO - 1.8454874765903324
2026-01-23 19:23:25,246 - INFO - 0.1979860598808153
2026-01-23 19:23:25,246 - INFO - 0.7336210694499409
2026-01-23 19:23:25,246 - INFO - 1.4746552054631465
2026-01-23 19:23:25,246 - INFO - Average Relative Error:
2026-01-23 19:23:25,246 - INFO - 1.0629374528460587
2026-01-23 19:23:25,246 - INFO - TVD:
2026-01-23 19:23:25,246 - INFO - 0.969677451742258
2026-01-23 19:23:26,248 - INFO - --- Resource Monitor ---
2026-01-23 19:23:26,248 - INFO - Memory (RSS): 786.82 MB
2026-01-23 19:23:26,249 - INFO - CPU Usage: 0.0%
2026-01-23 19:23:26,249 - INFO - Threads: 36
2026-01-23 19:23:26,249 - INFO - Miscellaneous items:
2026-01-23 19:23:26,715 - INFO - 4 213723 183.126297
