2026-01-23 18:06:59,696 - INFO - Simulator:
2026-01-23 18:06:59,696 - INFO - AerSimulator('aer_simulator_statevector')
2026-01-23 18:06:59,696 - INFO - ('CPU',)
2026-01-23 18:06:59,696 - INFO - Building system...
2026-01-23 18:06:59,707 - INFO - msystem.d is 0.7611689322678208 and msystem.X is 3.044675729171283
2026-01-23 18:06:59,707 - INFO - Done.
2026-01-23 18:06:59,707 - INFO - A0 (original matrix):
2026-01-23 18:06:59,707 - INFO - 1.08+(  0.00)   0.68+(  0.00)
2026-01-23 18:06:59,708 - INFO - 0.68+(  0.00)   0.54+(  0.00)
2026-01-23 18:06:59,708 - INFO - A (expanded/normalized system matrix):
2026-01-23 18:06:59,708 - INFO - 1.52+(  0.00)   0.48+(  0.00)
2026-01-23 18:06:59,708 - INFO - 0.48+(  0.00)   1.15+(  0.00)
2026-01-23 18:06:59,708 - INFO - b =
2026-01-23 18:06:59,708 - INFO - [(0.7071067811865475+0j), (0.7071067811865475+0j)]
2026-01-23 18:06:59,708 - INFO - Initializing...
2026-01-23 18:06:59,729 - INFO - T0 built
2026-01-23 18:06:59,776 - INFO - W built
2026-01-23 18:07:00,040 - INFO - QPE built
2026-01-23 18:07:00,040 - INFO - 0.7611689321917039
2026-01-23 18:07:00,043 - INFO - Rc built
2026-01-23 18:07:00,043 - INFO - Finished initialization.
2026-01-23 18:07:00,043 - INFO - Building circuit...
2026-01-23 18:07:00,043 - INFO - T0 added
2026-01-23 18:07:00,043 - INFO - QPE added
2026-01-23 18:07:00,043 - INFO - Rc added
2026-01-23 18:07:00,760 - INFO - QPE* added
2026-01-23 18:07:00,807 - INFO - T0* added
2026-01-23 18:07:00,807 - INFO - Finished building circuit.
2026-01-23 18:07:00,807 - INFO - Transpiling...
2026-01-23 18:07:04,849 - INFO - Done.
2026-01-23 18:07:04,875 - INFO - Size of transpiled circuit:
2026-01-23 18:07:04,875 - INFO - 20616
2026-01-23 18:07:04,960 - INFO - Depth of transpiled circuit:
2026-01-23 18:07:04,960 - INFO - 20425
2026-01-23 18:07:04,961 - INFO - Number of qubits in circuit:
2026-01-23 18:07:04,961 - INFO - 9
2026-01-23 18:07:04,961 - INFO - Running circuit...
2026-01-23 18:07:08,438 - INFO - Done.
2026-01-23 18:07:08,439 - INFO - C =
2026-01-23 18:07:08,439 - INFO - 0.7611689321917039
2026-01-23 18:07:08,439 - INFO - -------------------------------------------------
2026-01-23 18:07:08,439 - INFO - Solution:
2026-01-23 18:07:08,439 - INFO - b =
2026-01-23 18:07:08,439 - INFO - [(0.7071067811865475+0j), (0.7071067811865475+0j)]
2026-01-23 18:07:08,439 - INFO - raw amplitudes =
2026-01-23 18:07:08,439 - INFO - [-0.34649993+2.45224514e-14j -0.44232532+2.95329962e-14j]
2026-01-23 18:07:08,439 - INFO - -0.455221 + i(0.000000) -> |x|=0.455221
2026-01-23 18:07:08,439 - INFO - -0.581113 + i(0.000000) -> |x|=0.581113
2026-01-23 18:07:08,440 - INFO - classical solution: [-1.16684129+0.j  3.30272698+0.j]
2026-01-23 18:07:08,440 - INFO - ----------------------------
2026-01-23 18:07:08,440 - INFO - Solution Comparison:
2026-01-23 18:07:08,440 - INFO - Quantum |                Classical
2026-01-23 18:07:08,440 - INFO - --------------------------------------------------
2026-01-23 18:07:08,440 - INFO - -0.455221 + i(  0.000000) |  -1.166841 + i(  0.000000)
2026-01-23 18:07:08,440 - INFO - -0.581113 + i( -0.000000) |   3.302727 + i(  0.000000)
2026-01-23 18:07:08,440 - INFO - Relative Errors:
2026-01-23 18:07:08,440 - INFO - 0.6098691411321526
2026-01-23 18:07:08,440 - INFO - 1.1759495144253649
2026-01-23 18:07:08,440 - INFO - Average Relative Error:
2026-01-23 18:07:08,440 - INFO - 0.8929093277787588
2026-01-23 18:07:08,441 - INFO - TVD:
2026-01-23 18:07:08,441 - INFO - 1.0068300801633356
2026-01-23 18:07:09,442 - INFO - --- Resource Monitor ---
2026-01-23 18:07:09,442 - INFO - Memory (RSS): 206.96 MB
2026-01-23 18:07:09,442 - INFO - CPU Usage: 0.0%
2026-01-23 18:07:09,442 - INFO - Threads: 36
2026-01-23 18:07:09,442 - INFO - Miscellaneous items:
2026-01-23 18:07:09,471 - INFO - 2 20616 9.775552
