2026-01-23 19:08:03,241 - INFO - Simulator:
2026-01-23 19:08:03,241 - INFO - AerSimulator('aer_simulator_statevector')
2026-01-23 19:08:03,241 - INFO - ('CPU',)
2026-01-23 19:08:03,241 - INFO - Building system...
2026-01-23 19:08:03,241 - INFO - msystem.d is 0.620234293937905 and msystem.X is 4.96187435160324
2026-01-23 19:08:03,241 - INFO - Done.
2026-01-23 19:08:03,241 - INFO - A0 (original matrix):
2026-01-23 19:08:03,241 - INFO - 1.11+(  0.00)   0.94+(  0.00)   0.95+(  0.00)   0.02+(  0.00)
2026-01-23 19:08:03,241 - INFO - 0.94+(  0.00)   1.17+(  0.00)   0.81+(  0.00)   0.34+(  0.00)
2026-01-23 19:08:03,241 - INFO - 0.95+(  0.00)   0.81+(  0.00)   1.24+(  0.00)   0.38+(  0.00)
2026-01-23 19:08:03,241 - INFO - 0.02+(  0.00)   0.34+(  0.00)   0.38+(  0.00)   0.98+(  0.00)
2026-01-23 19:08:03,241 - INFO - A (expanded/normalized system matrix):
2026-01-23 19:08:03,241 - INFO - 1.18+(  0.00)   0.47+(  0.00)   0.48+(  0.00)   0.01+(  0.00)
2026-01-23 19:08:03,242 - INFO - 0.47+(  0.00)   1.20+(  0.00)   0.41+(  0.00)   0.17+(  0.00)
2026-01-23 19:08:03,242 - INFO - 0.48+(  0.00)   0.41+(  0.00)   1.24+(  0.00)   0.19+(  0.00)
2026-01-23 19:08:03,242 - INFO - 0.01+(  0.00)   0.17+(  0.00)   0.19+(  0.00)   1.11+(  0.00)
2026-01-23 19:08:03,242 - INFO - b =
2026-01-23 19:08:03,242 - INFO - [(0.5+0j), (0.5+0j), (0.5+0j), (0.5+0j)]
2026-01-23 19:08:03,242 - INFO - Initializing...
2026-01-23 19:08:03,346 - INFO - T0 built
2026-01-23 19:08:03,572 - INFO - W built
2026-01-23 19:08:07,282 - INFO - QPE built
2026-01-23 19:08:07,282 - INFO - 0.6202342938758816
2026-01-23 19:08:07,287 - INFO - Rc built
2026-01-23 19:08:07,287 - INFO - Finished initialization.
2026-01-23 19:08:07,287 - INFO - Building circuit...
2026-01-23 19:08:07,288 - INFO - T0 added
2026-01-23 19:08:07,288 - INFO - QPE added
2026-01-23 19:08:07,288 - INFO - Rc added
2026-01-23 19:08:26,163 - INFO - QPE* added
2026-01-23 19:08:26,245 - INFO - T0* added
2026-01-23 19:08:26,245 - INFO - Finished building circuit.
2026-01-23 19:08:26,245 - INFO - Transpiling...
2026-01-23 19:09:43,856 - INFO - Done.
2026-01-23 19:09:44,929 - INFO - Size of transpiled circuit:
2026-01-23 19:09:44,929 - INFO - 496199
2026-01-23 19:09:47,716 - INFO - Depth of transpiled circuit:
2026-01-23 19:09:47,716 - INFO - 491705
2026-01-23 19:09:47,716 - INFO - Number of qubits in circuit:
2026-01-23 19:09:47,716 - INFO - 12
2026-01-23 19:09:47,716 - INFO - Running circuit...
2026-01-23 19:20:17,545 - INFO - Done.
2026-01-23 19:20:17,545 - INFO - C =
2026-01-23 19:20:17,545 - INFO - 0.6202342938758816
2026-01-23 19:20:17,545 - INFO - -------------------------------------------------
2026-01-23 19:20:17,545 - INFO - Solution:
2026-01-23 19:20:17,545 - INFO - b =
2026-01-23 19:20:17,545 - INFO - [(0.5+0j), (0.5+0j), (0.5+0j), (0.5+0j)]
2026-01-23 19:20:17,545 - INFO - raw amplitudes =
2026-01-23 19:20:17,546 - INFO - [-0.09987386+2.15619848e-13j -0.0775602 +1.68230352e-13j
 -0.06184128+1.05518511e-13j -0.27207217+5.15614873e-13j]
2026-01-23 19:20:17,546 - INFO - -0.161026 + i(0.000000) -> |x|=0.161026
2026-01-23 19:20:17,546 - INFO - -0.125050 + i(0.000000) -> |x|=0.125050
2026-01-23 19:20:17,546 - INFO - -0.099706 + i(0.000000) -> |x|=0.099706
2026-01-23 19:20:17,546 - INFO - -0.438660 + i(0.000000) -> |x|=0.438660
2026-01-23 19:20:17,546 - INFO - classical solution: [ 2.80861288+0.j -1.08784933+0.j -1.1942764 +0.j  1.79784394+0.j]
2026-01-23 19:20:17,546 - INFO - ----------------------------
2026-01-23 19:20:17,546 - INFO - Solution Comparison:
2026-01-23 19:20:17,547 - INFO - Quantum |                Classical
2026-01-23 19:20:17,547 - INFO - --------------------------------------------------
2026-01-23 19:20:17,547 - INFO - 0.161026 + i( -0.000000) |   2.808613 + i(  0.000000)
2026-01-23 19:20:17,547 - INFO - 0.125050 + i( -0.000000) |  -1.087849 + i(  0.000000)
2026-01-23 19:20:17,547 - INFO - 0.099706 + i(  0.000000) |  -1.194276 + i(  0.000000)
2026-01-23 19:20:17,547 - INFO - 0.438660 + i(  0.000000) |   1.797844 + i(  0.000000)
2026-01-23 19:20:17,547 - INFO - Relative Errors:
2026-01-23 19:20:17,547 - INFO - 0.9426670674350718
2026-01-23 19:20:17,547 - INFO - 1.1149514332454922
2026-01-23 19:20:17,547 - INFO - 1.0834868050269013
2026-01-23 19:20:17,547 - INFO - 0.7560075649587306
2026-01-23 19:20:17,547 - INFO - Average Relative Error:
2026-01-23 19:20:17,547 - INFO - 0.974278217666549
2026-01-23 19:20:17,547 - INFO - TVD:
2026-01-23 19:20:17,547 - INFO - 0.952934604250794
2026-01-23 19:20:18,566 - INFO - --- Resource Monitor ---
2026-01-23 19:20:18,566 - INFO - Memory (RSS): 1452.79 MB
2026-01-23 19:20:18,567 - INFO - CPU Usage: 0.0%
2026-01-23 19:20:18,567 - INFO - Threads: 36
2026-01-23 19:20:18,567 - INFO - Miscellaneous items:
2026-01-23 19:20:19,666 - INFO - 4 496199 736.425678
