2026-01-23 18:08:54,359 - INFO - Simulator:
2026-01-23 18:08:54,359 - INFO - AerSimulator('aer_simulator_statevector')
2026-01-23 18:08:54,359 - INFO - ('CPU',)
2026-01-23 18:08:54,360 - INFO - Building system...
2026-01-23 18:08:54,370 - INFO - msystem.d is 1.751801041174875 and msystem.X is 14.014408329499
2026-01-23 18:08:54,370 - INFO - Done.
2026-01-23 18:08:54,370 - INFO - A0 (original matrix):
2026-01-23 18:08:54,370 - INFO - 3.47+(  0.00)   0.03+(  0.00)   0.11+(  0.00)   0.03+(  0.00)
2026-01-23 18:08:54,370 - INFO - 0.03+(  0.00)   3.36+(  0.00)   0.05+(  0.00)   0.96+(  0.00)
2026-01-23 18:08:54,370 - INFO - 0.11+(  0.00)   0.05+(  0.00)   2.80+(  0.00)   0.53+(  0.00)
2026-01-23 18:08:54,370 - INFO - 0.03+(  0.00)   0.96+(  0.00)   0.53+(  0.00)   3.50+(  0.00)
2026-01-23 18:08:54,370 - INFO - A (expanded/normalized system matrix):
2026-01-23 18:08:54,370 - INFO - 3.49+(  0.00)   0.02+(  0.00)   0.06+(  0.00)   0.01+(  0.00)
2026-01-23 18:08:54,371 - INFO - 0.02+(  0.00)   3.43+(  0.00)   0.03+(  0.00)   0.48+(  0.00)
2026-01-23 18:08:54,371 - INFO - 0.06+(  0.00)   0.03+(  0.00)   3.15+(  0.00)   0.26+(  0.00)
2026-01-23 18:08:54,371 - INFO - 0.01+(  0.00)   0.48+(  0.00)   0.26+(  0.00)   3.50+(  0.00)
2026-01-23 18:08:54,371 - INFO - b =
2026-01-23 18:08:54,371 - INFO - [(0.5+0j), (0.5+0j), (0.5+0j), (0.5+0j)]
2026-01-23 18:08:54,371 - INFO - Initializing...
2026-01-23 18:08:54,468 - INFO - T0 built
2026-01-23 18:08:54,689 - INFO - W built
2026-01-23 18:08:57,570 - INFO - QPE built
2026-01-23 18:08:57,571 - INFO - 1.751801040999695
2026-01-23 18:08:57,573 - INFO - Rc built
2026-01-23 18:08:57,573 - INFO - Finished initialization.
2026-01-23 18:08:57,573 - INFO - Building circuit...
2026-01-23 18:08:57,573 - INFO - T0 added
2026-01-23 18:08:57,573 - INFO - QPE added
2026-01-23 18:08:57,574 - INFO - Rc added
2026-01-23 18:09:05,587 - INFO - QPE* added
2026-01-23 18:09:05,665 - INFO - T0* added
2026-01-23 18:09:05,665 - INFO - Finished building circuit.
2026-01-23 18:09:05,665 - INFO - Transpiling...
2026-01-23 18:09:35,352 - INFO - Done.
2026-01-23 18:09:35,712 - INFO - Size of transpiled circuit:
2026-01-23 18:09:35,712 - INFO - 213723
2026-01-23 18:09:36,670 - INFO - Depth of transpiled circuit:
2026-01-23 18:09:36,671 - INFO - 211765
2026-01-23 18:09:36,671 - INFO - Number of qubits in circuit:
2026-01-23 18:09:36,671 - INFO - 11
2026-01-23 18:09:36,671 - INFO - Running circuit...
2026-01-23 18:11:42,100 - INFO - Done.
2026-01-23 18:11:42,100 - INFO - C =
2026-01-23 18:11:42,100 - INFO - 1.751801040999695
2026-01-23 18:11:42,100 - INFO - -------------------------------------------------
2026-01-23 18:11:42,100 - INFO - Solution:
2026-01-23 18:11:42,100 - INFO - b =
2026-01-23 18:11:42,100 - INFO - [(0.5+0j), (0.5+0j), (0.5+0j), (0.5+0j)]
2026-01-23 18:11:42,101 - INFO - raw amplitudes =
2026-01-23 18:11:42,101 - INFO - [-0.46593536+4.23561227e-13j -0.45780085+4.05361229e-13j
 -0.46677684+3.94316456e-13j -0.45235819+3.67471288e-13j]
2026-01-23 18:11:42,101 - INFO - -0.265975 + i(0.000000) -> |x|=0.265975
2026-01-23 18:11:42,101 - INFO - -0.261332 + i(0.000000) -> |x|=0.261332
2026-01-23 18:11:42,101 - INFO - -0.266455 + i(0.000000) -> |x|=0.266455
2026-01-23 18:11:42,101 - INFO - -0.258225 + i(0.000000) -> |x|=0.258225
2026-01-23 18:11:42,102 - INFO - classical solution: [0.27481499+0.j 0.24132361+0.j 0.30937949+0.j 0.17117666+0.j]
2026-01-23 18:11:42,102 - INFO - ----------------------------
2026-01-23 18:11:42,102 - INFO - Solution Comparison:
2026-01-23 18:11:42,102 - INFO - Quantum |                Classical
2026-01-23 18:11:42,102 - INFO - --------------------------------------------------
2026-01-23 18:11:42,102 - INFO - 0.265975 + i(  0.000000) |   0.274815 + i(  0.000000)
2026-01-23 18:11:42,102 - INFO - 0.261332 + i(  0.000000) |   0.241324 + i(  0.000000)
2026-01-23 18:11:42,102 - INFO - 0.266455 + i(  0.000000) |   0.309379 + i(  0.000000)
2026-01-23 18:11:42,102 - INFO - 0.258225 + i(  0.000000) |   0.171177 + i(  0.000000)
2026-01-23 18:11:42,102 - INFO - Relative Errors:
2026-01-23 18:11:42,102 - INFO - 0.03216690914618858
2026-01-23 18:11:42,102 - INFO - 0.08290906776138374
2026-01-23 18:11:42,102 - INFO - 0.13874254563918154
2026-01-23 18:11:42,102 - INFO - 0.5085271170655525
2026-01-23 18:11:42,102 - INFO - Average Relative Error:
2026-01-23 18:11:42,102 - INFO - 0.1905864099030766
2026-01-23 18:11:42,103 - INFO - TVD:
2026-01-23 18:11:42,103 - INFO - 0.1565202061456646
2026-01-23 18:11:43,181 - INFO - --- Resource Monitor ---
2026-01-23 18:11:43,181 - INFO - Memory (RSS): 787.77 MB
2026-01-23 18:11:43,181 - INFO - CPU Usage: 0.0%
2026-01-23 18:11:43,181 - INFO - Threads: 36
2026-01-23 18:11:43,181 - INFO - Miscellaneous items:
2026-01-23 18:11:43,651 - INFO - 4 213723 169.292269
