2026-01-23 18:39:34,727 - INFO - Simulator:
2026-01-23 18:39:34,727 - INFO - AerSimulator('aer_simulator_statevector')
2026-01-23 18:39:34,728 - INFO - ('CPU',)
2026-01-23 18:39:34,728 - INFO - Building system...
2026-01-23 18:39:34,728 - INFO - msystem.d is 0.77132116284043 and msystem.X is 6.17056930282344
2026-01-23 18:39:34,728 - INFO - Done.
2026-01-23 18:39:34,728 - INFO - A0 (original matrix):
2026-01-23 18:39:34,728 - INFO - 1.38+(  0.00)   0.06+(  0.00)   0.30+(  0.00)   0.32+(  0.00)
2026-01-23 18:39:34,728 - INFO - 0.06+(  0.00)   1.54+(  0.00)   0.41+(  0.00)   0.15+(  0.00)
2026-01-23 18:39:34,728 - INFO - 0.30+(  0.00)   0.41+(  0.00)   1.54+(  0.00)   0.99+(  0.00)
2026-01-23 18:39:34,728 - INFO - 0.32+(  0.00)   0.15+(  0.00)   0.99+(  0.00)   1.06+(  0.00)
2026-01-23 18:39:34,728 - INFO - A (expanded/normalized system matrix):
2026-01-23 18:39:34,728 - INFO - 1.46+(  0.00)   0.03+(  0.00)   0.15+(  0.00)   0.16+(  0.00)
2026-01-23 18:39:34,728 - INFO - 0.03+(  0.00)   1.54+(  0.00)   0.20+(  0.00)   0.07+(  0.00)
2026-01-23 18:39:34,728 - INFO - 0.15+(  0.00)   0.20+(  0.00)   1.54+(  0.00)   0.50+(  0.00)
2026-01-23 18:39:34,728 - INFO - 0.16+(  0.00)   0.07+(  0.00)   0.50+(  0.00)   1.30+(  0.00)
2026-01-23 18:39:34,728 - INFO - b =
2026-01-23 18:39:34,728 - INFO - [(0.5+0j), (0.5+0j), (0.5+0j), (0.5+0j)]
2026-01-23 18:39:34,729 - INFO - Initializing...
2026-01-23 18:39:34,822 - INFO - T0 built
2026-01-23 18:39:35,027 - INFO - W built
2026-01-23 18:39:38,356 - INFO - QPE built
2026-01-23 18:39:38,356 - INFO - 0.7713211627632979
2026-01-23 18:39:38,360 - INFO - Rc built
2026-01-23 18:39:38,360 - INFO - Finished initialization.
2026-01-23 18:39:38,360 - INFO - Building circuit...
2026-01-23 18:39:38,361 - INFO - T0 added
2026-01-23 18:39:38,361 - INFO - QPE added
2026-01-23 18:39:38,361 - INFO - Rc added
2026-01-23 18:39:56,168 - INFO - QPE* added
2026-01-23 18:39:56,240 - INFO - T0* added
2026-01-23 18:39:56,240 - INFO - Finished building circuit.
2026-01-23 18:39:56,240 - INFO - Transpiling...
2026-01-23 18:41:08,849 - INFO - Done.
2026-01-23 18:41:09,776 - INFO - Size of transpiled circuit:
2026-01-23 18:41:09,777 - INFO - 496199
2026-01-23 18:41:12,281 - INFO - Depth of transpiled circuit:
2026-01-23 18:41:12,281 - INFO - 491705
2026-01-23 18:41:12,281 - INFO - Number of qubits in circuit:
2026-01-23 18:41:12,281 - INFO - 12
2026-01-23 18:41:12,281 - INFO - Running circuit...
2026-01-23 18:50:32,309 - INFO - Done.
2026-01-23 18:50:32,309 - INFO - C =
2026-01-23 18:50:32,309 - INFO - 0.7713211627632979
2026-01-23 18:50:32,310 - INFO - -------------------------------------------------
2026-01-23 18:50:32,310 - INFO - Solution:
2026-01-23 18:50:32,310 - INFO - b =
2026-01-23 18:50:32,310 - INFO - [(0.5+0j), (0.5+0j), (0.5+0j), (0.5+0j)]
2026-01-23 18:50:32,310 - INFO - raw amplitudes =
2026-01-23 18:50:32,310 - INFO - [-0.28916304+6.23450157e-13j -0.27788075+5.81994361e-13j
 -0.17189987+3.47936416e-13j -0.23772931+4.62275450e-13j]
2026-01-23 18:50:32,310 - INFO - -0.374893 + i(0.000000) -> |x|=0.374893
2026-01-23 18:50:32,310 - INFO - -0.360266 + i(0.000000) -> |x|=0.360266
2026-01-23 18:50:32,310 - INFO - -0.222864 + i(0.000000) -> |x|=0.222864
2026-01-23 18:50:32,310 - INFO - -0.308211 + i(0.000000) -> |x|=0.308211
2026-01-23 18:50:32,311 - INFO - classical solution: [ 0.54378652+0.j  0.58943623+0.j -0.15336513+0.j  0.83979167+0.j]
2026-01-23 18:50:32,311 - INFO - ----------------------------
2026-01-23 18:50:32,311 - INFO - Solution Comparison:
2026-01-23 18:50:32,311 - INFO - Quantum |                Classical
2026-01-23 18:50:32,311 - INFO - --------------------------------------------------
2026-01-23 18:50:32,311 - INFO - 0.374893 + i(  0.000000) |   0.543787 + i(  0.000000)
2026-01-23 18:50:32,311 - INFO - 0.360266 + i(  0.000000) |   0.589436 + i(  0.000000)
2026-01-23 18:50:32,311 - INFO - 0.222864 + i(  0.000000) |  -0.153365 + i(  0.000000)
2026-01-23 18:50:32,311 - INFO - 0.308211 + i(  0.000000) |   0.839792 + i(  0.000000)
2026-01-23 18:50:32,311 - INFO - Relative Errors:
2026-01-23 18:50:32,311 - INFO - 0.3105875982947939
2026-01-23 18:50:32,311 - INFO - 0.3887957239627404
2026-01-23 18:50:32,311 - INFO - 2.4531608499867805
2026-01-23 18:50:32,311 - INFO - 0.6329916788608954
2026-01-23 18:50:32,311 - INFO - Average Relative Error:
2026-01-23 18:50:32,311 - INFO - 0.9463839627763024
2026-01-23 18:50:32,311 - INFO - TVD:
2026-01-23 18:50:32,311 - INFO - 0.44456182148131657
2026-01-23 18:50:33,312 - INFO - --- Resource Monitor ---
2026-01-23 18:50:33,312 - INFO - Memory (RSS): 1452.42 MB
2026-01-23 18:50:33,312 - INFO - CPU Usage: 0.0%
2026-01-23 18:50:33,312 - INFO - Threads: 36
2026-01-23 18:50:33,312 - INFO - Miscellaneous items:
2026-01-23 18:50:34,272 - INFO - 4 496199 659.544472
