2026-01-23 19:05:03,269 - INFO - Simulator:
2026-01-23 19:05:03,269 - INFO - AerSimulator('aer_simulator_statevector')
2026-01-23 19:05:03,269 - INFO - ('CPU',)
2026-01-23 19:05:03,269 - INFO - Building system...
2026-01-23 19:05:03,278 - INFO - msystem.d is 0.620234293937905 and msystem.X is 4.96187435160324
2026-01-23 19:05:03,278 - INFO - Done.
2026-01-23 19:05:03,278 - INFO - A0 (original matrix):
2026-01-23 19:05:03,278 - INFO - 1.11+(  0.00)   0.94+(  0.00)   0.95+(  0.00)   0.02+(  0.00)
2026-01-23 19:05:03,278 - INFO - 0.94+(  0.00)   1.17+(  0.00)   0.81+(  0.00)   0.34+(  0.00)
2026-01-23 19:05:03,278 - INFO - 0.95+(  0.00)   0.81+(  0.00)   1.24+(  0.00)   0.38+(  0.00)
2026-01-23 19:05:03,278 - INFO - 0.02+(  0.00)   0.34+(  0.00)   0.38+(  0.00)   0.98+(  0.00)
2026-01-23 19:05:03,278 - INFO - A (expanded/normalized system matrix):
2026-01-23 19:05:03,278 - INFO - 1.18+(  0.00)   0.47+(  0.00)   0.48+(  0.00)   0.01+(  0.00)
2026-01-23 19:05:03,278 - INFO - 0.47+(  0.00)   1.20+(  0.00)   0.41+(  0.00)   0.17+(  0.00)
2026-01-23 19:05:03,278 - INFO - 0.48+(  0.00)   0.41+(  0.00)   1.24+(  0.00)   0.19+(  0.00)
2026-01-23 19:05:03,278 - INFO - 0.01+(  0.00)   0.17+(  0.00)   0.19+(  0.00)   1.11+(  0.00)
2026-01-23 19:05:03,278 - INFO - b =
2026-01-23 19:05:03,278 - INFO - [(0.5+0j), (0.5+0j), (0.5+0j), (0.5+0j)]
2026-01-23 19:05:03,278 - INFO - Initializing...
2026-01-23 19:05:03,385 - INFO - T0 built
2026-01-23 19:05:03,617 - INFO - W built
2026-01-23 19:05:06,663 - INFO - QPE built
2026-01-23 19:05:06,663 - INFO - 0.6202342938758816
2026-01-23 19:05:06,665 - INFO - Rc built
2026-01-23 19:05:06,665 - INFO - Finished initialization.
2026-01-23 19:05:06,665 - INFO - Building circuit...
2026-01-23 19:05:06,666 - INFO - T0 added
2026-01-23 19:05:06,666 - INFO - QPE added
2026-01-23 19:05:06,666 - INFO - Rc added
2026-01-23 19:05:14,821 - INFO - QPE* added
2026-01-23 19:05:14,900 - INFO - T0* added
2026-01-23 19:05:14,900 - INFO - Finished building circuit.
2026-01-23 19:05:14,900 - INFO - Transpiling...
2026-01-23 19:05:44,823 - INFO - Done.
2026-01-23 19:05:45,266 - INFO - Size of transpiled circuit:
2026-01-23 19:05:45,266 - INFO - 213723
2026-01-23 19:05:46,434 - INFO - Depth of transpiled circuit:
2026-01-23 19:05:46,434 - INFO - 211765
2026-01-23 19:05:46,435 - INFO - Number of qubits in circuit:
2026-01-23 19:05:46,435 - INFO - 11
2026-01-23 19:05:46,435 - INFO - Running circuit...
2026-01-23 19:07:59,710 - INFO - Done.
2026-01-23 19:07:59,710 - INFO - C =
2026-01-23 19:07:59,710 - INFO - 0.6202342938758816
2026-01-23 19:07:59,710 - INFO - -------------------------------------------------
2026-01-23 19:07:59,710 - INFO - Solution:
2026-01-23 19:07:59,710 - INFO - b =
2026-01-23 19:07:59,710 - INFO - [(0.5+0j), (0.5+0j), (0.5+0j), (0.5+0j)]
2026-01-23 19:07:59,710 - INFO - raw amplitudes =
2026-01-23 19:07:59,711 - INFO - [-0.39812832+3.75309960e-13j -0.39325687+3.64063191e-13j
 -0.38921321+3.40678889e-13j -0.44590635+3.70743909e-13j]
2026-01-23 19:07:59,711 - INFO - -0.641900 + i(0.000000) -> |x|=0.641900
2026-01-23 19:07:59,711 - INFO - -0.634046 + i(0.000000) -> |x|=0.634046
2026-01-23 19:07:59,711 - INFO - -0.627526 + i(0.000000) -> |x|=0.627526
2026-01-23 19:07:59,711 - INFO - -0.718932 + i(0.000000) -> |x|=0.718932
2026-01-23 19:07:59,711 - INFO - classical solution: [ 2.80861288+0.j -1.08784933+0.j -1.1942764 +0.j  1.79784394+0.j]
2026-01-23 19:07:59,712 - INFO - ----------------------------
2026-01-23 19:07:59,712 - INFO - Solution Comparison:
2026-01-23 19:07:59,712 - INFO - Quantum |                Classical
2026-01-23 19:07:59,712 - INFO - --------------------------------------------------
2026-01-23 19:07:59,712 - INFO - 0.641900 + i( -0.000000) |   2.808613 + i(  0.000000)
2026-01-23 19:07:59,712 - INFO - 0.634046 + i(  0.000000) |  -1.087849 + i(  0.000000)
2026-01-23 19:07:59,712 - INFO - 0.627526 + i(  0.000000) |  -1.194276 + i(  0.000000)
2026-01-23 19:07:59,712 - INFO - 0.718932 + i(  0.000000) |   1.797844 + i(  0.000000)
2026-01-23 19:07:59,712 - INFO - Relative Errors:
2026-01-23 19:07:59,712 - INFO - 0.7714530609667649
2026-01-23 19:07:59,712 - INFO - 1.582843287711192
2026-01-23 19:07:59,712 - INFO - 1.5254446124618384
2026-01-23 19:07:59,712 - INFO - 0.6001142889039663
2026-01-23 19:07:59,712 - INFO - Average Relative Error:
2026-01-23 19:07:59,712 - INFO - 1.1199638125109403
2026-01-23 19:07:59,712 - INFO - TVD:
2026-01-23 19:07:59,712 - INFO - 0.9539747645573486
2026-01-23 19:08:00,714 - INFO - --- Resource Monitor ---
2026-01-23 19:08:00,714 - INFO - Memory (RSS): 787.99 MB
2026-01-23 19:08:00,715 - INFO - CPU Usage: 0.0%
2026-01-23 19:08:00,715 - INFO - Threads: 36
2026-01-23 19:08:00,715 - INFO - Miscellaneous items:
2026-01-23 19:08:01,178 - INFO - 4 213723 177.909987
