2026-01-23 18:25:40,985 - INFO - Simulator:
2026-01-23 18:25:40,985 - INFO - AerSimulator('aer_simulator_statevector')
2026-01-23 18:25:40,985 - INFO - ('CPU',)
2026-01-23 18:25:40,985 - INFO - Building system...
2026-01-23 18:25:40,985 - INFO - msystem.d is 1.023736544232105 and msystem.X is 8.18989235395684
2026-01-23 18:25:40,985 - INFO - Done.
2026-01-23 18:25:40,985 - INFO - A0 (original matrix):
2026-01-23 18:25:40,985 - INFO - 1.92+(  0.00)   0.74+(  0.00)   0.85+(  0.00)   0.81+(  0.00)
2026-01-23 18:25:40,986 - INFO - 0.74+(  0.00)   1.65+(  0.00)   0.49+(  0.00)   0.67+(  0.00)
2026-01-23 18:25:40,986 - INFO - 0.85+(  0.00)   0.49+(  0.00)   1.44+(  0.00)   0.38+(  0.00)
2026-01-23 18:25:40,986 - INFO - 0.81+(  0.00)   0.67+(  0.00)   0.38+(  0.00)   2.05+(  0.00)
2026-01-23 18:25:40,986 - INFO - A (expanded/normalized system matrix):
2026-01-23 18:25:40,986 - INFO - 1.98+(  0.00)   0.37+(  0.00)   0.42+(  0.00)   0.41+(  0.00)
2026-01-23 18:25:40,986 - INFO - 0.37+(  0.00)   1.85+(  0.00)   0.25+(  0.00)   0.33+(  0.00)
2026-01-23 18:25:40,986 - INFO - 0.42+(  0.00)   0.25+(  0.00)   1.75+(  0.00)   0.19+(  0.00)
2026-01-23 18:25:40,986 - INFO - 0.41+(  0.00)   0.33+(  0.00)   0.19+(  0.00)   2.05+(  0.00)
2026-01-23 18:25:40,986 - INFO - b =
2026-01-23 18:25:40,986 - INFO - [(0.5+0j), (0.5+0j), (0.5+0j), (0.5+0j)]
2026-01-23 18:25:40,986 - INFO - Initializing...
2026-01-23 18:25:41,078 - INFO - T0 built
2026-01-23 18:25:41,279 - INFO - W built
2026-01-23 18:25:44,566 - INFO - QPE built
2026-01-23 18:25:44,567 - INFO - 1.0237365441297313
2026-01-23 18:25:44,570 - INFO - Rc built
2026-01-23 18:25:44,570 - INFO - Finished initialization.
2026-01-23 18:25:44,571 - INFO - Building circuit...
2026-01-23 18:25:44,571 - INFO - T0 added
2026-01-23 18:25:44,571 - INFO - QPE added
2026-01-23 18:25:44,571 - INFO - Rc added
2026-01-23 18:26:02,248 - INFO - QPE* added
2026-01-23 18:26:02,320 - INFO - T0* added
2026-01-23 18:26:02,320 - INFO - Finished building circuit.
2026-01-23 18:26:02,320 - INFO - Transpiling...
2026-01-23 18:27:11,139 - INFO - Done.
2026-01-23 18:27:12,092 - INFO - Size of transpiled circuit:
2026-01-23 18:27:12,093 - INFO - 496199
2026-01-23 18:27:14,571 - INFO - Depth of transpiled circuit:
2026-01-23 18:27:14,571 - INFO - 491705
2026-01-23 18:27:14,571 - INFO - Number of qubits in circuit:
2026-01-23 18:27:14,571 - INFO - 12
2026-01-23 18:27:14,572 - INFO - Running circuit...
2026-01-23 18:36:38,631 - INFO - Done.
2026-01-23 18:36:38,631 - INFO - C =
2026-01-23 18:36:38,631 - INFO - 1.0237365441297313
2026-01-23 18:36:38,631 - INFO - -------------------------------------------------
2026-01-23 18:36:38,631 - INFO - Solution:
2026-01-23 18:36:38,631 - INFO - b =
2026-01-23 18:36:38,631 - INFO - [(0.5+0j), (0.5+0j), (0.5+0j), (0.5+0j)]
2026-01-23 18:36:38,631 - INFO - raw amplitudes =
2026-01-23 18:36:38,632 - INFO - [-0.16761502+3.81127975e-13j -0.22344788+4.72686231e-13j
 -0.25081942+4.88962425e-13j -0.19605693+3.70992046e-13j]
2026-01-23 18:36:38,632 - INFO - -0.163729 + i(0.000000) -> |x|=0.163729
2026-01-23 18:36:38,632 - INFO - -0.218267 + i(0.000000) -> |x|=0.218267
2026-01-23 18:36:38,632 - INFO - -0.245004 + i(0.000000) -> |x|=0.245004
2026-01-23 18:36:38,632 - INFO - -0.191511 + i(0.000000) -> |x|=0.191511
2026-01-23 18:36:38,632 - INFO - classical solution: [0.07805752+0.j 0.32518494+0.j 0.46568299+0.j 0.26469864+0.j]
2026-01-23 18:36:38,632 - INFO - ----------------------------
2026-01-23 18:36:38,632 - INFO - Solution Comparison:
2026-01-23 18:36:38,632 - INFO - Quantum |                Classical
2026-01-23 18:36:38,632 - INFO - --------------------------------------------------
2026-01-23 18:36:38,632 - INFO - 0.163729 + i(  0.000000) |   0.078058 + i(  0.000000)
2026-01-23 18:36:38,632 - INFO - 0.218267 + i(  0.000000) |   0.325185 + i(  0.000000)
2026-01-23 18:36:38,632 - INFO - 0.245004 + i(  0.000000) |   0.465683 + i(  0.000000)
2026-01-23 18:36:38,632 - INFO - 0.191511 + i(  0.000000) |   0.264699 + i(  0.000000)
2026-01-23 18:36:38,632 - INFO - Relative Errors:
2026-01-23 18:36:38,633 - INFO - 1.0975386252937502
2026-01-23 18:36:38,633 - INFO - 0.32879125685705557
2026-01-23 18:36:38,633 - INFO - 0.4738826968002271
2026-01-23 18:36:38,633 - INFO - 0.2764937700956337
2026-01-23 18:36:38,633 - INFO - Average Relative Error:
2026-01-23 18:36:38,633 - INFO - 0.5441765872616666
2026-01-23 18:36:38,633 - INFO - TVD:
2026-01-23 18:36:38,633 - INFO - 0.23687987532110363
2026-01-23 18:36:39,634 - INFO - --- Resource Monitor ---
2026-01-23 18:36:39,634 - INFO - Memory (RSS): 1452.69 MB
2026-01-23 18:36:39,635 - INFO - CPU Usage: 0.0%
2026-01-23 18:36:39,635 - INFO - Threads: 36
2026-01-23 18:36:39,635 - INFO - Miscellaneous items:
2026-01-23 18:36:40,653 - INFO - 4 496199 659.667977
