2026-01-23 18:06:34,929 - INFO - Simulator:
2026-01-23 18:06:34,929 - INFO - AerSimulator('aer_simulator_statevector')
2026-01-23 18:06:34,929 - INFO - ('CPU',)
2026-01-23 18:06:34,929 - INFO - Building system...
2026-01-23 18:06:34,930 - INFO - msystem.d is 0.4573756377592025 and msystem.X is 1.82950255113681
2026-01-23 18:06:34,930 - INFO - Done.
2026-01-23 18:06:34,930 - INFO - A0 (original matrix):
2026-01-23 18:06:34,930 - INFO - 0.65+(  0.00)   0.34+(  0.00)
2026-01-23 18:06:34,930 - INFO - 0.34+(  0.00)   0.29+(  0.00)
2026-01-23 18:06:34,930 - INFO - A (expanded/normalized system matrix):
2026-01-23 18:06:34,930 - INFO - 0.91+(  0.00)   0.24+(  0.00)
2026-01-23 18:06:34,930 - INFO - 0.24+(  0.00)   0.66+(  0.00)
2026-01-23 18:06:34,930 - INFO - b =
2026-01-23 18:06:34,930 - INFO - [(0.7071067811865475+0j), (0.7071067811865475+0j)]
2026-01-23 18:06:34,930 - INFO - Initializing...
2026-01-23 18:06:34,949 - INFO - T0 built
2026-01-23 18:06:34,994 - INFO - W built
2026-01-23 18:06:35,340 - INFO - QPE built
2026-01-23 18:06:35,340 - INFO - 0.4573756377134649
2026-01-23 18:06:35,344 - INFO - Rc built
2026-01-23 18:06:35,344 - INFO - Finished initialization.
2026-01-23 18:06:35,345 - INFO - Building circuit...
2026-01-23 18:06:35,345 - INFO - T0 added
2026-01-23 18:06:35,345 - INFO - QPE added
2026-01-23 18:06:35,345 - INFO - Rc added
2026-01-23 18:06:37,159 - INFO - QPE* added
2026-01-23 18:06:37,171 - INFO - T0* added
2026-01-23 18:06:37,171 - INFO - Finished building circuit.
2026-01-23 18:06:37,171 - INFO - Transpiling...
2026-01-23 18:06:46,297 - INFO - Done.
2026-01-23 18:06:46,354 - INFO - Size of transpiled circuit:
2026-01-23 18:06:46,354 - INFO - 47872
2026-01-23 18:06:46,549 - INFO - Depth of transpiled circuit:
2026-01-23 18:06:46,549 - INFO - 47445
2026-01-23 18:06:46,549 - INFO - Number of qubits in circuit:
2026-01-23 18:06:46,549 - INFO - 10
2026-01-23 18:06:46,550 - INFO - Running circuit...
2026-01-23 18:06:57,671 - INFO - Done.
2026-01-23 18:06:57,672 - INFO - C =
2026-01-23 18:06:57,672 - INFO - 0.4573756377134649
2026-01-23 18:06:57,672 - INFO - -------------------------------------------------
2026-01-23 18:06:57,672 - INFO - Solution:
2026-01-23 18:06:57,672 - INFO - b =
2026-01-23 18:06:57,672 - INFO - [(0.7071067811865475+0j), (0.7071067811865475+0j)]
2026-01-23 18:06:57,672 - INFO - raw amplitudes =
2026-01-23 18:06:57,672 - INFO - [0.40470161-7.19713252e-14j 0.0974683 -1.89270332e-14j]
2026-01-23 18:06:57,672 - INFO - 0.884834 + i(-0.000000) -> |x|=0.884834
2026-01-23 18:06:57,672 - INFO - 0.213103 + i(-0.000000) -> |x|=0.213103
2026-01-23 18:06:57,673 - INFO - classical solution: [-0.66930543+0.j  4.20948053+0.j]
2026-01-23 18:06:57,673 - INFO - ----------------------------
2026-01-23 18:06:57,673 - INFO - Solution Comparison:
2026-01-23 18:06:57,673 - INFO - Quantum |                Classical
2026-01-23 18:06:57,673 - INFO - --------------------------------------------------
2026-01-23 18:06:57,673 - INFO - -0.884834 + i(  0.000000) |  -0.669305 + i(  0.000000)
2026-01-23 18:06:57,673 - INFO - -0.213103 + i(  0.000000) |   4.209481 + i(  0.000000)
2026-01-23 18:06:57,673 - INFO - Relative Errors:
2026-01-23 18:06:57,673 - INFO - 0.3220185781925382
2026-01-23 18:06:57,673 - INFO - 1.050624627968211
2026-01-23 18:06:57,673 - INFO - Average Relative Error:
2026-01-23 18:06:57,674 - INFO - 0.6863216030803746
2026-01-23 18:06:57,674 - INFO - TVD:
2026-01-23 18:06:57,674 - INFO - 1.018456966370381
2026-01-23 18:06:58,675 - INFO - --- Resource Monitor ---
2026-01-23 18:06:58,675 - INFO - Memory (RSS): 299.19 MB
2026-01-23 18:06:58,675 - INFO - CPU Usage: 0.0%
2026-01-23 18:06:58,675 - INFO - Threads: 36
2026-01-23 18:06:58,675 - INFO - Miscellaneous items:
2026-01-23 18:06:58,735 - INFO - 2 47872 23.806123
