2026-01-23 18:07:10,237 - INFO - Simulator:
2026-01-23 18:07:10,237 - INFO - AerSimulator('aer_simulator_statevector')
2026-01-23 18:07:10,237 - INFO - ('CPU',)
2026-01-23 18:07:10,237 - INFO - Building system...
2026-01-23 18:07:10,237 - INFO - msystem.d is 0.7611689322678208 and msystem.X is 3.044675729171283
2026-01-23 18:07:10,238 - INFO - Done.
2026-01-23 18:07:10,238 - INFO - A0 (original matrix):
2026-01-23 18:07:10,238 - INFO - 1.08+(  0.00)   0.68+(  0.00)
2026-01-23 18:07:10,238 - INFO - 0.68+(  0.00)   0.54+(  0.00)
2026-01-23 18:07:10,238 - INFO - A (expanded/normalized system matrix):
2026-01-23 18:07:10,238 - INFO - 1.52+(  0.00)   0.48+(  0.00)
2026-01-23 18:07:10,238 - INFO - 0.48+(  0.00)   1.15+(  0.00)
2026-01-23 18:07:10,238 - INFO - b =
2026-01-23 18:07:10,238 - INFO - [(0.7071067811865475+0j), (0.7071067811865475+0j)]
2026-01-23 18:07:10,238 - INFO - Initializing...
2026-01-23 18:07:10,256 - INFO - T0 built
2026-01-23 18:07:10,298 - INFO - W built
2026-01-23 18:07:10,621 - INFO - QPE built
2026-01-23 18:07:10,621 - INFO - 0.7611689321917039
2026-01-23 18:07:10,625 - INFO - Rc built
2026-01-23 18:07:10,625 - INFO - Finished initialization.
2026-01-23 18:07:10,625 - INFO - Building circuit...
2026-01-23 18:07:10,625 - INFO - T0 added
2026-01-23 18:07:10,626 - INFO - QPE added
2026-01-23 18:07:10,626 - INFO - Rc added
2026-01-23 18:07:12,373 - INFO - QPE* added
2026-01-23 18:07:12,386 - INFO - T0* added
2026-01-23 18:07:12,386 - INFO - Finished building circuit.
2026-01-23 18:07:12,386 - INFO - Transpiling...
2026-01-23 18:07:21,933 - INFO - Done.
2026-01-23 18:07:22,009 - INFO - Size of transpiled circuit:
2026-01-23 18:07:22,010 - INFO - 47872
2026-01-23 18:07:22,238 - INFO - Depth of transpiled circuit:
2026-01-23 18:07:22,238 - INFO - 47445
2026-01-23 18:07:22,238 - INFO - Number of qubits in circuit:
2026-01-23 18:07:22,238 - INFO - 10
2026-01-23 18:07:22,239 - INFO - Running circuit...
2026-01-23 18:07:36,348 - INFO - Done.
2026-01-23 18:07:36,348 - INFO - C =
2026-01-23 18:07:36,348 - INFO - 0.7611689321917039
2026-01-23 18:07:36,348 - INFO - -------------------------------------------------
2026-01-23 18:07:36,348 - INFO - Solution:
2026-01-23 18:07:36,348 - INFO - b =
2026-01-23 18:07:36,349 - INFO - [(0.7071067811865475+0j), (0.7071067811865475+0j)]
2026-01-23 18:07:36,349 - INFO - raw amplitudes =
2026-01-23 18:07:36,349 - INFO - [0.43569123-7.98991519e-14j 0.16868047-3.10656047e-14j]
2026-01-23 18:07:36,349 - INFO - 0.572398 + i(-0.000000) -> |x|=0.572398
2026-01-23 18:07:36,349 - INFO - 0.221607 + i(-0.000000) -> |x|=0.221607
2026-01-23 18:07:36,349 - INFO - classical solution: [-1.16684129+0.j  3.30272698+0.j]
2026-01-23 18:07:36,349 - INFO - ----------------------------
2026-01-23 18:07:36,350 - INFO - Solution Comparison:
2026-01-23 18:07:36,350 - INFO - Quantum |                Classical
2026-01-23 18:07:36,350 - INFO - --------------------------------------------------
2026-01-23 18:07:36,350 - INFO - -0.572398 + i(  0.000000) |  -1.166841 + i(  0.000000)
2026-01-23 18:07:36,350 - INFO - -0.221607 + i(  0.000000) |   3.302727 + i(  0.000000)
2026-01-23 18:07:36,350 - INFO - Relative Errors:
2026-01-23 18:07:36,350 - INFO - 0.50944695511164
2026-01-23 18:07:36,350 - INFO - 1.0670982323031595
2026-01-23 18:07:36,350 - INFO - Average Relative Error:
2026-01-23 18:07:36,350 - INFO - 0.7882725937073998
2026-01-23 18:07:36,350 - INFO - TVD:
2026-01-23 18:07:36,350 - INFO - 0.9516794786387663
2026-01-23 18:07:37,363 - INFO - --- Resource Monitor ---
2026-01-23 18:07:37,363 - INFO - Memory (RSS): 298.88 MB
2026-01-23 18:07:37,363 - INFO - CPU Usage: 0.0%
2026-01-23 18:07:37,364 - INFO - Threads: 36
2026-01-23 18:07:37,364 - INFO - Miscellaneous items:
2026-01-23 18:07:37,461 - INFO - 2 47872 27.224120
