2026-01-23 18:53:28,044 - INFO - Simulator:
2026-01-23 18:53:28,044 - INFO - AerSimulator('aer_simulator_statevector')
2026-01-23 18:53:28,044 - INFO - ('CPU',)
2026-01-23 18:53:28,044 - INFO - Building system...
2026-01-23 18:53:28,045 - INFO - msystem.d is 0.730629695514665 and msystem.X is 5.84503756421732
2026-01-23 18:53:28,045 - INFO - Done.
2026-01-23 18:53:28,045 - INFO - A0 (original matrix):
2026-01-23 18:53:28,045 - INFO - 0.87+(  0.00)   0.04+(  0.00)   0.37+(  0.00)   0.56+(  0.00)
2026-01-23 18:53:28,045 - INFO - 0.04+(  0.00)   1.46+(  0.00)   0.99+(  0.00)   0.19+(  0.00)
2026-01-23 18:53:28,045 - INFO - 0.37+(  0.00)   0.99+(  0.00)   1.08+(  0.00)   0.22+(  0.00)
2026-01-23 18:53:28,045 - INFO - 0.56+(  0.00)   0.19+(  0.00)   0.22+(  0.00)   1.02+(  0.00)
2026-01-23 18:53:28,045 - INFO - A (expanded/normalized system matrix):
2026-01-23 18:53:28,045 - INFO - 1.17+(  0.00)   0.02+(  0.00)   0.19+(  0.00)   0.28+(  0.00)
2026-01-23 18:53:28,045 - INFO - 0.02+(  0.00)   1.46+(  0.00)   0.49+(  0.00)   0.09+(  0.00)
2026-01-23 18:53:28,045 - INFO - 0.19+(  0.00)   0.49+(  0.00)   1.27+(  0.00)   0.11+(  0.00)
2026-01-23 18:53:28,045 - INFO - 0.28+(  0.00)   0.09+(  0.00)   0.11+(  0.00)   1.24+(  0.00)
2026-01-23 18:53:28,045 - INFO - b =
2026-01-23 18:53:28,045 - INFO - [(0.5+0j), (0.5+0j), (0.5+0j), (0.5+0j)]
2026-01-23 18:53:28,045 - INFO - Initializing...
2026-01-23 18:53:28,135 - INFO - T0 built
2026-01-23 18:53:28,338 - INFO - W built
2026-01-23 18:53:31,585 - INFO - QPE built
2026-01-23 18:53:31,586 - INFO - 0.730629695441602
2026-01-23 18:53:31,590 - INFO - Rc built
2026-01-23 18:53:31,590 - INFO - Finished initialization.
2026-01-23 18:53:31,590 - INFO - Building circuit...
2026-01-23 18:53:31,590 - INFO - T0 added
2026-01-23 18:53:31,590 - INFO - QPE added
2026-01-23 18:53:31,590 - INFO - Rc added
2026-01-23 18:53:49,296 - INFO - QPE* added
2026-01-23 18:53:49,371 - INFO - T0* added
2026-01-23 18:53:49,371 - INFO - Finished building circuit.
2026-01-23 18:53:49,371 - INFO - Transpiling...
2026-01-23 18:54:58,422 - INFO - Done.
2026-01-23 18:54:59,335 - INFO - Size of transpiled circuit:
2026-01-23 18:54:59,336 - INFO - 496199
2026-01-23 18:55:01,815 - INFO - Depth of transpiled circuit:
2026-01-23 18:55:01,816 - INFO - 491705
2026-01-23 18:55:01,816 - INFO - Number of qubits in circuit:
2026-01-23 18:55:01,816 - INFO - 12
2026-01-23 18:55:01,816 - INFO - Running circuit...
2026-01-23 19:04:57,499 - INFO - Done.
2026-01-23 19:04:57,499 - INFO - C =
2026-01-23 19:04:57,499 - INFO - 0.730629695441602
2026-01-23 19:04:57,499 - INFO - -------------------------------------------------
2026-01-23 19:04:57,499 - INFO - Solution:
2026-01-23 19:04:57,499 - INFO - b =
2026-01-23 19:04:57,499 - INFO - [(0.5+0j), (0.5+0j), (0.5+0j), (0.5+0j)]
2026-01-23 19:04:57,499 - INFO - raw amplitudes =
2026-01-23 19:04:57,500 - INFO - [-0.29888964+6.50095320e-13j -0.20929566+4.42364567e-13j
 -0.21442479+4.22331042e-13j -0.286012  +5.48070844e-13j]
2026-01-23 19:04:57,500 - INFO - -0.409085 + i(0.000000) -> |x|=0.409085
2026-01-23 19:04:57,500 - INFO - -0.286459 + i(0.000000) -> |x|=0.286459
2026-01-23 19:04:57,500 - INFO - -0.293479 + i(0.000000) -> |x|=0.293479
2026-01-23 19:04:57,500 - INFO - -0.391460 + i(0.000000) -> |x|=0.391460
2026-01-23 19:04:57,500 - INFO - classical solution: [ 0.89850012+0.j  0.64921122+0.j -0.05370379+0.j  0.37440165+0.j]
2026-01-23 19:04:57,500 - INFO - ----------------------------
2026-01-23 19:04:57,500 - INFO - Solution Comparison:
2026-01-23 19:04:57,500 - INFO - Quantum |                Classical
2026-01-23 19:04:57,500 - INFO - --------------------------------------------------
2026-01-23 19:04:57,500 - INFO - 0.409085 + i( -0.000000) |   0.898500 + i(  0.000000)
2026-01-23 19:04:57,500 - INFO - 0.286459 + i(  0.000000) |   0.649211 + i(  0.000000)
2026-01-23 19:04:57,500 - INFO - 0.293479 + i(  0.000000) |  -0.053704 + i(  0.000000)
2026-01-23 19:04:57,500 - INFO - 0.391460 + i(  0.000000) |   0.374402 + i(  0.000000)
2026-01-23 19:04:57,500 - INFO - Relative Errors:
2026-01-23 19:04:57,501 - INFO - 0.5447023537658056
2026-01-23 19:04:57,501 - INFO - 0.5587579497921165
2026-01-23 19:04:57,501 - INFO - 6.464781046022675
2026-01-23 19:04:57,501 - INFO - 0.04556053664709747
2026-01-23 19:04:57,501 - INFO - Average Relative Error:
2026-01-23 19:04:57,501 - INFO - 1.9034504715569236
2026-01-23 19:04:57,501 - INFO - TVD:
2026-01-23 19:04:57,501 - INFO - 0.5162182316327515
2026-01-23 19:04:58,503 - INFO - --- Resource Monitor ---
2026-01-23 19:04:58,503 - INFO - Memory (RSS): 1450.69 MB
2026-01-23 19:04:58,503 - INFO - CPU Usage: 0.0%
2026-01-23 19:04:58,504 - INFO - Threads: 36
2026-01-23 19:04:58,504 - INFO - Miscellaneous items:
2026-01-23 19:04:59,623 - INFO - 4 496199 691.578769
