2026-01-23 18:07:49,491 - INFO - Simulator:
2026-01-23 18:07:49,491 - INFO - AerSimulator('aer_simulator_statevector')
2026-01-23 18:07:49,491 - INFO - ('CPU',)
2026-01-23 18:07:49,492 - INFO - Building system...
2026-01-23 18:07:49,492 - INFO - msystem.d is 0.2201732897959215 and msystem.X is 0.880693159283686
2026-01-23 18:07:49,492 - INFO - Done.
2026-01-23 18:07:49,492 - INFO - A0 (original matrix):
2026-01-23 18:07:49,492 - INFO - 0.31+(  0.00)   0.20+(  0.00)
2026-01-23 18:07:49,492 - INFO - 0.20+(  0.00)   0.15+(  0.00)
2026-01-23 18:07:49,492 - INFO - A (expanded/normalized system matrix):
2026-01-23 18:07:49,492 - INFO - 0.44+(  0.00)   0.14+(  0.00)
2026-01-23 18:07:49,492 - INFO - 0.14+(  0.00)   0.32+(  0.00)
2026-01-23 18:07:49,492 - INFO - b =
2026-01-23 18:07:49,492 - INFO - [(0.7071067811865475+0j), (0.7071067811865475+0j)]
2026-01-23 18:07:49,492 - INFO - Initializing...
2026-01-23 18:07:49,511 - INFO - T0 built
2026-01-23 18:07:49,557 - INFO - W built
2026-01-23 18:07:49,892 - INFO - QPE built
2026-01-23 18:07:49,892 - INFO - 0.22017328977390416
2026-01-23 18:07:49,897 - INFO - Rc built
2026-01-23 18:07:49,897 - INFO - Finished initialization.
2026-01-23 18:07:49,897 - INFO - Building circuit...
2026-01-23 18:07:49,897 - INFO - T0 added
2026-01-23 18:07:49,897 - INFO - QPE added
2026-01-23 18:07:49,897 - INFO - Rc added
2026-01-23 18:07:51,689 - INFO - QPE* added
2026-01-23 18:07:51,702 - INFO - T0* added
2026-01-23 18:07:51,702 - INFO - Finished building circuit.
2026-01-23 18:07:51,702 - INFO - Transpiling...
2026-01-23 18:08:00,926 - INFO - Done.
2026-01-23 18:08:00,989 - INFO - Size of transpiled circuit:
2026-01-23 18:08:00,989 - INFO - 47872
2026-01-23 18:08:01,212 - INFO - Depth of transpiled circuit:
2026-01-23 18:08:01,212 - INFO - 47445
2026-01-23 18:08:01,212 - INFO - Number of qubits in circuit:
2026-01-23 18:08:01,212 - INFO - 10
2026-01-23 18:08:01,213 - INFO - Running circuit...
2026-01-23 18:08:14,382 - INFO - Done.
2026-01-23 18:08:14,383 - INFO - C =
2026-01-23 18:08:14,383 - INFO - 0.22017328977390416
2026-01-23 18:08:14,383 - INFO - -------------------------------------------------
2026-01-23 18:08:14,383 - INFO - Solution:
2026-01-23 18:08:14,383 - INFO - b =
2026-01-23 18:08:14,383 - INFO - [(0.7071067811865475+0j), (0.7071067811865475+0j)]
2026-01-23 18:08:14,383 - INFO - raw amplitudes =
2026-01-23 18:08:14,383 - INFO - [0.4448479 -8.16059352e-14j 0.16287219-2.95624437e-14j]
2026-01-23 18:08:14,383 - INFO - 2.020444 + i(-0.000000) -> |x|=2.020444
2026-01-23 18:08:14,383 - INFO - 0.739745 + i(-0.000000) -> |x|=0.739745
2026-01-23 18:08:14,384 - INFO - classical solution: [-14.05829333+0.j  26.23482742+0.j]
2026-01-23 18:08:14,384 - INFO - ----------------------------
2026-01-23 18:08:14,384 - INFO - Solution Comparison:
2026-01-23 18:08:14,384 - INFO - Quantum |                Classical
2026-01-23 18:08:14,384 - INFO - --------------------------------------------------
2026-01-23 18:08:14,384 - INFO - -2.020444 + i(  0.000000) | -14.058293 + i(  0.000000)
2026-01-23 18:08:14,384 - INFO - -0.739745 + i( -0.000000) |  26.234827 + i(  0.000000)
2026-01-23 18:08:14,384 - INFO - Relative Errors:
2026-01-23 18:08:14,384 - INFO - 0.8562809583240225
2026-01-23 18:08:14,384 - INFO - 1.0281970780243994
2026-01-23 18:08:14,384 - INFO - Average Relative Error:
2026-01-23 18:08:14,384 - INFO - 0.942239018174211
2026-01-23 18:08:14,384 - INFO - TVD:
2026-01-23 18:08:14,384 - INFO - 0.8459754282855988
2026-01-23 18:08:15,397 - INFO - --- Resource Monitor ---
2026-01-23 18:08:15,397 - INFO - Memory (RSS): 304.68 MB
2026-01-23 18:08:15,397 - INFO - CPU Usage: 0.0%
2026-01-23 18:08:15,398 - INFO - Threads: 36
2026-01-23 18:08:15,398 - INFO - Miscellaneous items:
2026-01-23 18:08:15,460 - INFO - 2 47872 25.968544
