2026-01-23 19:23:28,760 - INFO - Simulator:
2026-01-23 19:23:28,760 - INFO - AerSimulator('aer_simulator_statevector')
2026-01-23 19:23:28,760 - INFO - ('CPU',)
2026-01-23 19:23:28,761 - INFO - Building system...
2026-01-23 19:23:28,761 - INFO - msystem.d is 0.892023055582205 and msystem.X is 7.13618444475764
2026-01-23 19:23:28,761 - INFO - Done.
2026-01-23 19:23:28,761 - INFO - A0 (original matrix):
2026-01-23 19:23:28,761 - INFO - 1.78+(  0.00)   0.19+(  0.00)   0.51+(  0.00)   0.37+(  0.00)
2026-01-23 19:23:28,761 - INFO - 0.19+(  0.00)   0.98+(  0.00)   0.51+(  0.00)   0.58+(  0.00)
2026-01-23 19:23:28,761 - INFO - 0.51+(  0.00)   0.51+(  0.00)   0.87+(  0.00)   0.99+(  0.00)
2026-01-23 19:23:28,761 - INFO - 0.37+(  0.00)   0.58+(  0.00)   0.99+(  0.00)   1.25+(  0.00)
2026-01-23 19:23:28,761 - INFO - A (expanded/normalized system matrix):
2026-01-23 19:23:28,761 - INFO - 1.78+(  0.00)   0.10+(  0.00)   0.25+(  0.00)   0.18+(  0.00)
2026-01-23 19:23:28,761 - INFO - 0.10+(  0.00)   1.38+(  0.00)   0.25+(  0.00)   0.29+(  0.00)
2026-01-23 19:23:28,761 - INFO - 0.25+(  0.00)   0.25+(  0.00)   1.33+(  0.00)   0.50+(  0.00)
2026-01-23 19:23:28,761 - INFO - 0.18+(  0.00)   0.29+(  0.00)   0.50+(  0.00)   1.52+(  0.00)
2026-01-23 19:23:28,761 - INFO - b =
2026-01-23 19:23:28,761 - INFO - [(0.5+0j), (0.5+0j), (0.5+0j), (0.5+0j)]
2026-01-23 19:23:28,761 - INFO - Initializing...
2026-01-23 19:23:28,859 - INFO - T0 built
2026-01-23 19:23:29,073 - INFO - W built
2026-01-23 19:23:32,524 - INFO - QPE built
2026-01-23 19:23:32,525 - INFO - 0.8920230554930026
2026-01-23 19:23:32,529 - INFO - Rc built
2026-01-23 19:23:32,529 - INFO - Finished initialization.
2026-01-23 19:23:32,529 - INFO - Building circuit...
2026-01-23 19:23:32,530 - INFO - T0 added
2026-01-23 19:23:32,530 - INFO - QPE added
2026-01-23 19:23:32,530 - INFO - Rc added
2026-01-23 19:23:51,245 - INFO - QPE* added
2026-01-23 19:23:51,320 - INFO - T0* added
2026-01-23 19:23:51,321 - INFO - Finished building circuit.
2026-01-23 19:23:51,321 - INFO - Transpiling...
2026-01-23 19:25:07,367 - INFO - Done.
2026-01-23 19:25:08,330 - INFO - Size of transpiled circuit:
2026-01-23 19:25:08,330 - INFO - 496199
2026-01-23 19:25:10,885 - INFO - Depth of transpiled circuit:
2026-01-23 19:25:10,885 - INFO - 491705
2026-01-23 19:25:10,885 - INFO - Number of qubits in circuit:
2026-01-23 19:25:10,885 - INFO - 12
2026-01-23 19:25:10,885 - INFO - Running circuit...
2026-01-23 19:35:40,435 - INFO - Done.
2026-01-23 19:35:40,436 - INFO - C =
2026-01-23 19:35:40,436 - INFO - 0.8920230554930026
2026-01-23 19:35:40,436 - INFO - -------------------------------------------------
2026-01-23 19:35:40,436 - INFO - Solution:
2026-01-23 19:35:40,436 - INFO - b =
2026-01-23 19:35:40,436 - INFO - [(0.5+0j), (0.5+0j), (0.5+0j), (0.5+0j)]
2026-01-23 19:35:40,436 - INFO - raw amplitudes =
2026-01-23 19:35:40,436 - INFO - [-0.24848968+5.36126924e-13j -0.29536194+6.28486721e-13j
 -0.24593228+4.89462253e-13j -0.22179933+4.30235199e-13j]
2026-01-23 19:35:40,436 - INFO - -0.278569 + i(0.000000) -> |x|=0.278569
2026-01-23 19:35:40,436 - INFO - -0.331115 + i(0.000000) -> |x|=0.331115
2026-01-23 19:35:40,437 - INFO - -0.275702 + i(0.000000) -> |x|=0.275702
2026-01-23 19:35:40,437 - INFO - -0.248648 + i(0.000000) -> |x|=0.248648
2026-01-23 19:35:40,437 - INFO - classical solution: [ 0.17501936+0.j  0.63609393+0.j  1.86712124+0.j -1.03489408-0.j]
2026-01-23 19:35:40,437 - INFO - ----------------------------
2026-01-23 19:35:40,437 - INFO - Solution Comparison:
2026-01-23 19:35:40,437 - INFO - Quantum |                Classical
2026-01-23 19:35:40,437 - INFO - --------------------------------------------------
2026-01-23 19:35:40,437 - INFO - 0.278569 + i( -0.000000) |   0.175019 + i(  0.000000)
2026-01-23 19:35:40,437 - INFO - 0.331115 + i(  0.000000) |   0.636094 + i(  0.000000)
2026-01-23 19:35:40,437 - INFO - 0.275702 + i(  0.000000) |   1.867121 + i(  0.000000)
2026-01-23 19:35:40,437 - INFO - 0.248648 + i(  0.000000) |  -1.034894 + i( -0.000000)
2026-01-23 19:35:40,437 - INFO - Relative Errors:
2026-01-23 19:35:40,437 - INFO - 0.5916449170579818
2026-01-23 19:35:40,437 - INFO - 0.47945629081548935
2026-01-23 19:35:40,437 - INFO - 0.8523386153483054
2026-01-23 19:35:40,437 - INFO - 1.2402637445204838
2026-01-23 19:35:40,438 - INFO - Average Relative Error:
2026-01-23 19:35:40,438 - INFO - 0.7909258919355651
2026-01-23 19:35:40,438 - INFO - TVD:
2026-01-23 19:35:40,438 - INFO - 0.9788369545822948
2026-01-23 19:35:41,439 - INFO - --- Resource Monitor ---
2026-01-23 19:35:41,439 - INFO - Memory (RSS): 1452.62 MB
2026-01-23 19:35:41,439 - INFO - CPU Usage: 0.0%
2026-01-23 19:35:41,439 - INFO - Threads: 36
2026-01-23 19:35:41,439 - INFO - Miscellaneous items:
2026-01-23 19:35:42,491 - INFO - 4 496199 733.730570
