2026-01-23 18:22:49,748 - INFO - Simulator:
2026-01-23 18:22:49,748 - INFO - AerSimulator('aer_simulator_statevector')
2026-01-23 18:22:49,748 - INFO - ('CPU',)
2026-01-23 18:22:49,748 - INFO - Building system...
2026-01-23 18:22:49,750 - INFO - msystem.d is 1.023736544232105 and msystem.X is 8.18989235395684
2026-01-23 18:22:49,750 - INFO - Done.
2026-01-23 18:22:49,750 - INFO - A0 (original matrix):
2026-01-23 18:22:49,750 - INFO - 1.92+(  0.00)   0.74+(  0.00)   0.85+(  0.00)   0.81+(  0.00)
2026-01-23 18:22:49,750 - INFO - 0.74+(  0.00)   1.65+(  0.00)   0.49+(  0.00)   0.67+(  0.00)
2026-01-23 18:22:49,750 - INFO - 0.85+(  0.00)   0.49+(  0.00)   1.44+(  0.00)   0.38+(  0.00)
2026-01-23 18:22:49,750 - INFO - 0.81+(  0.00)   0.67+(  0.00)   0.38+(  0.00)   2.05+(  0.00)
2026-01-23 18:22:49,750 - INFO - A (expanded/normalized system matrix):
2026-01-23 18:22:49,750 - INFO - 1.98+(  0.00)   0.37+(  0.00)   0.42+(  0.00)   0.41+(  0.00)
2026-01-23 18:22:49,750 - INFO - 0.37+(  0.00)   1.85+(  0.00)   0.25+(  0.00)   0.33+(  0.00)
2026-01-23 18:22:49,750 - INFO - 0.42+(  0.00)   0.25+(  0.00)   1.75+(  0.00)   0.19+(  0.00)
2026-01-23 18:22:49,750 - INFO - 0.41+(  0.00)   0.33+(  0.00)   0.19+(  0.00)   2.05+(  0.00)
2026-01-23 18:22:49,750 - INFO - b =
2026-01-23 18:22:49,750 - INFO - [(0.5+0j), (0.5+0j), (0.5+0j), (0.5+0j)]
2026-01-23 18:22:49,751 - INFO - Initializing...
2026-01-23 18:22:49,853 - INFO - T0 built
2026-01-23 18:22:50,088 - INFO - W built
2026-01-23 18:22:53,229 - INFO - QPE built
2026-01-23 18:22:53,229 - INFO - 1.0237365441297313
2026-01-23 18:22:53,231 - INFO - Rc built
2026-01-23 18:22:53,231 - INFO - Finished initialization.
2026-01-23 18:22:53,231 - INFO - Building circuit...
2026-01-23 18:22:53,232 - INFO - T0 added
2026-01-23 18:22:53,232 - INFO - QPE added
2026-01-23 18:22:53,232 - INFO - Rc added
2026-01-23 18:23:01,267 - INFO - QPE* added
2026-01-23 18:23:01,346 - INFO - T0* added
2026-01-23 18:23:01,346 - INFO - Finished building circuit.
2026-01-23 18:23:01,346 - INFO - Transpiling...
2026-01-23 18:23:33,783 - INFO - Done.
2026-01-23 18:23:34,186 - INFO - Size of transpiled circuit:
2026-01-23 18:23:34,186 - INFO - 213723
2026-01-23 18:23:35,260 - INFO - Depth of transpiled circuit:
2026-01-23 18:23:35,261 - INFO - 211765
2026-01-23 18:23:35,261 - INFO - Number of qubits in circuit:
2026-01-23 18:23:35,261 - INFO - 11
2026-01-23 18:23:35,261 - INFO - Running circuit...
2026-01-23 18:25:37,630 - INFO - Done.
2026-01-23 18:25:37,630 - INFO - C =
2026-01-23 18:25:37,630 - INFO - 1.0237365441297313
2026-01-23 18:25:37,630 - INFO - -------------------------------------------------
2026-01-23 18:25:37,630 - INFO - Solution:
2026-01-23 18:25:37,630 - INFO - b =
2026-01-23 18:25:37,630 - INFO - [(0.5+0j), (0.5+0j), (0.5+0j), (0.5+0j)]
2026-01-23 18:25:37,630 - INFO - raw amplitudes =
2026-01-23 18:25:37,631 - INFO - [-0.42352982+3.97159711e-13j -0.43689817+3.93192808e-13j
 -0.4434426 +3.77287539e-13j -0.43020062+3.56354994e-13j]
2026-01-23 18:25:37,631 - INFO - -0.413710 + i(0.000000) -> |x|=0.413710
2026-01-23 18:25:37,631 - INFO - -0.426768 + i(0.000000) -> |x|=0.426768
2026-01-23 18:25:37,631 - INFO - -0.433161 + i(0.000000) -> |x|=0.433161
2026-01-23 18:25:37,631 - INFO - -0.420226 + i(0.000000) -> |x|=0.420226
2026-01-23 18:25:37,631 - INFO - classical solution: [0.07805752+0.j 0.32518494+0.j 0.46568299+0.j 0.26469864+0.j]
2026-01-23 18:25:37,631 - INFO - ----------------------------
2026-01-23 18:25:37,631 - INFO - Solution Comparison:
2026-01-23 18:25:37,631 - INFO - Quantum |                Classical
2026-01-23 18:25:37,631 - INFO - --------------------------------------------------
2026-01-23 18:25:37,632 - INFO - 0.413710 + i( -0.000000) |   0.078058 + i(  0.000000)
2026-01-23 18:25:37,632 - INFO - 0.426768 + i(  0.000000) |   0.325185 + i(  0.000000)
2026-01-23 18:25:37,632 - INFO - 0.433161 + i(  0.000000) |   0.465683 + i(  0.000000)
2026-01-23 18:25:37,632 - INFO - 0.420226 + i(  0.000000) |   0.264699 + i(  0.000000)
2026-01-23 18:25:37,632 - INFO - Relative Errors:
2026-01-23 18:25:37,632 - INFO - 4.3000628617617425
2026-01-23 18:25:37,632 - INFO - 0.3123860386795758
2026-01-23 18:25:37,632 - INFO - 0.06983747854582179
2026-01-23 18:25:37,632 - INFO - 0.5875635304941187
2026-01-23 18:25:37,632 - INFO - Average Relative Error:
2026-01-23 18:25:37,632 - INFO - 1.3174624773703147
2026-01-23 18:25:37,632 - INFO - TVD:
2026-01-23 18:25:37,632 - INFO - 0.3394686247977595
2026-01-23 18:25:38,633 - INFO - --- Resource Monitor ---
2026-01-23 18:25:38,633 - INFO - Memory (RSS): 787.81 MB
2026-01-23 18:25:38,633 - INFO - CPU Usage: 0.0%
2026-01-23 18:25:38,633 - INFO - Threads: 36
2026-01-23 18:25:38,634 - INFO - Miscellaneous items:
2026-01-23 18:25:39,060 - INFO - 4 213723 169.312494
