2026-01-23 18:05:55,682 - INFO - Simulator:
2026-01-23 18:05:55,682 - INFO - AerSimulator('aer_simulator_statevector')
2026-01-23 18:05:55,682 - INFO - ('CPU',)
2026-01-23 18:05:55,682 - INFO - Building system...
2026-01-23 18:05:55,683 - INFO - msystem.d is 0.7717799445890356 and msystem.X is 3.0871197784561426
2026-01-23 18:05:55,683 - INFO - Done.
2026-01-23 18:05:55,683 - INFO - A0 (original matrix):
2026-01-23 18:05:55,683 - INFO - 1.09+(  0.00)   0.05+(  0.00)
2026-01-23 18:05:55,683 - INFO - 0.05+(  0.00)   0.22+(  0.00)
2026-01-23 18:05:55,683 - INFO - A (expanded/normalized system matrix):
2026-01-23 18:05:55,683 - INFO - 1.54+(  0.00)   0.03+(  0.00)
2026-01-23 18:05:55,683 - INFO - 0.03+(  0.00)   0.93+(  0.00)
2026-01-23 18:05:55,683 - INFO - b =
2026-01-23 18:05:55,683 - INFO - [(0.7071067811865475+0j), (0.7071067811865475+0j)]
2026-01-23 18:05:55,683 - INFO - Initializing...
2026-01-23 18:05:55,701 - INFO - T0 built
2026-01-23 18:05:55,742 - INFO - W built
2026-01-23 18:05:56,070 - INFO - QPE built
2026-01-23 18:05:56,070 - INFO - 0.7717799445118576
2026-01-23 18:05:56,075 - INFO - Rc built
2026-01-23 18:05:56,075 - INFO - Finished initialization.
2026-01-23 18:05:56,075 - INFO - Building circuit...
2026-01-23 18:05:56,075 - INFO - T0 added
2026-01-23 18:05:56,075 - INFO - QPE added
2026-01-23 18:05:56,076 - INFO - Rc added
2026-01-23 18:05:57,872 - INFO - QPE* added
2026-01-23 18:05:57,884 - INFO - T0* added
2026-01-23 18:05:57,884 - INFO - Finished building circuit.
2026-01-23 18:05:57,884 - INFO - Transpiling...
2026-01-23 18:06:05,464 - INFO - Done.
2026-01-23 18:06:05,527 - INFO - Size of transpiled circuit:
2026-01-23 18:06:05,527 - INFO - 47872
2026-01-23 18:06:05,744 - INFO - Depth of transpiled circuit:
2026-01-23 18:06:05,745 - INFO - 47445
2026-01-23 18:06:05,745 - INFO - Number of qubits in circuit:
2026-01-23 18:06:05,745 - INFO - 10
2026-01-23 18:06:05,745 - INFO - Running circuit...
2026-01-23 18:06:21,383 - INFO - Done.
2026-01-23 18:06:21,384 - INFO - C =
2026-01-23 18:06:21,384 - INFO - 0.7717799445118576
2026-01-23 18:06:21,384 - INFO - -------------------------------------------------
2026-01-23 18:06:21,384 - INFO - Solution:
2026-01-23 18:06:21,384 - INFO - b =
2026-01-23 18:06:21,384 - INFO - [(0.7071067811865475+0j), (0.7071067811865475+0j)]
2026-01-23 18:06:21,384 - INFO - raw amplitudes =
2026-01-23 18:06:21,384 - INFO - [ 0.16670193-3.19568798e-14j -0.31027746+4.39420220e-14j]
2026-01-23 18:06:21,384 - INFO - 0.215997 + i(-0.000000) -> |x|=0.215997
2026-01-23 18:06:21,384 - INFO - -0.402028 + i(0.000000) -> |x|=0.402028
2026-01-23 18:06:21,385 - INFO - classical solution: [0.73066439+0.j 4.36662306+0.j]
2026-01-23 18:06:21,385 - INFO - ----------------------------
2026-01-23 18:06:21,385 - INFO - Solution Comparison:
2026-01-23 18:06:21,385 - INFO - Quantum |                Classical
2026-01-23 18:06:21,385 - INFO - --------------------------------------------------
2026-01-23 18:06:21,385 - INFO - 0.215997 + i(  0.000000) |   0.730664 + i(  0.000000)
2026-01-23 18:06:21,385 - INFO - -0.402028 + i( -0.000000) |   4.366623 + i(  0.000000)
2026-01-23 18:06:21,385 - INFO - Relative Errors:
2026-01-23 18:06:21,385 - INFO - 0.7043831396005868
2026-01-23 18:06:21,385 - INFO - 1.0920684938572602
2026-01-23 18:06:21,385 - INFO - Average Relative Error:
2026-01-23 18:06:21,385 - INFO - 0.8982258167289235
2026-01-23 18:06:21,385 - INFO - TVD:
2026-01-23 18:06:21,386 - INFO - 1.087723362489947
2026-01-23 18:06:22,386 - INFO - --- Resource Monitor ---
2026-01-23 18:06:22,386 - INFO - Memory (RSS): 306.28 MB
2026-01-23 18:06:22,386 - INFO - CPU Usage: 0.0%
2026-01-23 18:06:22,387 - INFO - Threads: 36
2026-01-23 18:06:22,387 - INFO - Miscellaneous items:
2026-01-23 18:06:22,450 - INFO - 2 47872 26.768278
