2026-01-23 18:07:38,423 - INFO - Simulator:
2026-01-23 18:07:38,423 - INFO - AerSimulator('aer_simulator_statevector')
2026-01-23 18:07:38,423 - INFO - ('CPU',)
2026-01-23 18:07:38,423 - INFO - Building system...
2026-01-23 18:07:38,433 - INFO - msystem.d is 0.2201732897959215 and msystem.X is 0.880693159283686
2026-01-23 18:07:38,433 - INFO - Done.
2026-01-23 18:07:38,433 - INFO - A0 (original matrix):
2026-01-23 18:07:38,433 - INFO - 0.31+(  0.00)   0.20+(  0.00)
2026-01-23 18:07:38,433 - INFO - 0.20+(  0.00)   0.15+(  0.00)
2026-01-23 18:07:38,434 - INFO - A (expanded/normalized system matrix):
2026-01-23 18:07:38,434 - INFO - 0.44+(  0.00)   0.14+(  0.00)
2026-01-23 18:07:38,434 - INFO - 0.14+(  0.00)   0.32+(  0.00)
2026-01-23 18:07:38,434 - INFO - b =
2026-01-23 18:07:38,434 - INFO - [(0.7071067811865475+0j), (0.7071067811865475+0j)]
2026-01-23 18:07:38,434 - INFO - Initializing...
2026-01-23 18:07:38,453 - INFO - T0 built
2026-01-23 18:07:38,496 - INFO - W built
2026-01-23 18:07:38,771 - INFO - QPE built
2026-01-23 18:07:38,771 - INFO - 0.22017328977390416
2026-01-23 18:07:38,774 - INFO - Rc built
2026-01-23 18:07:38,774 - INFO - Finished initialization.
2026-01-23 18:07:38,774 - INFO - Building circuit...
2026-01-23 18:07:38,774 - INFO - T0 added
2026-01-23 18:07:38,774 - INFO - QPE added
2026-01-23 18:07:38,774 - INFO - Rc added
2026-01-23 18:07:39,540 - INFO - QPE* added
2026-01-23 18:07:39,589 - INFO - T0* added
2026-01-23 18:07:39,589 - INFO - Finished building circuit.
2026-01-23 18:07:39,589 - INFO - Transpiling...
2026-01-23 18:07:43,835 - INFO - Done.
2026-01-23 18:07:43,863 - INFO - Size of transpiled circuit:
2026-01-23 18:07:43,863 - INFO - 20616
2026-01-23 18:07:43,957 - INFO - Depth of transpiled circuit:
2026-01-23 18:07:43,957 - INFO - 20425
2026-01-23 18:07:43,957 - INFO - Number of qubits in circuit:
2026-01-23 18:07:43,957 - INFO - 9
2026-01-23 18:07:43,958 - INFO - Running circuit...
2026-01-23 18:07:47,667 - INFO - Done.
2026-01-23 18:07:47,668 - INFO - C =
2026-01-23 18:07:47,668 - INFO - 0.22017328977390416
2026-01-23 18:07:47,668 - INFO - -------------------------------------------------
2026-01-23 18:07:47,668 - INFO - Solution:
2026-01-23 18:07:47,668 - INFO - b =
2026-01-23 18:07:47,668 - INFO - [(0.7071067811865475+0j), (0.7071067811865475+0j)]
2026-01-23 18:07:47,668 - INFO - raw amplitudes =
2026-01-23 18:07:47,668 - INFO - [-0.34117578+2.40259945e-14j -0.44193692+2.93681737e-14j]
2026-01-23 18:07:47,668 - INFO - -1.549578 + i(0.000000) -> |x|=1.549578
2026-01-23 18:07:47,668 - INFO - -2.007223 + i(0.000000) -> |x|=2.007223
2026-01-23 18:07:47,669 - INFO - classical solution: [-14.05829333+0.j  26.23482742+0.j]
2026-01-23 18:07:47,669 - INFO - ----------------------------
2026-01-23 18:07:47,669 - INFO - Solution Comparison:
2026-01-23 18:07:47,669 - INFO - Quantum |                Classical
2026-01-23 18:07:47,669 - INFO - --------------------------------------------------
2026-01-23 18:07:47,669 - INFO - -1.549578 + i(  0.000000) | -14.058293 + i(  0.000000)
2026-01-23 18:07:47,669 - INFO - -2.007223 + i( -0.000000) |  26.234827 + i(  0.000000)
2026-01-23 18:07:47,669 - INFO - Relative Errors:
2026-01-23 18:07:47,669 - INFO - 0.8897747826999447
2026-01-23 18:07:47,669 - INFO - 1.0765098652074594
2026-01-23 18:07:47,669 - INFO - Average Relative Error:
2026-01-23 18:07:47,669 - INFO - 0.983142323953702
2026-01-23 18:07:47,669 - INFO - TVD:
2026-01-23 18:07:47,669 - INFO - 0.9058759495833415
2026-01-23 18:07:48,689 - INFO - --- Resource Monitor ---
2026-01-23 18:07:48,690 - INFO - Memory (RSS): 207.01 MB
2026-01-23 18:07:48,690 - INFO - CPU Usage: 0.0%
2026-01-23 18:07:48,690 - INFO - Threads: 36
2026-01-23 18:07:48,690 - INFO - Miscellaneous items:
2026-01-23 18:07:48,722 - INFO - 2 20616 10.299642
