2026-01-23 18:05:05,332 - INFO - Simulator:
2026-01-23 18:05:05,332 - INFO - AerSimulator('aer_simulator_statevector')
2026-01-23 18:05:05,332 - INFO - ('CPU',)
2026-01-23 18:05:05,332 - INFO - Building system...
2026-01-23 18:05:05,333 - INFO - msystem.d is 0.7696238083058117 and msystem.X is 3.0784952333232467
2026-01-23 18:05:05,333 - INFO - Done.
2026-01-23 18:05:05,333 - INFO - A0 (original matrix):
2026-01-23 18:05:05,333 - INFO - 1.09+(  0.00)   0.02+(  0.00)
2026-01-23 18:05:05,333 - INFO - 0.02+(  0.00)   0.54+(  0.00)
2026-01-23 18:05:05,333 - INFO - A (expanded/normalized system matrix):
2026-01-23 18:05:05,333 - INFO - 1.54+(  0.00)   0.01+(  0.00)
2026-01-23 18:05:05,333 - INFO - 0.01+(  0.00)   1.15+(  0.00)
2026-01-23 18:05:05,333 - INFO - b =
2026-01-23 18:05:05,333 - INFO - [(0.7071067811865475+0j), (0.7071067811865475+0j)]
2026-01-23 18:05:05,333 - INFO - Initializing...
2026-01-23 18:05:05,355 - INFO - T0 built
2026-01-23 18:05:05,397 - INFO - W built
2026-01-23 18:05:05,703 - INFO - QPE built
2026-01-23 18:05:05,704 - INFO - 0.7696238082288492
2026-01-23 18:05:05,706 - INFO - Rc built
2026-01-23 18:05:05,706 - INFO - Finished initialization.
2026-01-23 18:05:05,706 - INFO - Building circuit...
2026-01-23 18:05:05,706 - INFO - T0 added
2026-01-23 18:05:05,707 - INFO - QPE added
2026-01-23 18:05:05,707 - INFO - Rc added
2026-01-23 18:05:06,512 - INFO - QPE* added
2026-01-23 18:05:06,563 - INFO - T0* added
2026-01-23 18:05:06,563 - INFO - Finished building circuit.
2026-01-23 18:05:06,563 - INFO - Transpiling...
2026-01-23 18:05:11,733 - INFO - Done.
2026-01-23 18:05:11,759 - INFO - Size of transpiled circuit:
2026-01-23 18:05:11,759 - INFO - 20616
2026-01-23 18:05:11,851 - INFO - Depth of transpiled circuit:
2026-01-23 18:05:11,852 - INFO - 20425
2026-01-23 18:05:11,852 - INFO - Number of qubits in circuit:
2026-01-23 18:05:11,852 - INFO - 9
2026-01-23 18:05:11,852 - INFO - Running circuit...
2026-01-23 18:05:15,531 - INFO - Done.
2026-01-23 18:05:15,531 - INFO - C =
2026-01-23 18:05:15,531 - INFO - 0.7696238082288492
2026-01-23 18:05:15,532 - INFO - -------------------------------------------------
2026-01-23 18:05:15,532 - INFO - Solution:
2026-01-23 18:05:15,532 - INFO - b =
2026-01-23 18:05:15,532 - INFO - [(0.7071067811865475+0j), (0.7071067811865475+0j)]
2026-01-23 18:05:15,532 - INFO - raw amplitudes =
2026-01-23 18:05:15,532 - INFO - [-0.49204954+3.46864349e-14j -0.58806124+3.78061426e-14j]
2026-01-23 18:05:15,532 - INFO - -0.639338 + i(0.000000) -> |x|=0.639338
2026-01-23 18:05:15,532 - INFO - -0.764089 + i(0.000000) -> |x|=0.764089
2026-01-23 18:05:15,549 - INFO - classical solution: [0.89140036+0.j 1.80806528+0.j]
2026-01-23 18:05:15,549 - INFO - ----------------------------
2026-01-23 18:05:15,550 - INFO - Solution Comparison:
2026-01-23 18:05:15,550 - INFO - Quantum |                Classical
2026-01-23 18:05:15,550 - INFO - --------------------------------------------------
2026-01-23 18:05:15,550 - INFO - 0.639338 + i( -0.000000) |   0.891400 + i(  0.000000)
2026-01-23 18:05:15,550 - INFO - 0.764089 + i(  0.000000) |   1.808065 + i(  0.000000)
2026-01-23 18:05:15,550 - INFO - Relative Errors:
2026-01-23 18:05:15,550 - INFO - 0.28277151824606606
2026-01-23 18:05:15,551 - INFO - 0.5773995536653752
2026-01-23 18:05:15,551 - INFO - Average Relative Error:
2026-01-23 18:05:15,551 - INFO - 0.43008553595572063
2026-01-23 18:05:15,551 - INFO - TVD:
2026-01-23 18:05:15,551 - INFO - 0.1647548668976708
2026-01-23 18:05:16,563 - INFO - --- Resource Monitor ---
2026-01-23 18:05:16,564 - INFO - Memory (RSS): 205.46 MB
2026-01-23 18:05:16,564 - INFO - CPU Usage: 0.0%
2026-01-23 18:05:16,564 - INFO - Threads: 36
2026-01-23 18:05:16,564 - INFO - Miscellaneous items:
2026-01-23 18:05:16,593 - INFO - 2 20616 11.261983
