2026-01-23 18:08:27,499 - INFO - Simulator:
2026-01-23 18:08:27,499 - INFO - AerSimulator('aer_simulator_statevector')
2026-01-23 18:08:27,499 - INFO - ('CPU',)
2026-01-23 18:08:27,499 - INFO - Building system...
2026-01-23 18:08:27,499 - INFO - msystem.d is 0.7019230904072421 and msystem.X is 2.8076923617289684
2026-01-23 18:08:27,499 - INFO - Done.
2026-01-23 18:08:27,499 - INFO - A0 (original matrix):
2026-01-23 18:08:27,499 - INFO - 0.99+(  0.00)   0.92+(  0.00)
2026-01-23 18:08:27,499 - INFO - 0.92+(  0.00)   0.89+(  0.00)
2026-01-23 18:08:27,499 - INFO - A (expanded/normalized system matrix):
2026-01-23 18:08:27,499 - INFO - 1.40+(  0.00)   0.65+(  0.00)
2026-01-23 18:08:27,499 - INFO - 0.65+(  0.00)   1.33+(  0.00)
2026-01-23 18:08:27,499 - INFO - b =
2026-01-23 18:08:27,499 - INFO - [(0.7071067811865475+0j), (0.7071067811865475+0j)]
2026-01-23 18:08:27,499 - INFO - Initializing...
2026-01-23 18:08:27,518 - INFO - T0 built
2026-01-23 18:08:27,560 - INFO - W built
2026-01-23 18:08:27,885 - INFO - QPE built
2026-01-23 18:08:27,886 - INFO - 0.7019230903370498
2026-01-23 18:08:27,890 - INFO - Rc built
2026-01-23 18:08:27,890 - INFO - Finished initialization.
2026-01-23 18:08:27,890 - INFO - Building circuit...
2026-01-23 18:08:27,890 - INFO - T0 added
2026-01-23 18:08:27,891 - INFO - QPE added
2026-01-23 18:08:27,891 - INFO - Rc added
2026-01-23 18:08:29,687 - INFO - QPE* added
2026-01-23 18:08:29,700 - INFO - T0* added
2026-01-23 18:08:29,700 - INFO - Finished building circuit.
2026-01-23 18:08:29,700 - INFO - Transpiling...
2026-01-23 18:08:36,563 - INFO - Done.
2026-01-23 18:08:36,627 - INFO - Size of transpiled circuit:
2026-01-23 18:08:36,627 - INFO - 47872
2026-01-23 18:08:36,845 - INFO - Depth of transpiled circuit:
2026-01-23 18:08:36,845 - INFO - 47445
2026-01-23 18:08:36,845 - INFO - Number of qubits in circuit:
2026-01-23 18:08:36,845 - INFO - 10
2026-01-23 18:08:36,845 - INFO - Running circuit...
2026-01-23 18:08:52,290 - INFO - Done.
2026-01-23 18:08:52,290 - INFO - C =
2026-01-23 18:08:52,290 - INFO - 0.7019230903370498
2026-01-23 18:08:52,290 - INFO - -------------------------------------------------
2026-01-23 18:08:52,290 - INFO - Solution:
2026-01-23 18:08:52,290 - INFO - b =
2026-01-23 18:08:52,290 - INFO - [(0.7071067811865475+0j), (0.7071067811865475+0j)]
2026-01-23 18:08:52,291 - INFO - raw amplitudes =
2026-01-23 18:08:52,291 - INFO - [0.4080426 -7.27123661e-14j 0.36231338-6.27221326e-14j]
2026-01-23 18:08:52,291 - INFO - 0.581321 + i(-0.000000) -> |x|=0.581321
2026-01-23 18:08:52,291 - INFO - 0.516172 + i(-0.000000) -> |x|=0.516172
2026-01-23 18:08:52,291 - INFO - classical solution: [-0.90045097+0.j  2.05575488+0.j]
2026-01-23 18:08:52,291 - INFO - ----------------------------
2026-01-23 18:08:52,291 - INFO - Solution Comparison:
2026-01-23 18:08:52,291 - INFO - Quantum |                Classical
2026-01-23 18:08:52,291 - INFO - --------------------------------------------------
2026-01-23 18:08:52,292 - INFO - -0.581321 + i(  0.000000) |  -0.900451 + i(  0.000000)
2026-01-23 18:08:52,292 - INFO - -0.516172 + i( -0.000000) |   2.055755 + i(  0.000000)
2026-01-23 18:08:52,292 - INFO - Relative Errors:
2026-01-23 18:08:52,292 - INFO - 0.35441131488839184
2026-01-23 18:08:52,292 - INFO - 1.251086585136623
2026-01-23 18:08:52,292 - INFO - Average Relative Error:
2026-01-23 18:08:52,292 - INFO - 0.8027489500125075
2026-01-23 18:08:52,292 - INFO - TVD:
2026-01-23 18:08:52,292 - INFO - 0.9632490061430353
2026-01-23 18:08:53,301 - INFO - --- Resource Monitor ---
2026-01-23 18:08:53,301 - INFO - Memory (RSS): 301.60 MB
2026-01-23 18:08:53,302 - INFO - CPU Usage: 0.0%
2026-01-23 18:08:53,302 - INFO - Threads: 36
2026-01-23 18:08:53,302 - INFO - Miscellaneous items:
2026-01-23 18:08:53,390 - INFO - 2 47872 25.891921
