2026-01-23 18:08:16,494 - INFO - Simulator:
2026-01-23 18:08:16,494 - INFO - AerSimulator('aer_simulator_statevector')
2026-01-23 18:08:16,494 - INFO - ('CPU',)
2026-01-23 18:08:16,494 - INFO - Building system...
2026-01-23 18:08:16,495 - INFO - msystem.d is 0.7019230904072421 and msystem.X is 2.8076923617289684
2026-01-23 18:08:16,496 - INFO - Done.
2026-01-23 18:08:16,496 - INFO - A0 (original matrix):
2026-01-23 18:08:16,496 - INFO - 0.99+(  0.00)   0.92+(  0.00)
2026-01-23 18:08:16,496 - INFO - 0.92+(  0.00)   0.89+(  0.00)
2026-01-23 18:08:16,496 - INFO - A (expanded/normalized system matrix):
2026-01-23 18:08:16,496 - INFO - 1.40+(  0.00)   0.65+(  0.00)
2026-01-23 18:08:16,496 - INFO - 0.65+(  0.00)   1.33+(  0.00)
2026-01-23 18:08:16,496 - INFO - b =
2026-01-23 18:08:16,496 - INFO - [(0.7071067811865475+0j), (0.7071067811865475+0j)]
2026-01-23 18:08:16,496 - INFO - Initializing...
2026-01-23 18:08:16,515 - INFO - T0 built
2026-01-23 18:08:16,556 - INFO - W built
2026-01-23 18:08:16,823 - INFO - QPE built
2026-01-23 18:08:16,823 - INFO - 0.7019230903370498
2026-01-23 18:08:16,825 - INFO - Rc built
2026-01-23 18:08:16,825 - INFO - Finished initialization.
2026-01-23 18:08:16,826 - INFO - Building circuit...
2026-01-23 18:08:16,826 - INFO - T0 added
2026-01-23 18:08:16,826 - INFO - QPE added
2026-01-23 18:08:16,826 - INFO - Rc added
2026-01-23 18:08:17,574 - INFO - QPE* added
2026-01-23 18:08:17,622 - INFO - T0* added
2026-01-23 18:08:17,622 - INFO - Finished building circuit.
2026-01-23 18:08:17,622 - INFO - Transpiling...
2026-01-23 18:08:21,831 - INFO - Done.
2026-01-23 18:08:21,858 - INFO - Size of transpiled circuit:
2026-01-23 18:08:21,858 - INFO - 20616
2026-01-23 18:08:21,949 - INFO - Depth of transpiled circuit:
2026-01-23 18:08:21,949 - INFO - 20425
2026-01-23 18:08:21,949 - INFO - Number of qubits in circuit:
2026-01-23 18:08:21,949 - INFO - 9
2026-01-23 18:08:21,950 - INFO - Running circuit...
2026-01-23 18:08:25,671 - INFO - Done.
2026-01-23 18:08:25,671 - INFO - C =
2026-01-23 18:08:25,671 - INFO - 0.7019230903370498
2026-01-23 18:08:25,671 - INFO - -------------------------------------------------
2026-01-23 18:08:25,671 - INFO - Solution:
2026-01-23 18:08:25,671 - INFO - b =
2026-01-23 18:08:25,671 - INFO - [(0.7071067811865475+0j), (0.7071067811865475+0j)]
2026-01-23 18:08:25,671 - INFO - raw amplitudes =
2026-01-23 18:08:25,672 - INFO - [-0.23544583+1.63832676e-14j -0.25818648+1.67905854e-14j]
2026-01-23 18:08:25,672 - INFO - -0.335430 + i(0.000000) -> |x|=0.335430
2026-01-23 18:08:25,672 - INFO - -0.367827 + i(0.000000) -> |x|=0.367827
2026-01-23 18:08:25,672 - INFO - classical solution: [-0.90045097+0.j  2.05575488+0.j]
2026-01-23 18:08:25,672 - INFO - ----------------------------
2026-01-23 18:08:25,672 - INFO - Solution Comparison:
2026-01-23 18:08:25,672 - INFO - Quantum |                Classical
2026-01-23 18:08:25,672 - INFO - --------------------------------------------------
2026-01-23 18:08:25,672 - INFO - -0.335430 + i(  0.000000) |  -0.900451 + i(  0.000000)
2026-01-23 18:08:25,672 - INFO - -0.367827 + i( -0.000000) |   2.055755 + i(  0.000000)
2026-01-23 18:08:25,672 - INFO - Relative Errors:
2026-01-23 18:08:25,672 - INFO - 0.6274870229756981
2026-01-23 18:08:25,672 - INFO - 1.1789256663057133
2026-01-23 18:08:25,672 - INFO - Average Relative Error:
2026-01-23 18:08:25,673 - INFO - 0.9032063446407057
2026-01-23 18:08:25,673 - INFO - TVD:
2026-01-23 18:08:25,673 - INFO - 0.9637424161884043
2026-01-23 18:08:26,675 - INFO - --- Resource Monitor ---
2026-01-23 18:08:26,675 - INFO - Memory (RSS): 207.04 MB
2026-01-23 18:08:26,675 - INFO - CPU Usage: 0.0%
2026-01-23 18:08:26,675 - INFO - Threads: 36
2026-01-23 18:08:26,675 - INFO - Miscellaneous items:
2026-01-23 18:08:26,701 - INFO - 2 20616 10.207566
