2026-01-23 18:05:44,560 - INFO - Simulator:
2026-01-23 18:05:44,560 - INFO - AerSimulator('aer_simulator_statevector')
2026-01-23 18:05:44,561 - INFO - ('CPU',)
2026-01-23 18:05:44,561 - INFO - Building system...
2026-01-23 18:05:44,562 - INFO - msystem.d is 0.7717799445890356 and msystem.X is 3.0871197784561426
2026-01-23 18:05:44,562 - INFO - Done.
2026-01-23 18:05:44,562 - INFO - A0 (original matrix):
2026-01-23 18:05:44,562 - INFO - 1.09+(  0.00)   0.05+(  0.00)
2026-01-23 18:05:44,562 - INFO - 0.05+(  0.00)   0.22+(  0.00)
2026-01-23 18:05:44,562 - INFO - A (expanded/normalized system matrix):
2026-01-23 18:05:44,562 - INFO - 1.54+(  0.00)   0.03+(  0.00)
2026-01-23 18:05:44,562 - INFO - 0.03+(  0.00)   0.93+(  0.00)
2026-01-23 18:05:44,563 - INFO - b =
2026-01-23 18:05:44,563 - INFO - [(0.7071067811865475+0j), (0.7071067811865475+0j)]
2026-01-23 18:05:44,563 - INFO - Initializing...
2026-01-23 18:05:44,582 - INFO - T0 built
2026-01-23 18:05:44,626 - INFO - W built
2026-01-23 18:05:44,896 - INFO - QPE built
2026-01-23 18:05:44,896 - INFO - 0.7717799445118576
2026-01-23 18:05:44,898 - INFO - Rc built
2026-01-23 18:05:44,898 - INFO - Finished initialization.
2026-01-23 18:05:44,899 - INFO - Building circuit...
2026-01-23 18:05:44,899 - INFO - T0 added
2026-01-23 18:05:44,899 - INFO - QPE added
2026-01-23 18:05:44,899 - INFO - Rc added
2026-01-23 18:05:45,686 - INFO - QPE* added
2026-01-23 18:05:45,734 - INFO - T0* added
2026-01-23 18:05:45,735 - INFO - Finished building circuit.
2026-01-23 18:05:45,735 - INFO - Transpiling...
2026-01-23 18:05:49,998 - INFO - Done.
2026-01-23 18:05:50,025 - INFO - Size of transpiled circuit:
2026-01-23 18:05:50,025 - INFO - 20616
2026-01-23 18:05:50,115 - INFO - Depth of transpiled circuit:
2026-01-23 18:05:50,115 - INFO - 20425
2026-01-23 18:05:50,115 - INFO - Number of qubits in circuit:
2026-01-23 18:05:50,115 - INFO - 9
2026-01-23 18:05:50,115 - INFO - Running circuit...
2026-01-23 18:05:53,853 - INFO - Done.
2026-01-23 18:05:53,854 - INFO - C =
2026-01-23 18:05:53,854 - INFO - 0.7717799445118576
2026-01-23 18:05:53,854 - INFO - -------------------------------------------------
2026-01-23 18:05:53,854 - INFO - Solution:
2026-01-23 18:05:53,854 - INFO - b =
2026-01-23 18:05:53,854 - INFO - [(0.7071067811865475+0j), (0.7071067811865475+0j)]
2026-01-23 18:05:53,854 - INFO - raw amplitudes =
2026-01-23 18:05:53,854 - INFO - [-0.48746374+3.45577846e-14j -0.62628512+4.04522017e-14j]
2026-01-23 18:05:53,854 - INFO - -0.631610 + i(0.000000) -> |x|=0.631610
2026-01-23 18:05:53,854 - INFO - -0.811481 + i(0.000000) -> |x|=0.811481
2026-01-23 18:05:53,855 - INFO - classical solution: [0.73066439+0.j 4.36662306+0.j]
2026-01-23 18:05:53,855 - INFO - ----------------------------
2026-01-23 18:05:53,855 - INFO - Solution Comparison:
2026-01-23 18:05:53,855 - INFO - Quantum |                Classical
2026-01-23 18:05:53,855 - INFO - --------------------------------------------------
2026-01-23 18:05:53,855 - INFO - 0.631610 + i( -0.000000) |   0.730664 + i(  0.000000)
2026-01-23 18:05:53,855 - INFO - 0.811481 + i(  0.000000) |   4.366623 + i(  0.000000)
2026-01-23 18:05:53,855 - INFO - Relative Errors:
2026-01-23 18:05:53,855 - INFO - 0.1355679006329602
2026-01-23 18:05:53,855 - INFO - 0.81416269326628
2026-01-23 18:05:53,855 - INFO - Average Relative Error:
2026-01-23 18:05:53,855 - INFO - 0.4748652969496201
2026-01-23 18:05:53,855 - INFO - TVD:
2026-01-23 18:05:53,856 - INFO - 0.3231670088820052
2026-01-23 18:05:54,880 - INFO - --- Resource Monitor ---
2026-01-23 18:05:54,880 - INFO - Memory (RSS): 205.69 MB
2026-01-23 18:05:54,881 - INFO - CPU Usage: 0.0%
2026-01-23 18:05:54,881 - INFO - Threads: 36
2026-01-23 18:05:54,881 - INFO - Miscellaneous items:
2026-01-23 18:05:54,912 - INFO - 2 20616 10.351928
