2026-01-23 18:50:37,803 - INFO - Simulator:
2026-01-23 18:50:37,803 - INFO - AerSimulator('aer_simulator_statevector')
2026-01-23 18:50:37,803 - INFO - ('CPU',)
2026-01-23 18:50:37,803 - INFO - Building system...
2026-01-23 18:50:37,805 - INFO - msystem.d is 0.730629695514665 and msystem.X is 5.84503756421732
2026-01-23 18:50:37,806 - INFO - Done.
2026-01-23 18:50:37,806 - INFO - A0 (original matrix):
2026-01-23 18:50:37,806 - INFO - 0.87+(  0.00)   0.04+(  0.00)   0.37+(  0.00)   0.56+(  0.00)
2026-01-23 18:50:37,806 - INFO - 0.04+(  0.00)   1.46+(  0.00)   0.99+(  0.00)   0.19+(  0.00)
2026-01-23 18:50:37,806 - INFO - 0.37+(  0.00)   0.99+(  0.00)   1.08+(  0.00)   0.22+(  0.00)
2026-01-23 18:50:37,806 - INFO - 0.56+(  0.00)   0.19+(  0.00)   0.22+(  0.00)   1.02+(  0.00)
2026-01-23 18:50:37,806 - INFO - A (expanded/normalized system matrix):
2026-01-23 18:50:37,806 - INFO - 1.17+(  0.00)   0.02+(  0.00)   0.19+(  0.00)   0.28+(  0.00)
2026-01-23 18:50:37,806 - INFO - 0.02+(  0.00)   1.46+(  0.00)   0.49+(  0.00)   0.09+(  0.00)
2026-01-23 18:50:37,806 - INFO - 0.19+(  0.00)   0.49+(  0.00)   1.27+(  0.00)   0.11+(  0.00)
2026-01-23 18:50:37,806 - INFO - 0.28+(  0.00)   0.09+(  0.00)   0.11+(  0.00)   1.24+(  0.00)
2026-01-23 18:50:37,806 - INFO - b =
2026-01-23 18:50:37,806 - INFO - [(0.5+0j), (0.5+0j), (0.5+0j), (0.5+0j)]
2026-01-23 18:50:37,806 - INFO - Initializing...
2026-01-23 18:50:37,899 - INFO - T0 built
2026-01-23 18:50:38,105 - INFO - W built
2026-01-23 18:50:40,971 - INFO - QPE built
2026-01-23 18:50:40,971 - INFO - 0.730629695441602
2026-01-23 18:50:40,973 - INFO - Rc built
2026-01-23 18:50:40,973 - INFO - Finished initialization.
2026-01-23 18:50:40,973 - INFO - Building circuit...
2026-01-23 18:50:40,973 - INFO - T0 added
2026-01-23 18:50:40,974 - INFO - QPE added
2026-01-23 18:50:40,974 - INFO - Rc added
2026-01-23 18:50:48,615 - INFO - QPE* added
2026-01-23 18:50:48,688 - INFO - T0* added
2026-01-23 18:50:48,688 - INFO - Finished building circuit.
2026-01-23 18:50:48,688 - INFO - Transpiling...
2026-01-23 18:51:20,658 - INFO - Done.
2026-01-23 18:51:21,080 - INFO - Size of transpiled circuit:
2026-01-23 18:51:21,080 - INFO - 213723
2026-01-23 18:51:22,174 - INFO - Depth of transpiled circuit:
2026-01-23 18:51:22,174 - INFO - 211765
2026-01-23 18:51:22,174 - INFO - Number of qubits in circuit:
2026-01-23 18:51:22,174 - INFO - 11
2026-01-23 18:51:22,175 - INFO - Running circuit...
2026-01-23 18:53:24,665 - INFO - Done.
2026-01-23 18:53:24,665 - INFO - C =
2026-01-23 18:53:24,665 - INFO - 0.730629695441602
2026-01-23 18:53:24,665 - INFO - -------------------------------------------------
2026-01-23 18:53:24,665 - INFO - Solution:
2026-01-23 18:53:24,665 - INFO - b =
2026-01-23 18:53:24,665 - INFO - [(0.5+0j), (0.5+0j), (0.5+0j), (0.5+0j)]
2026-01-23 18:53:24,665 - INFO - raw amplitudes =
2026-01-23 18:53:24,666 - INFO - [-0.45616724+4.17486259e-13j -0.43429923+3.88780522e-13j
 -0.43585865+3.72205402e-13j -0.4532721 +3.81304176e-13j]
2026-01-23 18:53:24,666 - INFO - -0.624348 + i(0.000000) -> |x|=0.624348
2026-01-23 18:53:24,666 - INFO - -0.594418 + i(0.000000) -> |x|=0.594418
2026-01-23 18:53:24,666 - INFO - -0.596552 + i(0.000000) -> |x|=0.596552
2026-01-23 18:53:24,666 - INFO - -0.620386 + i(0.000000) -> |x|=0.620386
2026-01-23 18:53:24,666 - INFO - classical solution: [ 0.89850012+0.j  0.64921122+0.j -0.05370379+0.j  0.37440165+0.j]
2026-01-23 18:53:24,666 - INFO - ----------------------------
2026-01-23 18:53:24,667 - INFO - Solution Comparison:
2026-01-23 18:53:24,667 - INFO - Quantum |                Classical
2026-01-23 18:53:24,667 - INFO - --------------------------------------------------
2026-01-23 18:53:24,667 - INFO - 0.624348 + i(  0.000000) |   0.898500 + i(  0.000000)
2026-01-23 18:53:24,667 - INFO - 0.594418 + i(  0.000000) |   0.649211 + i(  0.000000)
2026-01-23 18:53:24,667 - INFO - 0.596552 + i(  0.000000) |  -0.053704 + i(  0.000000)
2026-01-23 18:53:24,667 - INFO - 0.620386 + i(  0.000000) |   0.374402 + i(  0.000000)
2026-01-23 18:53:24,667 - INFO - Relative Errors:
2026-01-23 18:53:24,667 - INFO - 0.3051218925799869
2026-01-23 18:53:24,667 - INFO - 0.08440013914277089
2026-01-23 18:53:24,667 - INFO - 12.108193597710954
2026-01-23 18:53:24,667 - INFO - 0.657005368095698
2026-01-23 18:53:24,667 - INFO - Average Relative Error:
2026-01-23 18:53:24,667 - INFO - 3.2886802493823524
2026-01-23 18:53:24,667 - INFO - TVD:
2026-01-23 18:53:24,667 - INFO - 0.5230524758354139
2026-01-23 18:53:25,668 - INFO - --- Resource Monitor ---
2026-01-23 18:53:25,668 - INFO - Memory (RSS): 787.69 MB
2026-01-23 18:53:25,669 - INFO - CPU Usage: 0.0%
2026-01-23 18:53:25,669 - INFO - Threads: 36
2026-01-23 18:53:25,669 - INFO - Miscellaneous items:
2026-01-23 18:53:26,091 - INFO - 4 213723 168.287500
