2026-01-23 18:06:23,528 - INFO - Simulator:
2026-01-23 18:06:23,528 - INFO - AerSimulator('aer_simulator_statevector')
2026-01-23 18:06:23,528 - INFO - ('CPU',)
2026-01-23 18:06:23,528 - INFO - Building system...
2026-01-23 18:06:23,539 - INFO - msystem.d is 0.4573756377592025 and msystem.X is 1.82950255113681
2026-01-23 18:06:23,539 - INFO - Done.
2026-01-23 18:06:23,539 - INFO - A0 (original matrix):
2026-01-23 18:06:23,539 - INFO - 0.65+(  0.00)   0.34+(  0.00)
2026-01-23 18:06:23,540 - INFO - 0.34+(  0.00)   0.29+(  0.00)
2026-01-23 18:06:23,540 - INFO - A (expanded/normalized system matrix):
2026-01-23 18:06:23,540 - INFO - 0.91+(  0.00)   0.24+(  0.00)
2026-01-23 18:06:23,540 - INFO - 0.24+(  0.00)   0.66+(  0.00)
2026-01-23 18:06:23,540 - INFO - b =
2026-01-23 18:06:23,540 - INFO - [(0.7071067811865475+0j), (0.7071067811865475+0j)]
2026-01-23 18:06:23,540 - INFO - Initializing...
2026-01-23 18:06:23,562 - INFO - T0 built
2026-01-23 18:06:23,612 - INFO - W built
2026-01-23 18:06:23,906 - INFO - QPE built
2026-01-23 18:06:23,907 - INFO - 0.4573756377134649
2026-01-23 18:06:23,909 - INFO - Rc built
2026-01-23 18:06:23,909 - INFO - Finished initialization.
2026-01-23 18:06:23,909 - INFO - Building circuit...
2026-01-23 18:06:23,910 - INFO - T0 added
2026-01-23 18:06:23,910 - INFO - QPE added
2026-01-23 18:06:23,910 - INFO - Rc added
2026-01-23 18:06:24,722 - INFO - QPE* added
2026-01-23 18:06:24,773 - INFO - T0* added
2026-01-23 18:06:24,773 - INFO - Finished building circuit.
2026-01-23 18:06:24,773 - INFO - Transpiling...
2026-01-23 18:06:29,189 - INFO - Done.
2026-01-23 18:06:29,217 - INFO - Size of transpiled circuit:
2026-01-23 18:06:29,218 - INFO - 20616
2026-01-23 18:06:29,312 - INFO - Depth of transpiled circuit:
2026-01-23 18:06:29,312 - INFO - 20425
2026-01-23 18:06:29,312 - INFO - Number of qubits in circuit:
2026-01-23 18:06:29,312 - INFO - 9
2026-01-23 18:06:29,313 - INFO - Running circuit...
2026-01-23 18:06:33,084 - INFO - Done.
2026-01-23 18:06:33,084 - INFO - C =
2026-01-23 18:06:33,084 - INFO - 0.4573756377134649
2026-01-23 18:06:33,084 - INFO - -------------------------------------------------
2026-01-23 18:06:33,084 - INFO - Solution:
2026-01-23 18:06:33,084 - INFO - b =
2026-01-23 18:06:33,084 - INFO - [(0.7071067811865475+0j), (0.7071067811865475+0j)]
2026-01-23 18:06:33,084 - INFO - raw amplitudes =
2026-01-23 18:06:33,085 - INFO - [-0.37746284+2.60786595e-14j -0.48180125+3.23369918e-14j]
2026-01-23 18:06:33,085 - INFO - -0.825280 + i(0.000000) -> |x|=0.825280
2026-01-23 18:06:33,085 - INFO - -1.053404 + i(0.000000) -> |x|=1.053404
2026-01-23 18:06:33,085 - INFO - classical solution: [-0.66930543+0.j  4.20948053+0.j]
2026-01-23 18:06:33,086 - INFO - ----------------------------
2026-01-23 18:06:33,086 - INFO - Solution Comparison:
2026-01-23 18:06:33,086 - INFO - Quantum |                Classical
2026-01-23 18:06:33,086 - INFO - --------------------------------------------------
2026-01-23 18:06:33,086 - INFO - -0.825280 + i(  0.000000) |  -0.669305 + i(  0.000000)
2026-01-23 18:06:33,086 - INFO - -1.053404 + i( -0.000000) |   4.209481 + i(  0.000000)
2026-01-23 18:06:33,086 - INFO - Relative Errors:
2026-01-23 18:06:33,086 - INFO - 0.23303904191068603
2026-01-23 18:06:33,086 - INFO - 1.2502455654440334
2026-01-23 18:06:33,086 - INFO - Average Relative Error:
2026-01-23 18:06:33,086 - INFO - 0.7416423036773597
2026-01-23 18:06:33,086 - INFO - TVD:
2026-01-23 18:06:33,086 - INFO - 1.1172343386612402
2026-01-23 18:06:34,093 - INFO - --- Resource Monitor ---
2026-01-23 18:06:34,094 - INFO - Memory (RSS): 205.64 MB
2026-01-23 18:06:34,094 - INFO - CPU Usage: 0.0%
2026-01-23 18:06:34,094 - INFO - Threads: 36
2026-01-23 18:06:34,095 - INFO - Miscellaneous items:
2026-01-23 18:06:34,125 - INFO - 2 20616 10.597274
