2026-01-23 18:05:17,350 - INFO - Simulator:
2026-01-23 18:05:17,350 - INFO - AerSimulator('aer_simulator_statevector')
2026-01-23 18:05:17,350 - INFO - ('CPU',)
2026-01-23 18:05:17,350 - INFO - Building system...
2026-01-23 18:05:17,350 - INFO - msystem.d is 0.7696238083058117 and msystem.X is 3.0784952333232467
2026-01-23 18:05:17,350 - INFO - Done.
2026-01-23 18:05:17,350 - INFO - A0 (original matrix):
2026-01-23 18:05:17,350 - INFO - 1.09+(  0.00)   0.02+(  0.00)
2026-01-23 18:05:17,350 - INFO - 0.02+(  0.00)   0.54+(  0.00)
2026-01-23 18:05:17,350 - INFO - A (expanded/normalized system matrix):
2026-01-23 18:05:17,350 - INFO - 1.54+(  0.00)   0.01+(  0.00)
2026-01-23 18:05:17,350 - INFO - 0.01+(  0.00)   1.15+(  0.00)
2026-01-23 18:05:17,350 - INFO - b =
2026-01-23 18:05:17,350 - INFO - [(0.7071067811865475+0j), (0.7071067811865475+0j)]
2026-01-23 18:05:17,351 - INFO - Initializing...
2026-01-23 18:05:17,369 - INFO - T0 built
2026-01-23 18:05:17,412 - INFO - W built
2026-01-23 18:05:17,758 - INFO - QPE built
2026-01-23 18:05:17,758 - INFO - 0.7696238082288492
2026-01-23 18:05:17,763 - INFO - Rc built
2026-01-23 18:05:17,763 - INFO - Finished initialization.
2026-01-23 18:05:17,764 - INFO - Building circuit...
2026-01-23 18:05:17,764 - INFO - T0 added
2026-01-23 18:05:17,764 - INFO - QPE added
2026-01-23 18:05:17,764 - INFO - Rc added
2026-01-23 18:05:19,682 - INFO - QPE* added
2026-01-23 18:05:19,695 - INFO - T0* added
2026-01-23 18:05:19,696 - INFO - Finished building circuit.
2026-01-23 18:05:19,696 - INFO - Transpiling...
2026-01-23 18:05:26,870 - INFO - Done.
2026-01-23 18:05:26,934 - INFO - Size of transpiled circuit:
2026-01-23 18:05:26,934 - INFO - 47872
2026-01-23 18:05:27,146 - INFO - Depth of transpiled circuit:
2026-01-23 18:05:27,146 - INFO - 47445
2026-01-23 18:05:27,146 - INFO - Number of qubits in circuit:
2026-01-23 18:05:27,146 - INFO - 10
2026-01-23 18:05:27,146 - INFO - Running circuit...
2026-01-23 18:05:42,460 - INFO - Done.
2026-01-23 18:05:42,460 - INFO - C =
2026-01-23 18:05:42,460 - INFO - 0.7696238082288492
2026-01-23 18:05:42,460 - INFO - -------------------------------------------------
2026-01-23 18:05:42,460 - INFO - Solution:
2026-01-23 18:05:42,460 - INFO - b =
2026-01-23 18:05:42,460 - INFO - [(0.7071067811865475+0j), (0.7071067811865475+0j)]
2026-01-23 18:05:42,460 - INFO - raw amplitudes =
2026-01-23 18:05:42,461 - INFO - [ 0.15042636-2.79234365e-14j -0.14751426+1.93526722e-14j]
2026-01-23 18:05:42,461 - INFO - 0.195454 + i(-0.000000) -> |x|=0.195454
2026-01-23 18:05:42,461 - INFO - -0.191671 + i(0.000000) -> |x|=0.191671
2026-01-23 18:05:42,461 - INFO - classical solution: [0.89140036+0.j 1.80806528+0.j]
2026-01-23 18:05:42,461 - INFO - ----------------------------
2026-01-23 18:05:42,461 - INFO - Solution Comparison:
2026-01-23 18:05:42,461 - INFO - Quantum |                Classical
2026-01-23 18:05:42,461 - INFO - --------------------------------------------------
2026-01-23 18:05:42,461 - INFO - 0.195454 + i( -0.000000) |   0.891400 + i(  0.000000)
2026-01-23 18:05:42,462 - INFO - -0.191671 + i( -0.000000) |   1.808065 + i(  0.000000)
2026-01-23 18:05:42,462 - INFO - Relative Errors:
2026-01-23 18:05:42,462 - INFO - 0.780733318289345
2026-01-23 18:05:42,462 - INFO - 1.106008677088188
2026-01-23 18:05:42,462 - INFO - Average Relative Error:
2026-01-23 18:05:42,462 - INFO - 0.9433709976887665
2026-01-23 18:05:42,462 - INFO - TVD:
2026-01-23 18:05:42,462 - INFO - 0.9344361610217393
2026-01-23 18:05:43,479 - INFO - --- Resource Monitor ---
2026-01-23 18:05:43,479 - INFO - Memory (RSS): 305.45 MB
2026-01-23 18:05:43,479 - INFO - CPU Usage: 0.0%
2026-01-23 18:05:43,480 - INFO - Threads: 36
2026-01-23 18:05:43,480 - INFO - Miscellaneous items:
2026-01-23 18:05:43,548 - INFO - 2 47872 26.199025
