2026-01-23 18:11:45,773 - INFO - Simulator:
2026-01-23 18:11:45,773 - INFO - AerSimulator('aer_simulator_statevector')
2026-01-23 18:11:45,773 - INFO - ('CPU',)
2026-01-23 18:11:45,774 - INFO - Building system...
2026-01-23 18:11:45,774 - INFO - msystem.d is 1.751801041174875 and msystem.X is 14.014408329499
2026-01-23 18:11:45,774 - INFO - Done.
2026-01-23 18:11:45,774 - INFO - A0 (original matrix):
2026-01-23 18:11:45,774 - INFO - 3.47+(  0.00)   0.03+(  0.00)   0.11+(  0.00)   0.03+(  0.00)
2026-01-23 18:11:45,774 - INFO - 0.03+(  0.00)   3.36+(  0.00)   0.05+(  0.00)   0.96+(  0.00)
2026-01-23 18:11:45,774 - INFO - 0.11+(  0.00)   0.05+(  0.00)   2.80+(  0.00)   0.53+(  0.00)
2026-01-23 18:11:45,774 - INFO - 0.03+(  0.00)   0.96+(  0.00)   0.53+(  0.00)   3.50+(  0.00)
2026-01-23 18:11:45,774 - INFO - A (expanded/normalized system matrix):
2026-01-23 18:11:45,774 - INFO - 3.49+(  0.00)   0.02+(  0.00)   0.06+(  0.00)   0.01+(  0.00)
2026-01-23 18:11:45,774 - INFO - 0.02+(  0.00)   3.43+(  0.00)   0.03+(  0.00)   0.48+(  0.00)
2026-01-23 18:11:45,774 - INFO - 0.06+(  0.00)   0.03+(  0.00)   3.15+(  0.00)   0.26+(  0.00)
2026-01-23 18:11:45,774 - INFO - 0.01+(  0.00)   0.48+(  0.00)   0.26+(  0.00)   3.50+(  0.00)
2026-01-23 18:11:45,774 - INFO - b =
2026-01-23 18:11:45,774 - INFO - [(0.5+0j), (0.5+0j), (0.5+0j), (0.5+0j)]
2026-01-23 18:11:45,774 - INFO - Initializing...
2026-01-23 18:11:45,878 - INFO - T0 built
2026-01-23 18:11:46,108 - INFO - W built
2026-01-23 18:11:49,659 - INFO - QPE built
2026-01-23 18:11:49,659 - INFO - 1.751801040999695
2026-01-23 18:11:49,663 - INFO - Rc built
2026-01-23 18:11:49,663 - INFO - Finished initialization.
2026-01-23 18:11:49,663 - INFO - Building circuit...
2026-01-23 18:11:49,664 - INFO - T0 added
2026-01-23 18:11:49,664 - INFO - QPE added
2026-01-23 18:11:49,664 - INFO - Rc added
2026-01-23 18:12:08,304 - INFO - QPE* added
2026-01-23 18:12:08,382 - INFO - T0* added
2026-01-23 18:12:08,382 - INFO - Finished building circuit.
2026-01-23 18:12:08,382 - INFO - Transpiling...
2026-01-23 18:13:18,808 - INFO - Done.
2026-01-23 18:13:19,807 - INFO - Size of transpiled circuit:
2026-01-23 18:13:19,808 - INFO - 496199
2026-01-23 18:13:22,473 - INFO - Depth of transpiled circuit:
2026-01-23 18:13:22,473 - INFO - 491705
2026-01-23 18:13:22,473 - INFO - Number of qubits in circuit:
2026-01-23 18:13:22,473 - INFO - 12
2026-01-23 18:13:22,473 - INFO - Running circuit...
2026-01-23 18:22:43,856 - INFO - Done.
2026-01-23 18:22:43,857 - INFO - C =
2026-01-23 18:22:43,857 - INFO - 1.751801040999695
2026-01-23 18:22:43,857 - INFO - -------------------------------------------------
2026-01-23 18:22:43,857 - INFO - Solution:
2026-01-23 18:22:43,857 - INFO - b =
2026-01-23 18:22:43,857 - INFO - [(0.5+0j), (0.5+0j), (0.5+0j), (0.5+0j)]
2026-01-23 18:22:43,857 - INFO - raw amplitudes =
2026-01-23 18:22:43,857 - INFO - [-0.33735895+6.99078926e-13j -0.30306545+6.28178459e-13j
 -0.34192878+6.58489138e-13j -0.27875734+5.32398709e-13j]
2026-01-23 18:22:43,858 - INFO - -0.192578 + i(0.000000) -> |x|=0.192578
2026-01-23 18:22:43,858 - INFO - -0.173002 + i(0.000000) -> |x|=0.173002
2026-01-23 18:22:43,858 - INFO - -0.195187 + i(0.000000) -> |x|=0.195187
2026-01-23 18:22:43,858 - INFO - -0.159126 + i(0.000000) -> |x|=0.159126
2026-01-23 18:22:43,858 - INFO - classical solution: [0.27481499+0.j 0.24132361+0.j 0.30937949+0.j 0.17117666+0.j]
2026-01-23 18:22:43,858 - INFO - ----------------------------
2026-01-23 18:22:43,858 - INFO - Solution Comparison:
2026-01-23 18:22:43,858 - INFO - Quantum |                Classical
2026-01-23 18:22:43,858 - INFO - --------------------------------------------------
2026-01-23 18:22:43,858 - INFO - 0.192578 + i(  0.000000) |   0.274815 + i(  0.000000)
2026-01-23 18:22:43,858 - INFO - 0.173002 + i( -0.000000) |   0.241324 + i(  0.000000)
2026-01-23 18:22:43,858 - INFO - 0.195187 + i(  0.000000) |   0.309379 + i(  0.000000)
2026-01-23 18:22:43,858 - INFO - 0.159126 + i(  0.000000) |   0.171177 + i(  0.000000)
2026-01-23 18:22:43,858 - INFO - Relative Errors:
2026-01-23 18:22:43,858 - INFO - 0.2992436582533471
2026-01-23 18:22:43,858 - INFO - 0.28311115557367184
2026-01-23 18:22:43,859 - INFO - 0.36910171339999975
2026-01-23 18:22:43,859 - INFO - 0.07039816608131577
2026-01-23 18:22:43,859 - INFO - Average Relative Error:
2026-01-23 18:22:43,859 - INFO - 0.25546367332708364
2026-01-23 18:22:43,859 - INFO - TVD:
2026-01-23 18:22:43,859 - INFO - 0.09173145052012927
2026-01-23 18:22:44,866 - INFO - --- Resource Monitor ---
2026-01-23 18:22:44,866 - INFO - Memory (RSS): 1451.69 MB
2026-01-23 18:22:44,866 - INFO - CPU Usage: 0.0%
2026-01-23 18:22:44,867 - INFO - Threads: 36
2026-01-23 18:22:44,867 - INFO - Miscellaneous items:
2026-01-23 18:22:45,932 - INFO - 4 496199 660.158825
